       Step     Time          Energy         fmax
GPMin:    0 16:22:13       -5.164490        0.2460
GPMin:    1 16:22:18       -5.285047        0.2253
GPMin:    2 16:22:23       -5.352064        0.1823
GPMin:    3 16:22:28       -5.409085        0.1384
GPMin:    4 16:22:32       -5.444739        0.0755
GPMin:    5 16:22:37       -5.457943        0.0337
GPMin:    6 16:22:41       -5.460913        0.0271
GPMin:    7 16:22:44       -5.464857        0.0253
GPMin:    8 16:22:49       -5.469575        0.0199
       Step     Time          Energy         fmax
GPMin:    0 16:22:56       -5.481394        0.2789
GPMin:    1 16:23:01       -5.557975        0.1681
GPMin:    2 16:23:06       -5.603488        0.0779
GPMin:    3 16:23:11       -5.621930        0.0651
GPMin:    4 16:23:15       -5.641345        0.0735
GPMin:    5 16:23:20       -5.672047        0.0858
GPMin:    6 16:23:25       -5.709615        0.0914
GPMin:    7 16:23:30       -5.741474        0.0625
GPMin:    8 16:23:34       -5.758715        0.0549
GPMin:    9 16:23:39       -5.769055        0.0563
GPMin:   10 16:23:43       -5.781229        0.0591
GPMin:   11 16:23:48       -5.803573        0.0651
GPMin:   12 16:23:52       -5.828947        0.0724
GPMin:   13 16:23:57       -5.853309        0.0598
GPMin:   14 16:24:01       -5.866379        0.0329
GPMin:   15 16:24:05       -5.870098        0.0241
GPMin:   16 16:24:09       -5.872328        0.0182
       Step     Time          Energy         fmax
GPMin:    0 16:24:16       -5.144081        0.6367
GPMin:    1 16:24:21       -5.405331        0.2113
GPMin:    2 16:24:26       -5.466086        0.1851
GPMin:    3 16:24:31       -5.519726        0.1252
GPMin:    4 16:24:35       -5.556909        0.0757
GPMin:    5 16:24:40       -5.566215        0.0713
GPMin:    6 16:24:44       -5.573803        0.0576
GPMin:    7 16:24:48       -5.584809        0.0566
GPMin:    8 16:24:52       -5.596911        0.0516
GPMin:    9 16:24:57       -5.609760        0.0437
GPMin:   10 16:25:01       -5.620883        0.0513
GPMin:   11 16:25:05       -5.632264        0.0574
GPMin:   12 16:25:10       -5.647397        0.0714
GPMin:   13 16:25:14       -5.666935        0.0831
GPMin:   14 16:25:18       -5.691683        0.0758
GPMin:   15 16:25:23       -5.711811        0.0583
GPMin:   16 16:25:27       -5.720811        0.0399
GPMin:   17 16:25:31       -5.723718        0.0229
GPMin:   18 16:25:35       -5.724906        0.0177
       Step     Time          Energy         fmax
GPMin:    0 16:25:42       -5.554672        0.1743
GPMin:    1 16:25:47       -5.626740        0.0949
GPMin:    2 16:25:52       -5.649809        0.0817
GPMin:    3 16:25:57       -5.671629        0.0646
GPMin:    4 16:26:01       -5.684060        0.0366
GPMin:    5 16:26:06       -5.694596        0.0433
GPMin:    6 16:26:10       -5.702531        0.0386
GPMin:    7 16:26:15       -5.709370        0.0330
GPMin:    8 16:26:19       -5.713642        0.0196
       Step     Time          Energy         fmax
GPMin:    0 16:26:25       -5.359300        0.4041
GPMin:    1 16:26:31       -5.453545        0.1014
GPMin:    2 16:26:35       -5.480181        0.0846
GPMin:    3 16:26:40       -5.494710        0.0572
GPMin:    4 16:26:44       -5.508179        0.0511
GPMin:    5 16:26:49       -5.533835        0.0633
GPMin:    6 16:26:54       -5.555954        0.0607
GPMin:    7 16:26:59       -5.569288        0.0374
GPMin:    8 16:27:03       -5.574539        0.0368
GPMin:    9 16:27:07       -5.585858        0.0471
GPMin:   10 16:27:11       -5.603043        0.0538
GPMin:   11 16:27:16       -5.627050        0.0706
GPMin:   12 16:27:20       -5.657112        0.0827
GPMin:   13 16:27:24       -5.687854        0.0793
GPMin:   14 16:27:29       -5.709832        0.0433
GPMin:   15 16:27:33       -5.717906        0.0263
GPMin:   16 16:27:37       -5.719639        0.0209
GPMin:   17 16:27:41       -5.722654        0.0212
GPMin:   18 16:27:45       -5.725034        0.0171
       Step     Time          Energy         fmax
GPMin:    0 16:27:52       -5.569096        0.3285
GPMin:    1 16:27:58       -5.725511        0.2301
GPMin:    2 16:28:03       -5.810654        0.1616
GPMin:    3 16:28:07       -5.859781        0.0657
GPMin:    4 16:28:12       -5.869131        0.0271
GPMin:    5 16:28:15       -5.871109        0.0212
GPMin:    6 16:28:19       -5.872464        0.0138
       Step     Time          Energy         fmax
GPMin:    0 16:28:27       -5.267396        0.2050
GPMin:    1 16:28:32       -5.369066        0.1772
GPMin:    2 16:28:36       -5.442271        0.1163
GPMin:    3 16:28:41       -5.485273        0.0886
GPMin:    4 16:28:46       -5.508541        0.0812
GPMin:    5 16:28:50       -5.543674        0.0822
GPMin:    6 16:28:55       -5.588867        0.0917
GPMin:    7 16:28:59       -5.635145        0.0831
GPMin:    8 16:29:04       -5.664442        0.0662
GPMin:    9 16:29:13       -5.672962        0.0743
GPMin:   10 16:29:23       -5.686050        0.0514
GPMin:   11 16:29:33       -5.690511        0.0693
GPMin:   12 16:29:42       -5.706535        0.0728
GPMin:   13 16:29:47       -5.714285        0.0888
GPMin:   14 16:29:52       -5.726168        0.0900
GPMin:   15 16:29:56       -5.734889        0.0599
GPMin:   16 16:30:01       -5.744314        0.0440
GPMin:   17 16:30:05       -5.755215        0.0462
GPMin:   18 16:30:09       -5.767237        0.0551
GPMin:   19 16:30:14       -5.783580        0.0736
GPMin:   20 16:30:19       -5.805703        0.0753
GPMin:   21 16:30:23       -5.832552        0.0773
GPMin:   22 16:30:28       -5.856242        0.0623
GPMin:   23 16:30:33       -5.867129        0.0343
GPMin:   24 16:30:37       -5.870007        0.0238
GPMin:   25 16:30:41       -5.871617        0.0208
GPMin:   26 16:30:46       -5.873273        0.0143
       Step     Time          Energy         fmax
GPMin:    0 16:30:54       -5.382800        0.4627
GPMin:    1 16:31:00       -5.506028        0.1686
GPMin:    2 16:31:06       -5.545315        0.0794
GPMin:    3 16:31:11       -5.575527        0.0927
GPMin:    4 16:31:17       -5.622761        0.0955
GPMin:    5 16:31:22       -5.664723        0.0852
GPMin:    6 16:31:27       -5.686511        0.0938
GPMin:    7 16:31:31       -5.707405        0.1038
GPMin:    8 16:31:37       -5.740136        0.1204
GPMin:    9 16:31:42       -5.786693        0.1350
GPMin:   10 16:31:48       -5.831463        0.1128
GPMin:   11 16:31:54       -5.859653        0.0589
GPMin:   12 16:31:59       -5.868079        0.0393
GPMin:   13 16:32:04       -5.870651        0.0222
GPMin:   14 16:32:09       -5.872101        0.0157
       Step     Time          Energy         fmax
GPMin:    0 16:32:18       -5.569096        0.3286
GPMin:    1 16:32:24       -5.725490        0.2301
GPMin:    2 16:32:30       -5.810639        0.1616
GPMin:    3 16:32:36       -5.859782        0.0657
GPMin:    4 16:32:41       -5.869131        0.0271
GPMin:    5 16:32:46       -5.871109        0.0212
GPMin:    6 16:32:50       -5.872463        0.0138
       Step     Time          Energy         fmax
GPMin:    0 16:32:59       -5.499456        0.4515
GPMin:    1 16:33:06       -5.630037        0.0871
GPMin:    2 16:33:10       -5.650616        0.0962
GPMin:    3 16:33:17       -5.673721        0.0689
GPMin:    4 16:33:23       -5.688183        0.0644
GPMin:    5 16:33:29       -5.704977        0.1284
GPMin:    6 16:33:35       -5.732183        0.0904
GPMin:    7 16:33:40       -5.745634        0.0667
GPMin:    8 16:33:46       -5.760894        0.0554
GPMin:    9 16:33:51       -5.775143        0.0575
GPMin:   10 16:33:57       -5.793947        0.0632
GPMin:   11 16:34:02       -5.819731        0.0743
GPMin:   12 16:34:08       -5.847816        0.0688
GPMin:   13 16:34:13       -5.863721        0.0409
GPMin:   14 16:34:18       -5.868788        0.0243
GPMin:   15 16:34:23       -5.871066        0.0199
       Step     Time          Energy         fmax
GPMin:    0 16:34:32       -5.079227        0.2251
GPMin:    1 16:34:38       -5.191269        0.1804
GPMin:    2 16:34:45       -5.277962        0.1494
GPMin:    3 16:34:51       -5.335621        0.0887
GPMin:    4 16:34:56       -5.365839        0.0741
GPMin:    5 16:35:02       -5.393009        0.0884
GPMin:    6 16:35:08       -5.419860        0.0645
GPMin:    7 16:35:13       -5.442164        0.0632
GPMin:    8 16:35:19       -5.461492        0.0548
GPMin:    9 16:35:24       -5.476251        0.0480
GPMin:   10 16:35:30       -5.485539        0.0359
GPMin:   11 16:35:35       -5.489334        0.0375
GPMin:   12 16:35:40       -5.492185        0.0197
       Step     Time          Energy         fmax
GPMin:    0 16:35:49       -5.185770        0.5943
GPMin:    1 16:35:56       -5.362073        0.1289
GPMin:    2 16:36:02       -5.412414        0.1135
GPMin:    3 16:36:08       -5.450562        0.1190
GPMin:    4 16:36:14       -5.497681        0.1284
GPMin:    5 16:36:20       -5.544089        0.1215
GPMin:    6 16:36:26       -5.574618        0.1000
GPMin:    7 16:36:32       -5.604862        0.0714
GPMin:    8 16:36:37       -5.613533        0.0695
GPMin:    9 16:36:43       -5.638682        0.0734
GPMin:   10 16:36:49       -5.674342        0.0711
GPMin:   11 16:36:55       -5.706224        0.0694
GPMin:   12 16:37:01       -5.734426        0.0732
GPMin:   13 16:37:06       -5.759616        0.0720
GPMin:   14 16:37:12       -5.790755        0.0793
GPMin:   15 16:37:18       -5.822138        0.0793
GPMin:   16 16:37:24       -5.845577        0.0687
GPMin:   17 16:37:29       -5.859830        0.0496
GPMin:   18 16:37:35       -5.866813        0.0329
GPMin:   19 16:37:40       -5.870034        0.0246
GPMin:   20 16:37:45       -5.872341        0.0186
       Step     Time          Energy         fmax
GPMin:    0 16:37:55       -5.540346        0.2131
GPMin:    1 16:38:01       -5.647716        0.1288
GPMin:    2 16:38:08       -5.691735        0.0773
GPMin:    3 16:38:13       -5.716349        0.0522
GPMin:    4 16:38:19       -5.728641        0.0391
GPMin:    5 16:38:24       -5.735608        0.0348
GPMin:    6 16:38:30       -5.745765        0.0426
GPMin:    7 16:38:36       -5.760567        0.0487
GPMin:    8 16:38:41       -5.781035        0.0566
GPMin:    9 16:38:47       -5.806762        0.0704
GPMin:   10 16:38:53       -5.837330        0.0735
GPMin:   11 16:38:59       -5.860227        0.0509
GPMin:   12 16:39:04       -5.868501        0.0266
GPMin:   13 16:39:09       -5.871048        0.0215
GPMin:   14 16:39:14       -5.873065        0.0152
       Step     Time          Energy         fmax
GPMin:    0 16:39:25       -4.987175        0.4058
GPMin:    1 16:39:33       -5.159330        0.1769
GPMin:    2 16:39:40       -5.236674        0.2021
GPMin:    3 16:39:47       -5.300045        0.1897
GPMin:    4 16:39:53       -5.360445        0.1724
GPMin:    5 16:39:59       -5.413929        0.1097
GPMin:    6 16:40:06       -5.441170        0.0738
GPMin:    7 16:40:11       -5.462314        0.0899
GPMin:    8 16:40:17       -5.486906        0.0605
GPMin:    9 16:40:23       -5.515130        0.0675
GPMin:   10 16:40:28       -5.544509        0.0890
GPMin:   11 16:40:33       -5.573189        0.0980
GPMin:   12 16:40:39       -5.606167        0.0955
GPMin:   13 16:40:46       -5.641001        0.0923
GPMin:   14 16:40:52       -5.671002        0.0919
GPMin:   15 16:41:05       -5.677153        0.0840
GPMin:   16 16:41:17       -5.683362        0.0547
GPMin:   17 16:41:23       -5.686627        0.0219
GPMin:   18 16:41:28       -5.687329        0.0185
       Step     Time          Energy         fmax
GPMin:    0 16:41:39       -5.078318        0.4254
GPMin:    1 16:41:46       -5.303439        0.3787
GPMin:    2 16:41:52       -5.442222        0.2929
GPMin:    3 16:41:59       -5.524642        0.2074
GPMin:    4 16:42:04       -5.567636        0.1503
GPMin:    5 16:42:10       -5.592089        0.1082
GPMin:    6 16:42:15       -5.604845        0.0945
GPMin:    7 16:42:21       -5.623739        0.0994
GPMin:    8 16:42:27       -5.646037        0.0887
GPMin:    9 16:42:33       -5.666566        0.0853
GPMin:   10 16:42:38       -5.687750        0.0820
GPMin:   11 16:42:44       -5.714172        0.0774
GPMin:   12 16:42:50       -5.731005        0.0602
GPMin:   13 16:42:55       -5.743379        0.0473
GPMin:   14 16:43:01       -5.750566        0.0483
GPMin:   15 16:43:06       -5.757907        0.0471
GPMin:   16 16:43:11       -5.767671        0.0496
GPMin:   17 16:43:17       -5.779673        0.0562
GPMin:   18 16:43:23       -5.796950        0.0650
GPMin:   19 16:43:28       -5.819331        0.0714
GPMin:   20 16:43:34       -5.842845        0.0663
GPMin:   21 16:43:40       -5.861855        0.0482
GPMin:   22 16:43:45       -5.868168        0.0319
GPMin:   23 16:43:50       -5.869888        0.0255
GPMin:   24 16:43:55       -5.871888        0.0239
GPMin:   25 16:44:00       -5.872803        0.0186
       Step     Time          Energy         fmax
GPMin:    0 16:44:10       -5.063038        0.7005
GPMin:    1 16:44:17       -5.322541        0.1434
GPMin:    2 16:44:25       -5.366366        0.1613
GPMin:    3 16:44:31       -5.407454        0.1339
GPMin:    4 16:44:37       -5.432423        0.0937
GPMin:    5 16:44:42       -5.449053        0.0637
GPMin:    6 16:44:48       -5.461152        0.0439
GPMin:    7 16:44:53       -5.470613        0.0481
GPMin:    8 16:44:58       -5.479311        0.0373
GPMin:    9 16:45:03       -5.485142        0.0327
GPMin:   10 16:45:08       -5.492596        0.0377
GPMin:   11 16:45:14       -5.501608        0.0407
GPMin:   12 16:45:19       -5.512480        0.0380
GPMin:   13 16:45:25       -5.521721        0.0296
GPMin:   14 16:45:30       -5.525726        0.0220
GPMin:   15 16:45:35       -5.528329        0.0280
GPMin:   16 16:45:40       -5.532129        0.0333
GPMin:   17 16:45:45       -5.538177        0.0332
GPMin:   18 16:45:51       -5.547881        0.0389
GPMin:   19 16:45:57       -5.558881        0.0469
GPMin:   20 16:46:03       -5.576148        0.0601
GPMin:   21 16:46:08       -5.596321        0.0712
GPMin:   22 16:46:14       -5.621229        0.0764
GPMin:   23 16:46:21       -5.649566        0.0762
GPMin:   24 16:46:26       -5.674697        0.0634
GPMin:   25 16:46:32       -5.690074        0.0541
GPMin:   26 16:46:38       -5.699295        0.0440
GPMin:   27 16:46:43       -5.704185        0.0343
GPMin:   28 16:46:48       -5.708337        0.0207
GPMin:   29 16:46:53       -5.709611        0.0213
GPMin:   30 16:46:58       -5.711544        0.0219
GPMin:   31 16:47:03       -5.713523        0.0274
GPMin:   32 16:47:08       -5.717799        0.0274
GPMin:   33 16:47:14       -5.724178        0.0347
GPMin:   34 16:47:19       -5.733828        0.0569
GPMin:   35 16:47:25       -5.743866        0.0988
GPMin:   36 16:47:30       -5.757061        0.0877
GPMin:   37 16:47:35       -5.771565        0.1043
GPMin:   38 16:47:41       -5.788800        0.1000
GPMin:   39 16:47:47       -5.806928        0.0799
GPMin:   40 16:47:53       -5.826363        0.0769
GPMin:   41 16:47:58       -5.843518        0.0610
GPMin:   42 16:48:04       -5.856561        0.0556
GPMin:   43 16:48:09       -5.865488        0.0458
GPMin:   44 16:48:14       -5.869590        0.0356
GPMin:   45 16:48:19       -5.871722        0.0254
GPMin:   46 16:48:24       -5.872751        0.0180
       Step     Time          Energy         fmax
GPMin:    0 16:48:33       -5.293845        0.2190
GPMin:    1 16:48:39       -5.393031        0.1278
GPMin:    2 16:48:44       -5.436044        0.1195
GPMin:    3 16:48:49       -5.469340        0.0752
GPMin:    4 16:48:55       -5.480657        0.0261
GPMin:    5 16:49:00       -5.484499        0.0294
GPMin:    6 16:49:05       -5.493848        0.0402
GPMin:    7 16:49:12       -5.507328        0.0484
GPMin:    8 16:49:18       -5.522144        0.0357
GPMin:    9 16:49:24       -5.531447        0.0241
GPMin:   10 16:49:30       -5.533338        0.0136
       Step     Time          Energy         fmax
GPMin:    0 16:49:39       -5.569096        0.3286
GPMin:    1 16:49:46       -5.725494        0.2301
GPMin:    2 16:49:53       -5.810639        0.1616
GPMin:    3 16:49:58       -5.859783        0.0657
GPMin:    4 16:50:04       -5.869132        0.0271
GPMin:    5 16:50:09       -5.871109        0.0212
GPMin:    6 16:50:13       -5.872463        0.0138
       Step     Time          Energy         fmax
GPMin:    0 16:50:23       -4.947434        0.6432
GPMin:    1 16:50:29       -5.240075        0.1780
GPMin:    2 16:50:35       -5.291345        0.1403
GPMin:    3 16:50:41       -5.313915        0.1398
GPMin:    4 16:50:46       -5.367678        0.1292
GPMin:    5 16:50:52       -5.429242        0.1448
GPMin:    6 16:50:58       -5.505424        0.1683
GPMin:    7 16:51:03       -5.582403        0.1733
GPMin:    8 16:51:08       -5.645988        0.1381
GPMin:    9 16:51:14       -5.680927        0.0713
GPMin:   10 16:51:19       -5.692853        0.0771
GPMin:   11 16:51:24       -5.706606        0.0638
GPMin:   12 16:51:30       -5.716808        0.0514
GPMin:   13 16:51:35       -5.720864        0.0323
GPMin:   14 16:51:40       -5.723070        0.0292
GPMin:   15 16:51:45       -5.725175        0.0232
GPMin:   16 16:51:49       -5.726747        0.0195
       Step     Time          Energy         fmax
GPMin:    0 16:51:59       -5.380465        0.6689
GPMin:    1 16:52:05       -5.571195        0.1274
GPMin:    2 16:52:12       -5.602515        0.1404
GPMin:    3 16:52:18       -5.641507        0.0806
GPMin:    4 16:52:24       -5.657298        0.0785
GPMin:    5 16:52:29       -5.677102        0.0754
GPMin:    6 16:52:36       -5.701315        0.0616
GPMin:    7 16:52:41       -5.726184        0.0514
GPMin:    8 16:52:47       -5.739768        0.0536
GPMin:    9 16:52:52       -5.750304        0.0456
GPMin:   10 16:52:57       -5.760082        0.0431
GPMin:   11 16:53:02       -5.771780        0.0641
GPMin:   12 16:53:08       -5.792076        0.0698
GPMin:   13 16:53:13       -5.815979        0.0701
GPMin:   14 16:53:19       -5.843092        0.0684
GPMin:   15 16:53:25       -5.861512        0.0461
GPMin:   16 16:53:30       -5.868307        0.0289
GPMin:   17 16:53:35       -5.870325        0.0253
GPMin:   18 16:53:39       -5.872593        0.0165
       Step     Time          Energy         fmax
GPMin:    0 16:53:49       -5.375598        0.2100
GPMin:    1 16:53:54       -5.458333        0.1249
GPMin:    2 16:54:00       -5.480494        0.0967
GPMin:    3 16:54:06       -5.501480        0.0711
GPMin:    4 16:54:12       -5.531158        0.0770
GPMin:    5 16:54:18       -5.560146        0.0566
GPMin:    6 16:54:23       -5.578499        0.0369
GPMin:    7 16:54:28       -5.587138        0.0407
GPMin:    8 16:54:34       -5.601208        0.0611
GPMin:    9 16:54:39       -5.624527        0.0736
GPMin:   10 16:54:45       -5.656289        0.0858
GPMin:   11 16:54:51       -5.689647        0.0668
GPMin:   12 16:54:57       -5.703850        0.0314
GPMin:   13 16:55:02       -5.706486        0.0205
GPMin:   14 16:55:06       -5.708243        0.0135
       Step     Time          Energy         fmax
GPMin:    0 16:55:15       -5.155020        0.3007
GPMin:    1 16:55:21       -5.347874        0.2550
GPMin:    2 16:55:27       -5.470391        0.2127
GPMin:    3 16:55:34       -5.543746        0.1481
GPMin:    4 16:55:40       -5.587615        0.1342
GPMin:    5 16:55:46       -5.627910        0.1158
GPMin:    6 16:55:51       -5.658104        0.0995
GPMin:    7 16:55:56       -5.685889        0.0936
GPMin:    8 16:56:02       -5.728775        0.1021
GPMin:    9 16:56:07       -5.775788        0.1116
GPMin:   10 16:56:13       -5.816152        0.1053
GPMin:   11 16:56:18       -5.847114        0.0682
GPMin:   12 16:56:24       -5.863435        0.0459
GPMin:   13 16:56:29       -5.868126        0.0322
GPMin:   14 16:56:34       -5.870542        0.0295
GPMin:   15 16:56:39       -5.871949        0.0181
       Step     Time          Energy         fmax
GPMin:    0 16:56:51       -5.345369        0.2454
GPMin:    1 16:56:57       -5.524397        0.1745
GPMin:    2 16:57:04       -5.611912        0.1446
GPMin:    3 16:57:09       -5.664002        0.1338
GPMin:    4 16:57:16       -5.703006        0.0943
GPMin:    5 16:57:21       -5.725131        0.0366
GPMin:    6 16:57:26       -5.728140        0.0186
       Step     Time          Energy         fmax
GPMin:    0 16:57:35       -5.414169        0.7229
GPMin:    1 16:57:42       -5.608610        0.1374
GPMin:    2 16:57:48       -5.658748        0.1845
GPMin:    3 16:57:55       -5.705212        0.1036
GPMin:    4 16:58:00       -5.725858        0.0796
GPMin:    5 16:58:06       -5.743661        0.0666
GPMin:    6 16:58:12       -5.759804        0.0515
GPMin:    7 16:58:17       -5.774371        0.0617
GPMin:    8 16:58:23       -5.788440        0.0750
GPMin:    9 16:58:29       -5.811915        0.0767
GPMin:   10 16:58:34       -5.838931        0.0692
GPMin:   11 16:58:40       -5.858542        0.0520
GPMin:   12 16:58:46       -5.866738        0.0320
GPMin:   13 16:58:51       -5.869987        0.0224
GPMin:   14 16:58:55       -5.872169        0.0229
GPMin:   15 16:59:01       -5.873291        0.0086
       Step     Time          Energy         fmax
GPMin:    0 16:59:10       -5.522177        0.2400
GPMin:    1 16:59:17       -5.633769        0.1318
GPMin:    2 16:59:23       -5.663749        0.0765
GPMin:    3 16:59:29       -5.676775        0.0498
GPMin:    4 16:59:35       -5.687500        0.0464
GPMin:    5 16:59:40       -5.701381        0.0326
GPMin:    6 16:59:46       -5.707206        0.0221
GPMin:    7 16:59:52       -5.709874        0.0144
       Step     Time          Energy         fmax
GPMin:    0 17:00:01       -4.977223        0.7167
GPMin:    1 17:00:07       -5.265909        0.2042
GPMin:    2 17:00:13       -5.333779        0.1665
GPMin:    3 17:00:20       -5.368449        0.1504
GPMin:    4 17:00:25       -5.427982        0.1524
GPMin:    5 17:00:30       -5.507208        0.1638
GPMin:    6 17:00:36       -5.587469        0.1699
GPMin:    7 17:00:42       -5.655749        0.1521
GPMin:    8 17:00:48       -5.695238        0.0820
GPMin:    9 17:00:53       -5.707249        0.0621
GPMin:   10 17:00:59       -5.713487        0.0554
GPMin:   11 17:01:04       -5.721473        0.0309
GPMin:   12 17:01:09       -5.723918        0.0218
GPMin:   13 17:01:14       -5.725232        0.0263
GPMin:   14 17:01:19       -5.726660        0.0179
       Step     Time          Energy         fmax
GPMin:    0 17:01:28       -4.822560        0.4564
GPMin:    1 17:01:35       -4.957930        0.1700
GPMin:    2 17:01:41       -5.004813        0.1874
GPMin:    3 17:01:48       -5.081420        0.1920
GPMin:    4 17:01:53       -5.149932        0.1932
GPMin:    5 17:02:00       -5.221532        0.1682
GPMin:    6 17:02:05       -5.281233        0.1162
GPMin:    7 17:02:11       -5.315005        0.0914
GPMin:    8 17:02:17       -5.336628        0.0923
GPMin:    9 17:02:23       -5.368347        0.1085
GPMin:   10 17:02:28       -5.403871        0.1243
GPMin:   11 17:02:34       -5.448167        0.1108
GPMin:   12 17:02:40       -5.484169        0.0734
GPMin:   13 17:02:46       -5.503494        0.0643
GPMin:   14 17:02:51       -5.517417        0.0717
GPMin:   15 17:02:57       -5.535515        0.0850
GPMin:   16 17:03:03       -5.560231        0.0891
GPMin:   17 17:03:08       -5.589145        0.0900
GPMin:   18 17:03:13       -5.620173        0.0853
GPMin:   19 17:03:19       -5.648934        0.0772
GPMin:   20 17:03:25       -5.672443        0.0857
GPMin:   21 17:03:30       -5.695564        0.0859
GPMin:   22 17:03:36       -5.718684        0.0759
GPMin:   23 17:03:42       -5.736706        0.0549
GPMin:   24 17:03:47       -5.746354        0.0568
GPMin:   25 17:03:52       -5.751868        0.0724
GPMin:   26 17:03:58       -5.761827        0.0786
GPMin:   27 17:04:04       -5.774151        0.0589
GPMin:   28 17:04:10       -5.786758        0.0671
GPMin:   29 17:04:15       -5.800826        0.0794
GPMin:   30 17:04:21       -5.820039        0.0856
GPMin:   31 17:04:27       -5.840745        0.0705
GPMin:   32 17:04:33       -5.858905        0.0504
GPMin:   33 17:04:38       -5.866889        0.0336
GPMin:   34 17:04:43       -5.869529        0.0300
GPMin:   35 17:04:48       -5.871159        0.0261
GPMin:   36 17:04:53       -5.872361        0.0241
GPMin:   37 17:04:58       -5.873057        0.0132
       Step     Time          Energy         fmax
GPMin:    0 17:05:09       -5.274230        0.4550
GPMin:    1 17:05:15       -5.451287        0.2081
GPMin:    2 17:05:22       -5.550153        0.1330
GPMin:    3 17:05:27       -5.593695        0.0866
GPMin:    4 17:05:32       -5.620005        0.0778
GPMin:    5 17:05:38       -5.645478        0.0781
GPMin:    6 17:05:43       -5.671606        0.0890
GPMin:    7 17:05:48       -5.702992        0.0994
GPMin:    8 17:05:54       -5.731446        0.1068
GPMin:    9 17:06:00       -5.764369        0.1190
GPMin:   10 17:06:05       -5.801453        0.1194
GPMin:   11 17:06:11       -5.836144        0.0951
GPMin:   12 17:06:17       -5.854903        0.0503
GPMin:   13 17:06:22       -5.863007        0.0510
GPMin:   14 17:06:27       -5.867953        0.0358
GPMin:   15 17:06:32       -5.870734        0.0230
GPMin:   16 17:06:37       -5.872292        0.0182
       Step     Time          Energy         fmax
GPMin:    0 17:06:47       -5.318697        0.2617
GPMin:    1 17:06:54       -5.455626        0.1606
GPMin:    2 17:07:00       -5.518866        0.1100
GPMin:    3 17:07:06       -5.551568        0.0925
GPMin:    4 17:07:11       -5.572125        0.0797
GPMin:    5 17:07:17       -5.599543        0.0809
GPMin:    6 17:07:22       -5.622130        0.0905
GPMin:    7 17:07:28       -5.660886        0.0892
GPMin:    8 17:07:34       -5.691131        0.0798
GPMin:    9 17:07:39       -5.717167        0.0586
GPMin:   10 17:07:45       -5.728178        0.0479
GPMin:   11 17:07:50       -5.735976        0.0447
GPMin:   12 17:07:55       -5.743505        0.0475
GPMin:   13 17:08:01       -5.751995        0.0480
GPMin:   14 17:08:07       -5.759797        0.0521
GPMin:   15 17:08:13       -5.769220        0.0573
GPMin:   16 17:08:18       -5.780676        0.0603
GPMin:   17 17:08:23       -5.794957        0.0595
GPMin:   18 17:08:29       -5.814186        0.0637
GPMin:   19 17:08:34       -5.839856        0.0662
GPMin:   20 17:08:40       -5.857731        0.0530
GPMin:   21 17:08:45       -5.867157        0.0337
GPMin:   22 17:08:51       -5.870135        0.0227
GPMin:   23 17:08:56       -5.872012        0.0201
GPMin:   24 17:09:00       -5.873255        0.0115
       Step     Time          Energy         fmax
GPMin:    0 17:09:10       -5.538664        0.2350
GPMin:    1 17:09:16       -5.636951        0.1338
GPMin:    2 17:09:22       -5.693563        0.1107
GPMin:    3 17:09:28       -5.731109        0.0556
GPMin:    4 17:09:33       -5.748173        0.0445
GPMin:    5 17:09:38       -5.764224        0.0509
GPMin:    6 17:09:44       -5.780711        0.0664
GPMin:    7 17:09:50       -5.806901        0.0745
GPMin:    8 17:09:56       -5.836694        0.0737
GPMin:    9 17:10:03       -5.858428        0.0586
GPMin:   10 17:10:08       -5.867493        0.0290
GPMin:   11 17:10:14       -5.870421        0.0250
GPMin:   12 17:10:19       -5.872972        0.0133
       Step     Time          Energy         fmax
GPMin:    0 17:10:31       -5.412348        0.3283
GPMin:    1 17:10:38       -5.505260        0.1486
GPMin:    2 17:10:43       -5.546361        0.0637
GPMin:    3 17:10:48       -5.555351        0.0393
GPMin:    4 17:10:54       -5.557730        0.0271
GPMin:    5 17:10:59       -5.561077        0.0291
GPMin:    6 17:11:04       -5.570178        0.0444
GPMin:    7 17:11:09       -5.584101        0.0558
GPMin:    8 17:11:15       -5.607139        0.0781
GPMin:    9 17:11:20       -5.644923        0.1086
GPMin:   10 17:11:26       -5.686298        0.1087
GPMin:   11 17:11:32       -5.712428        0.0678
GPMin:   12 17:11:38       -5.720300        0.0422
GPMin:   13 17:11:43       -5.723672        0.0278
GPMin:   14 17:11:48       -5.725693        0.0185
       Step     Time          Energy         fmax
GPMin:    0 17:11:59       -4.720842        0.6835
GPMin:    1 17:12:08       -4.914209        0.1783
GPMin:    2 17:12:15       -4.960228        0.1524
GPMin:    3 17:12:22       -5.023654        0.1581
GPMin:    4 17:12:29       -5.096111        0.1616
GPMin:    5 17:12:36       -5.174720        0.1693
GPMin:    6 17:12:42       -5.237272        0.1726
GPMin:    7 17:12:49       -5.343880        0.1639
GPMin:    8 17:12:54       -5.375436        0.1592
GPMin:    9 17:13:01       -5.418039        0.1390
GPMin:   10 17:13:06       -5.440938        0.1080
GPMin:   11 17:13:12       -5.465210        0.1108
GPMin:   12 17:13:18       -5.510239        0.1186
GPMin:   13 17:13:24       -5.542380        0.1201
GPMin:   14 17:13:30       -5.578420        0.1286
GPMin:   15 17:13:35       -5.628873        0.1421
GPMin:   16 17:13:41       -5.670843        0.1483
GPMin:   17 17:13:46       -5.717604        0.1432
GPMin:   18 17:13:52       -5.766247        0.1266
GPMin:   19 17:13:58       -5.808646        0.1158
GPMin:   20 17:14:04       -5.842474        0.0856
GPMin:   21 17:14:09       -5.860529        0.0500
GPMin:   22 17:14:14       -5.866492        0.0397
GPMin:   23 17:14:19       -5.869605        0.0422
GPMin:   24 17:14:25       -5.871874        0.0196
       Step     Time          Energy         fmax
GPMin:    0 17:14:34       -5.357863        0.5164
GPMin:    1 17:14:41       -5.531023        0.1794
GPMin:    2 17:14:48       -5.576269        0.1924
GPMin:    3 17:14:54       -5.640797        0.1238
GPMin:    4 17:15:00       -5.663689        0.0501
GPMin:    5 17:15:05       -5.669177        0.0334
GPMin:    6 17:15:11       -5.675725        0.0394
GPMin:    7 17:15:30       -5.676681        0.0534
GPMin:    8 17:15:44       -5.680643        0.0559
GPMin:    9 17:16:12       -5.681778        0.1836
GPMin:   10 17:16:19       -5.694850        0.1334
GPMin:   11 17:16:25       -5.701732        0.1013
GPMin:   12 17:16:32       -5.706977        0.1252
GPMin:   13 17:16:44       -5.726946        0.0775
GPMin:   14 17:16:50       -5.738779        0.0622
GPMin:   15 17:16:56       -5.747381        0.0656
GPMin:   16 17:17:02       -5.763795        0.0564
GPMin:   17 17:17:07       -5.777722        0.0570
GPMin:   18 17:17:12       -5.796254        0.0760
GPMin:   19 17:17:18       -5.817901        0.0760
GPMin:   20 17:17:23       -5.841896        0.0705
GPMin:   21 17:17:29       -5.860515        0.0516
GPMin:   22 17:17:35       -5.868472        0.0277
GPMin:   23 17:17:40       -5.870279        0.0248
GPMin:   24 17:17:45       -5.872505        0.0209
GPMin:   25 17:17:50       -5.873306        0.0117
       Step     Time          Energy         fmax
GPMin:    0 17:18:02       -4.762935        0.8331
GPMin:    1 17:18:09       -5.007498        0.1924
GPMin:    2 17:18:16       -5.069389        0.1805
GPMin:    3 17:18:22       -5.131689        0.1326
GPMin:    4 17:18:29       -5.178928        0.1320
GPMin:    5 17:18:35       -5.224866        0.1383
GPMin:    6 17:18:41       -5.270036        0.1451
GPMin:    7 17:18:48       -5.339765        0.1594
GPMin:    8 17:18:54       -5.377338        0.1777
GPMin:    9 17:18:59       -5.428925        0.1823
GPMin:   10 17:19:05       -5.485724        0.1633
GPMin:   11 17:19:11       -5.531029        0.1267
GPMin:   12 17:19:17       -5.560247        0.0651
GPMin:   13 17:19:22       -5.569655        0.0538
GPMin:   14 17:19:27       -5.573231        0.0524
GPMin:   15 17:19:32       -5.579033        0.0488
GPMin:   16 17:19:37       -5.583550        0.0439
GPMin:   17 17:19:42       -5.588592        0.0343
GPMin:   18 17:19:47       -5.591822        0.0258
GPMin:   19 17:19:52       -5.594377        0.0233
GPMin:   20 17:19:58       -5.595733        0.0190
       Step     Time          Energy         fmax
GPMin:    0 17:20:06       -5.316216        0.2395
GPMin:    1 17:20:13       -5.374432        0.1685
GPMin:    2 17:20:19       -5.431643        0.0889
GPMin:    3 17:20:26       -5.477775        0.0925
GPMin:    4 17:20:31       -5.507489        0.0461
GPMin:    5 17:20:37       -5.518159        0.0424
GPMin:    6 17:20:43       -5.525163        0.0421
GPMin:    7 17:20:49       -5.532511        0.0254
GPMin:    8 17:20:54       -5.536483        0.0185
       Step     Time          Energy         fmax
GPMin:    0 17:21:05       -5.263124        0.2217
GPMin:    1 17:21:12       -5.363890        0.2062
GPMin:    2 17:21:18       -5.448128        0.1678
GPMin:    3 17:21:25       -5.498117        0.0798
GPMin:    4 17:21:30       -5.510116        0.0583
GPMin:    5 17:21:36       -5.520910        0.0491
GPMin:    6 17:21:41       -5.529787        0.0484
GPMin:    7 17:21:47       -5.547682        0.0530
GPMin:    8 17:21:53       -5.565234        0.0555
GPMin:    9 17:21:58       -5.586268        0.0582
GPMin:   10 17:22:04       -5.612361        0.0657
GPMin:   11 17:22:09       -5.644359        0.0732
GPMin:   12 17:22:16       -5.679261        0.0733
GPMin:   13 17:22:22       -5.711878        0.0713
GPMin:   14 17:22:28       -5.734209        0.0673
GPMin:   15 17:22:34       -5.749536        0.0580
GPMin:   16 17:22:39       -5.761362        0.0535
GPMin:   17 17:22:44       -5.770926        0.0599
GPMin:   18 17:22:50       -5.787236        0.0748
GPMin:   19 17:22:56       -5.807112        0.0758
GPMin:   20 17:23:02       -5.832808        0.0717
GPMin:   21 17:23:08       -5.855298        0.0515
GPMin:   22 17:23:13       -5.865674        0.0435
GPMin:   23 17:23:19       -5.868636        0.0337
GPMin:   24 17:23:24       -5.871397        0.0239
GPMin:   25 17:23:29       -5.872468        0.0192
       Step     Time          Energy         fmax
GPMin:    0 17:23:38       -5.540344        0.2132
GPMin:    1 17:23:45       -5.647686        0.1289
GPMin:    2 17:23:51       -5.691717        0.0773
GPMin:    3 17:23:57       -5.716356        0.0522
GPMin:    4 17:24:03       -5.728645        0.0391
GPMin:    5 17:24:08       -5.735617        0.0348
GPMin:    6 17:24:13       -5.745772        0.0426
GPMin:    7 17:24:19       -5.760582        0.0487
GPMin:    8 17:24:25       -5.781065        0.0566
GPMin:    9 17:24:31       -5.806785        0.0705
GPMin:   10 17:24:37       -5.837347        0.0735
GPMin:   11 17:24:43       -5.860241        0.0509
GPMin:   12 17:24:48       -5.868505        0.0266
GPMin:   13 17:24:53       -5.871053        0.0215
GPMin:   14 17:24:58       -5.873064        0.0152
       Step     Time          Energy         fmax
GPMin:    0 17:25:09       -5.141621        0.2437
GPMin:    1 17:25:17       -5.191984        0.2088
GPMin:    2 17:25:24       -5.259420        0.1088
GPMin:    3 17:25:31       -5.295727        0.1075
GPMin:    4 17:25:36       -5.332117        0.0920
GPMin:    5 17:25:42       -5.365955        0.0785
GPMin:    6 17:25:48       -5.397745        0.0750
GPMin:    7 17:25:53       -5.427670        0.0683
GPMin:    8 17:25:58       -5.452571        0.0577
GPMin:    9 17:26:03       -5.471126        0.0446
GPMin:   10 17:26:08       -5.483715        0.0421
GPMin:   11 17:26:13       -5.488188        0.0434
GPMin:   12 17:26:19       -5.490542        0.0419
GPMin:   13 17:26:25       -5.492140        0.0181
       Step     Time          Energy         fmax
GPMin:    0 17:26:34       -5.335620        0.4247
GPMin:    1 17:26:41       -5.464897        0.2418
GPMin:    2 17:26:48       -5.562023        0.2140
GPMin:    3 17:26:54       -5.619494        0.1505
GPMin:    4 17:27:00       -5.650818        0.0953
GPMin:    5 17:27:06       -5.680639        0.0803
GPMin:    6 17:27:11       -5.706330        0.0621
GPMin:    7 17:27:23       -5.717195        0.0772
GPMin:    8 17:27:29       -5.731313        0.0473
GPMin:    9 17:27:36       -5.741668        0.0536
GPMin:   10 17:27:41       -5.747350        0.0486
GPMin:   11 17:27:47       -5.760220        0.0580
GPMin:   12 17:27:52       -5.775654        0.0629
GPMin:   13 17:27:58       -5.796194        0.0657
GPMin:   14 17:28:04       -5.820072        0.0745
GPMin:   15 17:28:09       -5.846781        0.0712
GPMin:   16 17:28:15       -5.862285        0.0494
GPMin:   17 17:28:20       -5.868472        0.0307
GPMin:   18 17:28:26       -5.870737        0.0281
GPMin:   19 17:28:31       -5.872824        0.0160
       Step     Time          Energy         fmax
GPMin:    0 17:28:41       -5.274230        0.4550
GPMin:    1 17:28:48       -5.451292        0.2081
GPMin:    2 17:28:54       -5.550152        0.1330
GPMin:    3 17:29:00       -5.593693        0.0866
GPMin:    4 17:29:05       -5.620006        0.0778
GPMin:    5 17:29:10       -5.645480        0.0781
GPMin:    6 17:29:15       -5.671606        0.0890
GPMin:    7 17:29:21       -5.702993        0.0994
GPMin:    8 17:29:27       -5.731448        0.1068
GPMin:    9 17:29:33       -5.764372        0.1190
GPMin:   10 17:29:38       -5.801454        0.1194
GPMin:   11 17:29:44       -5.836145        0.0951
GPMin:   12 17:29:50       -5.854903        0.0503
GPMin:   13 17:29:55       -5.863007        0.0510
GPMin:   14 17:30:00       -5.867953        0.0358
GPMin:   15 17:30:06       -5.870734        0.0230
GPMin:   16 17:30:10       -5.872292        0.0182
       Step     Time          Energy         fmax
GPMin:    0 17:30:19       -5.633847        0.2607
GPMin:    1 17:30:26       -5.687470        0.1282
GPMin:    2 17:30:33       -5.699702        0.1037
GPMin:    3 17:30:39       -5.703462        0.0810
GPMin:    4 17:30:45       -5.710259        0.0164
       Step     Time          Energy         fmax
GPMin:    0 17:30:54       -5.304500        0.5702
GPMin:    1 17:31:01       -5.501323        0.2421
GPMin:    2 17:31:08       -5.563665        0.1224
GPMin:    3 17:31:13       -5.589187        0.0498
GPMin:    4 17:31:19       -5.595151        0.0252
GPMin:    5 17:31:24       -5.596689        0.0150
       Step     Time          Energy         fmax
GPMin:    0 17:31:33       -5.208117        0.3773
GPMin:    1 17:31:39       -5.341844        0.1988
GPMin:    2 17:31:46       -5.432637        0.2127
GPMin:    3 17:31:52       -5.524838        0.1980
GPMin:    4 17:31:59       -5.593053        0.1203
GPMin:    5 17:32:04       -5.619828        0.0645
GPMin:    6 17:32:10       -5.634155        0.0702
GPMin:    7 17:32:15       -5.654826        0.0677
GPMin:    8 17:32:21       -5.680197        0.0647
GPMin:    9 17:32:27       -5.703430        0.0573
GPMin:   10 17:32:33       -5.717559        0.0565
GPMin:   11 17:32:38       -5.725500        0.0423
GPMin:   12 17:32:44       -5.731401        0.0395
GPMin:   13 17:32:50       -5.739877        0.0472
GPMin:   14 17:32:55       -5.750352        0.0449
GPMin:   15 17:33:00       -5.765050        0.0556
GPMin:   16 17:33:06       -5.782128        0.0631
GPMin:   17 17:33:12       -5.800348        0.0757
GPMin:   18 17:33:18       -5.825214        0.0838
GPMin:   19 17:33:24       -5.848875        0.0714
GPMin:   20 17:33:29       -5.861339        0.0426
GPMin:   21 17:33:35       -5.866122        0.0370
GPMin:   22 17:33:40       -5.869827        0.0254
GPMin:   23 17:33:45       -5.871608        0.0225
GPMin:   24 17:33:50       -5.872798        0.0149
       Step     Time          Energy         fmax
GPMin:    0 17:34:00       -5.014461        0.7845
GPMin:    1 17:34:07       -5.440470        0.2695
GPMin:    2 17:34:13       -5.544411        0.1309
GPMin:    3 17:34:19       -5.564811        0.1069
GPMin:    4 17:34:25       -5.590466        0.0684
GPMin:    5 17:34:31       -5.602869        0.0728
GPMin:    6 17:34:36       -5.618455        0.0750
GPMin:    7 17:34:42       -5.637409        0.0713
GPMin:    8 17:34:47       -5.658996        0.0794
GPMin:    9 17:34:53       -5.683992        0.0980
GPMin:   10 17:34:59       -5.711086        0.0955
GPMin:   11 17:35:05       -5.737781        0.0898
GPMin:   12 17:35:10       -5.760091        0.0768
GPMin:   13 17:35:16       -5.775988        0.0531
GPMin:   14 17:35:21       -5.786927        0.0610
GPMin:   15 17:35:27       -5.799901        0.0667
GPMin:   16 17:35:33       -5.816573        0.0724
GPMin:   17 17:35:39       -5.835438        0.0692
GPMin:   18 17:35:44       -5.852954        0.0575
GPMin:   19 17:35:50       -5.863920        0.0407
GPMin:   20 17:35:55       -5.868743        0.0260
GPMin:   21 17:35:59       -5.870582        0.0271
GPMin:   22 17:36:05       -5.872327        0.0209
GPMin:   23 17:36:09       -5.872933        0.0145
       Step     Time          Energy         fmax
GPMin:    0 17:36:21       -5.270982        0.4120
GPMin:    1 17:36:29       -5.394233        0.1733
GPMin:    2 17:36:35       -5.484087        0.1924
GPMin:    3 17:36:40       -5.557184        0.1493
GPMin:    4 17:36:46       -5.591854        0.1163
GPMin:    5 17:36:51       -5.625692        0.1147
GPMin:    6 17:36:57       -5.649157        0.1238
GPMin:    7 17:37:02       -5.683502        0.1214
GPMin:    8 17:37:08       -5.710438        0.1062
GPMin:    9 17:37:14       -5.737376        0.0651
GPMin:   10 17:37:19       -5.750080        0.0555
GPMin:   11 17:37:25       -5.760069        0.0624
GPMin:   12 17:37:31       -5.771350        0.0488
GPMin:   13 17:37:37       -5.785221        0.0586
GPMin:   14 17:37:42       -5.803749        0.0698
GPMin:   15 17:37:48       -5.827986        0.0760
GPMin:   16 17:37:53       -5.851540        0.0658
GPMin:   17 17:37:59       -5.864261        0.0401
GPMin:   18 17:38:04       -5.868240        0.0281
GPMin:   19 17:38:10       -5.870580        0.0244
GPMin:   20 17:38:15       -5.872355        0.0216
GPMin:   21 17:38:19       -5.873240        0.0109
       Step     Time          Energy         fmax
GPMin:    0 17:38:29       -5.321127        0.3149
GPMin:    1 17:38:35       -5.424245        0.1592
GPMin:    2 17:38:41       -5.483379        0.1418
GPMin:    3 17:38:47       -5.534777        0.1159
GPMin:    4 17:38:53       -5.562885        0.0685
GPMin:    5 17:38:58       -5.573456        0.0620
GPMin:    6 17:39:04       -5.596956        0.0618
GPMin:    7 17:39:11       -5.622951        0.1005
GPMin:    8 17:39:17       -5.652275        0.1067
GPMin:    9 17:39:23       -5.677602        0.0971
GPMin:   10 17:39:29       -5.701451        0.0849
GPMin:   11 17:39:34       -5.722928        0.0617
GPMin:   12 17:39:41       -5.740357        0.1007
GPMin:   13 17:39:47       -5.751595        0.0826
GPMin:   14 17:39:53       -5.761842        0.0631
GPMin:   15 17:39:58       -5.771624        0.0583
GPMin:   16 17:40:03       -5.788982        0.0612
GPMin:   17 17:40:09       -5.809498        0.0661
GPMin:   18 17:40:15       -5.835583        0.0648
GPMin:   19 17:40:21       -5.856668        0.0565
GPMin:   20 17:40:26       -5.866943        0.0363
GPMin:   21 17:40:31       -5.869819        0.0269
GPMin:   22 17:40:36       -5.871442        0.0261
GPMin:   23 17:40:41       -5.872949        0.0153
       Step     Time          Energy         fmax
GPMin:    0 17:40:51       -5.274228        0.4550
GPMin:    1 17:40:57       -5.451311        0.2081
GPMin:    2 17:41:03       -5.550165        0.1330
GPMin:    3 17:41:09       -5.593701        0.0866
GPMin:    4 17:41:14       -5.620012        0.0778
GPMin:    5 17:41:19       -5.645484        0.0781
GPMin:    6 17:41:25       -5.671611        0.0891
GPMin:    7 17:41:30       -5.702996        0.0994
GPMin:    8 17:41:36       -5.731451        0.1068
GPMin:    9 17:41:42       -5.764376        0.1190
GPMin:   10 17:41:48       -5.801461        0.1194
GPMin:   11 17:41:54       -5.836151        0.0951
GPMin:   12 17:41:59       -5.854908        0.0503
GPMin:   13 17:42:04       -5.863010        0.0510
GPMin:   14 17:42:10       -5.867955        0.0358
GPMin:   15 17:42:15       -5.870735        0.0230
GPMin:   16 17:42:19       -5.872292        0.0182
       Step     Time          Energy         fmax
GPMin:    0 17:42:29       -5.514613        0.2547
GPMin:    1 17:42:36       -5.628792        0.1333
GPMin:    2 17:42:42       -5.685907        0.0997
GPMin:    3 17:42:48       -5.737884        0.0854
GPMin:    4 17:42:54       -5.784087        0.0764
GPMin:    5 17:43:00       -5.816701        0.0649
GPMin:    6 17:43:05       -5.836696        0.0752
GPMin:    7 17:43:10       -5.855528        0.0631
GPMin:    8 17:43:16       -5.868912        0.0310
GPMin:    9 17:43:21       -5.871316        0.0191
       Step     Time          Energy         fmax
GPMin:    0 17:43:30       -5.620057        0.1470
GPMin:    1 17:43:37       -5.695426        0.0699
GPMin:    2 17:43:43       -5.705426        0.0749
GPMin:    3 17:43:50       -5.711821        0.0521
GPMin:    4 17:43:56       -5.714876        0.0458
GPMin:    5 17:44:01       -5.717384        0.0487
GPMin:    6 17:44:07       -5.722745        0.0362
GPMin:    7 17:44:13       -5.726746        0.0147
       Step     Time          Energy         fmax
GPMin:    0 17:44:22       -5.359300        0.4040
GPMin:    1 17:44:29       -5.453556        0.1014
GPMin:    2 17:44:35       -5.480184        0.0846
GPMin:    3 17:44:41       -5.494711        0.0572
GPMin:    4 17:44:47       -5.508181        0.0511
GPMin:    5 17:44:53       -5.533837        0.0633
GPMin:    6 17:45:00       -5.555956        0.0607
GPMin:    7 17:45:06       -5.569287        0.0374
GPMin:    8 17:45:11       -5.574536        0.0368
GPMin:    9 17:45:17       -5.585864        0.0471
GPMin:   10 17:45:22       -5.603048        0.0538
GPMin:   11 17:45:28       -5.627059        0.0706
GPMin:   12 17:45:33       -5.657127        0.0827
GPMin:   13 17:45:39       -5.687866        0.0793
GPMin:   14 17:45:45       -5.709835        0.0433
GPMin:   15 17:45:50       -5.717906        0.0263
GPMin:   16 17:45:55       -5.719640        0.0209
GPMin:   17 17:46:00       -5.722654        0.0212
GPMin:   18 17:46:05       -5.725034        0.0171
       Step     Time          Energy         fmax
GPMin:    0 17:46:14       -5.235412        0.2321
GPMin:    1 17:46:21       -5.375812        0.1978
GPMin:    2 17:46:27       -5.468298        0.1920
GPMin:    3 17:46:34       -5.535513        0.1340
GPMin:    4 17:46:40       -5.562695        0.0504
GPMin:    5 17:46:45       -5.568995        0.0369
GPMin:    6 17:46:51       -5.573408        0.0309
GPMin:    7 17:46:56       -5.580707        0.0430
GPMin:    8 17:47:02       -5.591740        0.0516
GPMin:    9 17:47:07       -5.607218        0.0499
GPMin:   10 17:47:13       -5.625677        0.0540
GPMin:   11 17:47:18       -5.647177        0.0673
GPMin:   12 17:47:23       -5.673295        0.0860
GPMin:   13 17:47:29       -5.700624        0.0757
GPMin:   14 17:47:34       -5.719892        0.0554
GPMin:   15 17:47:40       -5.724938        0.0392
GPMin:   16 17:47:45       -5.726916        0.0192
       Step     Time          Energy         fmax
GPMin:    0 17:47:58       -5.213643        0.5926
GPMin:    1 17:48:05       -5.379240        0.1176
GPMin:    2 17:48:10       -5.414646        0.0887
GPMin:    3 17:48:16       -5.445622        0.0783
GPMin:    4 17:48:22       -5.474808        0.0724
GPMin:    5 17:48:28       -5.499810        0.0858
GPMin:    6 17:48:33       -5.532782        0.0916
GPMin:    7 17:48:39       -5.563398        0.0764
GPMin:    8 17:48:45       -5.584281        0.0498
GPMin:    9 17:48:51       -5.591318        0.0382
GPMin:   10 17:48:57       -5.595165        0.0257
GPMin:   11 17:49:02       -5.596535        0.0161
       Step     Time          Energy         fmax
GPMin:    0 17:49:14       -4.555847        0.6320
GPMin:    1 17:49:22       -4.789035        0.3524
GPMin:    2 17:49:30       -4.931225        0.3073
GPMin:    3 17:49:37       -5.029083        0.2252
GPMin:    4 17:49:43       -5.099363        0.1565
GPMin:    5 17:49:49       -5.151534        0.1393
GPMin:    6 17:49:55       -5.187678        0.1358
GPMin:    7 17:50:01       -5.233013        0.1369
GPMin:    8 17:50:06       -5.264298        0.1325
GPMin:    9 17:50:12       -5.306011        0.1268
GPMin:   10 17:50:18       -5.356540        0.1040
GPMin:   11 17:50:24       -5.381665        0.0836
GPMin:   12 17:50:29       -5.402135        0.0720
GPMin:   13 17:50:35       -5.418655        0.0792
GPMin:   14 17:50:41       -5.434238        0.0946
GPMin:   15 17:50:47       -5.458275        0.1095
GPMin:   16 17:50:52       -5.489093        0.1205
GPMin:   17 17:50:58       -5.525642        0.1223
GPMin:   18 17:51:04       -5.556470        0.0909
GPMin:   19 17:51:10       -5.574057        0.0574
GPMin:   20 17:51:15       -5.580522        0.0554
GPMin:   21 17:51:20       -5.584793        0.0423
GPMin:   22 17:51:25       -5.588731        0.0361
GPMin:   23 17:51:30       -5.592143        0.0422
GPMin:   24 17:51:35       -5.597175        0.0382
GPMin:   25 17:51:40       -5.602982        0.0484
GPMin:   26 17:51:46       -5.611617        0.0456
GPMin:   27 17:51:51       -5.620741        0.0577
GPMin:   28 17:51:56       -5.631301        0.0601
GPMin:   29 17:52:01       -5.643661        0.0685
GPMin:   30 17:52:06       -5.658329        0.0868
GPMin:   31 17:52:11       -5.676176        0.0877
GPMin:   32 17:52:17       -5.696230        0.0742
GPMin:   33 17:52:23       -5.712208        0.0541
GPMin:   34 17:52:28       -5.717528        0.0389
GPMin:   35 17:52:33       -5.719429        0.0281
GPMin:   36 17:52:39       -5.721188        0.0275
GPMin:   37 17:52:43       -5.722011        0.0226
GPMin:   38 17:52:48       -5.723216        0.0236
GPMin:   39 17:52:54       -5.724040        0.0185
       Step     Time          Energy         fmax
GPMin:    0 17:53:02       -5.363804        0.5327
GPMin:    1 17:53:09       -5.470865        0.1233
GPMin:    2 17:53:15       -5.498503        0.0866
GPMin:    3 17:53:21       -5.532334        0.0847
GPMin:    4 17:53:28       -5.567478        0.0990
GPMin:    5 17:53:34       -5.597927        0.0842
GPMin:    6 17:53:39       -5.619436        0.0924
GPMin:    7 17:53:45       -5.635120        0.0650
GPMin:    8 17:53:51       -5.649759        0.0720
GPMin:    9 17:53:57       -5.676561        0.0872
GPMin:   10 17:54:03       -5.687109        0.0833
GPMin:   11 17:54:09       -5.713389        0.0931
GPMin:   12 17:54:15       -5.738338        0.0986
GPMin:   13 17:54:22       -5.756964        0.0674
GPMin:   14 17:54:27       -5.767284        0.0650
GPMin:   15 17:54:33       -5.777882        0.0615
GPMin:   16 17:54:39       -5.797580        0.0641
GPMin:   17 17:54:45       -5.815468        0.0682
GPMin:   18 17:54:51       -5.839787        0.0648
GPMin:   19 17:54:56       -5.860810        0.0451
GPMin:   20 17:55:01       -5.868127        0.0292
GPMin:   21 17:55:07       -5.870455        0.0231
GPMin:   22 17:55:12       -5.872305        0.0182
       Step     Time          Energy         fmax
GPMin:    0 17:55:21       -5.433216        0.8129
GPMin:    1 17:55:28       -5.658873        0.1358
GPMin:    2 17:55:34       -5.671184        0.1659
GPMin:    3 17:55:40       -5.706828        0.0805
GPMin:    4 17:55:46       -5.721840        0.0513
GPMin:    5 17:55:51       -5.729933        0.0314
GPMin:    6 17:55:56       -5.736861        0.0361
GPMin:    7 17:56:02       -5.744407        0.0435
GPMin:    8 17:56:07       -5.755440        0.0476
GPMin:    9 17:56:13       -5.768720        0.0522
GPMin:   10 17:56:19       -5.789031        0.0641
GPMin:   11 17:56:25       -5.811705        0.0742
GPMin:   12 17:56:31       -5.837966        0.0764
GPMin:   13 17:56:37       -5.859563        0.0516
GPMin:   14 17:56:42       -5.868069        0.0288
GPMin:   15 17:56:47       -5.870199        0.0274
GPMin:   16 17:56:52       -5.872553        0.0182
       Step     Time          Energy         fmax
GPMin:    0 17:57:01       -5.528115        0.4640
GPMin:    1 17:57:08       -5.640188        0.1180
GPMin:    2 17:57:15       -5.679697        0.0853
GPMin:    3 17:57:20       -5.697069        0.0499
GPMin:    4 17:57:26       -5.705924        0.0293
GPMin:    5 17:57:31       -5.707210        0.0130
       Step     Time          Energy         fmax
GPMin:    0 17:57:41       -5.362621        0.5815
GPMin:    1 17:57:48       -5.512881        0.1800
GPMin:    2 17:57:54       -5.587917        0.1425
GPMin:    3 17:58:00       -5.647777        0.1382
GPMin:    4 17:58:06       -5.694321        0.1125
GPMin:    5 17:58:12       -5.720996        0.0462
GPMin:    6 17:58:17       -5.726896        0.0231
GPMin:    7 17:58:22       -5.728086        0.0121
       Step     Time          Energy         fmax
GPMin:    0 17:58:33       -4.839125        0.6825
GPMin:    1 17:58:41       -5.061738        0.2976
GPMin:    2 17:58:47       -5.171876        0.2367
GPMin:    3 17:58:54       -5.256460        0.1788
GPMin:    4 17:58:59       -5.328307        0.1711
GPMin:    5 17:59:06       -5.384349        0.1439
GPMin:    6 17:59:12       -5.399607        0.1569
GPMin:    7 17:59:19       -5.415367        0.0870
GPMin:    8 17:59:26       -5.454754        0.1347
GPMin:    9 17:59:32       -5.457198        0.0791
GPMin:   10 17:59:38       -5.509059        0.1123
GPMin:   11 17:59:44       -5.530914        0.1071
GPMin:   12 17:59:49       -5.556383        0.0997
GPMin:   13 17:59:55       -5.586859        0.1089
GPMin:   14 18:00:01       -5.617959        0.1167
GPMin:   15 18:00:06       -5.650305        0.1247
GPMin:   16 18:00:12       -5.686261        0.1397
GPMin:   17 18:00:17       -5.721804        0.1408
GPMin:   18 18:00:23       -5.757840        0.1291
GPMin:   19 18:00:29       -5.783269        0.0998
GPMin:   20 18:00:34       -5.801017        0.0715
GPMin:   21 18:00:40       -5.811238        0.0860
GPMin:   22 18:00:45       -5.827994        0.0784
GPMin:   23 18:00:51       -5.845677        0.0620
GPMin:   24 18:00:57       -5.858165        0.0484
GPMin:   25 18:01:02       -5.866525        0.0376
GPMin:   26 18:01:07       -5.870341        0.0327
GPMin:   27 18:01:12       -5.871610        0.0254
GPMin:   28 18:01:17       -5.872690        0.0195
       Step     Time          Energy         fmax
GPMin:    0 18:01:28       -5.481394        0.2790
GPMin:    1 18:01:35       -5.557962        0.1682
GPMin:    2 18:01:41       -5.603485        0.0779
GPMin:    3 18:01:47       -5.621930        0.0651
GPMin:    4 18:01:53       -5.641343        0.0735
GPMin:    5 18:01:59       -5.672047        0.0858
GPMin:    6 18:02:06       -5.709618        0.0914
GPMin:    7 18:02:12       -5.741476        0.0625
GPMin:    8 18:02:18       -5.758717        0.0549
GPMin:    9 18:02:24       -5.769058        0.0563
GPMin:   10 18:02:29       -5.781234        0.0591
GPMin:   11 18:02:35       -5.803571        0.0651
GPMin:   12 18:02:41       -5.828950        0.0724
GPMin:   13 18:02:47       -5.853313        0.0598
GPMin:   14 18:02:52       -5.866380        0.0329
GPMin:   15 18:02:57       -5.870099        0.0241
GPMin:   16 18:03:03       -5.872328        0.0182
       Step     Time          Energy         fmax
GPMin:    0 18:03:12       -5.233236        0.2706
GPMin:    1 18:03:18       -5.380006        0.2049
GPMin:    2 18:03:25       -5.452918        0.1258
GPMin:    3 18:03:30       -5.483815        0.1285
GPMin:    4 18:03:36       -5.511216        0.1366
GPMin:    5 18:03:42       -5.559897        0.1459
GPMin:    6 18:03:48       -5.601725        0.1406
GPMin:    7 18:03:54       -5.642066        0.1148
GPMin:    8 18:03:59       -5.667550        0.0733
GPMin:    9 18:04:05       -5.680744        0.0663
GPMin:   10 18:04:10       -5.690464        0.0562
GPMin:   11 18:04:16       -5.697621        0.0452
GPMin:   12 18:04:21       -5.705685        0.0349
GPMin:   13 18:04:26       -5.709844        0.0239
GPMin:   14 18:04:32       -5.713302        0.0370
GPMin:   15 18:04:37       -5.714479        0.0255
GPMin:   16 18:04:43       -5.716332        0.0174
       Step     Time          Energy         fmax
GPMin:    0 18:04:53       -5.132841        0.7097
GPMin:    1 18:04:59       -5.401014        0.2717
GPMin:    2 18:05:06       -5.524119        0.2446
GPMin:    3 18:05:12       -5.626794        0.2065
GPMin:    4 18:05:19       -5.685659        0.1496
GPMin:    5 18:05:25       -5.711697        0.0911
GPMin:    6 18:05:31       -5.722063        0.0493
GPMin:    7 18:05:36       -5.727138        0.0261
GPMin:    8 18:05:41       -5.728285        0.0112
       Step     Time          Energy         fmax
GPMin:    0 18:05:50       -5.394729        0.5913
GPMin:    1 18:05:58       -5.551103        0.1930
GPMin:    2 18:06:04       -5.624841        0.1960
GPMin:    3 18:06:10       -5.686760        0.1048
GPMin:    4 18:06:16       -5.708725        0.0581
GPMin:    5 18:06:22       -5.720432        0.0479
GPMin:    6 18:06:28       -5.729771        0.0481
GPMin:    7 18:06:34       -5.739910        0.0447
GPMin:    8 18:06:39       -5.747410        0.0398
GPMin:    9 18:06:45       -5.760207        0.0478
GPMin:   10 18:06:50       -5.769365        0.0537
GPMin:   11 18:06:56       -5.784407        0.0607
GPMin:   12 18:07:01       -5.815649        0.0803
GPMin:   13 18:07:07       -5.838040        0.0786
GPMin:   14 18:07:13       -5.856772        0.0564
GPMin:   15 18:07:19       -5.867111        0.0335
GPMin:   16 18:07:24       -5.870062        0.0247
GPMin:   17 18:07:29       -5.872189        0.0204
GPMin:   18 18:07:34       -5.873289        0.0128
       Step     Time          Energy         fmax
GPMin:    0 18:07:44       -5.529018        0.1951
GPMin:    1 18:07:51       -5.584880        0.1864
GPMin:    2 18:07:58       -5.625761        0.1278
GPMin:    3 18:08:04       -5.660101        0.0901
GPMin:    4 18:08:10       -5.679440        0.0551
GPMin:    5 18:08:16       -5.688319        0.0546
GPMin:    6 18:08:22       -5.695211        0.0706
GPMin:    7 18:08:27       -5.710032        0.0754
GPMin:    8 18:08:34       -5.719835        0.0470
GPMin:    9 18:08:39       -5.729367        0.0361
GPMin:   10 18:08:45       -5.740057        0.0354
GPMin:   11 18:08:51       -5.753671        0.0406
GPMin:   12 18:08:57       -5.772539        0.0512
GPMin:   13 18:09:03       -5.797021        0.0696
GPMin:   14 18:09:08       -5.823492        0.0761
GPMin:   15 18:09:14       -5.850974        0.0651
GPMin:   16 18:09:20       -5.866722        0.0327
GPMin:   17 18:09:25       -5.870325        0.0235
GPMin:   18 18:09:30       -5.872242        0.0192
       Step     Time          Energy         fmax
GPMin:    0 18:09:40       -5.583664        0.3942
GPMin:    1 18:09:47       -5.673669        0.1077
GPMin:    2 18:09:53       -5.698517        0.0449
GPMin:    3 18:09:59       -5.703707        0.0244
GPMin:    4 18:10:05       -5.705848        0.0266
GPMin:    5 18:10:12       -5.706201        0.0273
GPMin:    6 18:10:17       -5.707381        0.0043
       Step     Time          Energy         fmax
GPMin:    0 18:10:27       -4.912583        0.7880
GPMin:    1 18:10:35       -5.215652        0.2468
GPMin:    2 18:10:42       -5.303381        0.1970
GPMin:    3 18:10:48       -5.354535        0.1826
GPMin:    4 18:10:55       -5.408188        0.1074
GPMin:    5 18:11:00       -5.429408        0.0773
GPMin:    6 18:11:06       -5.444236        0.0533
GPMin:    7 18:11:11       -5.450237        0.0461
GPMin:    8 18:11:16       -5.456445        0.0457
GPMin:    9 18:11:22       -5.464094        0.0403
GPMin:   10 18:11:28       -5.470646        0.0323
GPMin:   11 18:11:33       -5.475199        0.0272
GPMin:   12 18:11:38       -5.477904        0.0225
GPMin:   13 18:11:43       -5.479802        0.0129
       Step     Time          Energy         fmax
GPMin:    0 18:11:53       -5.352438        0.2723
GPMin:    1 18:12:00       -5.463206        0.1893
GPMin:    2 18:12:06       -5.541059        0.1380
GPMin:    3 18:12:11       -5.585409        0.0756
GPMin:    4 18:12:17       -5.605901        0.0496
GPMin:    5 18:12:23       -5.621400        0.0572
GPMin:    6 18:12:29       -5.644129        0.0677
GPMin:    7 18:12:35       -5.673717        0.0861
GPMin:    8 18:12:40       -5.705724        0.0905
GPMin:    9 18:12:46       -5.729937        0.0885
GPMin:   10 18:12:52       -5.749199        0.0627
GPMin:   11 18:12:58       -5.761655        0.0555
GPMin:   12 18:13:04       -5.772700        0.0562
GPMin:   13 18:13:09       -5.787216        0.0574
GPMin:   14 18:13:15       -5.807622        0.0646
GPMin:   15 18:13:21       -5.827932        0.0714
GPMin:   16 18:13:27       -5.851070        0.0625
GPMin:   17 18:13:33       -5.867420        0.0290
GPMin:   18 18:13:37       -5.869743        0.0238
GPMin:   19 18:13:42       -5.871798        0.0220
GPMin:   20 18:13:47       -5.873102        0.0122
       Step     Time          Energy         fmax
GPMin:    0 18:13:56       -5.220135        0.4482
GPMin:    1 18:14:03       -5.341115        0.1188
GPMin:    2 18:14:09       -5.380234        0.0927
GPMin:    3 18:14:15       -5.402888        0.0570
GPMin:    4 18:14:21       -5.416252        0.0745
GPMin:    5 18:14:27       -5.440929        0.0622
GPMin:    6 18:14:32       -5.463544        0.0624
GPMin:    7 18:14:38       -5.491852        0.0603
GPMin:    8 18:14:43       -5.521909        0.0688
GPMin:    9 18:14:49       -5.546927        0.0756
GPMin:   10 18:14:55       -5.569592        0.0928
GPMin:   11 18:15:01       -5.595416        0.1108
GPMin:   12 18:15:07       -5.625494        0.1020
GPMin:   13 18:15:13       -5.651147        0.0745
GPMin:   14 18:15:19       -5.669973        0.0743
GPMin:   15 18:15:24       -5.692562        0.0805
GPMin:   16 18:15:30       -5.721386        0.1043
GPMin:   17 18:15:36       -5.756917        0.1300
GPMin:   18 18:15:42       -5.800440        0.1383
GPMin:   19 18:15:48       -5.844315        0.1068
GPMin:   20 18:15:54       -5.865082        0.0489
GPMin:   21 18:15:59       -5.870109        0.0382
GPMin:   22 18:16:04       -5.872013        0.0201
GPMin:   23 18:16:09       -5.872704        0.0131
       Step     Time          Energy         fmax
GPMin:    0 18:16:19       -5.393022        0.1699
GPMin:    1 18:16:26       -5.479753        0.1572
GPMin:    2 18:16:32       -5.551395        0.1252
GPMin:    3 18:16:39       -5.611477        0.1121
GPMin:    4 18:16:45       -5.663710        0.1026
GPMin:    5 18:16:51       -5.714001        0.0958
GPMin:    6 18:16:56       -5.754030        0.0957
GPMin:    7 18:17:02       -5.788435        0.1007
GPMin:    8 18:17:09       -5.824249        0.0890
GPMin:    9 18:17:14       -5.851855        0.0596
GPMin:   10 18:17:20       -5.864578        0.0437
GPMin:   11 18:17:25       -5.868754        0.0289
GPMin:   12 18:17:30       -5.870931        0.0260
GPMin:   13 18:17:35       -5.872839        0.0149
       Step     Time          Energy         fmax
GPMin:    0 18:17:45       -5.315117        0.7047
GPMin:    1 18:17:52       -5.538560        0.1188
GPMin:    2 18:17:58       -5.553788        0.1099
GPMin:    3 18:18:04       -5.575354        0.0643
GPMin:    4 18:18:09       -5.586650        0.0668
GPMin:    5 18:18:15       -5.615150        0.0902
GPMin:    6 18:18:21       -5.659567        0.0927
GPMin:    7 18:18:27       -5.693226        0.0739
GPMin:    8 18:18:33       -5.701810        0.0810
GPMin:    9 18:18:39       -5.714073        0.0634
GPMin:   10 18:18:44       -5.722195        0.0496
GPMin:   11 18:18:49       -5.731544        0.0463
GPMin:   12 18:18:55       -5.740309        0.0416
GPMin:   13 18:19:00       -5.747313        0.0444
GPMin:   14 18:19:05       -5.757086        0.0495
GPMin:   15 18:19:10       -5.763651        0.0492
GPMin:   16 18:19:16       -5.787540        0.0599
GPMin:   17 18:19:22       -5.816406        0.0769
GPMin:   18 18:19:28       -5.840294        0.0754
GPMin:   19 18:19:34       -5.857342        0.0589
GPMin:   20 18:19:39       -5.866866        0.0384
GPMin:   21 18:19:45       -5.869276        0.0280
GPMin:   22 18:19:50       -5.871728        0.0238
GPMin:   23 18:19:54       -5.873082        0.0157
       Step     Time          Energy         fmax
GPMin:    0 18:20:04       -5.200946        0.2925
GPMin:    1 18:20:11       -5.393464        0.2262
GPMin:    2 18:20:18       -5.483229        0.1257
GPMin:    3 18:20:24       -5.514784        0.0945
GPMin:    4 18:20:29       -5.541753        0.1000
GPMin:    5 18:20:35       -5.577827        0.1182
GPMin:    6 18:20:41       -5.627471        0.1237
GPMin:    7 18:20:47       -5.660161        0.0940
GPMin:    8 18:20:53       -5.679702        0.0590
GPMin:    9 18:20:58       -5.689270        0.0532
GPMin:   10 18:21:04       -5.698468        0.0393
GPMin:   11 18:21:10       -5.703827        0.0328
GPMin:   12 18:21:15       -5.706432        0.0174
       Step     Time          Energy         fmax
GPMin:    0 18:21:25       -5.236148        0.2396
GPMin:    1 18:21:31       -5.380732        0.1872
GPMin:    2 18:21:38       -5.477478        0.1711
GPMin:    3 18:21:44       -5.563432        0.1670
GPMin:    4 18:21:50       -5.629578        0.1446
GPMin:    5 18:21:57       -5.678013        0.0881
GPMin:    6 18:22:03       -5.697783        0.0510
GPMin:    7 18:22:08       -5.703308        0.0337
GPMin:    8 18:22:13       -5.706969        0.0247
GPMin:    9 18:22:19       -5.708861        0.0217
GPMin:   10 18:22:24       -5.710590        0.0184
       Step     Time          Energy         fmax
GPMin:    0 18:22:34       -5.384700        0.3735
GPMin:    1 18:22:40       -5.512532        0.1613
GPMin:    2 18:22:46       -5.569459        0.1127
GPMin:    3 18:22:52       -5.618135        0.0902
GPMin:    4 18:22:57       -5.656208        0.0965
GPMin:    5 18:23:03       -5.682243        0.0963
GPMin:    6 18:23:09       -5.701498        0.0912
GPMin:    7 18:23:15       -5.720683        0.0827
GPMin:    8 18:23:21       -5.741088        0.0682
GPMin:    9 18:23:26       -5.756894        0.0542
GPMin:   10 18:23:32       -5.770910        0.0599
GPMin:   11 18:23:37       -5.787911        0.0647
GPMin:   12 18:23:43       -5.808970        0.0714
GPMin:   13 18:23:48       -5.832281        0.0796
GPMin:   14 18:23:54       -5.854122        0.0615
GPMin:   15 18:24:00       -5.865976        0.0361
GPMin:   16 18:24:04       -5.870264        0.0228
GPMin:   17 18:24:09       -5.871984        0.0184
       Step     Time          Energy         fmax
GPMin:    0 18:24:18       -5.475814        0.2471
GPMin:    1 18:24:25       -5.540565        0.1138
GPMin:    2 18:24:31       -5.577825        0.0863
GPMin:    3 18:24:37       -5.606744        0.0701
GPMin:    4 18:24:42       -5.641430        0.0891
GPMin:    5 18:24:48       -5.687840        0.1065
GPMin:    6 18:24:54       -5.742111        0.1065
GPMin:    7 18:25:00       -5.792659        0.0822
GPMin:    8 18:25:05       -5.826275        0.0728
GPMin:    9 18:25:10       -5.847618        0.0652
GPMin:   10 18:25:16       -5.861527        0.0545
GPMin:   11 18:25:22       -5.867495        0.0315
GPMin:   12 18:25:27       -5.870361        0.0270
GPMin:   13 18:25:32       -5.872383        0.0184
       Step     Time          Energy         fmax
GPMin:    0 18:25:42       -5.214323        0.3152
GPMin:    1 18:25:48       -5.354049        0.1702
GPMin:    2 18:25:54       -5.413767        0.1301
GPMin:    3 18:26:00       -5.461822        0.0950
GPMin:    4 18:26:06       -5.494905        0.0803
GPMin:    5 18:26:12       -5.521666        0.0732
GPMin:    6 18:26:18       -5.542820        0.0763
GPMin:    7 18:26:24       -5.566088        0.0675
GPMin:    8 18:26:29       -5.592829        0.0557
GPMin:    9 18:26:34       -5.609225        0.0607
GPMin:   10 18:26:40       -5.622881        0.0744
GPMin:   11 18:26:45       -5.647509        0.0868
GPMin:   12 18:26:50       -5.669718        0.0910
GPMin:   13 18:26:56       -5.696128        0.0975
GPMin:   14 18:27:02       -5.727971        0.1086
GPMin:   15 18:27:08       -5.764939        0.1242
GPMin:   16 18:27:14       -5.804120        0.1230
GPMin:   17 18:27:20       -5.837444        0.0888
GPMin:   18 18:27:25       -5.854995        0.0510
GPMin:   19 18:27:31       -5.862719        0.0498
GPMin:   20 18:27:36       -5.867880        0.0301
GPMin:   21 18:27:42       -5.870586        0.0265
GPMin:   22 18:27:47       -5.872233        0.0189
       Step     Time          Energy         fmax
GPMin:    0 18:27:58       -5.320018        0.2871
GPMin:    1 18:28:05       -5.424020        0.1190
GPMin:    2 18:28:11       -5.471182        0.0909
GPMin:    3 18:28:17       -5.510342        0.0979
GPMin:    4 18:28:23       -5.554349        0.1102
GPMin:    5 18:28:29       -5.604525        0.1056
GPMin:    6 18:28:34       -5.650610        0.0845
GPMin:    7 18:28:40       -5.677080        0.0824
GPMin:    8 18:28:45       -5.694503        0.0613
GPMin:    9 18:28:50       -5.705760        0.0271
GPMin:   10 18:28:55       -5.707868        0.0201
GPMin:   11 18:29:00       -5.709033        0.0158
       Step     Time          Energy         fmax
GPMin:    0 18:29:10       -5.320019        0.2870
GPMin:    1 18:29:17       -5.424046        0.1191
GPMin:    2 18:29:24       -5.471194        0.0909
GPMin:    3 18:29:29       -5.510358        0.0979
GPMin:    4 18:29:35       -5.554362        0.1102
GPMin:    5 18:29:41       -5.604538        0.1056
GPMin:    6 18:29:47       -5.650624        0.0845
GPMin:    7 18:29:52       -5.677089        0.0824
GPMin:    8 18:29:58       -5.694508        0.0613
GPMin:    9 18:30:03       -5.705760        0.0271
GPMin:   10 18:30:09       -5.707868        0.0201
GPMin:   11 18:30:14       -5.709032        0.0158
