       Step     Time          Energy         fmax
GPMin:    0 15:41:24       -3.168798        1.3504
GPMin:    1 15:41:30       -4.009498        0.6013
GPMin:    2 15:41:37       -4.287050        0.2563
GPMin:    3 15:41:42       -4.353278        0.0979
GPMin:    4 15:41:47       -4.362592        0.1242
GPMin:    5 15:41:52       -4.375781        0.1094
GPMin:    6 15:42:13       -4.399115        0.1044
GPMin:    7 15:42:26       -4.408399        0.0657
GPMin:    8 15:42:40       -4.411323        0.1960
GPMin:    9 15:42:46       -4.426914        0.1557
GPMin:   10 15:42:59       -4.444915        0.0802
GPMin:   11 15:43:12       -4.447906        0.0849
GPMin:   12 15:43:19       -4.461818        0.1032
GPMin:   13 15:43:25       -4.469340        0.0594
GPMin:   14 15:43:31       -4.476801        0.0948
GPMin:   15 15:43:36       -4.480775        0.1061
GPMin:   16 15:43:43       -4.523457        0.1896
GPMin:   17 15:43:50       -4.552718        0.2086
GPMin:   18 15:43:56       -4.603971        0.2101
GPMin:   19 15:44:02       -4.626344        0.2071
GPMin:   20 15:44:10       -4.776569        0.1470
GPMin:   21 15:44:17       -4.796647        0.2536
GPMin:   22 15:44:30       -4.810238        0.2031
GPMin:   23 15:44:36       -4.838977        0.0927
GPMin:   24 15:44:41       -4.852434        0.0765
GPMin:   25 15:44:47       -4.859579        0.0901
GPMin:   26 15:44:52       -4.865116        0.0699
GPMin:   27 15:44:57       -4.876147        0.0539
GPMin:   28 15:45:02       -4.882699        0.0383
GPMin:   29 15:45:07       -4.886428        0.0273
GPMin:   30 15:45:13       -4.887634        0.0279
GPMin:   31 15:45:18       -4.888422        0.0249
GPMin:   32 15:45:23       -4.889145        0.0236
GPMin:   33 15:45:27       -4.889475        0.0189
       Step     Time          Energy         fmax
GPMin:    0 15:45:37       -3.244542        0.8631
GPMin:    1 15:45:45       -3.732816        0.3826
GPMin:    2 15:45:52       -3.900592        0.1987
GPMin:    3 15:45:59       -3.958234        0.1452
GPMin:    4 15:46:05       -3.980430        0.1600
GPMin:    5 15:46:13       -4.023250        0.1899
GPMin:    6 15:46:18       -4.037819        0.1998
GPMin:    7 15:46:27       -4.222430        0.2444
GPMin:    8 15:46:36       -4.291813        0.2951
GPMin:    9 15:46:53       -4.326166        0.3003
GPMin:   10 15:47:00       -4.403410        0.1757
GPMin:   11 15:47:07       -4.430064        0.1465
GPMin:   12 15:47:13       -4.447956        0.1744
GPMin:   13 15:47:19       -4.475615        0.1950
GPMin:   14 15:47:26       -4.502231        0.1766
GPMin:   15 15:47:33       -4.547303        0.1287
GPMin:   16 15:47:39       -4.579308        0.1364
GPMin:   17 15:47:46       -4.624989        0.1465
GPMin:   18 15:47:52       -4.664308        0.1718
GPMin:   19 15:47:58       -4.700626        0.1725
GPMin:   20 15:48:04       -4.735979        0.1315
GPMin:   21 15:48:10       -4.762513        0.0765
GPMin:   22 15:48:16       -4.775904        0.0534
GPMin:   23 15:48:21       -4.782422        0.0416
GPMin:   24 15:48:26       -4.785340        0.0424
GPMin:   25 15:48:32       -4.787702        0.0325
GPMin:   26 15:48:37       -4.790061        0.0271
GPMin:   27 15:48:42       -4.790696        0.0250
GPMin:   28 15:48:47       -4.791347        0.0523
GPMin:   29 15:48:53       -4.792259        0.0214
GPMin:   30 15:48:57       -4.792671        0.0221
GPMin:   31 15:49:03       -4.793858        0.0229
GPMin:   32 15:49:08       -4.794694        0.0156
       Step     Time          Energy         fmax
GPMin:    0 15:49:20       -3.243626        1.3221
GPMin:    1 15:49:28       -3.939364        0.6008
GPMin:    2 15:49:36       -4.188990        0.2833
GPMin:    3 15:49:43       -4.275277        0.1416
GPMin:    4 15:49:49       -4.301164        0.1341
GPMin:    5 15:49:56       -4.315340        0.1374
GPMin:    6 15:50:03       -4.340569        0.1463
GPMin:    7 15:50:27       -4.367284        0.1641
GPMin:    8 15:50:42       -4.399088        0.2558
GPMin:    9 15:50:49       -4.428316        0.2463
GPMin:   10 15:50:55       -4.454449        0.2163
GPMin:   11 15:51:01       -4.494799        0.1782
GPMin:   12 15:51:07       -4.528409        0.1506
GPMin:   13 15:51:13       -4.562246        0.1246
GPMin:   14 15:51:18       -4.591450        0.1119
GPMin:   15 15:51:24       -4.619531        0.1026
GPMin:   16 15:51:29       -4.645419        0.0939
GPMin:   17 15:51:35       -4.669032        0.0904
GPMin:   18 15:51:41       -4.695871        0.0852
GPMin:   19 15:51:46       -4.722297        0.0845
GPMin:   20 15:51:52       -4.751566        0.0776
GPMin:   21 15:51:58       -4.777968        0.0807
GPMin:   22 15:52:03       -4.806555        0.0854
GPMin:   23 15:52:09       -4.833838        0.0876
GPMin:   24 15:52:15       -4.860825        0.0841
GPMin:   25 15:52:20       -4.885978        0.0737
GPMin:   26 15:52:26       -4.906619        0.0560
GPMin:   27 15:52:31       -4.920510        0.0381
GPMin:   28 15:52:36       -4.927046        0.0276
GPMin:   29 15:52:41       -4.929618        0.0220
GPMin:   30 15:52:45       -4.930983        0.0221
GPMin:   31 15:52:49       -4.931505        0.0189
       Step     Time          Energy         fmax
GPMin:    0 15:52:59       -3.169136        1.3524
GPMin:    1 15:53:05       -4.009984        0.6035
GPMin:    2 15:53:12       -4.287411        0.2557
GPMin:    3 15:53:18       -4.353095        0.0960
GPMin:    4 15:53:23       -4.362449        0.1239
GPMin:    5 15:53:28       -4.375392        0.1078
GPMin:    6 15:53:49       -4.400502        0.1087
GPMin:    7 15:54:02       -4.407610        0.0865
GPMin:    8 15:54:17       -4.408932        0.1736
GPMin:    9 15:54:23       -4.421445        0.1264
GPMin:   10 15:54:28       -4.429902        0.1018
GPMin:   11 15:54:42       -4.460055        0.1765
GPMin:   12 15:54:48       -4.484930        0.1429
GPMin:   13 15:54:53       -4.499071        0.1591
GPMin:   14 15:55:00       -4.556211        0.2009
GPMin:   15 15:55:05       -4.575153        0.2131
GPMin:   16 15:55:13       -4.728732        0.1997
GPMin:   17 15:55:20       -4.768795        0.2994
GPMin:   18 15:55:32       -4.786576        0.3311
GPMin:   19 15:55:38       -4.836188        0.1051
GPMin:   20 15:55:44       -4.841456        0.0745
GPMin:   21 15:55:49       -4.848260        0.0682
GPMin:   22 15:55:54       -4.859915        0.0591
GPMin:   23 15:55:59       -4.870670        0.0492
GPMin:   24 15:56:04       -4.879055        0.0390
GPMin:   25 15:56:09       -4.884348        0.0290
GPMin:   26 15:56:15       -4.887278        0.0168
       Step     Time          Energy         fmax
GPMin:    0 15:56:24       -3.174836        1.3424
GPMin:    1 15:56:30       -4.013524        0.5999
GPMin:    2 15:56:37       -4.289704        0.2558
GPMin:    3 15:56:43       -4.355444        0.0969
GPMin:    4 15:56:48       -4.364747        0.1236
GPMin:    5 15:56:53       -4.377872        0.1080
GPMin:    6 15:57:14       -4.401517        0.1070
GPMin:    7 15:57:28       -4.409416        0.0850
GPMin:    8 15:57:48       -4.423394        0.1636
GPMin:    9 15:57:54       -4.434722        0.0863
GPMin:   10 15:58:08       -4.441606        0.0633
GPMin:   11 15:58:15       -4.466336        0.0621
GPMin:   12 15:58:20       -4.469730        0.0793
GPMin:   13 15:58:27       -4.520441        0.2124
GPMin:   14 15:58:34       -4.550620        0.2098
GPMin:   15 15:58:39       -4.581601        0.2179
GPMin:   16 15:58:45       -4.609448        0.2122
GPMin:   17 15:58:52       -4.667080        0.1801
GPMin:   18 15:58:58       -4.690855        0.1650
GPMin:   19 15:59:05       -4.774535        0.1466
GPMin:   20 15:59:12       -4.793992        0.2292
GPMin:   21 15:59:18       -4.812091        0.2316
GPMin:   22 15:59:23       -4.840762        0.1144
GPMin:   23 15:59:29       -4.852500        0.0912
GPMin:   24 15:59:34       -4.859550        0.0835
GPMin:   25 15:59:39       -4.872279        0.0693
GPMin:   26 15:59:44       -4.881219        0.0378
GPMin:   27 15:59:49       -4.883876        0.0314
GPMin:   28 15:59:54       -4.886013        0.0288
GPMin:   29 16:00:00       -4.887542        0.0302
GPMin:   30 16:00:03       -4.888192        0.0310
GPMin:   31 16:00:08       -4.889372        0.0129
       Step     Time          Energy         fmax
GPMin:    0 16:00:17       -3.161670        1.3520
GPMin:    1 16:00:23       -4.006405        0.6039
GPMin:    2 16:00:30       -4.286085        0.2601
GPMin:    3 16:00:35       -4.353257        0.0963
GPMin:    4 16:00:41       -4.362475        0.1240
GPMin:    5 16:00:46       -4.375571        0.1069
GPMin:    6 16:01:07       -4.399082        0.1109
GPMin:    7 16:01:21       -4.407184        0.0953
GPMin:    8 16:01:35       -4.407739        0.1866
GPMin:    9 16:01:41       -4.423402        0.1237
GPMin:   10 16:01:47       -4.429472        0.0935
GPMin:   11 16:01:53       -4.449368        0.0546
GPMin:   12 16:01:58       -4.451319        0.0544
GPMin:   13 16:02:04       -4.488658        0.1914
GPMin:   14 16:02:11       -4.494218        0.1619
GPMin:   15 16:02:24       -4.534021        0.2018
GPMin:   16 16:02:31       -4.582691        0.2277
GPMin:   17 16:02:37       -4.604120        0.2204
GPMin:   18 16:02:44       -4.686792        0.1650
GPMin:   19 16:02:50       -4.727614        0.1306
GPMin:   20 16:02:55       -4.748810        0.1360
GPMin:   21 16:03:01       -4.770247        0.1167
GPMin:   22 16:03:07       -4.795223        0.1011
GPMin:   23 16:03:12       -4.816734        0.0936
GPMin:   24 16:03:18       -4.839987        0.0804
GPMin:   25 16:03:23       -4.859023        0.0670
GPMin:   26 16:03:28       -4.871664        0.0508
GPMin:   27 16:03:33       -4.877963        0.0366
GPMin:   28 16:03:39       -4.881567        0.0331
GPMin:   29 16:03:44       -4.885803        0.0267
GPMin:   30 16:03:48       -4.887155        0.0357
GPMin:   31 16:03:54       -4.888939        0.0273
GPMin:   32 16:03:58       -4.889181        0.0184
       Step     Time          Energy         fmax
GPMin:    0 16:04:07       -3.172132        1.3420
GPMin:    1 16:04:14       -4.011548        0.6007
GPMin:    2 16:04:20       -4.288140        0.2556
GPMin:    3 16:04:26       -4.353913        0.0975
GPMin:    4 16:04:31       -4.363066        0.1241
GPMin:    5 16:04:36       -4.376763        0.1048
GPMin:    6 16:04:58       -4.397539        0.1102
GPMin:    7 16:05:10       -4.414130        0.0845
GPMin:    8 16:05:31       -4.425871        0.1573
GPMin:    9 16:05:37       -4.427025        0.1392
GPMin:   10 16:06:04       -4.430223        0.1098
GPMin:   11 16:06:11       -4.430461        0.2564
GPMin:   12 16:06:18       -4.479515        0.1138
GPMin:   13 16:06:25       -4.487327        0.1491
GPMin:   14 16:06:31       -4.498732        0.2310
GPMin:   15 16:06:38       -4.540516        0.2430
GPMin:   16 16:06:44       -4.564419        0.2415
GPMin:   17 16:06:50       -4.640191        0.2050
GPMin:   18 16:06:57       -4.671145        0.1831
GPMin:   19 16:07:04       -4.739394        0.1422
GPMin:   20 16:07:10       -4.742385        0.2322
GPMin:   21 16:07:16       -4.756732        0.1794
GPMin:   22 16:07:22       -4.801278        0.1094
GPMin:   23 16:07:28       -4.807506        0.1051
GPMin:   24 16:07:33       -4.821321        0.1064
GPMin:   25 16:07:39       -4.838970        0.0946
GPMin:   26 16:07:45       -4.855989        0.0719
GPMin:   27 16:07:51       -4.867504        0.0547
GPMin:   28 16:07:56       -4.875231        0.0415
GPMin:   29 16:08:01       -4.880842        0.0338
GPMin:   30 16:08:06       -4.884737        0.0300
GPMin:   31 16:08:11       -4.887244        0.0377
GPMin:   32 16:08:16       -4.888671        0.0245
GPMin:   33 16:08:20       -4.888922        0.0214
GPMin:   34 16:08:25       -4.889614        0.0176
       Step     Time          Energy         fmax
GPMin:    0 16:08:34       -3.392172        1.2316
GPMin:    1 16:08:42       -3.961666        0.4704
GPMin:    2 16:08:48       -4.151482        0.3409
GPMin:    3 16:08:54       -4.250467        0.2231
GPMin:    4 16:09:01       -4.299874        0.1916
GPMin:    5 16:09:07       -4.326779        0.1693
GPMin:    6 16:09:14       -4.395764        0.1921
GPMin:    7 16:09:19       -4.406080        0.1808
GPMin:    8 16:09:26       -4.427476        0.1489
GPMin:    9 16:09:32       -4.455191        0.1398
GPMin:   10 16:09:38       -4.480547        0.1127
GPMin:   11 16:09:44       -4.504271        0.1165
GPMin:   12 16:09:50       -4.533513        0.1361
GPMin:   13 16:09:57       -4.572110        0.1147
GPMin:   14 16:10:03       -4.611862        0.1164
GPMin:   15 16:10:09       -4.649765        0.1265
GPMin:   16 16:10:15       -4.693262        0.1212
GPMin:   17 16:10:21       -4.733612        0.1141
GPMin:   18 16:10:28       -4.766307        0.0904
GPMin:   19 16:10:34       -4.785730        0.0556
GPMin:   20 16:10:39       -4.793546        0.0405
GPMin:   21 16:10:45       -4.796972        0.0455
GPMin:   22 16:10:50       -4.801849        0.0517
GPMin:   23 16:10:55       -4.805476        0.0551
GPMin:   24 16:11:00       -4.811062        0.0381
GPMin:   25 16:11:05       -4.814314        0.0433
GPMin:   26 16:11:10       -4.820605        0.0541
GPMin:   27 16:11:15       -4.826759        0.0486
GPMin:   28 16:11:21       -4.834376        0.0531
GPMin:   29 16:11:27       -4.846205        0.0653
GPMin:   30 16:11:32       -4.858743        0.0564
GPMin:   31 16:11:38       -4.869126        0.0505
GPMin:   32 16:11:44       -4.877006        0.0455
GPMin:   33 16:11:49       -4.881219        0.0388
GPMin:   34 16:11:55       -4.883015        0.0416
GPMin:   35 16:12:00       -4.886345        0.0373
GPMin:   36 16:12:05       -4.888276        0.0221
GPMin:   37 16:12:10       -4.889067        0.0179
       Step     Time          Energy         fmax
GPMin:    0 16:12:20       -3.168031        1.3517
GPMin:    1 16:12:26       -4.009856        0.6024
GPMin:    2 16:12:33       -4.287250        0.2571
GPMin:    3 16:12:38       -4.353087        0.0971
GPMin:    4 16:12:43       -4.362385        0.1251
GPMin:    5 16:12:49       -4.375706        0.1087
GPMin:    6 16:13:10       -4.398550        0.1099
GPMin:    7 16:13:24       -4.408089        0.0882
GPMin:    8 16:13:38       -4.408893        0.2165
GPMin:    9 16:13:44       -4.426030        0.1662
GPMin:   10 16:13:50       -4.435313        0.0988
GPMin:   11 16:14:11       -4.464462        0.1431
GPMin:   12 16:14:17       -4.504904        0.1805
GPMin:   13 16:14:22       -4.522719        0.1951
GPMin:   14 16:14:30       -4.585008        0.3278
GPMin:   15 16:14:36       -4.606326        0.1980
GPMin:   16 16:14:41       -4.615975        0.1925
GPMin:   17 16:14:47       -4.649555        0.1677
GPMin:   18 16:14:53       -4.678318        0.1520
GPMin:   19 16:14:59       -4.703617        0.1401
GPMin:   20 16:15:05       -4.729329        0.1302
GPMin:   21 16:15:11       -4.757330        0.1268
GPMin:   22 16:15:17       -4.785024        0.1214
GPMin:   23 16:15:22       -4.813048        0.1088
GPMin:   24 16:15:28       -4.834299        0.0908
GPMin:   25 16:15:34       -4.851104        0.0725
GPMin:   26 16:15:39       -4.864173        0.0606
GPMin:   27 16:15:45       -4.872384        0.0477
GPMin:   28 16:15:50       -4.879631        0.0332
GPMin:   29 16:15:54       -4.884180        0.0313
GPMin:   30 16:15:59       -4.887461        0.0206
GPMin:   31 16:16:04       -4.889004        0.0185
       Step     Time          Energy         fmax
GPMin:    0 16:16:14       -3.162823        1.3548
GPMin:    1 16:16:20       -4.007098        0.6057
GPMin:    2 16:16:27       -4.286105        0.2592
GPMin:    3 16:16:32       -4.352693        0.0984
GPMin:    4 16:16:38       -4.361940        0.1260
GPMin:    5 16:16:43       -4.375425        0.1064
GPMin:    6 16:16:49       -4.390266        0.1377
GPMin:    7 16:16:54       -4.403691        0.1202
GPMin:    8 16:17:06       -4.451810        0.1051
GPMin:    9 16:17:12       -4.454908        0.0498
GPMin:   10 16:17:23       -4.455631        0.0456
GPMin:   11 16:17:30       -4.467319        0.1061
GPMin:   12 16:17:36       -4.500182        0.1719
GPMin:   13 16:17:43       -4.553658        0.1935
GPMin:   14 16:17:49       -4.573995        0.1980
GPMin:   15 16:17:56       -4.706048        0.1843
GPMin:   16 16:18:03       -4.773909        0.1728
GPMin:   17 16:18:10       -4.802289        0.2198
GPMin:   18 16:18:16       -4.832671        0.1680
GPMin:   19 16:18:21       -4.860390        0.0793
GPMin:   20 16:18:26       -4.869404        0.0584
GPMin:   21 16:18:31       -4.871977        0.0492
GPMin:   22 16:18:37       -4.878700        0.0430
GPMin:   23 16:18:42       -4.883009        0.0362
GPMin:   24 16:18:46       -4.884891        0.0306
GPMin:   25 16:18:52       -4.888001        0.0228
GPMin:   26 16:18:56       -4.889077        0.0148
       Step     Time          Energy         fmax
GPMin:    0 16:19:06       -3.174461        1.3441
GPMin:    1 16:19:12       -4.014521        0.6011
GPMin:    2 16:19:19       -4.292016        0.2545
GPMin:    3 16:19:26       -4.357641        0.0996
GPMin:    4 16:19:31       -4.367013        0.1265
GPMin:    5 16:19:36       -4.380354        0.1065
GPMin:    6 16:19:42       -4.395258        0.1414
GPMin:    7 16:19:47       -4.407867        0.1223
GPMin:    8 16:20:00       -4.453391        0.1109
GPMin:    9 16:20:06       -4.453843        0.0549
GPMin:   10 16:20:29       -4.455757        0.0478
GPMin:   11 16:20:43       -4.490212        0.1482
GPMin:   12 16:20:49       -4.515103        0.1960
GPMin:   13 16:20:55       -4.542536        0.2111
GPMin:   14 16:21:01       -4.567899        0.2212
GPMin:   15 16:21:08       -4.606257        0.2263
GPMin:   16 16:21:14       -4.644294        0.2174
GPMin:   17 16:21:20       -4.691341        0.1880
GPMin:   18 16:21:26       -4.718853        0.1625
GPMin:   19 16:21:33       -4.788896        0.1381
GPMin:   20 16:21:38       -4.795492        0.1233
GPMin:   21 16:21:45       -4.830324        0.0948
GPMin:   22 16:21:51       -4.850159        0.0731
GPMin:   23 16:21:56       -4.860760        0.0635
GPMin:   24 16:22:02       -4.869057        0.0619
GPMin:   25 16:22:07       -4.878814        0.0477
GPMin:   26 16:22:13       -4.883798        0.0307
GPMin:   27 16:22:18       -4.886225        0.0355
GPMin:   28 16:22:23       -4.888592        0.0247
GPMin:   29 16:22:28       -4.889461        0.0126
       Step     Time          Energy         fmax
GPMin:    0 16:22:38       -3.170632        1.3480
GPMin:    1 16:22:45       -4.011349        0.6027
GPMin:    2 16:22:51       -4.289152        0.2573
GPMin:    3 16:22:58       -4.355154        0.0969
GPMin:    4 16:23:03       -4.364651        0.1253
GPMin:    5 16:23:08       -4.377691        0.1081
GPMin:    6 16:23:14       -4.393297        0.1255
GPMin:    7 16:23:20       -4.418556        0.0899
GPMin:    8 16:23:26       -4.424970        0.0770
GPMin:    9 16:23:39       -4.436491        0.1147
GPMin:   10 16:24:10       -4.439921        0.0709
GPMin:   11 16:24:15       -4.439986        0.0630
GPMin:   12 16:24:38       -4.440091        0.0657
GPMin:   13 16:24:52       -4.452282        0.1321
GPMin:   14 16:24:58       -4.456534        0.0756
GPMin:   15 16:25:44       -4.464872        0.2392
GPMin:   16 16:25:51       -4.498745        0.3080
GPMin:   17 16:25:57       -4.528683        0.2687
GPMin:   18 16:26:03       -4.583592        0.2228
GPMin:   19 16:26:09       -4.623753        0.1954
GPMin:   20 16:26:15       -4.680358        0.1607
GPMin:   21 16:26:21       -4.698477        0.1592
GPMin:   22 16:26:29       -4.736861        0.2056
GPMin:   23 16:26:36       -4.756171        0.2099
GPMin:   24 16:26:42       -4.780304        0.1633
GPMin:   25 16:26:48       -4.805779        0.1150
GPMin:   26 16:26:54       -4.825841        0.1044
GPMin:   27 16:27:00       -4.842682        0.0936
GPMin:   28 16:27:06       -4.858144        0.0812
GPMin:   29 16:27:11       -4.868840        0.0747
GPMin:   30 16:27:17       -4.875344        0.0551
GPMin:   31 16:27:22       -4.879765        0.0552
GPMin:   32 16:27:27       -4.882909        0.0514
GPMin:   33 16:27:33       -4.885696        0.0379
GPMin:   34 16:27:38       -4.887268        0.0365
GPMin:   35 16:27:44       -4.888511        0.0278
GPMin:   36 16:27:48       -4.889311        0.0204
GPMin:   37 16:27:53       -4.889863        0.0131
       Step     Time          Energy         fmax
GPMin:    0 16:28:03       -3.192106        1.3221
GPMin:    1 16:28:10       -3.981789        0.6227
GPMin:    2 16:28:17       -4.269103        0.3174
GPMin:    3 16:28:23       -4.372444        0.1947
GPMin:    4 16:28:29       -4.402855        0.1956
GPMin:    5 16:28:37       -4.474828        0.1955
GPMin:    6 16:28:43       -4.486596        0.1532
GPMin:    7 16:28:48       -4.490960        0.1412
GPMin:    8 16:29:02       -4.520619        0.1251
GPMin:    9 16:29:08       -4.542012        0.0726
GPMin:   10 16:29:14       -4.547970        0.0754
GPMin:   11 16:29:20       -4.560498        0.0919
GPMin:   12 16:29:26       -4.572521        0.1019
GPMin:   13 16:29:33       -4.599930        0.0985
GPMin:   14 16:29:39       -4.622164        0.0935
GPMin:   15 16:29:44       -4.639910        0.0911
GPMin:   16 16:29:50       -4.658303        0.0857
GPMin:   17 16:29:55       -4.674274        0.0793
GPMin:   18 16:30:01       -4.687439        0.0744
GPMin:   19 16:30:07       -4.703323        0.0699
GPMin:   20 16:30:13       -4.716848        0.0666
GPMin:   21 16:30:19       -4.731266        0.0637
GPMin:   22 16:30:25       -4.745940        0.0608
GPMin:   23 16:30:30       -4.759640        0.0588
GPMin:   24 16:30:36       -4.774599        0.0575
GPMin:   25 16:30:41       -4.790121        0.0624
GPMin:   26 16:30:47       -4.809845        0.0687
GPMin:   27 16:30:52       -4.830055        0.0761
GPMin:   28 16:30:58       -4.855571        0.0830
GPMin:   29 16:31:03       -4.874270        0.0813
GPMin:   30 16:31:09       -4.892244        0.0761
GPMin:   31 16:31:14       -4.903987        0.0653
GPMin:   32 16:31:20       -4.912608        0.0537
GPMin:   33 16:31:24       -4.919347        0.0437
GPMin:   34 16:31:28       -4.923070        0.0381
GPMin:   35 16:31:33       -4.928278        0.0363
GPMin:   36 16:31:37       -4.929952        0.0349
GPMin:   37 16:31:42       -4.932016        0.0280
GPMin:   38 16:31:46       -4.933095        0.0179
       Step     Time          Energy         fmax
GPMin:    0 16:31:56       -3.232289        1.3226
GPMin:    1 16:32:04       -3.935111        0.6044
GPMin:    2 16:32:11       -4.188787        0.2938
GPMin:    3 16:32:18       -4.279105        0.1713
GPMin:    4 16:32:24       -4.307503        0.1588
GPMin:    5 16:32:31       -4.338207        0.1698
GPMin:    6 16:32:38       -4.343019        0.1989
GPMin:    7 16:32:44       -4.358514        0.1881
GPMin:    8 16:32:50       -4.371105        0.1865
GPMin:    9 16:32:58       -4.445818        0.3055
GPMin:   10 16:33:05       -4.465991        0.1738
GPMin:   11 16:33:21       -4.525935        0.1624
GPMin:   12 16:33:28       -4.557502        0.1328
GPMin:   13 16:33:34       -4.589737        0.1103
GPMin:   14 16:33:40       -4.621057        0.1041
GPMin:   15 16:33:46       -4.647625        0.1226
GPMin:   16 16:33:52       -4.678101        0.1206
GPMin:   17 16:33:57       -4.718303        0.1091
GPMin:   18 16:34:03       -4.755442        0.1120
GPMin:   19 16:34:09       -4.790826        0.1142
GPMin:   20 16:34:15       -4.821109        0.1088
GPMin:   21 16:34:20       -4.848557        0.0957
GPMin:   22 16:34:26       -4.872129        0.0754
GPMin:   23 16:34:31       -4.889178        0.0636
GPMin:   24 16:34:36       -4.901140        0.0619
GPMin:   25 16:34:42       -4.908934        0.0535
GPMin:   26 16:34:47       -4.915291        0.0414
GPMin:   27 16:34:52       -4.921783        0.0406
GPMin:   28 16:34:57       -4.926384        0.0393
GPMin:   29 16:35:02       -4.929270        0.0300
GPMin:   30 16:35:07       -4.931516        0.0361
GPMin:   31 16:35:12       -4.932852        0.0183
       Step     Time          Energy         fmax
GPMin:    0 16:35:22       -3.207931        0.8454
GPMin:    1 16:35:30       -3.691983        0.3789
GPMin:    2 16:35:38       -3.856132        0.1961
GPMin:    3 16:35:45       -3.909400        0.1220
GPMin:    4 16:35:51       -3.928988        0.1315
GPMin:    5 16:35:58       -3.951836        0.1459
GPMin:    6 16:36:04       -3.964934        0.1535
GPMin:    7 16:36:13       -4.107750        0.2042
GPMin:    8 16:36:22       -4.208818        0.2461
GPMin:    9 16:36:30       -4.299458        0.2418
GPMin:   10 16:36:37       -4.350757        0.2035
GPMin:   11 16:36:44       -4.378824        0.1787
GPMin:   12 16:36:52       -4.438442        0.2353
GPMin:   13 16:36:59       -4.457189        0.1460
GPMin:   14 16:37:06       -4.486140        0.1595
GPMin:   15 16:37:12       -4.504424        0.1452
GPMin:   16 16:37:19       -4.530562        0.1433
GPMin:   17 16:37:25       -4.555695        0.1374
GPMin:   18 16:37:31       -4.587663        0.1440
GPMin:   19 16:37:37       -4.617913        0.1547
GPMin:   20 16:37:43       -4.653084        0.1608
GPMin:   21 16:37:50       -4.693114        0.1528
GPMin:   22 16:37:56       -4.725148        0.1297
GPMin:   23 16:38:02       -4.754597        0.0955
GPMin:   24 16:38:07       -4.770774        0.0595
GPMin:   25 16:38:13       -4.779450        0.0467
GPMin:   26 16:38:17       -4.783608        0.0398
GPMin:   27 16:38:23       -4.788119        0.0390
GPMin:   28 16:38:28       -4.790003        0.0298
GPMin:   29 16:38:33       -4.792079        0.0304
GPMin:   30 16:38:38       -4.793069        0.0268
GPMin:   31 16:38:43       -4.794971        0.0473
GPMin:   32 16:38:48       -4.797321        0.0468
GPMin:   33 16:38:54       -4.802815        0.0740
GPMin:   34 16:39:00       -4.808553        0.0922
GPMin:   35 16:39:06       -4.822045        0.0687
GPMin:   36 16:39:12       -4.837738        0.0719
GPMin:   37 16:39:17       -4.854590        0.0871
GPMin:   38 16:39:23       -4.877185        0.0890
GPMin:   39 16:39:29       -4.897237        0.0879
GPMin:   40 16:39:35       -4.914822        0.0723
GPMin:   41 16:39:41       -4.926002        0.0410
GPMin:   42 16:39:46       -4.930863        0.0260
GPMin:   43 16:39:52       -4.931918        0.0204
GPMin:   44 16:39:56       -4.932439        0.0178
       Step     Time          Energy         fmax
GPMin:    0 16:40:05       -3.166692        1.3558
GPMin:    1 16:40:12       -4.009877        0.6044
GPMin:    2 16:40:19       -4.288273        0.2579
GPMin:    3 16:40:25       -4.354223        0.0962
GPMin:    4 16:40:30       -4.363563        0.1251
GPMin:    5 16:40:35       -4.376817        0.1070
GPMin:    6 16:40:41       -4.392178        0.1311
GPMin:    7 16:40:47       -4.409799        0.1078
GPMin:    8 16:41:00       -4.444533        0.0947
GPMin:    9 16:41:05       -4.446397        0.0562
GPMin:   10 16:41:10       -4.446763        0.0530
GPMin:   11 16:41:25       -4.449836        0.1299
GPMin:   12 16:41:32       -4.526426        0.2101
GPMin:   13 16:41:38       -4.594807        0.2282
GPMin:   14 16:41:44       -4.639630        0.2201
GPMin:   15 16:41:50       -4.674613        0.2099
GPMin:   16 16:41:56       -4.710250        0.1971
GPMin:   17 16:42:02       -4.760321        0.1660
GPMin:   18 16:42:08       -4.791519        0.1289
GPMin:   19 16:42:15       -4.822961        0.0931
GPMin:   20 16:42:21       -4.841354        0.0963
GPMin:   21 16:42:27       -4.857081        0.0733
GPMin:   22 16:42:32       -4.867790        0.0531
GPMin:   23 16:42:37       -4.875612        0.0477
GPMin:   24 16:42:43       -4.878773        0.0438
GPMin:   25 16:42:48       -4.886652        0.0320
GPMin:   26 16:42:53       -4.887267        0.0398
GPMin:   27 16:42:57       -4.888486        0.0318
GPMin:   28 16:43:02       -4.889293        0.0160
       Step     Time          Energy         fmax
GPMin:    0 16:43:11       -3.188665        1.3164
GPMin:    1 16:43:19       -3.980344        0.6170
GPMin:    2 16:43:26       -4.265313        0.3137
GPMin:    3 16:43:33       -4.367362        0.2052
GPMin:    4 16:43:39       -4.397702        0.2035
GPMin:    5 16:43:46       -4.486896        0.1854
GPMin:    6 16:43:52       -4.491975        0.1819
GPMin:    7 16:43:58       -4.498290        0.1725
GPMin:    8 16:44:05       -4.558457        0.2017
GPMin:    9 16:44:19       -4.586065        0.1651
GPMin:   10 16:44:26       -4.586685        0.2582
GPMin:   11 16:44:32       -4.604023        0.2022
GPMin:   12 16:44:39       -4.645268        0.1137
GPMin:   13 16:44:44       -4.667727        0.1106
GPMin:   14 16:44:50       -4.682192        0.1305
GPMin:   15 16:44:56       -4.704637        0.1206
GPMin:   16 16:45:02       -4.729108        0.0926
GPMin:   17 16:45:08       -4.749613        0.0845
GPMin:   18 16:45:14       -4.772110        0.0952
GPMin:   19 16:45:20       -4.798301        0.1008
GPMin:   20 16:45:25       -4.823167        0.0836
GPMin:   21 16:45:31       -4.841319        0.0779
GPMin:   22 16:45:36       -4.854739        0.0774
GPMin:   23 16:45:41       -4.865185        0.0652
GPMin:   24 16:45:47       -4.873745        0.0488
GPMin:   25 16:45:53       -4.880011        0.0426
GPMin:   26 16:45:58       -4.884199        0.0373
GPMin:   27 16:46:03       -4.885967        0.0253
GPMin:   28 16:46:08       -4.886758        0.0260
GPMin:   29 16:46:13       -4.887980        0.0268
GPMin:   30 16:46:18       -4.888698        0.0224
GPMin:   31 16:46:22       -4.889318        0.0216
GPMin:   32 16:46:27       -4.889730        0.0168
       Step     Time          Energy         fmax
GPMin:    0 16:46:37       -3.169773        1.3492
GPMin:    1 16:46:44       -4.009389        0.5991
GPMin:    2 16:46:51       -4.285791        0.2555
GPMin:    3 16:46:57       -4.351050        0.0971
GPMin:    4 16:47:02       -4.360107        0.1254
GPMin:    5 16:47:07       -4.374291        0.1023
GPMin:    6 16:47:13       -4.389220        0.1251
GPMin:    7 16:47:19       -4.406917        0.1071
GPMin:    8 16:47:32       -4.442982        0.1003
GPMin:    9 16:47:37       -4.445176        0.0665
GPMin:   10 16:47:43       -4.445737        0.0626
GPMin:   11 16:48:06       -4.496682        0.2290
GPMin:   12 16:48:13       -4.500959        0.1869
GPMin:   13 16:48:19       -4.534288        0.2096
GPMin:   14 16:48:26       -4.572971        0.2150
GPMin:   15 16:48:32       -4.595579        0.2109
GPMin:   16 16:48:40       -4.726358        0.1470
GPMin:   17 16:48:47       -4.745555        0.2717
GPMin:   18 16:48:53       -4.758181        0.3139
GPMin:   19 16:48:59       -4.796366        0.1984
GPMin:   20 16:49:05       -4.818935        0.1191
GPMin:   21 16:49:11       -4.830864        0.1122
GPMin:   22 16:49:16       -4.850043        0.1010
GPMin:   23 16:49:22       -4.869313        0.0547
GPMin:   24 16:49:27       -4.876862        0.0414
GPMin:   25 16:49:33       -4.879066        0.0394
GPMin:   26 16:49:38       -4.883162        0.0303
GPMin:   27 16:49:43       -4.885525        0.0258
GPMin:   28 16:49:48       -4.887311        0.0273
GPMin:   29 16:49:53       -4.888869        0.0167
       Step     Time          Energy         fmax
GPMin:    0 16:50:04       -3.168753        1.3482
GPMin:    1 16:50:10       -4.010359        0.6023
GPMin:    2 16:50:17       -4.288110        0.2583
GPMin:    3 16:50:23       -4.354337        0.0967
GPMin:    4 16:50:28       -4.363350        0.1229
GPMin:    5 16:50:34       -4.377336        0.1062
GPMin:    6 16:50:56       -4.396582        0.1086
GPMin:    7 16:51:02       -4.414116        0.0719
GPMin:    8 16:51:16       -4.421614        0.0589
GPMin:    9 16:51:23       -4.453683        0.0809
GPMin:   10 16:51:28       -4.456113        0.0599
GPMin:   11 16:51:34       -4.456562        0.0441
GPMin:   12 16:51:55       -4.456847        0.0812
GPMin:   13 16:52:03       -4.492144        0.2163
GPMin:   14 16:52:25       -4.527250        0.2659
GPMin:   15 16:52:32       -4.682027        0.1785
GPMin:   16 16:52:39       -4.737402        0.2158
GPMin:   17 16:52:46       -4.748926        0.2337
GPMin:   18 16:52:53       -4.768125        0.1854
GPMin:   19 16:52:59       -4.796366        0.1255
GPMin:   20 16:53:04       -4.813159        0.1120
GPMin:   21 16:53:09       -4.828498        0.1270
GPMin:   22 16:53:15       -4.847806        0.1098
GPMin:   23 16:53:20       -4.862407        0.0613
GPMin:   24 16:53:26       -4.868884        0.0546
GPMin:   25 16:53:31       -4.874979        0.0532
GPMin:   26 16:53:36       -4.880929        0.0323
GPMin:   27 16:53:42       -4.884189        0.0342
GPMin:   28 16:53:47       -4.886379        0.0372
GPMin:   29 16:53:52       -4.888302        0.0263
GPMin:   30 16:53:58       -4.888951        0.0190
       Step     Time          Energy         fmax
GPMin:    0 16:54:07       -2.904466        1.2794
GPMin:    1 16:54:12       -3.782914        0.5784
GPMin:    2 16:54:17       -4.082201        0.2209
GPMin:    3 16:54:21       -4.153010        0.0326
GPMin:    4 16:54:25       -4.154889        0.0022
