      Step     Time          Energy         fmax
BFGS:    0 14:53:36       15.568326       33.2739
BFGS:    1 14:53:36        2.813693       10.6403
BFGS:    2 14:53:36       -1.108348        9.5353
BFGS:    3 14:53:36       -3.006793        2.8757
BFGS:    4 14:53:36       -3.394165        1.9998
BFGS:    5 14:53:36       -3.684384        0.9616
BFGS:    6 14:53:36       -3.747611        0.5815
BFGS:    7 14:53:36       -3.772658        0.4335
BFGS:    8 14:53:36       -3.797002        0.4997
BFGS:    9 14:53:36       -3.851358        0.6736
BFGS:   10 14:53:36       -3.990047        0.9626
BFGS:   11 14:53:36       -4.140969        1.1243
BFGS:   12 14:53:36       -4.215784        1.1343
BFGS:   13 14:53:36       -4.270542        1.1064
BFGS:   14 14:53:36       -4.401695        1.1182
BFGS:   15 14:53:36       -4.501233        1.5164
BFGS:   16 14:53:36       -4.614922        1.0924
BFGS:   17 14:53:36       -4.750404        1.5928
BFGS:   18 14:53:36       -4.921990        0.6286
BFGS:   19 14:53:36       -4.986832        0.6938
BFGS:   20 14:53:36       -5.017631        0.6157
BFGS:   21 14:53:36       -5.060756        0.5318
BFGS:   22 14:53:36       -5.085175        0.6719
BFGS:   23 14:53:36       -5.144084        0.8051
BFGS:   24 14:53:36       -5.188467        0.6153
BFGS:   25 14:53:36       -5.214170        0.5467
BFGS:   26 14:53:36       -5.244653        0.5913
BFGS:   27 14:53:36       -5.305659        0.6585
BFGS:   28 14:53:36       -5.372191        0.8535
BFGS:   29 14:53:36       -5.416558        0.8032
BFGS:   30 14:53:36       -5.459826        0.8010
BFGS:   31 14:53:36       -5.529631        0.7172
BFGS:   32 14:53:36       -5.641199        1.5796
BFGS:   33 14:53:36       -5.755891        0.8440
BFGS:   34 14:53:36       -5.846246        0.8779
BFGS:   35 14:53:36       -5.985939        1.7277
BFGS:   36 14:53:36       -6.127952        1.2360
BFGS:   37 14:53:36       -6.291244        1.1950
BFGS:   38 14:53:36       -6.396162        0.5429
BFGS:   39 14:53:36       -6.430840        0.5936
BFGS:   40 14:53:36       -6.465710        0.4499
BFGS:   41 14:53:36       -6.485739        0.4261
BFGS:   42 14:53:36       -6.582232        0.6604
BFGS:   43 14:53:36       -6.624563        0.5989
BFGS:   44 14:53:36       -6.672477        0.3384
BFGS:   45 14:53:36       -6.679597        0.3247
BFGS:   46 14:53:36       -6.688644        0.3302
BFGS:   47 14:53:36       -6.724305        0.4208
BFGS:   48 14:53:36       -6.757424        0.4065
BFGS:   49 14:53:36       -6.775819        0.3394
BFGS:   50 14:53:36       -6.790623        0.2952
BFGS:   51 14:53:36       -6.795762        0.3138
BFGS:   52 14:53:36       -6.810643        0.3767
BFGS:   53 14:53:36       -6.826571        0.4515
BFGS:   54 14:53:36       -6.861763        0.5225
BFGS:   55 14:53:36       -6.865186        0.7497
BFGS:   56 14:53:36       -6.907321        0.6171
BFGS:   57 14:53:36       -6.942937        0.6003
BFGS:   58 14:53:36       -6.997521        0.6262
BFGS:   59 14:53:36       -7.028115        0.4007
BFGS:   60 14:53:36       -7.041592        0.2280
BFGS:   61 14:53:36       -7.049833        0.1868
BFGS:   62 14:53:36       -7.053725        0.1768
BFGS:   63 14:53:36       -7.061268        0.1916
BFGS:   64 14:53:36       -7.066191        0.2324
BFGS:   65 14:53:36       -7.073135        0.2762
BFGS:   66 14:53:36       -7.081182        0.2828
BFGS:   67 14:53:36       -7.091878        0.2782
BFGS:   68 14:53:36       -7.104091        0.3010
BFGS:   69 14:53:36       -7.118092        0.3727
BFGS:   70 14:53:36       -7.126909        0.3944
BFGS:   71 14:53:36       -7.133467        0.3527
BFGS:   72 14:53:36       -7.143747        0.1994
BFGS:   73 14:53:36       -7.151908        0.1493
BFGS:   74 14:53:36       -7.154605        0.1000
BFGS:   75 14:53:36       -7.156079        0.1057
BFGS:   76 14:53:36       -7.156904        0.1047
BFGS:   77 14:53:36       -7.158041        0.0719
BFGS:   78 14:53:36       -7.158663        0.0390
      Step     Time          Energy         fmax
BFGS:    0 14:53:36       14.916092       38.4668
BFGS:    1 14:53:36        1.599445       16.3337
BFGS:    2 14:53:36       -1.379063       12.9023
BFGS:    3 14:53:36       -4.163038        3.0041
BFGS:    4 14:53:36       -4.547962        1.7650
BFGS:    5 14:53:36       -4.867230        0.8960
BFGS:    6 14:53:36       -4.955478        0.7290
BFGS:    7 14:53:36       -5.000486        0.7064
BFGS:    8 14:53:36       -5.039948        0.6750
BFGS:    9 14:53:36       -5.088995        0.5710
BFGS:   10 14:53:36       -5.134073        0.5532
BFGS:   11 14:53:36       -5.194750        0.7589
BFGS:   12 14:53:36       -5.222822        0.7100
BFGS:   13 14:53:36       -5.253999        0.7554
BFGS:   14 14:53:36       -5.407121        1.1045
BFGS:   15 14:53:36       -5.499805        1.0593
BFGS:   16 14:53:36       -5.578769        1.0111
BFGS:   17 14:53:36       -5.615617        0.7068
BFGS:   18 14:53:36       -5.690779        0.6566
BFGS:   19 14:53:36       -5.623878        2.6292
BFGS:   20 14:53:36       -5.789417        0.5546
BFGS:   21 14:53:36       -5.815001        0.5098
BFGS:   22 14:53:36       -5.859651        0.9384
BFGS:   23 14:53:36       -5.882778        0.7533
BFGS:   24 14:53:36       -5.942220        0.5221
BFGS:   25 14:53:36       -5.956330        0.3667
BFGS:   26 14:53:36       -5.968432        0.3184
BFGS:   27 14:53:36       -5.986451        0.3083
BFGS:   28 14:53:36       -6.000394        0.4310
BFGS:   29 14:53:36       -6.019200        0.6030
BFGS:   30 14:53:36       -6.041981        0.7099
BFGS:   31 14:53:36       -6.078231        0.7118
BFGS:   32 14:53:36       -6.099707        0.4930
BFGS:   33 14:53:36       -6.126497        0.3858
BFGS:   34 14:53:36       -6.153727        0.3170
BFGS:   35 14:53:36       -6.165177        0.3835
BFGS:   36 14:53:36       -6.171020        0.2974
BFGS:   37 14:53:36       -6.174870        0.1911
BFGS:   38 14:53:36       -6.177352        0.1423
BFGS:   39 14:53:36       -6.182713        0.1282
BFGS:   40 14:53:36       -6.184528        0.0879
BFGS:   41 14:53:36       -6.185170        0.0935
BFGS:   42 14:53:36       -6.185535        0.0878
BFGS:   43 14:53:36       -6.186311        0.0696
BFGS:   44 14:53:36       -6.187288        0.0679
BFGS:   45 14:53:36       -6.188148        0.0795
BFGS:   46 14:53:36       -6.188609        0.0733
BFGS:   47 14:53:36       -6.188905        0.0622
BFGS:   48 14:53:36       -6.189378        0.0721
BFGS:   49 14:53:36       -6.190304        0.0852
BFGS:   50 14:53:36       -6.191651        0.0878
BFGS:   51 14:53:36       -6.192840        0.0817
BFGS:   52 14:53:36       -6.193577        0.0937
BFGS:   53 14:53:36       -6.194288        0.0963
BFGS:   54 14:53:36       -6.195502        0.0956
BFGS:   55 14:53:36       -6.197812        0.1253
BFGS:   56 14:53:36       -6.202672        0.1858
BFGS:   57 14:53:36       -6.212735        0.2625
BFGS:   58 14:53:36       -6.221370        0.4006
BFGS:   59 14:53:36       -6.264831        0.3329
BFGS:   60 14:53:36       -6.320295        0.4608
BFGS:   61 14:53:36       -6.431397        0.4251
BFGS:   62 14:53:36       -6.532945        0.7492
BFGS:   63 14:53:36       -6.578366        1.3673
BFGS:   64 14:53:36       -6.605784        1.0495
BFGS:   65 14:53:36       -6.641558        0.8413
BFGS:   66 14:53:36       -6.687780        0.5844
BFGS:   67 14:53:36       -6.738358        0.6461
BFGS:   68 14:53:36       -6.771018        0.4532
BFGS:   69 14:53:36       -6.779725        0.3854
BFGS:   70 14:53:36       -6.790102        0.3502
BFGS:   71 14:53:36       -6.796827        0.2724
BFGS:   72 14:53:36       -6.815621        0.2332
BFGS:   73 14:53:36       -6.824002        0.2522
BFGS:   74 14:53:36       -6.832782        0.3213
BFGS:   75 14:53:36       -6.852664        0.4308
BFGS:   76 14:53:36       -6.878458        0.6581
BFGS:   77 14:53:36       -6.898912        0.5037
BFGS:   78 14:53:36       -6.980332        0.4408
BFGS:   79 14:53:36       -7.030966        0.4881
BFGS:   80 14:53:36       -7.068839        0.4702
BFGS:   81 14:53:36       -7.062658        0.6820
BFGS:   82 14:53:36       -7.096446        0.4028
BFGS:   83 14:53:36       -7.102094        0.3574
BFGS:   84 14:53:36       -7.108974        0.2893
BFGS:   85 14:53:36       -7.118982        0.2092
BFGS:   86 14:53:36       -7.122005        0.1610
BFGS:   87 14:53:36       -7.123246        0.1172
BFGS:   88 14:53:36       -7.124321        0.1073
BFGS:   89 14:53:36       -7.125361        0.0975
BFGS:   90 14:53:36       -7.126616        0.0878
BFGS:   91 14:53:36       -7.127729        0.0761
BFGS:   92 14:53:36       -7.128506        0.0638
BFGS:   93 14:53:36       -7.128973        0.0610
BFGS:   94 14:53:36       -7.129327        0.0624
BFGS:   95 14:53:36       -7.129788        0.0665
BFGS:   96 14:53:36       -7.130332        0.0638
BFGS:   97 14:53:36       -7.130851        0.0462
      Step     Time          Energy         fmax
BFGS:    0 14:53:36       18.570455       39.8502
BFGS:    1 14:53:36        0.557820       12.3288
BFGS:    2 14:53:36       -2.816300        8.4659
BFGS:    3 14:53:36       -4.770328        3.9040
BFGS:    4 14:53:36       -5.385436        1.5718
BFGS:    5 14:53:36       -5.601320        0.7587
BFGS:    6 14:53:36       -5.664768        0.5995
BFGS:    7 14:53:36       -5.698916        0.6903
BFGS:    8 14:53:36       -5.752001        0.8393
BFGS:    9 14:53:36       -5.845949        1.0168
BFGS:   10 14:53:36       -5.923278        0.9304
BFGS:   11 14:53:36       -5.997866        0.8346
BFGS:   12 14:53:36       -6.079917        1.0129
BFGS:   13 14:53:36       -6.114776        0.6880
BFGS:   14 14:53:36       -6.142287        0.4894
BFGS:   15 14:53:36       -6.200137        0.5353
BFGS:   16 14:53:36       -6.219660        0.4033
BFGS:   17 14:53:36       -6.229159        0.3527
BFGS:   18 14:53:36       -6.263824        0.4757
BFGS:   19 14:53:36       -6.271686        0.3514
BFGS:   20 14:53:36       -6.284404        0.3102
BFGS:   21 14:53:36       -6.296472        0.3067
BFGS:   22 14:53:36       -6.308638        0.3117
BFGS:   23 14:53:36       -6.320121        0.2952
BFGS:   24 14:53:36       -6.328371        0.2603
BFGS:   25 14:53:36       -6.336386        0.2536
BFGS:   26 14:53:36       -6.354932        0.3855
BFGS:   27 14:53:36       -6.378557        0.4222
BFGS:   28 14:53:36       -6.421454        0.5823
BFGS:   29 14:53:36       -6.480299        0.7202
BFGS:   30 14:53:36       -6.581290        0.8381
BFGS:   31 14:53:36       -6.661595        0.8185
BFGS:   32 14:53:36       -6.696327        0.9093
BFGS:   33 14:53:36       -6.787938        1.1650
BFGS:   34 14:53:36       -6.827556        1.0964
BFGS:   35 14:53:36       -6.951679        0.5634
BFGS:   36 14:53:36       -6.987781        0.5926
BFGS:   37 14:53:36       -7.003938        0.7025
BFGS:   38 14:53:36       -7.024386        0.6491
BFGS:   39 14:53:36       -7.105961        0.5085
BFGS:   40 14:53:36       -7.153214        0.5225
BFGS:   41 14:53:36       -7.190619        0.6252
BFGS:   42 14:53:36       -7.209910        0.5603
BFGS:   43 14:53:36       -7.227962        0.4937
BFGS:   44 14:53:36       -7.252444        0.5931
BFGS:   45 14:53:36       -7.296908        0.6639
BFGS:   46 14:53:36       -7.351476        0.8739
BFGS:   47 14:53:36       -7.399913        1.0172
BFGS:   48 14:53:36       -7.445972        0.6233
BFGS:   49 14:53:36       -7.483443        0.6419
BFGS:   50 14:53:36       -7.511957        0.5759
BFGS:   51 14:53:36       -7.539704        0.3493
BFGS:   52 14:53:36       -7.549383        0.4168
BFGS:   53 14:53:36       -7.557407        0.3429
BFGS:   54 14:53:36       -7.564541        0.2821
BFGS:   55 14:53:36       -7.572531        0.2038
BFGS:   56 14:53:36       -7.578761        0.0827
BFGS:   57 14:53:36       -7.579625        0.0490
      Step     Time          Energy         fmax
BFGS:    0 14:53:36       16.206487       34.6818
BFGS:    1 14:53:36        0.611425       12.4357
BFGS:    2 14:53:36       -2.127745        5.3225
BFGS:    3 14:53:36       -3.303879        2.6685
BFGS:    4 14:53:36       -3.721524        1.4736
BFGS:    5 14:53:36       -3.890533        0.6849
BFGS:    6 14:53:36       -3.927341        0.3861
BFGS:    7 14:53:36       -3.940509        0.4136
BFGS:    8 14:53:36       -3.957042        0.4818
BFGS:    9 14:53:36       -3.994810        0.6063
BFGS:   10 14:53:36       -4.069942        0.6846
BFGS:   11 14:53:36       -4.108495        0.8702
BFGS:   12 14:53:36       -4.165206        0.7275
BFGS:   13 14:53:36       -4.220930        0.6592
BFGS:   14 14:53:36       -4.244361        0.6369
BFGS:   15 14:53:36       -4.379058        1.5789
BFGS:   16 14:53:36       -4.462482        1.3702
BFGS:   17 14:53:36       -4.545523        1.3479
BFGS:   18 14:53:36       -4.599057        1.0622
BFGS:   19 14:53:36       -4.659334        0.9449
BFGS:   20 14:53:36       -4.716519        0.4835
BFGS:   21 14:53:36       -4.739188        0.4923
BFGS:   22 14:53:36       -4.782942        0.6566
BFGS:   23 14:53:36       -4.807955        0.5941
BFGS:   24 14:53:36       -4.969534        0.9246
BFGS:   25 14:53:36       -5.026610        1.0250
BFGS:   26 14:53:36       -5.053838        0.6148
BFGS:   27 14:53:36       -5.094312        0.5242
BFGS:   28 14:53:36       -5.136026        0.6699
BFGS:   29 14:53:36       -5.166359        0.6539
BFGS:   30 14:53:36       -5.238717        0.7198
BFGS:   31 14:53:36       -5.261659        0.4536
BFGS:   32 14:53:36       -5.272827        0.2437
BFGS:   33 14:53:36       -5.279192        0.2472
BFGS:   34 14:53:36       -5.286197        0.2033
BFGS:   35 14:53:36       -5.297807        0.1645
BFGS:   36 14:53:36       -5.300769        0.1188
BFGS:   37 14:53:36       -5.301819        0.1158
BFGS:   38 14:53:36       -5.302895        0.1109
BFGS:   39 14:53:36       -5.304230        0.0828
BFGS:   40 14:53:36       -5.305096        0.0701
BFGS:   41 14:53:36       -5.305713        0.0823
BFGS:   42 14:53:36       -5.306475        0.1025
BFGS:   43 14:53:36       -5.307782        0.1246
BFGS:   44 14:53:36       -5.309489        0.1313
BFGS:   45 14:53:36       -5.311328        0.1435
BFGS:   46 14:53:36       -5.313286        0.1648
BFGS:   47 14:53:36       -5.316171        0.2187
BFGS:   48 14:53:36       -5.322802        0.2997
BFGS:   49 14:53:36       -5.342914        0.5376
BFGS:   50 14:53:36       -5.361123        0.8283
BFGS:   51 14:53:36       -5.378387        1.0664
BFGS:   52 14:53:36       -5.402211        1.1907
BFGS:   53 14:53:36       -5.426860        1.1866
BFGS:   54 14:53:36       -5.491810        0.9411
BFGS:   55 14:53:36       -5.652621        1.1087
BFGS:   56 14:53:36       -5.776171        1.0125
BFGS:   57 14:53:36       -5.773781        1.6102
BFGS:   58 14:53:36       -5.890119        0.7671
BFGS:   59 14:53:36       -5.922927        0.6345
BFGS:   60 14:53:36       -5.963786        0.5449
BFGS:   61 14:53:36       -6.024003        0.6329
BFGS:   62 14:53:36       -6.126691        1.0227
BFGS:   63 14:53:36       -6.184349        0.9805
BFGS:   64 14:53:36       -6.265339        0.7526
BFGS:   65 14:53:36       -6.379740        0.9461
BFGS:   66 14:53:36       -6.430940        0.8128
BFGS:   67 14:53:36       -6.525610        0.8524
BFGS:   68 14:53:36       -6.559933        0.3678
BFGS:   69 14:53:36       -6.567532        0.3961
BFGS:   70 14:53:36       -6.600985        0.3168
BFGS:   71 14:53:36       -6.629675        0.3147
BFGS:   72 14:53:36       -6.637581        0.2298
BFGS:   73 14:53:36       -6.641566        0.1960
BFGS:   74 14:53:36       -6.644988        0.1710
BFGS:   75 14:53:36       -6.651077        0.1359
BFGS:   76 14:53:36       -6.654610        0.1227
BFGS:   77 14:53:36       -6.657006        0.1324
BFGS:   78 14:53:36       -6.659063        0.1390
BFGS:   79 14:53:36       -6.662249        0.1427
BFGS:   80 14:53:36       -6.666751        0.1562
BFGS:   81 14:53:36       -6.671470        0.1308
BFGS:   82 14:53:36       -6.674415        0.0766
BFGS:   83 14:53:36       -6.675488        0.0453
      Step     Time          Energy         fmax
BFGS:    0 14:53:36       16.170214       40.1512
BFGS:    1 14:53:36        0.794369       14.6720
BFGS:    2 14:53:36       -2.645145        8.0307
BFGS:    3 14:53:36       -4.560441        3.4597
BFGS:    4 14:53:36       -5.035305        1.5605
BFGS:    5 14:53:36       -5.261861        0.8001
BFGS:    6 14:53:36       -5.331895        0.6334
BFGS:    7 14:53:36       -5.373301        0.5688
BFGS:    8 14:53:36       -5.425656        0.5524
BFGS:    9 14:53:36       -5.496148        0.6182
BFGS:   10 14:53:36       -5.550849        0.8213
BFGS:   11 14:53:36       -5.609119        0.8672
BFGS:   12 14:53:36       -5.657555        0.7590
BFGS:   13 14:53:36       -5.683032        0.5916
BFGS:   14 14:53:36       -5.733861        0.5232
BFGS:   15 14:53:36       -5.746050        0.5343
BFGS:   16 14:53:36       -5.769381        0.5719
BFGS:   17 14:53:36       -5.801429        0.4816
BFGS:   18 14:53:36       -5.822373        0.3198
BFGS:   19 14:53:36       -5.835979        0.1479
BFGS:   20 14:53:36       -5.837008        0.1337
BFGS:   21 14:53:36       -5.839233        0.0782
BFGS:   22 14:53:36       -5.840104        0.0728
BFGS:   23 14:53:36       -5.840443        0.0550
BFGS:   24 14:53:36       -5.840661        0.0513
BFGS:   25 14:53:36       -5.840888        0.0368
      Step     Time          Energy         fmax
BFGS:    0 14:53:36       16.482726       31.0484
BFGS:    1 14:53:36       -0.047298       12.3058
BFGS:    2 14:53:36       -2.532164        8.1486
BFGS:    3 14:53:36       -3.775408        2.7527
BFGS:    4 14:53:36       -4.226867        1.3161
BFGS:    5 14:53:36       -4.401278        0.6387
BFGS:    6 14:53:36       -4.451925        0.5413
BFGS:    7 14:53:36       -4.482466        0.5558
BFGS:    8 14:53:36       -4.521017        0.6158
BFGS:    9 14:53:36       -4.580037        0.6517
BFGS:   10 14:53:36       -4.635325        0.5760
BFGS:   11 14:53:36       -4.690398        0.5868
BFGS:   12 14:53:36       -4.729447        0.7742
BFGS:   13 14:53:36       -4.749640        0.4949
BFGS:   14 14:53:36       -4.771696        0.4098
BFGS:   15 14:53:36       -4.803507        0.3058
BFGS:   16 14:53:36       -4.811052        0.3756
BFGS:   17 14:53:36       -4.831249        0.5176
BFGS:   18 14:53:36       -4.854981        0.6229
BFGS:   19 14:53:36       -4.928735        0.7279
BFGS:   20 14:53:36       -5.049509        1.2281
BFGS:   21 14:53:36       -4.921328        3.4012
BFGS:   22 14:53:36       -5.166174        0.8152
BFGS:   23 14:53:36       -5.199511        0.7861
BFGS:   24 14:53:36       -5.367339        1.0414
BFGS:   25 14:53:36       -5.453528        1.0467
BFGS:   26 14:53:36       -5.593112        1.1009
BFGS:   27 14:53:36       -5.631853        0.7151
BFGS:   28 14:53:36       -5.668655        0.5549
BFGS:   29 14:53:36       -5.728279        0.6509
BFGS:   30 14:53:36       -5.769780        0.6445
BFGS:   31 14:53:36       -5.831937        0.7471
BFGS:   32 14:53:36       -5.860233        0.7223
BFGS:   33 14:53:36       -5.917353        0.7238
BFGS:   34 14:53:36       -6.010621        0.9574
BFGS:   35 14:53:36       -6.102751        0.8069
BFGS:   36 14:53:36       -6.165039        0.6746
BFGS:   37 14:53:36       -6.180021        0.4772
BFGS:   38 14:53:36       -6.190710        0.3909
BFGS:   39 14:53:36       -6.209493        0.3150
BFGS:   40 14:53:36       -6.269017        0.8007
BFGS:   41 14:53:36       -6.291070        0.7484
BFGS:   42 14:53:36       -6.375604        0.9886
BFGS:   43 14:53:36       -6.416723        0.6839
BFGS:   44 14:53:36       -6.485007        0.4343
BFGS:   45 14:53:36       -6.503695        0.7038
BFGS:   46 14:53:36       -6.523559        0.3254
BFGS:   47 14:53:36       -6.529886        0.3208
BFGS:   48 14:53:36       -6.538308        0.3187
BFGS:   49 14:53:36       -6.554387        0.3280
BFGS:   50 14:53:36       -6.584059        0.4176
BFGS:   51 14:53:36       -6.656088        0.7116
BFGS:   52 14:53:36       -6.554874        1.3356
BFGS:   53 14:53:36       -6.684728        0.6200
BFGS:   54 14:53:36       -6.700137        0.5525
BFGS:   55 14:53:36       -6.738136        0.4742
BFGS:   56 14:53:36       -6.753544        0.3874
BFGS:   57 14:53:36       -6.765026        0.3203
BFGS:   58 14:53:36       -6.784023        0.2956
BFGS:   59 14:53:36       -6.792674        0.3235
BFGS:   60 14:53:36       -6.815808        0.4158
BFGS:   61 14:53:36       -6.835131        0.4516
BFGS:   62 14:53:36       -6.865929        0.4921
BFGS:   63 14:53:36       -6.900603        0.6433
BFGS:   64 14:53:36       -6.975121        0.6439
BFGS:   65 14:53:36       -7.076009        0.8663
BFGS:   66 14:53:36       -7.114535        0.5927
BFGS:   67 14:53:37       -7.137384        0.2811
BFGS:   68 14:53:37       -7.144272        0.2286
BFGS:   69 14:53:37       -7.148647        0.2485
BFGS:   70 14:53:37       -7.151849        0.2269
BFGS:   71 14:53:37       -7.155523        0.1454
BFGS:   72 14:53:37       -7.158092        0.0663
BFGS:   73 14:53:37       -7.158773        0.0359
      Step     Time          Energy         fmax
BFGS:    0 14:53:37       15.759068       44.2198
BFGS:    1 14:53:37       -0.710300       12.7052
BFGS:    2 14:53:37       -3.612230       10.3734
BFGS:    3 14:53:37       -5.190616        4.2044
BFGS:    4 14:53:37       -5.850596        1.7623
BFGS:    5 14:53:37       -6.138486        1.2732
BFGS:    6 14:53:37       -6.283487        1.2679
BFGS:    7 14:53:37       -6.398571        1.1490
BFGS:    8 14:53:37       -6.489117        1.0455
BFGS:    9 14:53:37       -6.603598        1.1175
BFGS:   10 14:53:37       -6.765770        1.3965
BFGS:   11 14:53:37       -6.835055        0.6116
BFGS:   12 14:53:37       -6.864197        0.5955
BFGS:   13 14:53:37       -6.977819        0.9332
BFGS:   14 14:53:37       -7.018229        0.5146
BFGS:   15 14:53:37       -7.053991        0.5146
BFGS:   16 14:53:37       -7.093254        0.5490
BFGS:   17 14:53:37       -7.121402        0.5602
BFGS:   18 14:53:37       -7.160803        0.5046
BFGS:   19 14:53:37       -7.217568        0.6327
BFGS:   20 14:53:37       -7.237551        0.5791
BFGS:   21 14:53:37       -7.283845        0.6183
BFGS:   22 14:53:37       -7.308834        0.6576
BFGS:   23 14:53:37       -7.378814        0.5918
BFGS:   24 14:53:37       -7.416570        0.6976
BFGS:   25 14:53:37       -7.447144        0.6826
BFGS:   26 14:53:37       -7.540245        0.5629
BFGS:   27 14:53:37       -7.553816        0.4060
BFGS:   28 14:53:37       -7.554789        0.3189
BFGS:   29 14:53:37       -7.569706        0.2239
BFGS:   30 14:53:37       -7.575615        0.1417
BFGS:   31 14:53:37       -7.578310        0.0795
BFGS:   32 14:53:37       -7.579398        0.0729
BFGS:   33 14:53:37       -7.579764        0.0665
BFGS:   34 14:53:37       -7.580529        0.0454
      Step     Time          Energy         fmax
BFGS:    0 14:53:37       16.275310       38.7251
BFGS:    1 14:53:37        3.575861       12.0613
BFGS:    2 14:53:37       -1.164827        8.9658
BFGS:    3 14:53:37       -2.832667        3.3912
BFGS:    4 14:53:37       -3.442425        1.3313
BFGS:    5 14:53:37       -3.653017        0.6043
BFGS:    6 14:53:37       -3.699943        0.2831
BFGS:    7 14:53:37       -3.708813        0.2459
BFGS:    8 14:53:37       -3.714156        0.2619
BFGS:    9 14:53:37       -3.725012        0.3213
BFGS:   10 14:53:37       -3.742403        0.4188
BFGS:   11 14:53:37       -3.763853        0.5232
BFGS:   12 14:53:37       -3.782641        0.5860
BFGS:   13 14:53:37       -3.813465        0.7410
BFGS:   14 14:53:37       -3.845002        0.9889
BFGS:   15 14:53:37       -3.916892        0.6756
BFGS:   16 14:53:37       -3.982722        0.3563
BFGS:   17 14:53:37       -3.999070        0.2874
BFGS:   18 14:53:37       -4.005523        0.2049
BFGS:   19 14:53:37       -4.009917        0.2033
BFGS:   20 14:53:37       -4.018746        0.2139
BFGS:   21 14:53:37       -4.030440        0.2686
BFGS:   22 14:53:37       -4.040085        0.2970
BFGS:   23 14:53:37       -4.047167        0.2871
BFGS:   24 14:53:37       -4.057471        0.3903
BFGS:   25 14:53:37       -4.070573        0.4712
BFGS:   26 14:53:37       -4.102388        0.6005
BFGS:   27 14:53:37       -4.180243        0.8821
BFGS:   28 14:53:37       -4.470350        0.6775
BFGS:   29 14:53:37       -4.739719        0.8428
BFGS:   30 14:53:37       -4.969648        0.9290
BFGS:   31 14:53:37       -5.202732        0.9245
BFGS:   32 14:53:37       -5.342359        1.2240
BFGS:   33 14:53:37       -5.454648        1.0406
BFGS:   34 14:53:37       -5.508489        0.7443
BFGS:   35 14:53:37       -5.536342        0.7196
BFGS:   36 14:53:37       -5.639825        0.8726
BFGS:   37 14:53:37       -5.691566        0.7576
BFGS:   38 14:53:37       -5.720908        0.7453
BFGS:   39 14:53:37       -5.731946        0.6453
BFGS:   40 14:53:37       -5.752998        0.5088
BFGS:   41 14:53:37       -5.778625        0.5419
BFGS:   42 14:53:37       -5.793794        0.5511
BFGS:   43 14:53:37       -5.808424        0.4924
BFGS:   44 14:53:37       -5.824042        0.4323
BFGS:   45 14:53:37       -5.834374        0.3251
BFGS:   46 14:53:37       -5.847591        0.3222
BFGS:   47 14:53:37       -5.858760        0.3212
BFGS:   48 14:53:37       -5.866855        0.3234
BFGS:   49 14:53:37       -5.872280        0.2825
BFGS:   50 14:53:37       -5.879852        0.2227
BFGS:   51 14:53:37       -5.890693        0.3491
BFGS:   52 14:53:37       -5.917075        0.5894
BFGS:   53 14:53:37       -5.974291        0.8283
BFGS:   54 14:53:37       -6.027173        1.3251
BFGS:   55 14:53:37       -6.151014        1.3970
BFGS:   56 14:53:37       -6.141687        0.9993
BFGS:   57 14:53:37       -6.217210        0.8067
BFGS:   58 14:53:37       -6.250213        0.6226
BFGS:   59 14:53:37       -6.270816        0.4372
BFGS:   60 14:53:37       -6.291734        0.3581
BFGS:   61 14:53:37       -6.305175        0.3861
BFGS:   62 14:53:37       -6.324790        0.3839
BFGS:   63 14:53:37       -6.331591        0.3112
BFGS:   64 14:53:37       -6.348029        0.3564
BFGS:   65 14:53:37       -6.356056        0.3962
BFGS:   66 14:53:37       -6.374628        0.4461
BFGS:   67 14:53:37       -6.403179        0.5762
BFGS:   68 14:53:37       -6.423711        0.5937
BFGS:   69 14:53:37       -6.444878        0.4966
BFGS:   70 14:53:37       -6.472926        0.3828
BFGS:   71 14:53:37       -6.486555        0.5208
BFGS:   72 14:53:37       -6.522139        0.8531
BFGS:   73 14:53:37       -6.549490        0.9201
BFGS:   74 14:53:37       -6.578245        0.6319
BFGS:   75 14:53:37       -6.589156        0.4772
BFGS:   76 14:53:37       -6.601478        0.4734
BFGS:   77 14:53:37       -6.613641        0.4622
BFGS:   78 14:53:37       -6.633926        0.4703
BFGS:   79 14:53:37       -6.653523        0.4214
BFGS:   80 14:53:37       -6.671309        0.2846
BFGS:   81 14:53:37       -6.677206        0.2268
BFGS:   82 14:53:37       -6.679010        0.1591
BFGS:   83 14:53:37       -6.681331        0.1413
BFGS:   84 14:53:37       -6.683523        0.1385
BFGS:   85 14:53:37       -6.689795        0.1342
BFGS:   86 14:53:37       -6.694002        0.1372
BFGS:   87 14:53:37       -6.697213        0.0815
BFGS:   88 14:53:37       -6.697926        0.0384
      Step     Time          Energy         fmax
BFGS:    0 14:53:37       16.279377       31.9433
BFGS:    1 14:53:37        0.625137       18.4163
BFGS:    2 14:53:37       -2.126991        8.9218
BFGS:    3 14:53:37       -3.483678        3.5292
BFGS:    4 14:53:37       -4.088733        1.6542
BFGS:    5 14:53:37       -4.330632        0.7941
BFGS:    6 14:53:37       -4.395827        0.4606
BFGS:    7 14:53:37       -4.421200        0.4096
BFGS:    8 14:53:37       -4.448505        0.4777
BFGS:    9 14:53:37       -4.499107        0.5892
BFGS:   10 14:53:37       -4.563884        0.5983
BFGS:   11 14:53:37       -4.593273        0.5582
BFGS:   12 14:53:37       -4.641268        0.7250
BFGS:   13 14:53:37       -4.682638        0.9566
BFGS:   14 14:53:37       -4.756389        1.0968
BFGS:   15 14:53:37       -4.891452        1.5669
BFGS:   16 14:53:37       -4.981572        0.9273
BFGS:   17 14:53:37       -5.084982        0.7897
BFGS:   18 14:53:37       -5.137564        0.7304
BFGS:   19 14:53:37       -5.200445        0.6832
BFGS:   20 14:53:37       -5.263281        0.5792
BFGS:   21 14:53:37       -5.321810        0.9170
BFGS:   22 14:53:37       -5.345949        0.6995
BFGS:   23 14:53:37       -5.455746        0.5360
BFGS:   24 14:53:37       -5.490081        0.9142
BFGS:   25 14:53:37       -5.522954        0.4939
BFGS:   26 14:53:37       -5.541823        0.4791
BFGS:   27 14:53:37       -5.587981        0.8606
BFGS:   28 14:53:37       -5.628942        0.5230
BFGS:   29 14:53:37       -5.688073        0.5531
BFGS:   30 14:53:37       -5.719215        0.5288
BFGS:   31 14:53:37       -5.749490        0.5501
BFGS:   32 14:53:37       -5.774889        0.5680
BFGS:   33 14:53:37       -5.848651        1.2685
BFGS:   34 14:53:37       -5.920205        0.8515
BFGS:   35 14:53:37       -5.983579        0.7645
BFGS:   36 14:53:37       -6.050379        0.8114
BFGS:   37 14:53:37       -6.114273        0.7031
BFGS:   38 14:53:37       -6.150078        0.6111
BFGS:   39 14:53:37       -6.181168        0.5718
BFGS:   40 14:53:37       -6.243021        0.5020
BFGS:   41 14:53:37       -6.259330        0.5517
BFGS:   42 14:53:37       -6.273728        0.3680
BFGS:   43 14:53:37       -6.283543        0.2957
BFGS:   44 14:53:37       -6.294985        0.2543
BFGS:   45 14:53:37       -6.316767        0.2413
BFGS:   46 14:53:37       -6.321470        0.2666
BFGS:   47 14:53:37       -6.325467        0.2754
BFGS:   48 14:53:37       -6.330377        0.2547
BFGS:   49 14:53:37       -6.338277        0.1998
BFGS:   50 14:53:37       -6.345886        0.1848
BFGS:   51 14:53:37       -6.351281        0.2454
BFGS:   52 14:53:37       -6.357828        0.3061
BFGS:   53 14:53:37       -6.372867        0.3878
BFGS:   54 14:53:37       -6.419048        0.5682
BFGS:   55 14:53:37       -6.526810        0.7190
BFGS:   56 14:53:37       -6.688892        0.7705
BFGS:   57 14:53:37       -6.801766        0.8062
BFGS:   58 14:53:37       -6.681394        2.8167
BFGS:   59 14:53:37       -6.885230        0.9927
BFGS:   60 14:53:37       -6.918011        0.4904
BFGS:   61 14:53:37       -6.943038        0.3971
BFGS:   62 14:53:37       -6.975742        0.3679
BFGS:   63 14:53:37       -6.996152        0.3547
BFGS:   64 14:53:37       -7.060051        0.5113
BFGS:   65 14:53:37       -7.082530        0.4121
BFGS:   66 14:53:37       -7.097388        0.2662
BFGS:   67 14:53:37       -7.105964        0.2302
BFGS:   68 14:53:37       -7.111130        0.2225
BFGS:   69 14:53:37       -7.113392        0.2006
BFGS:   70 14:53:37       -7.121488        0.1818
BFGS:   71 14:53:37       -7.123896        0.1199
BFGS:   72 14:53:37       -7.124888        0.1156
BFGS:   73 14:53:37       -7.125670        0.1016
BFGS:   74 14:53:37       -7.127026        0.0777
BFGS:   75 14:53:37       -7.128706        0.0779
BFGS:   76 14:53:37       -7.130075        0.0598
BFGS:   77 14:53:37       -7.130667        0.0454
      Step     Time          Energy         fmax
BFGS:    0 14:53:37       16.065352       39.1098
BFGS:    1 14:53:37        0.568496       11.5094
BFGS:    2 14:53:37       -2.043970        6.2272
BFGS:    3 14:53:37       -3.640236        2.7279
BFGS:    4 14:53:37       -4.190837        1.1378
BFGS:    5 14:53:37       -4.354965        0.4720
BFGS:    6 14:53:37       -4.395134        0.4559
BFGS:    7 14:53:37       -4.412981        0.5115
BFGS:    8 14:53:37       -4.441928        0.5797
BFGS:    9 14:53:37       -4.507752        0.7013
BFGS:   10 14:53:37       -4.604587        1.2400
BFGS:   11 14:53:37       -4.681854        0.7974
BFGS:   12 14:53:37       -4.795274        1.3185
BFGS:   13 14:53:37       -4.842259        0.8469
BFGS:   14 14:53:37       -4.950501        0.3502
BFGS:   15 14:53:37       -4.992480        0.2063
BFGS:   16 14:53:37       -4.994833        0.1714
BFGS:   17 14:53:37       -5.001196        0.1455
BFGS:   18 14:53:37       -5.012478        0.2015
BFGS:   19 14:53:37       -5.020278        0.2322
BFGS:   20 14:53:37       -5.028687        0.2460
BFGS:   21 14:53:37       -5.035980        0.2304
BFGS:   22 14:53:37       -5.047635        0.2988
BFGS:   23 14:53:37       -5.091246        0.6866
BFGS:   24 14:53:37       -5.186667        0.8457
BFGS:   25 14:53:37       -5.233400        0.7468
BFGS:   26 14:53:37       -5.262784        0.6427
BFGS:   27 14:53:37       -5.289921        0.4954
BFGS:   28 14:53:37       -5.358601        0.8347
BFGS:   29 14:53:37       -5.396682        0.5626
BFGS:   30 14:53:37       -5.436796        0.5408
BFGS:   31 14:53:37       -5.467577        0.4432
BFGS:   32 14:53:37       -5.495603        0.3319
BFGS:   33 14:53:37       -5.525083        0.3425
BFGS:   34 14:53:37       -5.544027        0.4041
BFGS:   35 14:53:37       -5.553665        0.3510
BFGS:   36 14:53:37       -5.566722        0.2152
BFGS:   37 14:53:37       -5.572950        0.2708
BFGS:   38 14:53:37       -5.579860        0.2510
BFGS:   39 14:53:37       -5.584052        0.2815
BFGS:   40 14:53:37       -5.588538        0.2373
BFGS:   41 14:53:37       -5.594299        0.2148
BFGS:   42 14:53:37       -5.603258        0.3078
BFGS:   43 14:53:37       -5.624136        0.4999
BFGS:   44 14:53:37       -5.665117        0.7703
BFGS:   45 14:53:37       -5.686162        0.9671
BFGS:   46 14:53:37       -5.730704        0.8375
BFGS:   47 14:53:37       -5.879636        0.7891
BFGS:   48 14:53:37       -5.997653        0.5695
BFGS:   49 14:53:37       -6.023473        0.4406
BFGS:   50 14:53:37       -6.045105        0.4926
BFGS:   51 14:53:37       -6.054557        0.5906
BFGS:   52 14:53:37       -6.087395        0.3542
BFGS:   53 14:53:37       -6.111704        0.3912
BFGS:   54 14:53:37       -6.123878        0.2793
BFGS:   55 14:53:37       -6.132145        0.2847
BFGS:   56 14:53:37       -6.145700        0.3285
BFGS:   57 14:53:37       -6.166745        0.2939
BFGS:   58 14:53:37       -6.177202        0.2945
BFGS:   59 14:53:37       -6.189321        0.2743
BFGS:   60 14:53:37       -6.204072        0.3180
BFGS:   61 14:53:37       -6.216173        0.3156
BFGS:   62 14:53:37       -6.228022        0.2410
BFGS:   63 14:53:37       -6.235038        0.1409
BFGS:   64 14:53:37       -6.238087        0.1521
BFGS:   65 14:53:37       -6.240242        0.1082
BFGS:   66 14:53:37       -6.241174        0.0871
BFGS:   67 14:53:37       -6.242200        0.0649
BFGS:   68 14:53:37       -6.243258        0.0676
BFGS:   69 14:53:37       -6.244056        0.0932
BFGS:   70 14:53:37       -6.244956        0.1188
BFGS:   71 14:53:37       -6.246578        0.1491
BFGS:   72 14:53:37       -6.250797        0.1992
BFGS:   73 14:53:37       -6.270805        0.3368
BFGS:   74 14:53:37       -6.288129        0.7924
BFGS:   75 14:53:37       -6.396967        0.7243
BFGS:   76 14:53:37       -6.568601        0.5741
BFGS:   77 14:53:37       -6.439726        2.1813
BFGS:   78 14:53:37       -6.606069        0.3794
BFGS:   79 14:53:37       -6.617539        0.3276
BFGS:   80 14:53:37       -6.633046        0.3151
BFGS:   81 14:53:37       -6.644407        0.3277
BFGS:   82 14:53:37       -6.657219        0.2892
BFGS:   83 14:53:37       -6.673783        0.1834
BFGS:   84 14:53:37       -6.679112        0.1579
BFGS:   85 14:53:37       -6.684597        0.1632
BFGS:   86 14:53:37       -6.689595        0.1666
BFGS:   87 14:53:37       -6.697204        0.1183
BFGS:   88 14:53:37       -6.699960        0.0482
      Step     Time          Energy         fmax
BFGS:    0 14:53:37       15.324917       24.7930
BFGS:    1 14:53:37        1.081184       11.7720
BFGS:    2 14:53:37       -1.168295       10.5117
BFGS:    3 14:53:37       -3.580732        2.5062
BFGS:    4 14:53:37       -3.921678        1.5551
BFGS:    5 14:53:37       -4.146221        0.8591
BFGS:    6 14:53:37       -4.202850        0.6031
BFGS:    7 14:53:37       -4.226812        0.4532
BFGS:    8 14:53:37       -4.249242        0.4383
BFGS:    9 14:53:37       -4.284421        0.5620
BFGS:   10 14:53:37       -4.317723        0.6183
BFGS:   11 14:53:37       -4.369159        0.7333
BFGS:   12 14:53:37       -4.399353        0.6931
BFGS:   13 14:53:37       -4.415350        0.6280
BFGS:   14 14:53:37       -4.443496        0.5285
BFGS:   15 14:53:37       -4.499277        0.4954
BFGS:   16 14:53:37       -4.515698        0.4268
BFGS:   17 14:53:37       -4.524511        0.4161
BFGS:   18 14:53:37       -4.565007        0.4345
BFGS:   19 14:53:37       -4.575278        0.2979
BFGS:   20 14:53:37       -4.584858        0.2246
BFGS:   21 14:53:37       -4.591419        0.2183
BFGS:   22 14:53:37       -4.596543        0.2364
BFGS:   23 14:53:37       -4.610297        0.2997
BFGS:   24 14:53:37       -4.636454        0.4389
BFGS:   25 14:53:37       -4.687297        0.9735
BFGS:   26 14:53:37       -4.644454        1.7207
BFGS:   27 14:53:37       -4.747414        0.9103
BFGS:   28 14:53:37       -4.798440        0.7100
BFGS:   29 14:53:37       -4.936844        0.8324
BFGS:   30 14:53:37       -4.954655        0.5075
BFGS:   31 14:53:37       -4.976040        0.4177
BFGS:   32 14:53:37       -5.014948        0.3677
BFGS:   33 14:53:37       -5.039838        0.2832
BFGS:   34 14:53:37       -5.045051        0.3060
BFGS:   35 14:53:37       -5.049609        0.3193
BFGS:   36 14:53:37       -5.070545        0.4264
BFGS:   37 14:53:37       -5.089421        0.5884
BFGS:   38 14:53:37       -5.176243        1.1582
BFGS:   39 14:53:37       -5.374126        1.4316
BFGS:   40 14:53:37       -5.494558        1.2167
BFGS:   41 14:53:37       -5.564668        0.9329
BFGS:   42 14:53:37       -5.635824        0.8412
BFGS:   43 14:53:37       -5.720820        1.1157
BFGS:   44 14:53:37       -5.797916        0.7429
BFGS:   45 14:53:37       -5.859732        0.4932
BFGS:   46 14:53:37       -5.899576        0.4837
BFGS:   47 14:53:37       -5.916258        0.4184
BFGS:   48 14:53:37       -5.948878        0.4260
BFGS:   49 14:53:37       -5.967263        0.4065
BFGS:   50 14:53:37       -5.981668        0.3332
BFGS:   51 14:53:37       -5.989555        0.3302
BFGS:   52 14:53:37       -5.999856        0.3123
BFGS:   53 14:53:37       -6.015763        0.3595
BFGS:   54 14:53:37       -6.049481        0.6019
BFGS:   55 14:53:37       -6.110914        0.8199
BFGS:   56 14:53:37       -6.161059        0.9662
BFGS:   57 14:53:37       -6.196386        0.7381
BFGS:   58 14:53:37       -6.264920        0.8715
BFGS:   59 14:53:37       -6.341799        0.8060
BFGS:   60 14:53:37       -6.392186        1.1936
BFGS:   61 14:53:37       -6.431622        0.5252
BFGS:   62 14:53:37       -6.453933        0.4760
BFGS:   63 14:53:37       -6.482755        0.3724
BFGS:   64 14:53:37       -6.494007        0.2859
BFGS:   65 14:53:37       -6.511692        0.2861
BFGS:   66 14:53:37       -6.520416        0.2619
BFGS:   67 14:53:37       -6.536708        0.5185
BFGS:   68 14:53:37       -6.557708        0.6766
BFGS:   69 14:53:37       -6.580758        0.7350
BFGS:   70 14:53:37       -6.617512        0.4806
BFGS:   71 14:53:37       -6.655814        0.2924
BFGS:   72 14:53:37       -6.687097        0.1669
BFGS:   73 14:53:37       -6.689322        0.1362
BFGS:   74 14:53:37       -6.691761        0.1269
BFGS:   75 14:53:37       -6.693373        0.1294
BFGS:   76 14:53:37       -6.696632        0.1131
BFGS:   77 14:53:37       -6.699084        0.0862
BFGS:   78 14:53:37       -6.700227        0.0650
BFGS:   79 14:53:37       -6.700720        0.0566
BFGS:   80 14:53:37       -6.700933        0.0520
BFGS:   81 14:53:37       -6.701186        0.0416
      Step     Time          Energy         fmax
BFGS:    0 14:53:37       18.118487       41.3718
BFGS:    1 14:53:37        1.117241       13.4806
BFGS:    2 14:53:37       -2.865098        6.5841
BFGS:    3 14:53:37       -4.087024        3.4377
BFGS:    4 14:53:37       -4.682803        1.5642
BFGS:    5 14:53:37       -4.905681        0.7086
BFGS:    6 14:53:37       -4.976953        0.6221
BFGS:    7 14:53:37       -5.016668        0.6002
BFGS:    8 14:53:37       -5.066290        0.5815
BFGS:    9 14:53:37       -5.121043        0.5765
BFGS:   10 14:53:37       -5.168356        0.5309
BFGS:   11 14:53:37       -5.214909        0.8253
BFGS:   12 14:53:37       -5.233772        0.3719
BFGS:   13 14:53:37       -5.242858        0.3396
BFGS:   14 14:53:37       -5.272095        0.2862
BFGS:   15 14:53:37       -5.275582        0.2133
BFGS:   16 14:53:37       -5.279895        0.1713
BFGS:   17 14:53:37       -5.291626        0.1801
BFGS:   18 14:53:37       -5.300625        0.2588
BFGS:   19 14:53:37       -5.310768        0.4684
BFGS:   20 14:53:37       -5.329077        0.7513
BFGS:   21 14:53:37       -5.388492        1.3007
BFGS:   22 14:53:37       -5.563154        1.3680
BFGS:   23 14:53:37       -5.763855        1.1509
BFGS:   24 14:53:37       -5.671984        2.9516
BFGS:   25 14:53:37       -5.892202        0.8338
BFGS:   26 14:53:37       -5.960604        0.7602
BFGS:   27 14:53:37       -6.058622        0.8391
BFGS:   28 14:53:37       -6.095416        0.7775
BFGS:   29 14:53:37       -6.162052        0.7408
BFGS:   30 14:53:37       -6.208579        0.6309
BFGS:   31 14:53:37       -6.263506        0.7576
BFGS:   32 14:53:37       -6.334314        0.8687
BFGS:   33 14:53:37       -6.376391        0.8909
BFGS:   34 14:53:37       -6.463335        0.9490
BFGS:   35 14:53:37       -6.561745        1.0407
BFGS:   36 14:53:37       -6.642534        0.7672
BFGS:   37 14:53:37       -6.716945        0.6028
BFGS:   38 14:53:37       -6.784223        0.6297
BFGS:   39 14:53:37       -6.800558        0.6376
BFGS:   40 14:53:37       -6.828242        0.4229
BFGS:   41 14:53:37       -6.846251        0.3418
BFGS:   42 14:53:37       -6.866324        0.3068
BFGS:   43 14:53:37       -6.876636        0.2267
BFGS:   44 14:53:37       -6.885083        0.2306
BFGS:   45 14:53:37       -6.891050        0.2725
BFGS:   46 14:53:37       -6.903266        0.3426
BFGS:   47 14:53:37       -6.917708        0.3840
BFGS:   48 14:53:37       -6.936178        0.4000
BFGS:   49 14:53:37       -6.956074        0.3987
BFGS:   50 14:53:37       -6.971381        0.4538
BFGS:   51 14:53:37       -6.984270        0.3679
BFGS:   52 14:53:37       -7.025880        0.3140
BFGS:   53 14:53:37       -7.041192        0.2416
BFGS:   54 14:53:37       -7.047357        0.3277
BFGS:   55 14:53:37       -7.056627        0.2870
BFGS:   56 14:53:37       -7.064598        0.2732
BFGS:   57 14:53:37       -7.087710        0.3257
BFGS:   58 14:53:37       -7.099093        0.2748
BFGS:   59 14:53:37       -7.111745        0.2598
BFGS:   60 14:53:37       -7.115961        0.2385
BFGS:   61 14:53:37       -7.123661        0.2373
BFGS:   62 14:53:38       -7.129141        0.2153
BFGS:   63 14:53:38       -7.137838        0.2771
BFGS:   64 14:53:38       -7.143355        0.2707
BFGS:   65 14:53:38       -7.147341        0.2102
BFGS:   66 14:53:38       -7.150245        0.1387
BFGS:   67 14:53:38       -7.152612        0.1204
BFGS:   68 14:53:38       -7.155019        0.1102
BFGS:   69 14:53:38       -7.156525        0.0813
BFGS:   70 14:53:38       -7.157135        0.0495
      Step     Time          Energy         fmax
BFGS:    0 14:53:38       17.985068       40.6638
BFGS:    1 14:53:38        2.561999       24.4260
BFGS:    2 14:53:38       -0.939648       10.8015
BFGS:    3 14:53:38       -3.048380        4.2109
BFGS:    4 14:53:38       -3.934958        1.8859
BFGS:    5 14:53:38       -4.340866        0.9442
BFGS:    6 14:53:38       -4.465929        0.5976
BFGS:    7 14:53:38       -4.503633        0.5215
BFGS:    8 14:53:38       -4.519788        0.4837
BFGS:    9 14:53:38       -4.536274        0.4194
BFGS:   10 14:53:38       -4.555637        0.3822
BFGS:   11 14:53:38       -4.570385        0.4742
BFGS:   12 14:53:38       -4.581979        0.4877
BFGS:   13 14:53:38       -4.606611        0.6603
BFGS:   14 14:53:38       -4.646110        0.7473
BFGS:   15 14:53:38       -4.699550        1.0412
BFGS:   16 14:53:38       -4.741097        0.7932
BFGS:   17 14:53:38       -4.771075        0.4401
BFGS:   18 14:53:38       -4.782403        0.3688
BFGS:   19 14:53:38       -4.799449        0.2247
BFGS:   20 14:53:38       -4.810776        0.1864
BFGS:   21 14:53:38       -4.817205        0.2002
BFGS:   22 14:53:38       -4.819263        0.1851
BFGS:   23 14:53:38       -4.822882        0.1514
BFGS:   24 14:53:38       -4.825446        0.1511
BFGS:   25 14:53:38       -4.827403        0.1582
BFGS:   26 14:53:38       -4.828662        0.1352
BFGS:   27 14:53:38       -4.830623        0.1252
BFGS:   28 14:53:38       -4.833723        0.1543
BFGS:   29 14:53:38       -4.837313        0.1906
BFGS:   30 14:53:38       -4.840390        0.2711
BFGS:   31 14:53:38       -4.843656        0.3509
BFGS:   32 14:53:38       -4.849011        0.4186
BFGS:   33 14:53:38       -4.862872        0.5726
BFGS:   34 14:53:38       -4.893646        0.9002
BFGS:   35 14:53:38       -4.966025        1.1910
BFGS:   36 14:53:38       -5.055215        1.3019
BFGS:   37 14:53:38       -4.967668        2.1868
BFGS:   38 14:53:38       -5.126897        0.9800
BFGS:   39 14:53:38       -5.159882        0.6804
BFGS:   40 14:53:38       -5.250403        0.4270
BFGS:   41 14:53:38       -5.281985        0.5449
BFGS:   42 14:53:38       -5.313182        0.6059
BFGS:   43 14:53:38       -5.337616        0.5326
BFGS:   44 14:53:38       -5.358606        0.3033
BFGS:   45 14:53:38       -5.366325        0.2810
BFGS:   46 14:53:38       -5.369198        0.2515
BFGS:   47 14:53:38       -5.376051        0.1863
BFGS:   48 14:53:38       -5.383636        0.2276
BFGS:   49 14:53:38       -5.394388        0.2487
BFGS:   50 14:53:38       -5.406856        0.4193
BFGS:   51 14:53:38       -5.432488        0.6972
BFGS:   52 14:53:38       -5.479512        1.0374
BFGS:   53 14:53:38       -5.391307        1.3830
BFGS:   54 14:53:38       -5.512116        0.7392
BFGS:   55 14:53:38       -5.531522        0.7865
BFGS:   56 14:53:38       -5.644518        0.8942
BFGS:   57 14:53:38       -5.690721        0.3953
BFGS:   58 14:53:38       -5.721397        0.2102
BFGS:   59 14:53:38       -5.724984        0.1546
BFGS:   60 14:53:38       -5.727187        0.1093
BFGS:   61 14:53:38       -5.728733        0.0903
BFGS:   62 14:53:38       -5.730171        0.0601
BFGS:   63 14:53:38       -5.730731        0.0387
      Step     Time          Energy         fmax
BFGS:    0 14:53:38       16.155068       32.1841
BFGS:    1 14:53:38        2.585248       13.4340
BFGS:    2 14:53:38       -0.872213        6.8954
BFGS:    3 14:53:38       -2.731525        3.0788
BFGS:    4 14:53:38       -3.405592        1.4159
BFGS:    5 14:53:38       -3.673785        0.8199
BFGS:    6 14:53:38       -3.751562        0.6691
BFGS:    7 14:53:38       -3.777369        0.5585
BFGS:    8 14:53:38       -3.795551        0.4307
BFGS:    9 14:53:38       -3.819766        0.3941
BFGS:   10 14:53:38       -3.849358        0.3820
BFGS:   11 14:53:38       -3.879478        0.4268
BFGS:   12 14:53:38       -3.884304        0.3167
BFGS:   13 14:53:38       -3.898742        0.1636
BFGS:   14 14:53:38       -3.907760        0.2114
BFGS:   15 14:53:38       -3.912709        0.2398
BFGS:   16 14:53:38       -3.917581        0.3012
BFGS:   17 14:53:38       -3.929189        0.4666
BFGS:   18 14:53:38       -3.965325        0.9354
BFGS:   19 14:53:38       -4.002868        1.6476
BFGS:   20 14:53:38       -4.057461        1.0766
BFGS:   21 14:53:38       -4.115945        0.8446
BFGS:   22 14:53:38       -4.138101        0.3493
BFGS:   23 14:53:38       -4.148209        0.3140
BFGS:   24 14:53:38       -4.178350        0.3209
BFGS:   25 14:53:38       -4.184261        0.2163
BFGS:   26 14:53:38       -4.190951        0.2410
BFGS:   27 14:53:38       -4.199866        0.2934
BFGS:   28 14:53:38       -4.220120        0.4743
BFGS:   29 14:53:38       -4.266968        0.7456
BFGS:   30 14:53:38       -4.333388        0.9332
BFGS:   31 14:53:38       -4.395433        1.6964
BFGS:   32 14:53:38       -4.488783        2.5451
BFGS:   33 14:53:38       -4.534672        3.3596
BFGS:   34 14:53:38       -4.656552        2.6939
BFGS:   35 14:53:38       -4.988631        1.2098
BFGS:   36 14:53:38       -5.182123        1.3355
BFGS:   37 14:53:38       -5.402451        3.0392
BFGS:   38 14:53:38       -5.406244        1.1068
BFGS:   39 14:53:38       -5.547247        0.9474
BFGS:   40 14:53:38       -5.666051        1.0950
BFGS:   41 14:53:38       -5.708060        0.7500
BFGS:   42 14:53:38       -5.747266        0.5217
BFGS:   43 14:53:38       -5.777261        0.5941
BFGS:   44 14:53:38       -5.814098        0.6534
BFGS:   45 14:53:38       -5.842065        0.5326
BFGS:   46 14:53:38       -5.852125        0.4068
BFGS:   47 14:53:38       -5.860778        0.2891
BFGS:   48 14:53:38       -5.869192        0.2482
BFGS:   49 14:53:38       -5.875228        0.1701
BFGS:   50 14:53:38       -5.879365        0.1547
BFGS:   51 14:53:38       -5.880897        0.1238
BFGS:   52 14:53:38       -5.882884        0.1209
BFGS:   53 14:53:38       -5.888093        0.1363
BFGS:   54 14:53:38       -5.892548        0.1240
BFGS:   55 14:53:38       -5.896293        0.1180
BFGS:   56 14:53:38       -5.898938        0.1552
BFGS:   57 14:53:38       -5.902084        0.2104
BFGS:   58 14:53:38       -5.907606        0.2714
BFGS:   59 14:53:38       -5.927360        0.4067
BFGS:   60 14:53:38       -5.961082        0.5381
BFGS:   61 14:53:38       -6.023818        0.7563
BFGS:   62 14:53:38       -6.108056        1.1932
BFGS:   63 14:53:38       -6.232716        1.3260
BFGS:   64 14:53:38       -6.273595        1.6286
BFGS:   65 14:53:38       -6.008828        4.2652
BFGS:   66 14:53:38       -6.127478        2.3427
BFGS:   67 14:53:38       -6.301092        1.6712
BFGS:   68 14:53:38       -6.421787        0.8538
BFGS:   69 14:53:38       -6.487507        0.9288
BFGS:   70 14:53:38       -6.597977        2.0044
BFGS:   71 14:53:38       -6.707855        1.8818
BFGS:   72 14:53:38       -6.883162        0.9126
BFGS:   73 14:53:38       -6.957917        0.9188
BFGS:   74 14:53:38       -7.060366        1.4263
BFGS:   75 14:53:38       -7.151068        0.6138
BFGS:   76 14:53:38       -7.187904        0.6746
BFGS:   77 14:53:38       -7.210393        0.6737
BFGS:   78 14:53:38       -7.234533        0.7617
BFGS:   79 14:53:38       -7.282419        1.0004
BFGS:   80 14:53:38       -7.372090        1.3325
BFGS:   81 14:53:38       -7.382745        1.3274
BFGS:   82 14:53:38       -7.488503        0.7925
BFGS:   83 14:53:38       -7.529872        0.5890
BFGS:   84 14:53:38       -7.553817        0.3283
BFGS:   85 14:53:38       -7.557867        0.3052
BFGS:   86 14:53:38       -7.566167        0.2383
BFGS:   87 14:53:38       -7.570019        0.2060
BFGS:   88 14:53:38       -7.574189        0.1694
BFGS:   89 14:53:38       -7.575780        0.1587
BFGS:   90 14:53:38       -7.577291        0.1284
BFGS:   91 14:53:38       -7.578582        0.1038
BFGS:   92 14:53:38       -7.579657        0.0737
BFGS:   93 14:53:38       -7.580103        0.0653
BFGS:   94 14:53:38       -7.580265        0.0628
BFGS:   95 14:53:38       -7.580384        0.0570
BFGS:   96 14:53:38       -7.580519        0.0546
BFGS:   97 14:53:38       -7.580657        0.0522
BFGS:   98 14:53:38       -7.580790        0.0413
      Step     Time          Energy         fmax
BFGS:    0 14:53:38       15.426867       38.6637
BFGS:    1 14:53:38       -1.447472        8.6980
BFGS:    2 14:53:38       -3.036413        5.0598
BFGS:    3 14:53:38       -4.253973        1.9395
BFGS:    4 14:53:38       -4.630448        0.9309
BFGS:    5 14:53:38       -4.767863        0.7829
BFGS:    6 14:53:38       -4.819500        0.7704
BFGS:    7 14:53:38       -4.862759        0.7804
BFGS:    8 14:53:38       -4.931486        0.7642
BFGS:    9 14:53:38       -5.012567        0.7722
BFGS:   10 14:53:38       -5.075934        0.7610
BFGS:   11 14:53:38       -5.179112        1.4691
BFGS:   12 14:53:38       -5.263799        0.6809
BFGS:   13 14:53:38       -5.305729        0.6790
BFGS:   14 14:53:38       -5.497878        0.7685
BFGS:   15 14:53:38       -5.532861        0.5383
BFGS:   16 14:53:38       -5.558656        0.5277
BFGS:   17 14:53:38       -5.574649        0.4791
BFGS:   18 14:53:38       -5.605399        0.5201
BFGS:   19 14:53:38       -5.624066        0.4529
BFGS:   20 14:53:38       -5.648902        0.6329
BFGS:   21 14:53:38       -5.687315        0.8495
BFGS:   22 14:53:38       -5.733007        0.9394
BFGS:   23 14:53:38       -5.781271        0.8748
BFGS:   24 14:53:38       -5.822851        0.6029
BFGS:   25 14:53:38       -5.840495        0.4996
BFGS:   26 14:53:38       -5.860803        0.3881
BFGS:   27 14:53:38       -5.878589        0.3115
BFGS:   28 14:53:38       -5.893048        0.2675
BFGS:   29 14:53:38       -5.899063        0.2807
BFGS:   30 14:53:38       -5.907819        0.2968
BFGS:   31 14:53:38       -5.919032        0.2681
BFGS:   32 14:53:38       -5.929303        0.3094
BFGS:   33 14:53:38       -5.936144        0.3145
BFGS:   34 14:53:38       -5.944202        0.2840
BFGS:   35 14:53:38       -5.954272        0.2857
BFGS:   36 14:53:38       -5.978546        0.4186
BFGS:   37 14:53:38       -6.014804        0.5865
BFGS:   38 14:53:38       -5.977741        1.2471
BFGS:   39 14:53:38       -6.064811        0.5315
BFGS:   40 14:53:38       -6.096649        0.4724
BFGS:   41 14:53:38       -6.216348        1.0029
BFGS:   42 14:53:38       -6.270506        0.9085
BFGS:   43 14:53:38       -6.323980        0.7274
BFGS:   44 14:53:38       -6.363673        0.6367
BFGS:   45 14:53:38       -6.444824        0.6929
BFGS:   46 14:53:38       -6.538983        0.7793
BFGS:   47 14:53:38       -6.614724        0.8194
BFGS:   48 14:53:38       -6.624640        0.6814
BFGS:   49 14:53:38       -6.660726        0.6445
BFGS:   50 14:53:38       -6.688886        0.5699
BFGS:   51 14:53:38       -6.727125        0.4029
BFGS:   52 14:53:38       -6.747707        0.3297
BFGS:   53 14:53:38       -6.753996        0.1881
BFGS:   54 14:53:38       -6.757285        0.1861
BFGS:   55 14:53:38       -6.762386        0.2048
BFGS:   56 14:53:38       -6.766478        0.2144
BFGS:   57 14:53:38       -6.771559        0.2634
BFGS:   58 14:53:38       -6.781316        0.3521
BFGS:   59 14:53:38       -6.808341        0.4801
BFGS:   60 14:53:38       -6.861298        0.6412
BFGS:   61 14:53:38       -6.668045        2.7865
BFGS:   62 14:53:38       -6.986827        1.5643
BFGS:   63 14:53:38       -7.224457        0.6127
BFGS:   64 14:53:38       -7.380696        0.8397
BFGS:   65 14:53:38       -7.412535        0.7152
BFGS:   66 14:53:38       -7.441113        0.7535
BFGS:   67 14:53:38       -7.487089        0.4838
BFGS:   68 14:53:38       -7.541476        0.3186
BFGS:   69 14:53:38       -7.554986        0.2927
BFGS:   70 14:53:38       -7.561946        0.2560
BFGS:   71 14:53:38       -7.565066        0.2678
BFGS:   72 14:53:38       -7.567512        0.2476
BFGS:   73 14:53:38       -7.569995        0.2308
BFGS:   74 14:53:38       -7.571657        0.2303
BFGS:   75 14:53:38       -7.572838        0.2197
BFGS:   76 14:53:38       -7.573627        0.2155
BFGS:   77 14:53:38       -7.574303        0.2096
BFGS:   78 14:53:38       -7.575335        0.2030
BFGS:   79 14:53:38       -7.576728        0.1906
BFGS:   80 14:53:38       -7.578107        0.1718
BFGS:   81 14:53:38       -7.579036        0.1479
BFGS:   82 14:53:38       -7.579570        0.1243
BFGS:   83 14:53:38       -7.579939        0.1000
BFGS:   84 14:53:38       -7.580401        0.0609
BFGS:   85 14:53:38       -7.580801        0.0285
      Step     Time          Energy         fmax
BFGS:    0 14:53:38       15.245199       37.9319
BFGS:    1 14:53:38        2.260507       14.4102
BFGS:    2 14:53:38       -1.166159       10.6620
BFGS:    3 14:53:38       -3.044708        3.8684
BFGS:    4 14:53:38       -3.741942        1.6700
BFGS:    5 14:53:38       -4.028045        0.6973
BFGS:    6 14:53:38       -4.109580        0.4972
BFGS:    7 14:53:38       -4.131573        0.5662
BFGS:    8 14:53:38       -4.145789        0.6018
BFGS:    9 14:53:38       -4.171134        0.6042
BFGS:   10 14:53:38       -4.205633        0.4691
BFGS:   11 14:53:38       -4.228362        0.3523
BFGS:   12 14:53:38       -4.249315        0.2586
BFGS:   13 14:53:38       -4.254535        0.2707
BFGS:   14 14:53:38       -4.262191        0.2700
BFGS:   15 14:53:38       -4.279934        0.3777
BFGS:   16 14:53:38       -4.293185        0.4456
BFGS:   17 14:53:38       -4.310112        0.4321
BFGS:   18 14:53:38       -4.326878        0.4010
BFGS:   19 14:53:38       -4.382770        0.5556
BFGS:   20 14:53:38       -4.455154        0.8401
BFGS:   21 14:53:38       -4.527353        1.0706
BFGS:   22 14:53:38       -4.596414        1.0865
BFGS:   23 14:53:38       -4.624639        0.9792
BFGS:   24 14:53:38       -4.717218        0.9532
BFGS:   25 14:53:38       -4.828433        0.8703
BFGS:   26 14:53:38       -4.916447        1.4634
BFGS:   27 14:53:38       -5.015356        1.2071
BFGS:   28 14:53:38       -5.099967        0.8990
BFGS:   29 14:53:38       -5.170772        1.1664
BFGS:   30 14:53:38       -5.210434        0.5056
BFGS:   31 14:53:38       -5.236527        0.5861
BFGS:   32 14:53:38       -5.310849        0.6546
BFGS:   33 14:53:38       -5.408321        0.8634
BFGS:   34 14:53:38       -5.509831        1.0769
BFGS:   35 14:53:38       -5.599979        0.9213
BFGS:   36 14:53:38       -5.690832        0.7756
BFGS:   37 14:53:38       -5.767326        1.0640
BFGS:   38 14:53:38       -5.836409        1.0642
BFGS:   39 14:53:38       -5.895084        0.9442
BFGS:   40 14:53:38       -5.956951        0.4656
BFGS:   41 14:53:38       -5.993385        0.4101
BFGS:   42 14:53:38       -6.018694        0.5843
BFGS:   43 14:53:38       -6.031300        0.4566
BFGS:   44 14:53:38       -6.061861        0.4417
BFGS:   45 14:53:38       -6.143584        0.6508
BFGS:   46 14:53:38       -6.179242        0.6573
BFGS:   47 14:53:38       -6.239169        0.5362
BFGS:   48 14:53:38       -6.262223        0.5650
BFGS:   49 14:53:38       -6.282221        0.5709
BFGS:   50 14:53:38       -6.302997        0.4669
BFGS:   51 14:53:38       -6.323502        0.4812
BFGS:   52 14:53:38       -6.336876        0.3799
BFGS:   53 14:53:38       -6.343133        0.2843
BFGS:   54 14:53:38       -6.349283        0.2437
BFGS:   55 14:53:38       -6.355828        0.2036
BFGS:   56 14:53:38       -6.359522        0.1245
BFGS:   57 14:53:38       -6.361112        0.1478
BFGS:   58 14:53:38       -6.362918        0.1522
BFGS:   59 14:53:38       -6.366501        0.1591
BFGS:   60 14:53:38       -6.373678        0.2162
BFGS:   61 14:53:38       -6.391346        0.3285
BFGS:   62 14:53:38       -6.430561        0.4388
BFGS:   63 14:53:38       -6.505366        0.5954
BFGS:   64 14:53:38       -6.587871        0.5433
BFGS:   65 14:53:38       -6.544597        1.0727
BFGS:   66 14:53:38       -6.620160        0.4792
BFGS:   67 14:53:38       -6.636285        0.4698
BFGS:   68 14:53:38       -6.684040        0.5828
BFGS:   69 14:53:38       -6.711017        0.5373
BFGS:   70 14:53:38       -6.741472        0.4334
BFGS:   71 14:53:38       -6.760175        0.3828
BFGS:   72 14:53:38       -6.786579        0.3890
BFGS:   73 14:53:38       -6.804694        0.4586
BFGS:   74 14:53:38       -6.830004        0.5316
BFGS:   75 14:53:38       -6.861865        0.5375
BFGS:   76 14:53:38       -6.883710        0.2964
BFGS:   77 14:53:38       -6.894730        0.2257
BFGS:   78 14:53:38       -6.911841        0.2983
BFGS:   79 14:53:38       -6.925951        0.4060
BFGS:   80 14:53:38       -6.939044        0.4717
BFGS:   81 14:53:38       -6.954664        0.4834
BFGS:   82 14:53:38       -6.979581        0.5360
BFGS:   83 14:53:38       -7.016780        0.6464
BFGS:   84 14:53:38       -7.040717        0.5708
BFGS:   85 14:53:38       -7.052909        0.4632
BFGS:   86 14:53:38       -7.057469        0.3825
BFGS:   87 14:53:38       -7.059275        0.3357
BFGS:   88 14:53:38       -7.060981        0.3372
BFGS:   89 14:53:38       -7.062623        0.3611
BFGS:   90 14:53:38       -7.064728        0.3826
BFGS:   91 14:53:38       -7.070871        0.4297
BFGS:   92 14:53:38       -7.084724        0.4876
BFGS:   93 14:53:38       -7.107492        0.4661
BFGS:   94 14:53:38       -7.123679        0.2785
BFGS:   95 14:53:38       -7.129176        0.0715
BFGS:   96 14:53:38       -7.129717        0.0636
BFGS:   97 14:53:38       -7.129993        0.0562
BFGS:   98 14:53:38       -7.130229        0.0467
      Step     Time          Energy         fmax
BFGS:    0 14:53:38       18.081934       36.8331
BFGS:    1 14:53:38        1.869303       11.7312
BFGS:    2 14:53:38       -1.877103        8.9285
BFGS:    3 14:53:38       -3.694661        3.1686
BFGS:    4 14:53:38       -4.347006        1.4423
BFGS:    5 14:53:38       -4.558430        0.5753
BFGS:    6 14:53:38       -4.615846        0.5059
BFGS:    7 14:53:38       -4.637795        0.4787
BFGS:    8 14:53:38       -4.663372        0.4553
BFGS:    9 14:53:38       -4.706376        0.5382
BFGS:   10 14:53:38       -4.747347        0.5989
BFGS:   11 14:53:38       -4.784559        0.6048
BFGS:   12 14:53:38       -4.850527        1.0445
BFGS:   13 14:53:38       -4.887021        0.9493
BFGS:   14 14:53:38       -5.033401        0.9251
BFGS:   15 14:53:38       -5.148865        0.8056
BFGS:   16 14:53:38       -5.167071        0.7801
BFGS:   17 14:53:38       -5.206092        0.7723
BFGS:   18 14:53:38       -5.269528        0.6511
BFGS:   19 14:53:38       -5.356826        0.5351
BFGS:   20 14:53:38       -5.375108        0.3869
BFGS:   21 14:53:38       -5.382026        0.2363
BFGS:   22 14:53:38       -5.385916        0.2231
BFGS:   23 14:53:38       -5.396994        0.2741
BFGS:   24 14:53:38       -5.404551        0.2915
BFGS:   25 14:53:38       -5.412115        0.3360
BFGS:   26 14:53:38       -5.429555        0.4564
BFGS:   27 14:53:38       -5.457854        0.5036
BFGS:   28 14:53:38       -5.499676        1.0393
BFGS:   29 14:53:38       -5.494697        1.6645
BFGS:   30 14:53:38       -5.583797        0.7700
BFGS:   31 14:53:38       -5.636692        0.6775
BFGS:   32 14:53:38       -5.712615        0.7096
BFGS:   33 14:53:38       -5.745750        0.5727
BFGS:   34 14:53:38       -5.802810        0.4096
BFGS:   35 14:53:38       -5.818582        0.3289
BFGS:   36 14:53:38       -5.831644        0.2241
BFGS:   37 14:53:38       -5.835305        0.2321
BFGS:   38 14:53:38       -5.844936        0.1844
BFGS:   39 14:53:38       -5.849418        0.1522
BFGS:   40 14:53:38       -5.852159        0.1330
BFGS:   41 14:53:38       -5.853529        0.1360
BFGS:   42 14:53:38       -5.855728        0.1527
BFGS:   43 14:53:38       -5.860592        0.1997
BFGS:   44 14:53:38       -5.876496        0.3369
BFGS:   45 14:53:38       -5.910175        0.6042
BFGS:   46 14:53:38       -5.984614        0.6242
BFGS:   47 14:53:38       -6.037584        0.6494
BFGS:   48 14:53:38       -6.058929        0.5653
BFGS:   49 14:53:38       -6.098584        0.4268
BFGS:   50 14:53:38       -6.138388        0.4105
BFGS:   51 14:53:38       -6.151815        0.4683
BFGS:   52 14:53:38       -6.162026        0.4459
BFGS:   53 14:53:38       -6.178975        0.4993
BFGS:   54 14:53:38       -6.202326        0.3757
BFGS:   55 14:53:38       -6.223119        0.2861
BFGS:   56 14:53:38       -6.232190        0.1739
BFGS:   57 14:53:38       -6.234211        0.1062
BFGS:   58 14:53:38       -6.234932        0.1050
BFGS:   59 14:53:38       -6.236133        0.0701
BFGS:   60 14:53:38       -6.236727        0.0507
BFGS:   61 14:53:38       -6.237002        0.0525
BFGS:   62 14:53:38       -6.237422        0.0597
BFGS:   63 14:53:38       -6.238180        0.0668
BFGS:   64 14:53:38       -6.239489        0.1033
BFGS:   65 14:53:38       -6.241321        0.1379
BFGS:   66 14:53:38       -6.243427        0.1585
BFGS:   67 14:53:38       -6.245819        0.1735
BFGS:   68 14:53:38       -6.251376        0.2334
BFGS:   69 14:53:38       -6.263900        0.3441
BFGS:   70 14:53:38       -6.034269        2.4317
BFGS:   71 14:53:38       -6.301322        0.3345
BFGS:   72 14:53:38       -6.347950        0.4173
BFGS:   73 14:53:38       -6.440614        0.5718
BFGS:   74 14:53:38       -6.582770        0.7966
BFGS:   75 14:53:38       -6.753745        0.7330
BFGS:   76 14:53:38       -6.691835        1.6893
BFGS:   77 14:53:38       -6.792807        0.6648
BFGS:   78 14:53:38       -6.817209        0.5125
BFGS:   79 14:53:39       -6.851121        0.4082
BFGS:   80 14:53:39       -6.869767        0.3687
BFGS:   81 14:53:39       -6.891988        0.2655
BFGS:   82 14:53:39       -6.904166        0.2206
BFGS:   83 14:53:39       -6.912352        0.1894
BFGS:   84 14:53:39       -6.917696        0.1784
BFGS:   85 14:53:39       -6.920388        0.1630
BFGS:   86 14:53:39       -6.922175        0.1600
BFGS:   87 14:53:39       -6.924912        0.1853
BFGS:   88 14:53:39       -6.930310        0.2691
BFGS:   89 14:53:39       -6.945035        0.4402
BFGS:   90 14:53:39       -6.955380        0.5885
BFGS:   91 14:53:39       -6.972706        0.4385
BFGS:   92 14:53:39       -6.985302        0.3816
BFGS:   93 14:53:39       -7.008646        0.5430
BFGS:   94 14:53:39       -7.023043        0.2420
BFGS:   95 14:53:39       -7.032922        0.2420
BFGS:   96 14:53:39       -7.060825        0.2545
BFGS:   97 14:53:39       -7.068807        0.2785
BFGS:   98 14:53:39       -7.071237        0.2782
BFGS:   99 14:53:39       -7.073464        0.2891
BFGS:  100 14:53:39       -7.077141        0.3142
BFGS:  101 14:53:39       -7.084291        0.3263
BFGS:  102 14:53:39       -7.098601        0.3076
BFGS:  103 14:53:39       -7.120318        0.2723
BFGS:  104 14:53:39       -7.127958        0.1050
BFGS:  105 14:53:39       -7.130247        0.0633
BFGS:  106 14:53:39       -7.131075        0.0323
      Step     Time          Energy         fmax
BFGS:    0 14:53:39       16.300714       37.8473
BFGS:    1 14:53:39        0.659228       15.1265
BFGS:    2 14:53:39       -2.220889       10.6316
BFGS:    3 14:53:39       -3.936175        3.7717
BFGS:    4 14:53:39       -4.525303        1.8784
BFGS:    5 14:53:39       -4.831357        0.7793
BFGS:    6 14:53:39       -4.913536        0.7154
BFGS:    7 14:53:39       -4.942450        0.7099
BFGS:    8 14:53:39       -4.969975        0.6999
BFGS:    9 14:53:39       -5.021085        0.6546
BFGS:   10 14:53:39       -5.069183        0.7903
BFGS:   11 14:53:39       -5.105272        0.8102
BFGS:   12 14:53:39       -5.156060        0.5915
BFGS:   13 14:53:39       -5.172304        0.6273
BFGS:   14 14:53:39       -5.213151        0.4681
BFGS:   15 14:53:39       -5.243448        0.2856
BFGS:   16 14:53:39       -5.253446        0.3294
BFGS:   17 14:53:39       -5.260581        0.3998
BFGS:   18 14:53:39       -5.274032        0.4312
BFGS:   19 14:53:39       -5.285522        0.3334
BFGS:   20 14:53:39       -5.293830        0.2046
BFGS:   21 14:53:39       -5.295159        0.1391
BFGS:   22 14:53:39       -5.296807        0.1249
BFGS:   23 14:53:39       -5.299966        0.1091
BFGS:   24 14:53:39       -5.301386        0.1003
BFGS:   25 14:53:39       -5.302220        0.0848
BFGS:   26 14:53:39       -5.303066        0.0778
BFGS:   27 14:53:39       -5.304088        0.0725
BFGS:   28 14:53:39       -5.305150        0.0963
BFGS:   29 14:53:39       -5.305977        0.0937
BFGS:   30 14:53:39       -5.306791        0.1073
BFGS:   31 14:53:39       -5.308040        0.1224
BFGS:   32 14:53:39       -5.310046        0.1221
BFGS:   33 14:53:39       -5.312780        0.1837
BFGS:   34 14:53:39       -5.316171        0.2454
BFGS:   35 14:53:39       -5.320833        0.2896
BFGS:   36 14:53:39       -5.330052        0.3476
BFGS:   37 14:53:39       -5.348837        0.5002
BFGS:   38 14:53:39       -5.370428        0.6208
BFGS:   39 14:53:39       -5.393978        0.7221
BFGS:   40 14:53:39       -5.419357        0.9380
BFGS:   41 14:53:39       -5.442341        1.1406
BFGS:   42 14:53:39       -5.517732        1.1532
BFGS:   43 14:53:39       -5.682203        1.0621
BFGS:   44 14:53:39       -5.662926        2.0403
BFGS:   45 14:53:39       -5.795456        0.7086
BFGS:   46 14:53:39       -5.824062        0.7355
BFGS:   47 14:53:39       -5.858971        0.9850
BFGS:   48 14:53:39       -5.912058        1.2952
BFGS:   49 14:53:39       -5.957240        1.2345
BFGS:   50 14:53:39       -6.057873        1.0255
BFGS:   51 14:53:39       -6.102998        1.1043
BFGS:   52 14:53:39       -6.164653        1.3098
BFGS:   53 14:53:39       -6.198432        1.2895
BFGS:   54 14:53:39       -6.312826        1.1321
BFGS:   55 14:53:39       -6.296529        1.6088
BFGS:   56 14:53:39       -6.369455        0.8355
BFGS:   57 14:53:39       -6.442205        0.7255
BFGS:   58 14:53:39       -6.473629        0.6928
BFGS:   59 14:53:39       -6.503382        0.5164
BFGS:   60 14:53:39       -6.536254        0.4698
BFGS:   61 14:53:39       -6.598272        0.7975
BFGS:   62 14:53:39       -6.622351        0.3955
BFGS:   63 14:53:39       -6.639210        0.3836
BFGS:   64 14:53:39       -6.666627        0.5359
BFGS:   65 14:53:39       -6.686692        0.4420
BFGS:   66 14:53:39       -6.732509        0.5618
BFGS:   67 14:53:39       -6.763278        0.6733
BFGS:   68 14:53:39       -6.799235        0.8654
BFGS:   69 14:53:39       -6.826902        0.8303
BFGS:   70 14:53:39       -6.873229        0.7316
BFGS:   71 14:53:39       -6.947257        0.5067
BFGS:   72 14:53:39       -7.022899        0.5474
BFGS:   73 14:53:39       -7.041994        0.5276
BFGS:   74 14:53:39       -7.065360        0.4503
BFGS:   75 14:53:39       -7.082045        0.3737
BFGS:   76 14:53:39       -7.103807        0.2935
BFGS:   77 14:53:39       -7.114238        0.2270
BFGS:   78 14:53:39       -7.123232        0.1773
BFGS:   79 14:53:39       -7.127813        0.1009
BFGS:   80 14:53:39       -7.129726        0.0696
BFGS:   81 14:53:39       -7.129842        0.0676
BFGS:   82 14:53:39       -7.129953        0.0657
BFGS:   83 14:53:39       -7.130116        0.0607
BFGS:   84 14:53:39       -7.130430        0.0523
BFGS:   85 14:53:39       -7.130604        0.0449
      Step     Time          Energy         fmax
BFGS:    0 14:53:39       14.682104       38.0404
BFGS:    1 14:53:39       -0.626089       10.5818
BFGS:    2 14:53:39       -3.141370        6.4008
BFGS:    3 14:53:39       -4.428420        2.9204
BFGS:    4 14:53:39       -4.942030        1.5055
BFGS:    5 14:53:39       -5.149983        0.6964
BFGS:    6 14:53:39       -5.224658        0.5935
BFGS:    7 14:53:39       -5.272028        0.6639
BFGS:    8 14:53:39       -5.324949        0.7516
BFGS:    9 14:53:39       -5.384007        0.8221
BFGS:   10 14:53:39       -5.445144        0.8485
BFGS:   11 14:53:39       -5.525880        1.1085
BFGS:   12 14:53:39       -5.602064        1.0220
BFGS:   13 14:53:39       -5.767332        1.2047
BFGS:   14 14:53:39       -5.810140        1.7445
BFGS:   15 14:53:39       -5.942504        0.5301
BFGS:   16 14:53:39       -5.970082        0.4218
BFGS:   17 14:53:39       -5.989210        0.4613
BFGS:   18 14:53:39       -6.004669        0.4753
BFGS:   19 14:53:39       -6.070575        0.5128
BFGS:   20 14:53:39       -6.089547        0.5115
BFGS:   21 14:53:39       -6.139595        0.4594
BFGS:   22 14:53:39       -6.185076        0.6506
BFGS:   23 14:53:39       -6.208241        0.8835
BFGS:   24 14:53:39       -6.257275        0.5887
BFGS:   25 14:53:39       -6.287941        0.5443
BFGS:   26 14:53:39       -6.321870        0.6485
BFGS:   27 14:53:39       -6.353899        0.3362
BFGS:   28 14:53:39       -6.365855        0.3325
BFGS:   29 14:53:39       -6.390670        0.3509
BFGS:   30 14:53:39       -6.401985        0.2976
BFGS:   31 14:53:39       -6.411116        0.2177
BFGS:   32 14:53:39       -6.416209        0.1963
BFGS:   33 14:53:39       -6.422314        0.2255
BFGS:   34 14:53:39       -6.427050        0.2576
BFGS:   35 14:53:39       -6.434208        0.2853
BFGS:   36 14:53:39       -6.446326        0.3305
BFGS:   37 14:53:39       -6.475745        0.5741
BFGS:   38 14:53:39       -6.513242        0.7758
BFGS:   39 14:53:39       -6.541955        0.9582
BFGS:   40 14:53:39       -6.552231        1.0923
BFGS:   41 14:53:39       -6.581762        1.0201
BFGS:   42 14:53:39       -6.660412        1.0058
BFGS:   43 14:53:39       -6.693363        1.0619
BFGS:   44 14:53:39       -6.721722        0.9908
BFGS:   45 14:53:39       -6.752317        1.0525
BFGS:   46 14:53:39       -6.777083        1.0317
BFGS:   47 14:53:39       -6.842259        0.6893
BFGS:   48 14:53:39       -6.870023        0.5808
BFGS:   49 14:53:39       -6.887679        0.4945
BFGS:   50 14:53:39       -6.912546        0.3882
BFGS:   51 14:53:39       -6.948546        0.5336
BFGS:   52 14:53:39       -6.983378        0.5839
BFGS:   53 14:53:39       -7.024901        0.4730
BFGS:   54 14:53:39       -7.053170        0.4142
BFGS:   55 14:53:39       -7.070626        0.4598
BFGS:   56 14:53:39       -7.090257        0.5355
BFGS:   57 14:53:39       -7.112985        0.4601
BFGS:   58 14:53:39       -7.135472        0.2969
BFGS:   59 14:53:39       -7.146205        0.1756
BFGS:   60 14:53:39       -7.149011        0.1483
BFGS:   61 14:53:39       -7.150387        0.1169
BFGS:   62 14:53:39       -7.152391        0.0914
BFGS:   63 14:53:39       -7.154693        0.0862
BFGS:   64 14:53:39       -7.155793        0.0724
BFGS:   65 14:53:39       -7.156314        0.0640
BFGS:   66 14:53:39       -7.156544        0.0622
BFGS:   67 14:53:39       -7.156932        0.0611
BFGS:   68 14:53:39       -7.157505        0.0640
BFGS:   69 14:53:39       -7.158076        0.0540
BFGS:   70 14:53:39       -7.158333        0.0343
      Step     Time          Energy         fmax
BFGS:    0 14:53:39       15.893614       30.0782
BFGS:    1 14:53:39        2.068880       15.3978
BFGS:    2 14:53:39       -1.669535        7.9176
BFGS:    3 14:53:39       -3.258068        2.9329
BFGS:    4 14:53:39       -3.637079        1.7717
BFGS:    5 14:53:39       -3.870869        0.8420
BFGS:    6 14:53:39       -3.924307        0.5015
BFGS:    7 14:53:39       -3.950027        0.4674
BFGS:    8 14:53:39       -3.980897        0.5464
BFGS:    9 14:53:39       -4.030648        0.6236
BFGS:   10 14:53:39       -4.091719        0.9847
BFGS:   11 14:53:39       -4.187787        1.3371
BFGS:   12 14:53:39       -4.228594        0.7021
BFGS:   13 14:53:39       -4.262863        0.5412
BFGS:   14 14:53:39       -4.345343        1.1502
BFGS:   15 14:53:39       -4.383836        0.5512
BFGS:   16 14:53:39       -4.403906        0.5210
BFGS:   17 14:53:39       -4.442733        1.0382
BFGS:   18 14:53:39       -4.494248        0.4897
BFGS:   19 14:53:39       -4.523377        0.4738
BFGS:   20 14:53:39       -4.560445        0.5861
BFGS:   21 14:53:39       -4.579231        0.4975
BFGS:   22 14:53:39       -4.618576        0.4550
BFGS:   23 14:53:39       -4.638836        0.4224
BFGS:   24 14:53:39       -4.692715        0.5953
BFGS:   25 14:53:39       -4.719081        0.7249
BFGS:   26 14:53:39       -4.823403        1.0454
BFGS:   27 14:53:39       -4.800902        1.5032
BFGS:   28 14:53:39       -4.862829        1.3092
BFGS:   29 14:53:39       -4.887700        1.1024
BFGS:   30 14:53:39       -4.948324        1.4032
BFGS:   31 14:53:39       -5.019274        1.0221
BFGS:   32 14:53:39       -5.176447        1.6308
BFGS:   33 14:53:39       -5.218527        0.9818
BFGS:   34 14:53:39       -5.249885        0.7919
BFGS:   35 14:53:39       -5.276122        0.7430
BFGS:   36 14:53:39       -5.309174        0.6254
BFGS:   37 14:53:39       -5.338156        0.4642
BFGS:   38 14:53:39       -5.361783        0.4103
BFGS:   39 14:53:39       -5.386855        0.4893
BFGS:   40 14:53:39       -5.395808        0.4866
BFGS:   41 14:53:39       -5.422687        0.4396
BFGS:   42 14:53:39       -5.443056        0.4128
BFGS:   43 14:53:39       -5.459496        0.3291
BFGS:   44 14:53:39       -5.466313        0.2255
BFGS:   45 14:53:39       -5.472643        0.2585
BFGS:   46 14:53:39       -5.478862        0.2782
BFGS:   47 14:53:39       -5.488269        0.2725
BFGS:   48 14:53:39       -5.504994        0.3264
BFGS:   49 14:53:39       -5.526139        0.5126
BFGS:   50 14:53:39       -5.556582        0.5949
BFGS:   51 14:53:39       -5.621930        0.9310
BFGS:   52 14:53:39       -5.742707        0.9747
BFGS:   53 14:53:39       -5.590086        2.5261
BFGS:   54 14:53:39       -5.797819        0.8848
BFGS:   55 14:53:39       -5.834283        0.8824
BFGS:   56 14:53:39       -5.917604        1.4154
BFGS:   57 14:53:39       -5.998660        0.8673
BFGS:   58 14:53:39       -6.071769        0.9805
BFGS:   59 14:53:39       -6.333305        1.3526
BFGS:   60 14:53:39       -6.462986        1.3009
BFGS:   61 14:53:39       -6.561912        0.6368
BFGS:   62 14:53:39       -6.615426        0.8057
BFGS:   63 14:53:39       -6.678761        0.8414
BFGS:   64 14:53:39       -6.731585        0.5931
BFGS:   65 14:53:39       -6.757525        0.4254
BFGS:   66 14:53:39       -6.770828        0.4258
BFGS:   67 14:53:39       -6.787777        0.6704
BFGS:   68 14:53:39       -6.816866        0.4558
BFGS:   69 14:53:39       -6.853942        0.3471
BFGS:   70 14:53:39       -6.891785        0.6619
BFGS:   71 14:53:39       -6.934082        0.5418
BFGS:   72 14:53:39       -7.001683        0.9717
BFGS:   73 14:53:39       -7.061313        1.2364
BFGS:   74 14:53:39       -7.120535        0.6401
BFGS:   75 14:53:39       -7.090487        0.9535
BFGS:   76 14:53:39       -7.179460        0.5090
BFGS:   77 14:53:39       -7.201859        0.4448
BFGS:   78 14:53:39       -7.249477        0.4329
BFGS:   79 14:53:39       -7.268459        0.3474
BFGS:   80 14:53:39       -7.288398        0.2860
BFGS:   81 14:53:39       -7.297192        0.2021
BFGS:   82 14:53:39       -7.302389        0.2195
BFGS:   83 14:53:39       -7.307976        0.2063
BFGS:   84 14:53:39       -7.310840        0.1809
BFGS:   85 14:53:39       -7.314129        0.1189
BFGS:   86 14:53:39       -7.315956        0.0749
BFGS:   87 14:53:39       -7.316860        0.0465
