      Step     Time          Energy         fmax
BFGS:    0 14:54:00       18.261897       40.7780
BFGS:    1 14:54:00        0.839785       17.0441
BFGS:    2 14:54:00       -2.618392       11.5516
BFGS:    3 14:54:00       -5.020255        3.6654
BFGS:    4 14:54:00       -5.727503        2.0827
BFGS:    5 14:54:00       -6.050272        1.0449
BFGS:    6 14:54:00       -6.155632        0.7168
BFGS:    7 14:54:00       -6.211013        0.6643
BFGS:    8 14:54:00       -6.269424        0.6075
BFGS:    9 14:54:00       -6.341785        0.6421
BFGS:   10 14:54:00       -6.428870        0.8059
BFGS:   11 14:54:00       -6.517207        1.0290
BFGS:   12 14:54:00       -6.556137        0.7239
BFGS:   13 14:54:00       -6.668947        0.6924
BFGS:   14 14:54:00       -6.767656        0.6501
BFGS:   15 14:54:00       -6.792845        0.6300
BFGS:   16 14:54:00       -6.816177        0.5966
BFGS:   17 14:54:00       -6.866339        0.3091
BFGS:   18 14:54:00       -6.876543        0.3107
BFGS:   19 14:54:00       -6.891436        0.3504
BFGS:   20 14:54:00       -6.901174        0.3055
BFGS:   21 14:54:00       -6.913677        0.2257
BFGS:   22 14:54:00       -6.922234        0.2198
BFGS:   23 14:54:00       -6.928770        0.2553
BFGS:   24 14:54:00       -6.936480        0.3516
BFGS:   25 14:54:00       -6.949729        0.3991
BFGS:   26 14:54:00       -6.967512        0.3644
BFGS:   27 14:54:00       -6.989101        0.4431
BFGS:   28 14:54:00       -7.020697        0.6348
BFGS:   29 14:54:00       -7.075676        0.8585
BFGS:   30 14:54:00       -7.105242        1.0050
BFGS:   31 14:54:00       -7.185516        1.1697
BFGS:   32 14:54:00       -7.259326        0.7402
BFGS:   33 14:54:00       -7.332526        0.5549
BFGS:   34 14:54:00       -7.361593        0.3898
BFGS:   35 14:54:00       -7.383858        0.4151
BFGS:   36 14:54:00       -7.407433        0.4074
BFGS:   37 14:54:00       -7.448756        0.4503
BFGS:   38 14:54:00       -7.499155        0.5115
BFGS:   39 14:54:00       -7.579692        0.7344
BFGS:   40 14:54:00       -7.658335        0.9553
BFGS:   41 14:54:00       -7.685151        1.1833
BFGS:   42 14:54:00       -7.743733        0.8122
BFGS:   43 14:54:00       -7.797442        0.7653
BFGS:   44 14:54:00       -7.898741        0.7754
BFGS:   45 14:54:00       -7.952129        0.6227
BFGS:   46 14:54:00       -8.042595        0.6127
BFGS:   47 14:54:00       -8.112682        0.6812
BFGS:   48 14:54:00       -8.161112        0.6463
BFGS:   49 14:54:00       -8.214500        0.6770
BFGS:   50 14:54:00       -8.242519        0.5935
BFGS:   51 14:54:00       -8.273479        0.3518
BFGS:   52 14:54:00       -8.297802        0.3211
BFGS:   53 14:54:00       -8.316637        0.3300
BFGS:   54 14:54:00       -8.339987        0.3629
BFGS:   55 14:54:00       -8.351709        0.2827
BFGS:   56 14:54:00       -8.364189        0.3377
BFGS:   57 14:54:00       -8.380339        0.4220
BFGS:   58 14:54:00       -8.403076        0.4230
BFGS:   59 14:54:00       -8.424354        0.4602
BFGS:   60 14:54:00       -8.441132        0.4560
BFGS:   61 14:54:00       -8.453985        0.3571
BFGS:   62 14:54:00       -8.469208        0.2947
BFGS:   63 14:54:00       -8.478905        0.3021
BFGS:   64 14:54:00       -8.484939        0.3007
BFGS:   65 14:54:00       -8.490748        0.2895
BFGS:   66 14:54:00       -8.500229        0.2940
BFGS:   67 14:54:00       -8.517775        0.3170
BFGS:   68 14:54:00       -8.526615        0.2877
BFGS:   69 14:54:00       -8.530764        0.2856
BFGS:   70 14:54:00       -8.535284        0.2389
BFGS:   71 14:54:00       -8.541329        0.2206
BFGS:   72 14:54:00       -8.552149        0.3487
BFGS:   73 14:54:00       -8.565052        0.3994
BFGS:   74 14:54:00       -8.575787        0.4002
BFGS:   75 14:54:00       -8.582284        0.3310
BFGS:   76 14:54:00       -8.587705        0.2790
BFGS:   77 14:54:00       -8.594885        0.2099
BFGS:   78 14:54:00       -8.602556        0.1477
BFGS:   79 14:54:00       -8.607100        0.1201
BFGS:   80 14:54:00       -8.609377        0.0979
BFGS:   81 14:54:00       -8.610215        0.0904
BFGS:   82 14:54:00       -8.611355        0.0788
BFGS:   83 14:54:00       -8.612772        0.0580
BFGS:   84 14:54:00       -8.613830        0.0336
      Step     Time          Energy         fmax
BFGS:    0 14:54:01       18.694884       47.6345
BFGS:    1 14:54:01       -0.799938       15.3984
BFGS:    2 14:54:01       -3.961107        9.7242
BFGS:    3 14:54:01       -6.017097        2.7333
BFGS:    4 14:54:01       -6.561877        1.5241
BFGS:    5 14:54:01       -6.854157        0.8485
BFGS:    6 14:54:01       -6.943707        0.8188
BFGS:    7 14:54:01       -6.998356        0.8650
BFGS:    8 14:54:01       -7.059623        0.8689
BFGS:    9 14:54:01       -7.127432        0.8011
BFGS:   10 14:54:01       -7.203113        0.9113
BFGS:   11 14:54:01       -7.284318        0.6812
BFGS:   12 14:54:01       -7.304388        0.5760
BFGS:   13 14:54:01       -7.354091        0.4878
BFGS:   14 14:54:01       -7.401208        0.5884
BFGS:   15 14:54:01       -7.433669        0.6388
BFGS:   16 14:54:01       -7.463613        0.5906
BFGS:   17 14:54:01       -7.496226        0.4198
BFGS:   18 14:54:01       -7.530472        0.4440
BFGS:   19 14:54:01       -7.543962        0.4301
BFGS:   20 14:54:01       -7.569044        0.4443
BFGS:   21 14:54:01       -7.622274        0.6778
BFGS:   22 14:54:01       -7.690982        1.0600
BFGS:   23 14:54:01       -7.763715        1.3118
BFGS:   24 14:54:01       -7.841235        1.0444
BFGS:   25 14:54:01       -7.939274        0.8433
BFGS:   26 14:54:01       -8.042774        0.9363
BFGS:   27 14:54:01       -8.140153        1.0045
BFGS:   28 14:54:01       -8.239780        0.9685
BFGS:   29 14:54:01       -8.294868        0.7484
BFGS:   30 14:54:01       -8.341795        0.8272
BFGS:   31 14:54:01       -8.392998        0.7213
BFGS:   32 14:54:01       -8.436238        0.4408
BFGS:   33 14:54:01       -8.475595        0.4322
BFGS:   34 14:54:01       -8.489795        0.4197
BFGS:   35 14:54:01       -8.501108        0.4792
BFGS:   36 14:54:01       -8.523494        0.6011
BFGS:   37 14:54:01       -8.584911        0.5579
BFGS:   38 14:54:01       -8.600760        0.2621
BFGS:   39 14:54:01       -8.609899        0.2631
BFGS:   40 14:54:01       -8.615901        0.2481
BFGS:   41 14:54:01       -8.622127        0.1841
BFGS:   42 14:54:01       -8.628100        0.1127
BFGS:   43 14:54:01       -8.629583        0.1084
BFGS:   44 14:54:01       -8.630177        0.1027
BFGS:   45 14:54:01       -8.631131        0.0865
BFGS:   46 14:54:01       -8.632387        0.0575
BFGS:   47 14:54:01       -8.633466        0.0684
BFGS:   48 14:54:01       -8.634109        0.0765
BFGS:   49 14:54:01       -8.634611        0.0878
BFGS:   50 14:54:01       -8.635339        0.0929
BFGS:   51 14:54:01       -8.636408        0.0807
BFGS:   52 14:54:01       -8.637292        0.0560
BFGS:   53 14:54:01       -8.637623        0.0263
      Step     Time          Energy         fmax
BFGS:    0 14:54:01       19.216395       40.5318
BFGS:    1 14:54:01       -0.854349       12.8327
BFGS:    2 14:54:01       -3.585340        5.0532
BFGS:    3 14:54:01       -4.787111        2.7990
BFGS:    4 14:54:01       -5.285841        1.4044
BFGS:    5 14:54:01       -5.469359        0.9364
BFGS:    6 14:54:01       -5.542227        0.7285
BFGS:    7 14:54:01       -5.584438        0.5493
BFGS:    8 14:54:01       -5.630696        0.6164
BFGS:    9 14:54:01       -5.700998        0.6135
BFGS:   10 14:54:01       -5.780329        0.6300
BFGS:   11 14:54:01       -5.821946        0.5741
BFGS:   12 14:54:01       -5.890101        0.7582
BFGS:   13 14:54:01       -5.927880        0.6718
BFGS:   14 14:54:01       -6.018207        0.5098
BFGS:   15 14:54:01       -6.051335        0.4219
BFGS:   16 14:54:01       -6.068517        0.4308
BFGS:   17 14:54:01       -6.093940        0.4219
BFGS:   18 14:54:01       -6.128809        0.4822
BFGS:   19 14:54:01       -6.160691        0.5068
BFGS:   20 14:54:01       -6.186343        0.6012
BFGS:   21 14:54:01       -6.218931        0.8045
BFGS:   22 14:54:01       -6.274075        0.9416
BFGS:   23 14:54:01       -6.330881        0.6534
BFGS:   24 14:54:01       -6.360850        0.6302
BFGS:   25 14:54:01       -6.380804        0.4613
BFGS:   26 14:54:01       -6.397212        0.3888
BFGS:   27 14:54:01       -6.429348        0.3431
BFGS:   28 14:54:01       -6.448994        0.3900
BFGS:   29 14:54:01       -6.461183        0.3445
BFGS:   30 14:54:01       -6.473757        0.3853
BFGS:   31 14:54:01       -6.494448        0.5901
BFGS:   32 14:54:01       -6.521916        0.8218
BFGS:   33 14:54:01       -6.566089        1.1365
BFGS:   34 14:54:01       -6.606366        1.1133
BFGS:   35 14:54:01       -6.643374        0.7787
BFGS:   36 14:54:01       -6.692130        0.5976
BFGS:   37 14:54:01       -6.716446        0.3393
BFGS:   38 14:54:01       -6.724578        0.3079
BFGS:   39 14:54:01       -6.729648        0.2549
BFGS:   40 14:54:01       -6.735511        0.1997
BFGS:   41 14:54:01       -6.739069        0.1479
BFGS:   42 14:54:01       -6.743050        0.0968
BFGS:   43 14:54:01       -6.743928        0.0979
BFGS:   44 14:54:01       -6.744636        0.0951
BFGS:   45 14:54:01       -6.746097        0.1243
BFGS:   46 14:54:01       -6.748897        0.1618
BFGS:   47 14:54:01       -6.753119        0.1769
BFGS:   48 14:54:01       -6.758022        0.2218
BFGS:   49 14:54:01       -6.763669        0.2357
BFGS:   50 14:54:01       -6.772144        0.3038
BFGS:   51 14:54:01       -6.787896        0.5269
BFGS:   52 14:54:01       -6.817292        0.7619
BFGS:   53 14:54:01       -6.864923        0.7520
BFGS:   54 14:54:01       -6.935101        0.9195
BFGS:   55 14:54:01       -7.015433        1.0394
BFGS:   56 14:54:01       -7.082541        0.8604
BFGS:   57 14:54:01       -7.099784        1.1160
BFGS:   58 14:54:01       -7.185529        0.8663
BFGS:   59 14:54:01       -7.230399        0.8568
BFGS:   60 14:54:01       -7.336257        0.8331
BFGS:   61 14:54:01       -7.462405        1.0805
BFGS:   62 14:54:01       -7.544406        0.5340
BFGS:   63 14:54:01       -7.662410        0.8996
BFGS:   64 14:54:01       -7.704549        0.5278
BFGS:   65 14:54:01       -7.731266        0.5264
BFGS:   66 14:54:01       -7.778178        0.6583
BFGS:   67 14:54:01       -7.812908        0.5284
BFGS:   68 14:54:01       -7.858957        0.4879
BFGS:   69 14:54:01       -7.876633        0.4241
BFGS:   70 14:54:01       -7.890366        0.3865
BFGS:   71 14:54:01       -7.912733        0.3467
BFGS:   72 14:54:01       -7.923530        0.2743
BFGS:   73 14:54:01       -7.938253        0.2795
BFGS:   74 14:54:01       -7.949503        0.3752
BFGS:   75 14:54:01       -7.990321        0.4531
BFGS:   76 14:54:01       -8.060107        0.5809
BFGS:   77 14:54:01       -8.125313        0.8582
BFGS:   78 14:54:01       -8.164661        0.9962
BFGS:   79 14:54:01       -8.203615        0.9245
BFGS:   80 14:54:01       -8.289343        0.6961
BFGS:   81 14:54:01       -8.316215        0.6661
BFGS:   82 14:54:01       -8.339570        1.0522
BFGS:   83 14:54:01       -8.389592        0.4955
BFGS:   84 14:54:01       -8.413450        0.4517
BFGS:   85 14:54:01       -8.467585        0.4217
BFGS:   86 14:54:01       -8.502193        0.5191
BFGS:   87 14:54:01       -8.521899        0.3314
BFGS:   88 14:54:01       -8.546403        0.4066
BFGS:   89 14:54:01       -8.567922        0.3199
BFGS:   90 14:54:01       -8.590211        0.2251
BFGS:   91 14:54:01       -8.595287        0.1410
BFGS:   92 14:54:01       -8.598022        0.1272
BFGS:   93 14:54:01       -8.600197        0.1117
BFGS:   94 14:54:01       -8.603595        0.1402
BFGS:   95 14:54:01       -8.605670        0.1156
BFGS:   96 14:54:01       -8.607850        0.0832
BFGS:   97 14:54:01       -8.609350        0.0850
BFGS:   98 14:54:01       -8.610281        0.0848
BFGS:   99 14:54:01       -8.610892        0.0791
BFGS:  100 14:54:01       -8.611412        0.0686
BFGS:  101 14:54:01       -8.612016        0.0652
BFGS:  102 14:54:01       -8.612798        0.0846
BFGS:  103 14:54:01       -8.613624        0.0774
BFGS:  104 14:54:01       -8.614205        0.0402
      Step     Time          Energy         fmax
BFGS:    0 14:54:01       18.496684       51.4453
BFGS:    1 14:54:01        0.925816       16.3325
BFGS:    2 14:54:01       -2.866430       14.7526
BFGS:    3 14:54:01       -5.989766        4.3937
BFGS:    4 14:54:01       -6.607333        2.2781
BFGS:    5 14:54:01       -6.954977        0.9460
BFGS:    6 14:54:01       -7.034023        0.6252
BFGS:    7 14:54:01       -7.071167        0.6974
BFGS:    8 14:54:01       -7.128452        0.7475
BFGS:    9 14:54:01       -7.243888        0.9121
BFGS:   10 14:54:01       -7.350716        1.1631
BFGS:   11 14:54:01       -7.480961        0.7228
BFGS:   12 14:54:01       -7.551914        0.8912
BFGS:   13 14:54:01       -7.579830        0.8301
BFGS:   14 14:54:01       -7.642127        0.6883
BFGS:   15 14:54:01       -7.654706        0.5185
BFGS:   16 14:54:01       -7.683507        0.4287
BFGS:   17 14:54:01       -7.721827        0.3955
BFGS:   18 14:54:01       -7.748741        0.5066
BFGS:   19 14:54:01       -7.767709        0.5394
BFGS:   20 14:54:01       -7.816365        0.9570
BFGS:   21 14:54:01       -7.863719        1.0034
BFGS:   22 14:54:01       -7.926426        0.6068
BFGS:   23 14:54:01       -7.970941        0.4724
BFGS:   24 14:54:01       -7.989614        0.6252
BFGS:   25 14:54:01       -8.018235        0.5862
BFGS:   26 14:54:01       -8.074749        0.5700
BFGS:   27 14:54:01       -8.138328        0.5038
BFGS:   28 14:54:01       -8.165156        0.3885
BFGS:   29 14:54:01       -8.175589        0.2467
BFGS:   30 14:54:01       -8.178911        0.2220
BFGS:   31 14:54:01       -8.190890        0.1361
BFGS:   32 14:54:01       -8.192828        0.1250
BFGS:   33 14:54:01       -8.195715        0.1330
BFGS:   34 14:54:01       -8.198543        0.1344
BFGS:   35 14:54:01       -8.202313        0.1173
BFGS:   36 14:54:01       -8.204730        0.0820
BFGS:   37 14:54:01       -8.205723        0.0667
BFGS:   38 14:54:01       -8.206077        0.0603
BFGS:   39 14:54:01       -8.206523        0.0593
BFGS:   40 14:54:01       -8.207124        0.0566
BFGS:   41 14:54:01       -8.207618        0.0465
      Step     Time          Energy         fmax
BFGS:    0 14:54:01       19.297764       40.9770
BFGS:    1 14:54:01       -0.171729       11.1098
BFGS:    2 14:54:01       -3.755386        8.6362
BFGS:    3 14:54:01       -5.298594        3.2407
BFGS:    4 14:54:01       -5.911011        1.5921
BFGS:    5 14:54:01       -6.162335        0.8024
BFGS:    6 14:54:01       -6.249656        0.8597
BFGS:    7 14:54:01       -6.308399        0.9188
BFGS:    8 14:54:01       -6.387317        0.9687
BFGS:    9 14:54:01       -6.494277        1.4608
BFGS:   10 14:54:01       -6.615861        1.6447
BFGS:   11 14:54:01       -6.768635        1.0130
BFGS:   12 14:54:01       -6.830372        0.8212
BFGS:   13 14:54:01       -7.019524        0.9073
BFGS:   14 14:54:01       -7.255064        1.0073
BFGS:   15 14:54:01       -7.311637        0.7917
BFGS:   16 14:54:01       -7.384381        0.6670
BFGS:   17 14:54:01       -7.481600        1.1950
BFGS:   18 14:54:01       -7.502775        1.1220
BFGS:   19 14:54:01       -7.572630        0.6839
BFGS:   20 14:54:01       -7.616002        0.8399
BFGS:   21 14:54:01       -7.699432        1.2594
BFGS:   22 14:54:01       -7.757908        0.6949
BFGS:   23 14:54:01       -7.825710        0.4209
BFGS:   24 14:54:01       -7.847704        0.4773
BFGS:   25 14:54:01       -7.873582        0.5521
BFGS:   26 14:54:01       -7.910735        0.5930
BFGS:   27 14:54:01       -7.958297        0.6184
BFGS:   28 14:54:01       -8.027156        0.6231
BFGS:   29 14:54:01       -8.080826        0.7001
BFGS:   30 14:54:01       -8.121842        0.5687
BFGS:   31 14:54:01       -8.170390        0.5238
BFGS:   32 14:54:01       -8.217649        0.3773
BFGS:   33 14:54:01       -8.234690        0.3689
BFGS:   34 14:54:01       -8.244024        0.4600
BFGS:   35 14:54:01       -8.257000        0.3743
BFGS:   36 14:54:01       -8.283563        0.2978
BFGS:   37 14:54:01       -8.297233        0.3729
BFGS:   38 14:54:01       -8.316371        0.4581
BFGS:   39 14:54:01       -8.336103        0.4726
BFGS:   40 14:54:01       -8.353341        0.3545
BFGS:   41 14:54:01       -8.367786        0.2380
BFGS:   42 14:54:01       -8.377837        0.1942
BFGS:   43 14:54:01       -8.380216        0.1479
BFGS:   44 14:54:01       -8.382308        0.1210
BFGS:   45 14:54:01       -8.383640        0.1153
BFGS:   46 14:54:01       -8.384648        0.0889
BFGS:   47 14:54:01       -8.385459        0.1113
BFGS:   48 14:54:01       -8.386792        0.1331
BFGS:   49 14:54:01       -8.388895        0.1382
BFGS:   50 14:54:01       -8.391871        0.1297
BFGS:   51 14:54:01       -8.395348        0.1538
BFGS:   52 14:54:01       -8.400311        0.1669
BFGS:   53 14:54:01       -8.433945        0.3643
BFGS:   54 14:54:01       -8.516515        0.5022
BFGS:   55 14:54:01       -8.395359        2.0419
BFGS:   56 14:54:01       -8.538435        0.5615
BFGS:   57 14:54:01       -8.549976        0.4817
BFGS:   58 14:54:02       -8.575026        0.3597
BFGS:   59 14:54:02       -8.603856        0.4504
BFGS:   60 14:54:02       -8.616595        0.2568
BFGS:   61 14:54:02       -8.625150        0.1604
BFGS:   62 14:54:02       -8.630181        0.1647
BFGS:   63 14:54:02       -8.632527        0.1749
BFGS:   64 14:54:02       -8.636524        0.1694
BFGS:   65 14:54:02       -8.640396        0.2012
BFGS:   66 14:54:02       -8.646181        0.2410
BFGS:   67 14:54:02       -8.654668        0.2919
BFGS:   68 14:54:02       -8.673584        0.5320
BFGS:   69 14:54:02       -8.695140        1.0431
BFGS:   70 14:54:02       -8.730096        0.6278
BFGS:   71 14:54:02       -8.770679        0.5822
BFGS:   72 14:54:02       -8.806949        0.4612
BFGS:   73 14:54:02       -8.844185        0.6704
BFGS:   74 14:54:02       -8.861125        0.5100
BFGS:   75 14:54:02       -8.881740        0.2372
BFGS:   76 14:54:02       -8.888177        0.2329
BFGS:   77 14:54:02       -8.898748        0.1689
BFGS:   78 14:54:02       -8.902161        0.1484
BFGS:   79 14:54:02       -8.906779        0.1307
BFGS:   80 14:54:02       -8.909131        0.1374
BFGS:   81 14:54:02       -8.912292        0.1347
BFGS:   82 14:54:02       -8.916547        0.1226
BFGS:   83 14:54:02       -8.926758        0.1695
BFGS:   84 14:54:02       -8.943751        0.1813
BFGS:   85 14:54:02       -8.955033        0.6907
BFGS:   86 14:54:02       -8.911337        1.0662
BFGS:   87 14:54:02       -9.000281        0.2992
BFGS:   88 14:54:02       -9.006772        0.2856
BFGS:   89 14:54:02       -9.013306        0.3177
BFGS:   90 14:54:02       -9.016269        0.3393
BFGS:   91 14:54:02       -9.019871        0.3440
BFGS:   92 14:54:02       -9.021894        0.3135
BFGS:   93 14:54:02       -9.023298        0.2882
BFGS:   94 14:54:02       -9.024147        0.2970
BFGS:   95 14:54:02       -9.024942        0.2925
BFGS:   96 14:54:02       -9.025965        0.2810
BFGS:   97 14:54:02       -9.027942        0.2814
BFGS:   98 14:54:02       -9.031722        0.2920
BFGS:   99 14:54:02       -9.037656        0.3189
BFGS:  100 14:54:02       -9.043492        0.3494
BFGS:  101 14:54:02       -9.047157        0.3464
BFGS:  102 14:54:02       -9.049591        0.3064
BFGS:  103 14:54:02       -9.052724        0.2557
BFGS:  104 14:54:02       -9.057976        0.2436
BFGS:  105 14:54:02       -9.064075        0.1745
BFGS:  106 14:54:02       -9.067992        0.0887
BFGS:  107 14:54:02       -9.069438        0.0644
BFGS:  108 14:54:02       -9.069839        0.0569
BFGS:  109 14:54:02       -9.070104        0.0559
BFGS:  110 14:54:02       -9.070402        0.0402
      Step     Time          Energy         fmax
BFGS:    0 14:54:02       17.100702       35.1659
BFGS:    1 14:54:02        0.447916       11.0807
BFGS:    2 14:54:02       -3.042382        6.0757
BFGS:    3 14:54:02       -4.642647        2.8057
BFGS:    4 14:54:02       -5.248629        1.2177
BFGS:    5 14:54:02       -5.429934        0.6321
BFGS:    6 14:54:02       -5.469557        0.6232
BFGS:    7 14:54:02       -5.504815        0.7620
BFGS:    8 14:54:02       -5.619674        1.1553
BFGS:    9 14:54:02       -5.840390        1.3487
BFGS:   10 14:54:02       -5.950420        1.0399
BFGS:   11 14:54:02       -6.039231        0.9471
BFGS:   12 14:54:02       -6.250900        0.7800
BFGS:   13 14:54:02       -6.342313        0.8973
BFGS:   14 14:54:02       -6.384036        1.0720
BFGS:   15 14:54:02       -6.430374        0.7774
BFGS:   16 14:54:02       -6.495967        0.5555
BFGS:   17 14:54:02       -6.596292        0.6112
BFGS:   18 14:54:02       -6.652959        0.7028
BFGS:   19 14:54:02       -6.757575        1.3861
BFGS:   20 14:54:02       -6.861633        1.3614
BFGS:   21 14:54:02       -6.992331        0.8468
BFGS:   22 14:54:02       -7.096091        0.5299
BFGS:   23 14:54:02       -7.125292        0.6104
BFGS:   24 14:54:02       -7.172351        0.9052
BFGS:   25 14:54:02       -7.217515        0.6644
BFGS:   26 14:54:02       -7.246906        0.3997
BFGS:   27 14:54:02       -7.269905        0.4112
BFGS:   28 14:54:02       -7.278079        0.3869
BFGS:   29 14:54:02       -7.301201        0.3180
BFGS:   30 14:54:02       -7.316175        0.3169
BFGS:   31 14:54:02       -7.331371        0.3918
BFGS:   32 14:54:02       -7.343153        0.4215
BFGS:   33 14:54:02       -7.362613        0.4548
BFGS:   34 14:54:02       -7.389333        0.4875
BFGS:   35 14:54:02       -7.413151        0.4754
BFGS:   36 14:54:02       -7.434778        0.5675
BFGS:   37 14:54:02       -7.459418        0.6458
BFGS:   38 14:54:02       -7.518591        0.8174
BFGS:   39 14:54:02       -7.567543        1.2912
BFGS:   40 14:54:02       -7.621360        1.3985
BFGS:   41 14:54:02       -7.716681        1.2972
BFGS:   42 14:54:02       -7.860803        1.3265
BFGS:   43 14:54:02       -8.026402        0.9422
BFGS:   44 14:54:02       -8.072602        0.4545
BFGS:   45 14:54:02       -8.052638        0.6337
BFGS:   46 14:54:02       -8.122492        0.4401
BFGS:   47 14:54:02       -8.135744        0.4034
BFGS:   48 14:54:02       -8.156323        0.3197
BFGS:   49 14:54:02       -8.176725        0.2564
BFGS:   50 14:54:02       -8.189838        0.1842
BFGS:   51 14:54:02       -8.196060        0.1691
BFGS:   52 14:54:02       -8.198494        0.1769
BFGS:   53 14:54:02       -8.202102        0.1625
BFGS:   54 14:54:02       -8.205587        0.1334
BFGS:   55 14:54:02       -8.208503        0.1499
BFGS:   56 14:54:02       -8.210137        0.1653
BFGS:   57 14:54:02       -8.211895        0.1728
BFGS:   58 14:54:02       -8.215448        0.1794
BFGS:   59 14:54:02       -8.224477        0.2988
BFGS:   60 14:54:02       -8.251583        0.5578
BFGS:   61 14:54:02       -8.281271        0.7445
BFGS:   62 14:54:02       -8.314576        0.8056
BFGS:   63 14:54:02       -8.340567        0.8748
BFGS:   64 14:54:02       -8.358023        0.9653
BFGS:   65 14:54:02       -8.369735        0.9401
BFGS:   66 14:54:02       -8.385893        0.9260
BFGS:   67 14:54:02       -8.407827        0.8612
BFGS:   68 14:54:02       -8.432556        0.7636
BFGS:   69 14:54:02       -8.458833        0.7031
BFGS:   70 14:54:02       -8.466398        0.6833
BFGS:   71 14:54:02       -8.473471        0.6943
BFGS:   72 14:54:02       -8.491046        0.6779
BFGS:   73 14:54:02       -8.508915        0.6730
BFGS:   74 14:54:02       -8.540466        0.6227
BFGS:   75 14:54:02       -8.592557        0.7812
BFGS:   76 14:54:02       -8.657882        0.8726
BFGS:   77 14:54:02       -8.711636        0.5807
BFGS:   78 14:54:02       -8.754606        0.6436
BFGS:   79 14:54:02       -8.786911        0.7229
BFGS:   80 14:54:02       -8.830749        0.5860
BFGS:   81 14:54:02       -8.859597        0.4653
BFGS:   82 14:54:02       -8.902541        0.5774
BFGS:   83 14:54:02       -8.935962        0.6013
BFGS:   84 14:54:02       -8.987753        0.5387
BFGS:   85 14:54:02       -9.014600        0.5332
BFGS:   86 14:54:02       -9.040684        0.6007
BFGS:   87 14:54:02       -9.067232        0.3390
BFGS:   88 14:54:02       -9.084368        0.2339
BFGS:   89 14:54:02       -9.089662        0.1803
BFGS:   90 14:54:02       -9.091401        0.1512
BFGS:   91 14:54:02       -9.093566        0.1204
BFGS:   92 14:54:02       -9.094957        0.0873
BFGS:   93 14:54:02       -9.095900        0.0593
BFGS:   94 14:54:02       -9.096144        0.0475
      Step     Time          Energy         fmax
BFGS:    0 14:54:02       20.003527       38.3915
BFGS:    1 14:54:02        0.331212       12.9164
BFGS:    2 14:54:02       -3.391854        6.7687
BFGS:    3 14:54:02       -5.257353        3.4619
BFGS:    4 14:54:02       -5.928350        1.4984
BFGS:    5 14:54:02       -6.159249        0.5819
BFGS:    6 14:54:02       -6.210714        0.5084
BFGS:    7 14:54:02       -6.229497        0.5470
BFGS:    8 14:54:02       -6.255138        0.6066
BFGS:    9 14:54:02       -6.312702        0.7289
BFGS:   10 14:54:02       -6.425318        0.8395
BFGS:   11 14:54:02       -6.437134        1.3502
BFGS:   12 14:54:02       -6.547378        0.7039
BFGS:   13 14:54:02       -6.625455        0.6336
BFGS:   14 14:54:02       -6.696404        0.7261
BFGS:   15 14:54:02       -6.760517        0.6267
BFGS:   16 14:54:02       -6.836324        0.7411
BFGS:   17 14:54:02       -6.883884        0.4896
BFGS:   18 14:54:02       -6.905647        0.4624
BFGS:   19 14:54:02       -6.937414        0.5127
BFGS:   20 14:54:02       -6.968364        0.5138
BFGS:   21 14:54:02       -7.006077        0.5878
BFGS:   22 14:54:02       -7.048710        0.9313
BFGS:   23 14:54:02       -7.103665        1.3460
BFGS:   24 14:54:02       -7.207391        1.9227
BFGS:   25 14:54:02       -7.250925        1.9332
BFGS:   26 14:54:02       -7.408445        1.0205
BFGS:   27 14:54:02       -7.498379        0.6537
BFGS:   28 14:54:02       -7.533757        0.4668
BFGS:   29 14:54:02       -7.549580        0.3738
BFGS:   30 14:54:02       -7.572862        0.3387
BFGS:   31 14:54:02       -7.586427        0.3506
BFGS:   32 14:54:02       -7.604459        0.5230
BFGS:   33 14:54:02       -7.650859        0.9029
BFGS:   34 14:54:02       -7.791066        1.8595
BFGS:   35 14:54:02       -7.691457        2.5470
BFGS:   36 14:54:02       -7.939620        1.5226
BFGS:   37 14:54:02       -8.038313        1.0884
BFGS:   38 14:54:02       -8.241861        0.8492
BFGS:   39 14:54:02       -8.282558        0.6592
BFGS:   40 14:54:02       -8.351195        0.6728
BFGS:   41 14:54:02       -8.385078        0.6767
BFGS:   42 14:54:02       -8.435046        0.6304
BFGS:   43 14:54:02       -8.483966        0.7101
BFGS:   44 14:54:02       -8.536107        0.8471
BFGS:   45 14:54:02       -8.622797        1.2227
BFGS:   46 14:54:02       -8.615177        2.1591
BFGS:   47 14:54:02       -8.796482        0.8906
BFGS:   48 14:54:02       -8.883760        0.6065
BFGS:   49 14:54:02       -8.938519        0.6678
BFGS:   50 14:54:02       -8.945829        0.7688
BFGS:   51 14:54:02       -8.974281        0.4064
BFGS:   52 14:54:02       -8.994123        0.3451
BFGS:   53 14:54:02       -9.042567        0.4143
BFGS:   54 14:54:02       -9.052757        0.3809
BFGS:   55 14:54:02       -9.069714        0.3058
BFGS:   56 14:54:02       -9.078603        0.2785
BFGS:   57 14:54:02       -9.090648        0.1598
BFGS:   58 14:54:02       -9.093813        0.1025
BFGS:   59 14:54:02       -9.095053        0.0807
BFGS:   60 14:54:02       -9.095586        0.0773
BFGS:   61 14:54:02       -9.096261        0.0671
BFGS:   62 14:54:02       -9.096628        0.0471
      Step     Time          Energy         fmax
BFGS:    0 14:54:02       17.853033       39.8872
BFGS:    1 14:54:02        2.954486       28.2387
BFGS:    2 14:54:02       -2.258857       11.2170
BFGS:    3 14:54:02       -4.519540        3.5659
BFGS:    4 14:54:02       -5.150773        2.3731
BFGS:    5 14:54:02       -5.485159        1.2560
BFGS:    6 14:54:02       -5.570562        0.7181
BFGS:    7 14:54:02       -5.607412        0.4500
BFGS:    8 14:54:02       -5.633219        0.4613
BFGS:    9 14:54:02       -5.662290        0.4631
BFGS:   10 14:54:02       -5.694660        0.5097
BFGS:   11 14:54:02       -5.730953        0.7621
BFGS:   12 14:54:02       -5.788816        1.1293
BFGS:   13 14:54:02       -5.870028        1.2910
BFGS:   14 14:54:02       -5.947387        0.9044
BFGS:   15 14:54:02       -6.006020        0.6523
BFGS:   16 14:54:02       -6.019078        0.5743
BFGS:   17 14:54:02       -6.030829        0.4919
BFGS:   18 14:54:02       -6.044445        0.3554
BFGS:   19 14:54:02       -6.058023        0.3285
BFGS:   20 14:54:02       -6.072044        0.3168
BFGS:   21 14:54:02       -6.086100        0.3811
BFGS:   22 14:54:02       -6.102032        0.4702
BFGS:   23 14:54:02       -6.129021        0.5890
BFGS:   24 14:54:02       -6.160763        0.8799
BFGS:   25 14:54:02       -6.197181        1.0402
BFGS:   26 14:54:02       -6.250752        1.1454
BFGS:   27 14:54:02       -6.344278        1.2746
BFGS:   28 14:54:02       -6.437550        1.2408
BFGS:   29 14:54:02       -6.517755        1.0796
BFGS:   30 14:54:02       -6.608290        1.0750
BFGS:   31 14:54:02       -6.701622        1.0740
BFGS:   32 14:54:02       -6.872394        1.4951
BFGS:   33 14:54:02       -6.940513        0.6171
BFGS:   34 14:54:02       -6.987655        0.7442
BFGS:   35 14:54:02       -7.156835        1.8131
BFGS:   36 14:54:02       -7.256793        2.9844
BFGS:   37 14:54:02       -7.402741        1.5154
BFGS:   38 14:54:02       -7.524225        0.6870
BFGS:   39 14:54:02       -7.541786        0.4443
BFGS:   40 14:54:02       -7.555992        0.4651
BFGS:   41 14:54:02       -7.620340        0.4377
BFGS:   42 14:54:02       -7.657715        0.4942
BFGS:   43 14:54:02       -7.681600        0.4730
BFGS:   44 14:54:02       -7.711528        0.5883
BFGS:   45 14:54:02       -7.728171        0.3762
BFGS:   46 14:54:02       -7.760408        0.4022
BFGS:   47 14:54:02       -7.819494        0.6408
BFGS:   48 14:54:02       -7.838730        0.4038
BFGS:   49 14:54:02       -7.857322        0.3196
BFGS:   50 14:54:02       -7.876537        0.3108
BFGS:   51 14:54:02       -7.897061        0.2716
BFGS:   52 14:54:02       -7.909285        0.3845
BFGS:   53 14:54:02       -7.918208        0.2851
BFGS:   54 14:54:02       -7.927580        0.2767
BFGS:   55 14:54:02       -7.950160        0.3464
BFGS:   56 14:54:02       -7.987741        0.5502
BFGS:   57 14:54:02       -8.043867        1.0435
BFGS:   58 14:54:02       -8.097137        0.9422
BFGS:   59 14:54:02       -8.179101        0.6676
BFGS:   60 14:54:02       -8.244155        0.5834
BFGS:   61 14:54:02       -8.276971        0.4950
BFGS:   62 14:54:02       -8.299908        0.3721
BFGS:   63 14:54:02       -8.308757        0.3249
BFGS:   64 14:54:02       -8.315977        0.2500
BFGS:   65 14:54:02       -8.319532        0.2307
BFGS:   66 14:54:02       -8.326984        0.2030
BFGS:   67 14:54:02       -8.334075        0.2069
BFGS:   68 14:54:02       -8.339315        0.2007
BFGS:   69 14:54:02       -8.346612        0.2734
BFGS:   70 14:54:02       -8.358250        0.3773
BFGS:   71 14:54:02       -8.377138        0.4788
BFGS:   72 14:54:02       -8.383636        0.6098
BFGS:   73 14:54:02       -8.405096        0.4644
BFGS:   74 14:54:02       -8.421537        0.4457
BFGS:   75 14:54:02       -8.448134        0.5644
BFGS:   76 14:54:02       -8.472373        0.3347
BFGS:   77 14:54:02       -8.485697        0.2235
BFGS:   78 14:54:02       -8.497100        0.1658
BFGS:   79 14:54:02       -8.500061        0.1212
BFGS:   80 14:54:02       -8.500697        0.1199
BFGS:   81 14:54:02       -8.502936        0.1221
BFGS:   82 14:54:02       -8.504425        0.1331
BFGS:   83 14:54:02       -8.506725        0.1093
BFGS:   84 14:54:02       -8.508102        0.0988
BFGS:   85 14:54:02       -8.509605        0.1394
BFGS:   86 14:54:02       -8.512018        0.1810
BFGS:   87 14:54:02       -8.517940        0.2471
BFGS:   88 14:54:02       -8.524772        0.3017
BFGS:   89 14:54:02       -8.539667        0.2890
BFGS:   90 14:54:02       -8.570432        0.2794
BFGS:   91 14:54:02       -8.566553        0.2930
BFGS:   92 14:54:02       -8.579050        0.2270
BFGS:   93 14:54:02       -8.584945        0.2269
BFGS:   94 14:54:02       -8.594749        0.2147
BFGS:   95 14:54:02       -8.622470        0.1492
BFGS:   96 14:54:02       -8.629630        0.1291
BFGS:   97 14:54:02       -8.634892        0.1110
BFGS:   98 14:54:02       -8.635892        0.0909
BFGS:   99 14:54:02       -8.636893        0.0606
BFGS:  100 14:54:02       -8.637278        0.0449
      Step     Time          Energy         fmax
BFGS:    0 14:54:02       19.762244       40.6813
BFGS:    1 14:54:02        2.424126       15.8359
BFGS:    2 14:54:02       -1.520238       10.7516
BFGS:    3 14:54:02       -3.992124        4.1107
BFGS:    4 14:54:02       -4.749637        1.8948
BFGS:    5 14:54:02       -5.047727        0.9086
BFGS:    6 14:54:02       -5.140760        0.5964
BFGS:    7 14:54:02       -5.180614        0.6325
BFGS:    8 14:54:02       -5.225346        0.6465
BFGS:    9 14:54:02       -5.296967        0.7010
BFGS:   10 14:54:02       -5.352238        0.7879
BFGS:   11 14:54:02       -5.421615        0.7761
BFGS:   12 14:54:02       -5.490635        0.9818
BFGS:   13 14:54:02       -5.534838        0.7455
BFGS:   14 14:54:02       -5.673836        1.0328
BFGS:   15 14:54:02       -5.858486        1.2656
BFGS:   16 14:54:02       -5.959215        1.1986
BFGS:   17 14:54:02       -6.025927        0.8521
BFGS:   18 14:54:02       -6.204971        1.4106
BFGS:   19 14:54:02       -6.410356        1.6430
BFGS:   20 14:54:02       -6.641963        2.4221
BFGS:   21 14:54:02       -6.867945        1.3191
BFGS:   22 14:54:02       -6.928665        0.9155
BFGS:   23 14:54:02       -7.051767        0.9250
BFGS:   24 14:54:02       -7.330223        2.9133
BFGS:   25 14:54:02       -7.695904        3.2925
BFGS:   26 14:54:02       -8.023642        3.6538
BFGS:   27 14:54:02       -8.244642        1.6357
BFGS:   28 14:54:02       -8.387681        1.3450
BFGS:   29 14:54:02       -8.537435        1.2669
BFGS:   30 14:54:02       -8.671289        1.1994
BFGS:   31 14:54:02       -8.899191        1.3593
BFGS:   32 14:54:02       -8.985058        0.8946
BFGS:   33 14:54:02       -9.034530        0.5919
BFGS:   34 14:54:02       -9.062252        0.3712
BFGS:   35 14:54:02       -9.072675        0.2556
BFGS:   36 14:54:02       -9.081163        0.1811
BFGS:   37 14:54:02       -9.087336        0.2011
BFGS:   38 14:54:02       -9.089583        0.1911
BFGS:   39 14:54:02       -9.090786        0.1456
BFGS:   40 14:54:02       -9.092043        0.0794
BFGS:   41 14:54:02       -9.093104        0.0766
BFGS:   42 14:54:02       -9.093818        0.0633
BFGS:   43 14:54:02       -9.094274        0.0573
BFGS:   44 14:54:02       -9.094706        0.0517
BFGS:   45 14:54:02       -9.095186        0.0494
      Step     Time          Energy         fmax
BFGS:    0 14:54:02       22.399901       38.8223
BFGS:    1 14:54:02        2.096178       13.4686
BFGS:    2 14:54:02       -2.875624        8.3629
BFGS:    3 14:54:02       -4.691389        3.8393
BFGS:    4 14:54:02       -5.529065        1.5085
BFGS:    5 14:54:02       -5.800486        0.5909
BFGS:    6 14:54:02       -5.874166        0.5380
BFGS:    7 14:54:02       -5.901033        0.5741
BFGS:    8 14:54:02       -5.931535        0.5945
BFGS:    9 14:54:02       -5.987076        0.5548
BFGS:   10 14:54:02       -6.042391        0.5162
BFGS:   11 14:54:02       -6.083515        0.5358
BFGS:   12 14:54:02       -6.146667        0.7519
BFGS:   13 14:54:02       -6.177248        0.7338
BFGS:   14 14:54:02       -6.268761        0.6210
BFGS:   15 14:54:02       -6.343434        0.8694
BFGS:   16 14:54:03       -6.404603        0.3965
BFGS:   17 14:54:03       -6.425152        0.5234
BFGS:   18 14:54:03       -6.438112        0.3934
BFGS:   19 14:54:03       -6.457753        0.3034
BFGS:   20 14:54:03       -6.486346        0.3564
BFGS:   21 14:54:03       -6.498569        0.3706
BFGS:   22 14:54:03       -6.506459        0.3573
BFGS:   23 14:54:03       -6.515565        0.3106
BFGS:   24 14:54:03       -6.534783        0.3519
BFGS:   25 14:54:03       -6.553626        0.4995
BFGS:   26 14:54:03       -6.593542        1.0942
BFGS:   27 14:54:03       -6.648835        1.9513
BFGS:   28 14:54:03       -6.618509        2.4741
BFGS:   29 14:54:03       -6.681578        1.9577
BFGS:   30 14:54:03       -6.700029        2.0507
BFGS:   31 14:54:03       -6.761484        2.2319
BFGS:   32 14:54:03       -6.789103        2.1320
BFGS:   33 14:54:03       -6.903590        1.6102
BFGS:   34 14:54:03       -6.983957        1.1979
BFGS:   35 14:54:03       -7.101849        0.8981
BFGS:   36 14:54:03       -7.234496        0.9696
BFGS:   37 14:54:03       -7.265911        0.9985
BFGS:   38 14:54:03       -7.341271        0.8582
BFGS:   39 14:54:03       -7.440584        0.8541
BFGS:   40 14:54:03       -7.496462        0.7683
BFGS:   41 14:54:03       -7.560761        0.9580
BFGS:   42 14:54:03       -7.594408        0.7901
BFGS:   43 14:54:03       -7.651248        0.6539
BFGS:   44 14:54:03       -7.687977        0.4006
BFGS:   45 14:54:03       -7.713352        0.2272
BFGS:   46 14:54:03       -7.719906        0.1972
BFGS:   47 14:54:03       -7.724323        0.1437
BFGS:   48 14:54:03       -7.726413        0.1354
BFGS:   49 14:54:03       -7.728670        0.0997
BFGS:   50 14:54:03       -7.730967        0.0863
BFGS:   51 14:54:03       -7.731684        0.0842
BFGS:   52 14:54:03       -7.732010        0.0654
BFGS:   53 14:54:03       -7.732273        0.0580
BFGS:   54 14:54:03       -7.732568        0.0529
BFGS:   55 14:54:03       -7.732804        0.0532
BFGS:   56 14:54:03       -7.732989        0.0566
BFGS:   57 14:54:03       -7.733171        0.0532
BFGS:   58 14:54:03       -7.733356        0.0482
      Step     Time          Energy         fmax
BFGS:    0 14:54:03       16.960078       34.1640
BFGS:    1 14:54:03        2.246967       15.1943
BFGS:    2 14:54:03       -1.999045        7.5994
BFGS:    3 14:54:03       -4.397667        3.5877
BFGS:    4 14:54:03       -5.207259        1.5765
BFGS:    5 14:54:03       -5.552124        0.8204
BFGS:    6 14:54:03       -5.666205        0.6943
BFGS:    7 14:54:03       -5.713762        0.7154
BFGS:    8 14:54:03       -5.759495        0.6902
BFGS:    9 14:54:03       -5.824594        0.5805
BFGS:   10 14:54:03       -5.875842        0.7752
BFGS:   11 14:54:03       -5.924174        0.8497
BFGS:   12 14:54:03       -5.984347        0.8043
BFGS:   13 14:54:03       -6.030737        0.8236
BFGS:   14 14:54:03       -6.183509        1.1452
BFGS:   15 14:54:03       -6.275864        1.6994
BFGS:   16 14:54:03       -6.427988        1.9146
BFGS:   17 14:54:03       -6.487748        0.8844
BFGS:   18 14:54:03       -6.543318        0.5684
BFGS:   19 14:54:03       -6.564150        0.5508
BFGS:   20 14:54:03       -6.597557        0.4652
BFGS:   21 14:54:03       -6.639075        0.6562
BFGS:   22 14:54:03       -6.695681        0.8632
BFGS:   23 14:54:03       -6.724824        0.5174
BFGS:   24 14:54:03       -6.747634        0.3101
BFGS:   25 14:54:03       -6.755276        0.2923
BFGS:   26 14:54:03       -6.764550        0.3083
BFGS:   27 14:54:03       -6.781100        0.4581
BFGS:   28 14:54:03       -6.793921        0.3604
BFGS:   29 14:54:03       -6.800022        0.2041
BFGS:   30 14:54:03       -6.803299        0.1836
BFGS:   31 14:54:03       -6.805561        0.1375
BFGS:   32 14:54:03       -6.808423        0.1350
BFGS:   33 14:54:03       -6.809852        0.1082
BFGS:   34 14:54:03       -6.810742        0.0805
BFGS:   35 14:54:03       -6.811496        0.0784
BFGS:   36 14:54:03       -6.812712        0.1076
BFGS:   37 14:54:03       -6.814170        0.1256
BFGS:   38 14:54:03       -6.815814        0.1573
BFGS:   39 14:54:03       -6.818132        0.1669
BFGS:   40 14:54:03       -6.822197        0.2022
BFGS:   41 14:54:03       -6.830905        0.3119
BFGS:   42 14:54:03       -6.854024        0.6365
BFGS:   43 14:54:03       -6.897427        0.7188
BFGS:   44 14:54:03       -6.989466        0.9163
BFGS:   45 14:54:03       -7.148974        0.6243
BFGS:   46 14:54:03       -7.103943        1.5566
BFGS:   47 14:54:03       -7.198535        0.4792
BFGS:   48 14:54:03       -7.218357        0.4305
BFGS:   49 14:54:03       -7.260416        0.6884
BFGS:   50 14:54:03       -7.279655        0.5217
BFGS:   51 14:54:03       -7.328787        0.6087
BFGS:   52 14:54:03       -7.359319        0.5296
BFGS:   53 14:54:03       -7.399041        0.4297
BFGS:   54 14:54:03       -7.434498        0.3853
BFGS:   55 14:54:03       -7.458431        0.4238
BFGS:   56 14:54:03       -7.488623        0.4978
BFGS:   57 14:54:03       -7.541189        0.6605
BFGS:   58 14:54:03       -7.569632        0.5309
BFGS:   59 14:54:03       -7.613734        0.4860
BFGS:   60 14:54:03       -7.638364        0.4711
BFGS:   61 14:54:03       -7.664000        0.5273
BFGS:   62 14:54:03       -7.687347        0.4920
BFGS:   63 14:54:03       -7.713214        0.2906
BFGS:   64 14:54:03       -7.724845        0.2654
BFGS:   65 14:54:03       -7.730052        0.2417
BFGS:   66 14:54:03       -7.738819        0.1988
BFGS:   67 14:54:03       -7.743314        0.1207
BFGS:   68 14:54:03       -7.746253        0.0749
BFGS:   69 14:54:03       -7.746851        0.0775
BFGS:   70 14:54:03       -7.747333        0.0687
BFGS:   71 14:54:03       -7.748234        0.0643
BFGS:   72 14:54:03       -7.749674        0.0748
BFGS:   73 14:54:03       -7.751740        0.1168
BFGS:   74 14:54:03       -7.753927        0.1519
BFGS:   75 14:54:03       -7.756299        0.1816
BFGS:   76 14:54:03       -7.761024        0.2288
BFGS:   77 14:54:03       -7.779724        0.4019
BFGS:   78 14:54:03       -7.675660        1.7905
BFGS:   79 14:54:03       -7.851113        0.4094
BFGS:   80 14:54:03       -7.957434        0.4714
BFGS:   81 14:54:03       -8.000070        0.8191
BFGS:   82 14:54:03       -7.926380        1.4687
BFGS:   83 14:54:03       -8.072802        0.5147
BFGS:   84 14:54:03       -8.090895        0.3773
BFGS:   85 14:54:03       -8.119237        0.2998
BFGS:   86 14:54:03       -8.125240        0.2142
BFGS:   87 14:54:03       -8.131317        0.1680
BFGS:   88 14:54:03       -8.136116        0.1569
BFGS:   89 14:54:03       -8.144819        0.2105
BFGS:   90 14:54:03       -8.153490        0.2530
BFGS:   91 14:54:03       -8.161944        0.2926
BFGS:   92 14:54:03       -8.174152        0.2907
BFGS:   93 14:54:03       -8.196677        0.4555
BFGS:   94 14:54:03       -8.219165        0.3815
BFGS:   95 14:54:03       -8.234924        0.2339
BFGS:   96 14:54:03       -8.246419        0.2202
BFGS:   97 14:54:03       -8.249403        0.2274
BFGS:   98 14:54:03       -8.255856        0.2251
BFGS:   99 14:54:03       -8.265998        0.2721
BFGS:  100 14:54:03       -8.294843        0.5296
BFGS:  101 14:54:03       -8.336445        0.7541
BFGS:  102 14:54:03       -8.350644        1.0008
BFGS:  103 14:54:03       -8.353423        1.4187
BFGS:  104 14:54:03       -8.465185        0.4865
BFGS:  105 14:54:03       -8.507937        0.4379
BFGS:  106 14:54:03       -8.559530        0.3669
BFGS:  107 14:54:03       -8.577156        0.2598
BFGS:  108 14:54:03       -8.587902        0.1388
BFGS:  109 14:54:03       -8.590423        0.1301
BFGS:  110 14:54:03       -8.594669        0.1159
BFGS:  111 14:54:03       -8.597310        0.1087
BFGS:  112 14:54:03       -8.601705        0.1208
BFGS:  113 14:54:03       -8.603884        0.1128
BFGS:  114 14:54:03       -8.605613        0.0929
BFGS:  115 14:54:03       -8.606686        0.0879
BFGS:  116 14:54:03       -8.608259        0.0844
BFGS:  117 14:54:03       -8.610863        0.1020
BFGS:  118 14:54:03       -8.612925        0.0883
BFGS:  119 14:54:03       -8.614140        0.0406
      Step     Time          Energy         fmax
BFGS:    0 14:54:03       19.467333       35.5202
BFGS:    1 14:54:03        0.792006       15.0847
BFGS:    2 14:54:03       -2.382482        9.8226
BFGS:    3 14:54:03       -4.587972        4.6122
BFGS:    4 14:54:03       -5.288599        1.8989
BFGS:    5 14:54:03       -5.650182        0.7887
BFGS:    6 14:54:03       -5.779723        0.7667
BFGS:    7 14:54:03       -5.849443        0.7336
BFGS:    8 14:54:03       -5.912890        0.6266
BFGS:    9 14:54:03       -5.974336        0.6789
BFGS:   10 14:54:03       -6.043606        0.6676
BFGS:   11 14:54:03       -6.154972        1.1401
BFGS:   12 14:54:03       -6.190474        0.7911
BFGS:   13 14:54:03       -6.317995        0.5727
BFGS:   14 14:54:03       -6.682375        0.7563
BFGS:   15 14:54:03       -6.758655        1.4087
BFGS:   16 14:54:03       -6.835818        0.7766
BFGS:   17 14:54:03       -6.885133        0.6996
BFGS:   18 14:54:03       -6.956599        0.8110
BFGS:   19 14:54:03       -6.986862        0.2905
BFGS:   20 14:54:03       -6.995401        0.2739
BFGS:   21 14:54:03       -7.015248        0.2570
BFGS:   22 14:54:03       -7.020814        0.2700
BFGS:   23 14:54:03       -7.042130        0.3621
BFGS:   24 14:54:03       -7.061540        0.4335
BFGS:   25 14:54:03       -7.096521        0.5514
BFGS:   26 14:54:03       -7.153966        0.8716
BFGS:   27 14:54:03       -7.192046        1.1430
BFGS:   28 14:54:03       -7.257964        1.0096
BFGS:   29 14:54:03       -7.414759        0.9821
BFGS:   30 14:54:03       -7.451402        1.1449
BFGS:   31 14:54:03       -7.556810        1.1051
BFGS:   32 14:54:03       -7.586524        0.6702
BFGS:   33 14:54:03       -7.627704        0.5505
BFGS:   34 14:54:03       -7.664887        0.5746
BFGS:   35 14:54:03       -7.688195        0.4121
BFGS:   36 14:54:03       -7.703096        0.4018
BFGS:   37 14:54:03       -7.717247        0.4203
BFGS:   38 14:54:03       -7.730764        0.4590
BFGS:   39 14:54:03       -7.775791        0.8257
BFGS:   40 14:54:03       -7.823317        0.9253
BFGS:   41 14:54:03       -7.875016        0.9143
BFGS:   42 14:54:03       -7.916056        0.7045
BFGS:   43 14:54:03       -8.005757        0.6173
BFGS:   44 14:54:03       -8.059127        0.6073
BFGS:   45 14:54:03       -8.085938        0.8441
BFGS:   46 14:54:03       -8.136374        0.6566
BFGS:   47 14:54:03       -8.170754        0.5027
BFGS:   48 14:54:03       -8.198729        0.4460
BFGS:   49 14:54:03       -8.230082        0.2924
BFGS:   50 14:54:03       -8.233668        0.2893
BFGS:   51 14:54:03       -8.240891        0.2721
BFGS:   52 14:54:03       -8.258097        0.2926
BFGS:   53 14:54:03       -8.271899        0.3127
BFGS:   54 14:54:03       -8.292536        0.4197
BFGS:   55 14:54:03       -8.312656        0.5262
BFGS:   56 14:54:03       -8.350713        0.5899
BFGS:   57 14:54:03       -8.301304        0.8961
BFGS:   58 14:54:03       -8.382114        0.4763
BFGS:   59 14:54:03       -8.401131        0.4424
BFGS:   60 14:54:03       -8.461309        0.4218
BFGS:   61 14:54:03       -8.472087        0.4012
BFGS:   62 14:54:03       -8.497244        0.4058
BFGS:   63 14:54:03       -8.510238        0.4232
BFGS:   64 14:54:03       -8.535964        0.3819
BFGS:   65 14:54:03       -8.564540        0.2673
BFGS:   66 14:54:03       -8.585510        0.2730
BFGS:   67 14:54:03       -8.590785        0.2515
BFGS:   68 14:54:03       -8.595701        0.2146
BFGS:   69 14:54:03       -8.601034        0.2176
BFGS:   70 14:54:03       -8.606067        0.1875
BFGS:   71 14:54:03       -8.608965        0.0965
BFGS:   72 14:54:03       -8.609824        0.0571
BFGS:   73 14:54:03       -8.610149        0.0481
      Step     Time          Energy         fmax
BFGS:    0 14:54:03       19.526462       40.6156
BFGS:    1 14:54:03        0.276499       14.5633
BFGS:    2 14:54:03       -3.308178        7.6309
BFGS:    3 14:54:03       -4.763991        3.2665
BFGS:    4 14:54:03       -5.439433        1.6539
BFGS:    5 14:54:03       -5.669140        0.8543
BFGS:    6 14:54:03       -5.741151        0.5756
BFGS:    7 14:54:03       -5.785423        0.6283
BFGS:    8 14:54:03       -5.858401        0.7075
BFGS:    9 14:54:03       -6.005164        0.7512
BFGS:   10 14:54:03       -6.005431        1.4343
BFGS:   11 14:54:03       -6.121107        0.7115
BFGS:   12 14:54:03       -6.169761        0.7086
BFGS:   13 14:54:03       -6.287437        1.6869
BFGS:   14 14:54:03       -6.351074        1.2422
BFGS:   15 14:54:03       -6.554970        0.8289
BFGS:   16 14:54:03       -6.769107        1.6603
BFGS:   17 14:54:03       -6.900619        1.7445
BFGS:   18 14:54:03       -6.993644        1.0899
BFGS:   19 14:54:03       -7.108136        0.8781
BFGS:   20 14:54:03       -7.262326        0.6546
BFGS:   21 14:54:03       -7.313774        0.6020
BFGS:   22 14:54:03       -7.332282        0.5720
BFGS:   23 14:54:03       -7.374527        0.5181
BFGS:   24 14:54:03       -7.400284        0.3819
BFGS:   25 14:54:03       -7.415676        0.3653
BFGS:   26 14:54:03       -7.422907        0.3407
BFGS:   27 14:54:03       -7.443107        0.3341
BFGS:   28 14:54:03       -7.465788        0.5053
BFGS:   29 14:54:03       -7.500953        0.6009
BFGS:   30 14:54:03       -7.536297        0.6154
BFGS:   31 14:54:03       -7.565552        0.6110
BFGS:   32 14:54:03       -7.628380        0.5343
BFGS:   33 14:54:03       -7.698162        0.4796
BFGS:   34 14:54:03       -7.732994        0.6457
BFGS:   35 14:54:03       -7.747604        0.6985
BFGS:   36 14:54:03       -7.780024        0.6271
BFGS:   37 14:54:03       -7.822821        0.4643
BFGS:   38 14:54:03       -7.850420        0.3083
BFGS:   39 14:54:03       -7.866472        0.3877
BFGS:   40 14:54:03       -7.878653        0.3791
BFGS:   41 14:54:03       -7.898606        0.3546
BFGS:   42 14:54:03       -7.924744        0.4198
BFGS:   43 14:54:03       -7.959160        0.5271
BFGS:   44 14:54:03       -8.002115        0.8317
BFGS:   45 14:54:03       -8.051999        0.8894
BFGS:   46 14:54:03       -8.153875        0.9035
BFGS:   47 14:54:03       -8.114531        0.8846
BFGS:   48 14:54:03       -8.239579        0.6295
BFGS:   49 14:54:03       -8.267236        0.5198
BFGS:   50 14:54:03       -8.294233        0.3219
BFGS:   51 14:54:03       -8.309492        0.2945
BFGS:   52 14:54:03       -8.317808        0.2676
BFGS:   53 14:54:03       -8.327885        0.2999
BFGS:   54 14:54:03       -8.341429        0.3205
BFGS:   55 14:54:03       -8.353094        0.2623
BFGS:   56 14:54:03       -8.362785        0.2403
BFGS:   57 14:54:03       -8.371203        0.2772
BFGS:   58 14:54:03       -8.385416        0.3117
BFGS:   59 14:54:03       -8.415564        0.3897
BFGS:   60 14:54:03       -8.423349        0.4798
BFGS:   61 14:54:03       -8.460455        0.4351
BFGS:   62 14:54:03       -8.495168        0.3512
BFGS:   63 14:54:03       -8.538152        0.4348
BFGS:   64 14:54:03       -8.562273        0.3251
BFGS:   65 14:54:03       -8.570256        0.2963
BFGS:   66 14:54:03       -8.582551        0.1985
BFGS:   67 14:54:03       -8.586852        0.1229
BFGS:   68 14:54:03       -8.591628        0.1076
BFGS:   69 14:54:03       -8.593376        0.1250
BFGS:   70 14:54:03       -8.595049        0.1253
BFGS:   71 14:54:03       -8.597857        0.1325
BFGS:   72 14:54:03       -8.601216        0.1473
BFGS:   73 14:54:03       -8.606297        0.1178
BFGS:   74 14:54:03       -8.609391        0.1083
BFGS:   75 14:54:03       -8.610577        0.0989
BFGS:   76 14:54:03       -8.611284        0.1052
BFGS:   77 14:54:03       -8.612288        0.1237
BFGS:   78 14:54:03       -8.613448        0.1089
BFGS:   79 14:54:03       -8.614202        0.0551
BFGS:   80 14:54:03       -8.614404        0.0166
      Step     Time          Energy         fmax
BFGS:    0 14:54:03       19.683207       33.6973
BFGS:    1 14:54:03        5.309839       32.3375
BFGS:    2 14:54:03       -1.150520       10.1244
BFGS:    3 14:54:03       -3.342032        4.7133
BFGS:    4 14:54:03       -4.629896        1.8458
BFGS:    5 14:54:03       -5.057865        0.8145
BFGS:    6 14:54:03       -5.190089        0.5006
BFGS:    7 14:54:03       -5.227406        0.4866
BFGS:    8 14:54:03       -5.251298        0.4596
BFGS:    9 14:54:03       -5.290036        0.5068
BFGS:   10 14:54:03       -5.345452        0.6454
BFGS:   11 14:54:03       -5.413730        0.7888
BFGS:   12 14:54:03       -5.492782        0.9909
BFGS:   13 14:54:03       -5.548790        0.9614
BFGS:   14 14:54:03       -5.698333        1.0674
BFGS:   15 14:54:03       -5.900283        1.3224
BFGS:   16 14:54:03       -5.993337        1.0910
BFGS:   17 14:54:03       -6.018786        0.6807
BFGS:   18 14:54:03       -6.076667        0.5812
BFGS:   19 14:54:03       -6.112346        0.5141
BFGS:   20 14:54:03       -6.137939        0.4907
BFGS:   21 14:54:03       -6.207990        0.4486
BFGS:   22 14:54:03       -6.216751        0.3487
BFGS:   23 14:54:03       -6.226243        0.3141
BFGS:   24 14:54:03       -6.237397        0.3110
BFGS:   25 14:54:03       -6.245873        0.3379
BFGS:   26 14:54:03       -6.255928        0.3847
BFGS:   27 14:54:03       -6.262809        0.3106
BFGS:   28 14:54:03       -6.268548        0.1807
BFGS:   29 14:54:03       -6.273676        0.1120
BFGS:   30 14:54:03       -6.275530        0.1118
BFGS:   31 14:54:03       -6.276446        0.1244
BFGS:   32 14:54:03       -6.277917        0.1212
BFGS:   33 14:54:03       -6.279822        0.1205
BFGS:   34 14:54:03       -6.281773        0.1348
BFGS:   35 14:54:03       -6.282923        0.1166
BFGS:   36 14:54:03       -6.283697        0.0927
BFGS:   37 14:54:03       -6.284922        0.0819
BFGS:   38 14:54:03       -6.286944        0.1084
BFGS:   39 14:54:03       -6.289364        0.1687
BFGS:   40 14:54:03       -6.291493        0.2265
BFGS:   41 14:54:03       -6.294017        0.2726
BFGS:   42 14:54:03       -6.298482        0.3108
BFGS:   43 14:54:03       -6.307021        0.3447
BFGS:   44 14:54:03       -6.321548        0.4814
BFGS:   45 14:54:03       -6.342352        0.5374
BFGS:   46 14:54:03       -6.375928        0.6641
BFGS:   47 14:54:03       -6.417486        0.8351
BFGS:   48 14:54:03       -6.574318        0.8167
BFGS:   49 14:54:03       -6.754742        1.2508
BFGS:   50 14:54:03       -6.983538        1.1527
BFGS:   51 14:54:03       -7.031512        3.0512
BFGS:   52 14:54:03       -7.311826        1.2085
BFGS:   53 14:54:03       -7.425220        1.2529
BFGS:   54 14:54:03       -7.529566        0.8329
BFGS:   55 14:54:03       -7.622290        0.9415
BFGS:   56 14:54:03       -7.789863        0.9907
BFGS:   57 14:54:03       -7.862684        1.3342
BFGS:   58 14:54:03       -7.973205        0.7484
BFGS:   59 14:54:03       -8.057045        0.4233
BFGS:   60 14:54:03       -8.092257        0.5519
BFGS:   61 14:54:03       -8.114940        0.4874
BFGS:   62 14:54:03       -8.137090        0.5113
BFGS:   63 14:54:03       -8.166277        0.4912
BFGS:   64 14:54:03       -8.187925        0.3781
BFGS:   65 14:54:03       -8.203007        0.2830
BFGS:   66 14:54:03       -8.215685        0.3321
BFGS:   67 14:54:03       -8.225419        0.4032
BFGS:   68 14:54:03       -8.232935        0.3315
BFGS:   69 14:54:03       -8.241292        0.2292
BFGS:   70 14:54:03       -8.246391        0.1289
BFGS:   71 14:54:03       -8.251054        0.0935
BFGS:   72 14:54:03       -8.253671        0.0864
BFGS:   73 14:54:03       -8.254319        0.0702
BFGS:   74 14:54:03       -8.254728        0.0509
BFGS:   75 14:54:03       -8.255178        0.0570
BFGS:   76 14:54:03       -8.255818        0.0572
BFGS:   77 14:54:03       -8.256412        0.0574
BFGS:   78 14:54:03       -8.256898        0.0517
BFGS:   79 14:54:03       -8.257179        0.0429
      Step     Time          Energy         fmax
BFGS:    0 14:54:03       18.429071       30.4112
BFGS:    1 14:54:03        6.374451       27.5208
BFGS:    2 14:54:03        0.789405       14.3073
BFGS:    3 14:54:03       -1.823986        6.0377
BFGS:    4 14:54:03       -3.220851        2.2576
BFGS:    5 14:54:03       -3.912429        0.8912
BFGS:    6 14:54:03       -4.144993        0.8659
BFGS:    7 14:54:03       -4.214844        0.8175
BFGS:    8 14:54:04       -4.241302        0.7499
BFGS:    9 14:54:04       -4.264101        0.6313
BFGS:   10 14:54:04       -4.290126        0.4462
BFGS:   11 14:54:04       -4.314141        0.4282
BFGS:   12 14:54:04       -4.341523        0.5338
BFGS:   13 14:54:04       -4.356075        0.5619
BFGS:   14 14:54:04       -4.386408        0.5689
BFGS:   15 14:54:04       -4.445479        0.7077
BFGS:   16 14:54:04       -4.492162        0.7842
BFGS:   17 14:54:04       -4.523695        0.3679
BFGS:   18 14:54:04       -4.528499        0.3472
BFGS:   19 14:54:04       -4.533101        0.3057
BFGS:   20 14:54:04       -4.544380        0.2037
BFGS:   21 14:54:04       -4.548531        0.1637
BFGS:   22 14:54:04       -4.550968        0.1719
BFGS:   23 14:54:04       -4.552455        0.1774
BFGS:   24 14:54:04       -4.556499        0.1587
BFGS:   25 14:54:04       -4.560260        0.1862
BFGS:   26 14:54:04       -4.562763        0.2541
BFGS:   27 14:54:04       -4.564784        0.2848
BFGS:   28 14:54:04       -4.569576        0.3191
BFGS:   29 14:54:04       -4.582729        0.3860
BFGS:   30 14:54:04       -4.632336        0.6902
BFGS:   31 14:54:04       -4.786265        0.8486
BFGS:   32 14:54:04       -5.052234        0.8237
BFGS:   33 14:54:04       -5.310242        0.6463
BFGS:   34 14:54:04       -5.107720        3.9198
BFGS:   35 14:54:04       -5.374300        0.6200
BFGS:   36 14:54:04       -5.405318        0.5556
BFGS:   37 14:54:04       -5.527940        0.9355
BFGS:   38 14:54:04       -5.573328        0.7892
BFGS:   39 14:54:04       -5.630819        0.5014
BFGS:   40 14:54:04       -5.675225        0.5203
BFGS:   41 14:54:04       -5.736437        0.6630
BFGS:   42 14:54:04       -5.802610        0.9521
BFGS:   43 14:54:04       -5.886972        1.3942
BFGS:   44 14:54:04       -5.967207        0.8828
BFGS:   45 14:54:04       -6.017750        1.0681
BFGS:   46 14:54:04       -6.090994        0.8242
BFGS:   47 14:54:04       -6.168009        0.7920
BFGS:   48 14:54:04       -6.235479        0.7435
BFGS:   49 14:54:04       -6.272161        0.7113
BFGS:   50 14:54:04       -6.295477        0.6661
BFGS:   51 14:54:04       -6.322392        0.6646
BFGS:   52 14:54:04       -6.412106        0.6439
BFGS:   53 14:54:04       -6.490843        0.8891
BFGS:   54 14:54:04       -6.533048        0.6548
BFGS:   55 14:54:04       -6.565431        0.5749
BFGS:   56 14:54:04       -6.619697        1.0323
BFGS:   57 14:54:04       -6.652439        0.3544
BFGS:   58 14:54:04       -6.669516        0.3169
BFGS:   59 14:54:04       -6.700405        0.4175
BFGS:   60 14:54:04       -6.717639        0.4269
BFGS:   61 14:54:04       -6.787730        0.6271
BFGS:   62 14:54:04       -6.882013        1.1494
BFGS:   63 14:54:04       -6.921419        1.4763
BFGS:   64 14:54:04       -7.083858        0.9392
BFGS:   65 14:54:04       -7.370204        1.0548
BFGS:   66 14:54:04       -7.585160        1.5353
BFGS:   67 14:54:04       -7.693642        1.4248
BFGS:   68 14:54:04       -7.829989        0.7657
BFGS:   69 14:54:04       -7.918906        0.6566
BFGS:   70 14:54:04       -7.974049        0.5571
BFGS:   71 14:54:04       -8.002816        0.4922
BFGS:   72 14:54:04       -8.048429        0.4228
BFGS:   73 14:54:04       -8.071845        0.3564
BFGS:   74 14:54:04       -8.086891        0.2647
BFGS:   75 14:54:04       -8.107430        0.2705
BFGS:   76 14:54:04       -8.116897        0.2731
BFGS:   77 14:54:04       -8.125478        0.2333
BFGS:   78 14:54:04       -8.130141        0.1842
BFGS:   79 14:54:04       -8.134010        0.1437
BFGS:   80 14:54:04       -8.137147        0.1906
BFGS:   81 14:54:04       -8.140808        0.2032
BFGS:   82 14:54:04       -8.144898        0.1638
BFGS:   83 14:54:04       -8.149375        0.2275
BFGS:   84 14:54:04       -8.156140        0.3058
BFGS:   85 14:54:04       -8.168216        0.4685
BFGS:   86 14:54:04       -8.193445        0.7253
BFGS:   87 14:54:04       -8.228049        0.9703
BFGS:   88 14:54:04       -8.260296        1.0325
BFGS:   89 14:54:04       -8.328212        0.8248
BFGS:   90 14:54:04       -8.423056        1.1238
BFGS:   91 14:54:04       -8.439563        0.6473
BFGS:   92 14:54:04       -8.501540        0.5342
BFGS:   93 14:54:04       -8.549045        0.4461
BFGS:   94 14:54:04       -8.562531        0.3280
BFGS:   95 14:54:04       -8.572872        0.2665
BFGS:   96 14:54:04       -8.581994        0.2041
BFGS:   97 14:54:04       -8.587242        0.2039
BFGS:   98 14:54:04       -8.593232        0.1995
BFGS:   99 14:54:04       -8.599314        0.2117
BFGS:  100 14:54:04       -8.603825        0.2083
BFGS:  101 14:54:04       -8.608011        0.1838
BFGS:  102 14:54:04       -8.613945        0.2461
BFGS:  103 14:54:04       -8.621447        0.2719
BFGS:  104 14:54:04       -8.632199        0.2478
BFGS:  105 14:54:04       -8.640472        0.1678
BFGS:  106 14:54:04       -8.644118        0.1072
BFGS:  107 14:54:04       -8.645600        0.0882
BFGS:  108 14:54:04       -8.646634        0.0789
BFGS:  109 14:54:04       -8.647660        0.0693
BFGS:  110 14:54:04       -8.648724        0.0549
BFGS:  111 14:54:04       -8.649524        0.0411
      Step     Time          Energy         fmax
BFGS:    0 14:54:04       17.704806       45.0146
BFGS:    1 14:54:04       -0.908574       15.3823
BFGS:    2 14:54:04       -4.156281        8.0286
BFGS:    3 14:54:04       -5.722094        3.9551
BFGS:    4 14:54:04       -6.420867        2.0181
BFGS:    5 14:54:04       -6.701900        1.0234
BFGS:    6 14:54:04       -6.815226        0.8744
BFGS:    7 14:54:04       -6.906029        0.9520
BFGS:    8 14:54:04       -7.025809        0.9654
BFGS:    9 14:54:04       -7.137386        0.9865
BFGS:   10 14:54:04       -7.263151        1.1163
BFGS:   11 14:54:04       -7.395989        2.0077
BFGS:   12 14:54:04       -7.484294        1.3005
BFGS:   13 14:54:04       -7.750225        0.9361
BFGS:   14 14:54:04       -8.015217        1.8442
BFGS:   15 14:54:04       -8.115301        1.2425
BFGS:   16 14:54:04       -8.207563        1.2460
BFGS:   17 14:54:04       -8.370440        0.8244
BFGS:   18 14:54:04       -8.401315        0.5747
BFGS:   19 14:54:04       -8.439873        0.5720
BFGS:   20 14:54:04       -8.588872        0.6934
BFGS:   21 14:54:04       -8.618599        0.4687
BFGS:   22 14:54:04       -8.654816        0.4350
BFGS:   23 14:54:04       -8.679837        0.5131
BFGS:   24 14:54:04       -8.716049        0.6099
BFGS:   25 14:54:04       -8.750180        0.5284
BFGS:   26 14:54:04       -8.771342        0.3292
BFGS:   27 14:54:04       -8.779261        0.2952
BFGS:   28 14:54:04       -8.784199        0.2055
BFGS:   29 14:54:04       -8.788743        0.1392
BFGS:   30 14:54:04       -8.791429        0.1158
BFGS:   31 14:54:04       -8.792724        0.0795
BFGS:   32 14:54:04       -8.793389        0.0775
BFGS:   33 14:54:04       -8.793890        0.0681
BFGS:   34 14:54:04       -8.794464        0.0542
BFGS:   35 14:54:04       -8.794996        0.0608
BFGS:   36 14:54:04       -8.795393        0.0571
BFGS:   37 14:54:04       -8.795787        0.0639
BFGS:   38 14:54:04       -8.796346        0.0724
BFGS:   39 14:54:04       -8.797369        0.0910
BFGS:   40 14:54:04       -8.799136        0.1314
BFGS:   41 14:54:04       -8.801910        0.2001
BFGS:   42 14:54:04       -8.806254        0.2984
BFGS:   43 14:54:04       -8.814442        0.4601
BFGS:   44 14:54:04       -8.830840        0.6962
BFGS:   45 14:54:04       -8.862573        0.8136
BFGS:   46 14:54:04       -8.908381        0.8811
BFGS:   47 14:54:04       -8.922978        0.8177
BFGS:   48 14:54:04       -8.999756        0.5038
BFGS:   49 14:54:04       -9.044584        0.3011
BFGS:   50 14:54:04       -9.058096        0.3928
BFGS:   51 14:54:04       -9.066182        0.3154
BFGS:   52 14:54:04       -9.074672        0.2272
BFGS:   53 14:54:04       -9.085406        0.1266
BFGS:   54 14:54:04       -9.088757        0.0916
BFGS:   55 14:54:04       -9.090219        0.1004
BFGS:   56 14:54:04       -9.091466        0.1088
BFGS:   57 14:54:04       -9.093446        0.1140
BFGS:   58 14:54:04       -9.094851        0.0977
BFGS:   59 14:54:04       -9.095592        0.1084
BFGS:   60 14:54:04       -9.095996        0.0948
BFGS:   61 14:54:04       -9.096389        0.0628
BFGS:   62 14:54:04       -9.096707        0.0276
      Step     Time          Energy         fmax
BFGS:    0 14:54:04       22.682501       40.9162
BFGS:    1 14:54:04        3.447014       13.7339
BFGS:    2 14:54:04       -1.273608       12.0134
BFGS:    3 14:54:04       -4.662803        2.5637
BFGS:    4 14:54:04       -5.050458        1.5117
BFGS:    5 14:54:04       -5.330762        0.8938
BFGS:    6 14:54:04       -5.391614        0.7491
BFGS:    7 14:54:04       -5.420967        0.6527
BFGS:    8 14:54:04       -5.452229        0.5708
BFGS:    9 14:54:04       -5.495835        0.6224
BFGS:   10 14:54:04       -5.540826        0.7378
BFGS:   11 14:54:04       -5.563335        0.3649
BFGS:   12 14:54:04       -5.572965        0.3056
BFGS:   13 14:54:04       -5.606298        0.3734
BFGS:   14 14:54:04       -5.624051        0.4101
BFGS:   15 14:54:04       -5.638537        0.3619
BFGS:   16 14:54:04       -5.652726        0.3425
BFGS:   17 14:54:04       -5.675931        0.3810
BFGS:   18 14:54:04       -5.716423        0.5211
BFGS:   19 14:54:04       -5.778180        0.6905
BFGS:   20 14:54:04       -5.853582        1.2319
BFGS:   21 14:54:04       -5.938382        1.2281
BFGS:   22 14:54:04       -6.017926        0.9054
BFGS:   23 14:54:04       -6.151785        0.8719
BFGS:   24 14:54:04       -6.194661        1.7401
BFGS:   25 14:54:04       -6.263680        1.3332
BFGS:   26 14:54:04       -6.345365        0.8541
BFGS:   27 14:54:04       -6.403237        0.8590
BFGS:   28 14:54:04       -6.521396        0.8653
BFGS:   29 14:54:04       -6.523674        0.9235
BFGS:   30 14:54:04       -6.629704        0.6340
BFGS:   31 14:54:04       -6.666664        0.5136
BFGS:   32 14:54:04       -6.728449        0.4887
BFGS:   33 14:54:04       -6.757380        0.4753
BFGS:   34 14:54:04       -6.778654        0.4036
BFGS:   35 14:54:04       -6.792017        0.3586
BFGS:   36 14:54:04       -6.812896        0.2710
BFGS:   37 14:54:04       -6.824844        0.3528
BFGS:   38 14:54:04       -6.835555        0.3380
BFGS:   39 14:54:04       -6.843200        0.2665
BFGS:   40 14:54:04       -6.852072        0.2232
BFGS:   41 14:54:04       -6.858722        0.2069
BFGS:   42 14:54:04       -6.863590        0.1697
BFGS:   43 14:54:04       -6.866988        0.1729
BFGS:   44 14:54:04       -6.870216        0.2056
BFGS:   45 14:54:04       -6.874251        0.1873
BFGS:   46 14:54:04       -6.877753        0.1287
BFGS:   47 14:54:04       -6.879923        0.1216
BFGS:   48 14:54:04       -6.881908        0.1271
BFGS:   49 14:54:04       -6.885252        0.1787
BFGS:   50 14:54:04       -6.892832        0.2948
BFGS:   51 14:54:04       -6.914501        0.5342
BFGS:   52 14:54:04       -6.949494        0.8119
BFGS:   53 14:54:04       -6.983200        1.0355
BFGS:   54 14:54:04       -7.017025        1.1823
BFGS:   55 14:54:04       -7.040256        1.2395
BFGS:   56 14:54:04       -7.129762        1.1965
BFGS:   57 14:54:04       -7.286356        1.2515
BFGS:   58 14:54:04       -7.383827        0.8743
BFGS:   59 14:54:04       -7.493206        0.8368
BFGS:   60 14:54:04       -7.527154        0.9537
BFGS:   61 14:54:04       -7.535099        1.3198
BFGS:   62 14:54:04       -7.599776        0.6021
BFGS:   63 14:54:04       -7.664752        0.5112
BFGS:   64 14:54:04       -7.710829        0.4899
BFGS:   65 14:54:04       -7.756246        0.4610
BFGS:   66 14:54:04       -7.811928        0.5123
BFGS:   67 14:54:04       -7.828010        0.3547
BFGS:   68 14:54:04       -7.842539        0.2794
BFGS:   69 14:54:04       -7.854103        0.2727
BFGS:   70 14:54:04       -7.862888        0.2422
BFGS:   71 14:54:04       -7.873596        0.2298
BFGS:   72 14:54:04       -7.879532        0.2552
BFGS:   73 14:54:04       -7.887093        0.2693
BFGS:   74 14:54:04       -7.900639        0.3561
BFGS:   75 14:54:04       -7.935768        0.6595
BFGS:   76 14:54:04       -7.986531        0.9758
BFGS:   77 14:54:04       -8.028952        1.1288
BFGS:   78 14:54:04       -8.103454        1.0363
BFGS:   79 14:54:04       -8.175210        1.2403
BFGS:   80 14:54:04       -8.255433        0.9737
BFGS:   81 14:54:04       -8.227557        1.0194
BFGS:   82 14:54:04       -8.332539        0.7642
BFGS:   83 14:54:04       -8.358633        0.4848
BFGS:   84 14:54:04       -8.380765        0.3196
BFGS:   85 14:54:04       -8.409018        0.1440
BFGS:   86 14:54:04       -8.414057        0.1453
BFGS:   87 14:54:04       -8.430416        0.2156
BFGS:   88 14:54:04       -8.444912        0.3135
BFGS:   89 14:54:04       -8.469259        0.7284
BFGS:   90 14:54:04       -8.490950        1.5375
BFGS:   91 14:54:04       -8.569130        0.9401
BFGS:   92 14:54:04       -8.640981        0.8946
BFGS:   93 14:54:04       -8.702505        0.7999
BFGS:   94 14:54:04       -8.750664        0.8642
BFGS:   95 14:54:04       -8.879211        0.5572
BFGS:   96 14:54:04       -8.897687        0.4735
BFGS:   97 14:54:04       -8.926206        0.3969
BFGS:   98 14:54:04       -8.949926        0.4241
BFGS:   99 14:54:04       -8.976055        0.3252
BFGS:  100 14:54:04       -9.003723        0.4163
BFGS:  101 14:54:04       -9.016597        0.3044
BFGS:  102 14:54:04       -9.033037        0.2263
BFGS:  103 14:54:04       -9.039768        0.1733
BFGS:  104 14:54:04       -9.047676        0.2376
BFGS:  105 14:54:04       -9.050964        0.2398
BFGS:  106 14:54:04       -9.059347        0.1946
BFGS:  107 14:54:04       -9.063193        0.1875
BFGS:  108 14:54:04       -9.068103        0.0705
BFGS:  109 14:54:04       -9.069015        0.0694
BFGS:  110 14:54:04       -9.069717        0.0591
BFGS:  111 14:54:04       -9.070365        0.0444
      Step     Time          Energy         fmax
BFGS:    0 14:54:04       18.553673       26.5204
BFGS:    1 14:54:04        3.998215       23.5381
BFGS:    2 14:54:04       -1.140784       10.6265
BFGS:    3 14:54:04       -3.613146        3.1701
BFGS:    4 14:54:04       -4.130366        1.7798
BFGS:    5 14:54:04       -4.486258        0.7749
BFGS:    6 14:54:04       -4.556173        0.4804
BFGS:    7 14:54:04       -4.576068        0.3797
BFGS:    8 14:54:04       -4.589678        0.3678
BFGS:    9 14:54:04       -4.614049        0.3496
BFGS:   10 14:54:04       -4.647071        0.4962
BFGS:   11 14:54:04       -4.691148        0.7848
BFGS:   12 14:54:04       -4.737900        0.7908
BFGS:   13 14:54:04       -4.797112        0.9188
BFGS:   14 14:54:04       -4.903870        1.3332
BFGS:   15 14:54:04       -5.043004        0.7165
BFGS:   16 14:54:04       -5.120163        0.7099
BFGS:   17 14:54:04       -5.162076        0.7144
BFGS:   18 14:54:04       -5.213089        0.7285
BFGS:   19 14:54:04       -5.280882        0.6760
BFGS:   20 14:54:04       -5.368092        0.5852
BFGS:   21 14:54:04       -5.402712        0.5974
BFGS:   22 14:54:04       -5.443596        0.7054
BFGS:   23 14:54:04       -5.481509        0.5795
BFGS:   24 14:54:04       -5.515431        0.4123
BFGS:   25 14:54:04       -5.548502        0.4299
BFGS:   26 14:54:04       -5.560212        0.3907
BFGS:   27 14:54:04       -5.566268        0.3368
BFGS:   28 14:54:04       -5.575091        0.2512
BFGS:   29 14:54:04       -5.584947        0.2400
BFGS:   30 14:54:04       -5.599457        0.4387
BFGS:   31 14:54:04       -5.611987        0.5854
BFGS:   32 14:54:04       -5.634929        0.6916
BFGS:   33 14:54:04       -5.690200        0.7902
BFGS:   34 14:54:04       -5.768994        0.9159
BFGS:   35 14:54:04       -5.893882        1.0220
BFGS:   36 14:54:04       -6.049736        0.9929
BFGS:   37 14:54:04       -6.149087        0.9471
BFGS:   38 14:54:04       -6.198328        0.8102
BFGS:   39 14:54:04       -6.341433        1.6945
BFGS:   40 14:54:04       -6.448184        1.1219
BFGS:   41 14:54:04       -6.679309        0.7391
BFGS:   42 14:54:04       -6.720021        0.7322
BFGS:   43 14:54:04       -6.732563        0.9320
BFGS:   44 14:54:04       -6.790208        0.8603
BFGS:   45 14:54:04       -6.816977        0.8151
BFGS:   46 14:54:04       -6.865712        1.1676
BFGS:   47 14:54:04       -6.902767        0.4494
BFGS:   48 14:54:04       -6.926008        0.3937
BFGS:   49 14:54:04       -6.944548        0.2492
BFGS:   50 14:54:04       -6.949942        0.2293
BFGS:   51 14:54:04       -6.954821        0.2350
BFGS:   52 14:54:04       -6.961692        0.2523
BFGS:   53 14:54:04       -6.971844        0.2837
BFGS:   54 14:54:04       -6.994724        0.3972
BFGS:   55 14:54:04       -7.045820        0.6881
BFGS:   56 14:54:04       -7.114016        1.0904
BFGS:   57 14:54:04       -7.140388        1.3706
BFGS:   58 14:54:04       -7.210971        1.0082
BFGS:   59 14:54:04       -7.300482        0.8221
BFGS:   60 14:54:04       -7.394176        0.5899
BFGS:   61 14:54:04       -7.433893        0.8995
BFGS:   62 14:54:04       -7.508710        0.6873
BFGS:   63 14:54:04       -7.562554        0.5485
BFGS:   64 14:54:04       -7.578727        0.3198
BFGS:   65 14:54:04       -7.590104        0.2890
BFGS:   66 14:54:04       -7.610957        0.3921
BFGS:   67 14:54:04       -7.625145        0.2995
BFGS:   68 14:54:04       -7.644826        0.3319
BFGS:   69 14:54:04       -7.663007        0.3235
BFGS:   70 14:54:04       -7.673275        0.2144
BFGS:   71 14:54:04       -7.676880        0.1482
BFGS:   72 14:54:04       -7.678939        0.0885
BFGS:   73 14:54:04       -7.679976        0.0828
BFGS:   74 14:54:04       -7.681244        0.0793
BFGS:   75 14:54:04       -7.682205        0.0794
BFGS:   76 14:54:04       -7.683374        0.0936
BFGS:   77 14:54:04       -7.684503        0.1026
BFGS:   78 14:54:04       -7.685703        0.0999
BFGS:   79 14:54:04       -7.686753        0.0697
BFGS:   80 14:54:04       -7.687411        0.0404
      Step     Time          Energy         fmax
BFGS:    0 14:54:04       18.522667       44.7179
BFGS:    1 14:54:04        1.647869       12.9922
BFGS:    2 14:54:04       -2.092189        7.8852
BFGS:    3 14:54:04       -4.077267        3.1088
BFGS:    4 14:54:04       -4.754236        1.3425
BFGS:    5 14:54:04       -4.979577        0.6042
BFGS:    6 14:54:04       -5.038760        0.5352
BFGS:    7 14:54:04       -5.064691        0.5272
BFGS:    8 14:54:04       -5.100255        0.5616
BFGS:    9 14:54:04       -5.168864        0.5885
BFGS:   10 14:54:04       -5.246888        0.8728
BFGS:   11 14:54:04       -5.329703        0.9769
BFGS:   12 14:54:04       -5.377627        1.2992
BFGS:   13 14:54:04       -5.469339        0.5165
BFGS:   14 14:54:04       -5.498619        0.5388
BFGS:   15 14:54:04       -5.546166        1.0523
BFGS:   16 14:54:04       -5.592937        0.7905
BFGS:   17 14:54:04       -5.705154        1.0331
BFGS:   18 14:54:04       -5.785630        1.1038
BFGS:   19 14:54:04       -5.848023        1.2341
BFGS:   20 14:54:04       -5.928089        0.7872
BFGS:   21 14:54:04       -6.005538        0.7502
BFGS:   22 14:54:04       -6.075264        1.4298
BFGS:   23 14:54:04       -6.158830        0.6055
BFGS:   24 14:54:04       -6.191171        0.5440
BFGS:   25 14:54:04       -6.276338        1.6364
BFGS:   26 14:54:04       -6.355109        1.1921
BFGS:   27 14:54:04       -6.459482        1.4969
BFGS:   28 14:54:04       -6.529719        0.8452
BFGS:   29 14:54:04       -6.693851        0.9865
BFGS:   30 14:54:04       -6.897362        1.0505
BFGS:   31 14:54:04       -6.902692        1.2156
BFGS:   32 14:54:04       -7.068195        0.8245
BFGS:   33 14:54:04       -7.125333        0.7640
BFGS:   34 14:54:04       -7.224138        0.8729
BFGS:   35 14:54:04       -7.263551        0.6827
BFGS:   36 14:54:04       -7.316581        0.6113
BFGS:   37 14:54:04       -7.357913        0.4725
BFGS:   38 14:54:04       -7.394073        0.5069
BFGS:   39 14:54:04       -7.432871        0.6160
BFGS:   40 14:54:04       -7.499143        0.6855
BFGS:   41 14:54:04       -7.530433        0.8274
BFGS:   42 14:54:04       -7.593967        0.5502
BFGS:   43 14:54:04       -7.662525        0.5169
BFGS:   44 14:54:04       -7.724101        0.6724
BFGS:   45 14:54:04       -7.805286        0.8588
BFGS:   46 14:54:04       -7.906851        0.8379
BFGS:   47 14:54:05       -7.985127        0.7655
BFGS:   48 14:54:05       -8.069673        0.6726
BFGS:   49 14:54:05       -8.101648        0.6587
BFGS:   50 14:54:05       -8.143426        0.4279
BFGS:   51 14:54:05       -8.172708        0.4917
BFGS:   52 14:54:05       -8.185497        0.3729
BFGS:   53 14:54:05       -8.207735        0.2715
BFGS:   54 14:54:05       -8.221223        0.2360
BFGS:   55 14:54:05       -8.229208        0.3168
BFGS:   56 14:54:05       -8.243618        0.3702
BFGS:   57 14:54:05       -8.258347        0.3688
BFGS:   58 14:54:05       -8.270501        0.3101
BFGS:   59 14:54:05       -8.281557        0.2816
BFGS:   60 14:54:05       -8.292662        0.2881
BFGS:   61 14:54:05       -8.304090        0.3352
BFGS:   62 14:54:05       -8.325450        0.4957
BFGS:   63 14:54:05       -8.346235        0.6553
BFGS:   64 14:54:05       -8.380516        0.4921
BFGS:   65 14:54:05       -8.423158        0.3778
BFGS:   66 14:54:05       -8.462833        0.3523
BFGS:   67 14:54:05       -8.472509        0.3343
BFGS:   68 14:54:05       -8.480299        0.3293
BFGS:   69 14:54:05       -8.486967        0.2814
BFGS:   70 14:54:05       -8.495755        0.2198
BFGS:   71 14:54:05       -8.504390        0.2743
BFGS:   72 14:54:05       -8.507382        0.2091
BFGS:   73 14:54:05       -8.510708        0.1075
BFGS:   74 14:54:05       -8.511877        0.0807
BFGS:   75 14:54:05       -8.512854        0.0798
BFGS:   76 14:54:05       -8.513612        0.0694
BFGS:   77 14:54:05       -8.514398        0.0558
BFGS:   78 14:54:05       -8.515036        0.0710
BFGS:   79 14:54:05       -8.515715        0.0864
BFGS:   80 14:54:05       -8.516650        0.1006
BFGS:   81 14:54:05       -8.518055        0.1002
BFGS:   82 14:54:05       -8.520005        0.1316
BFGS:   83 14:54:05       -8.522758        0.1762
BFGS:   84 14:54:05       -8.528113        0.2580
BFGS:   85 14:54:05       -8.552045        0.6546
BFGS:   86 14:54:05       -8.490776        1.0220
BFGS:   87 14:54:05       -8.559568        0.6690
BFGS:   88 14:54:05       -8.565010        0.6786
BFGS:   89 14:54:05       -8.570128        0.9751
BFGS:   90 14:54:05       -8.617734        0.7017
BFGS:   91 14:54:05       -8.642676        0.6808
BFGS:   92 14:54:05       -8.697728        0.6865
BFGS:   93 14:54:05       -8.750416        0.4585
BFGS:   94 14:54:05       -8.773039        0.3276
BFGS:   95 14:54:05       -8.788531        0.2827
BFGS:   96 14:54:05       -8.793394        0.2318
BFGS:   97 14:54:05       -8.799150        0.1261
BFGS:   98 14:54:05       -8.801184        0.0934
BFGS:   99 14:54:05       -8.803407        0.0673
BFGS:  100 14:54:05       -8.804023        0.0446
      Step     Time          Energy         fmax
BFGS:    0 14:54:05       18.749071       35.9897
BFGS:    1 14:54:05        3.731726       15.0806
BFGS:    2 14:54:05       -0.305799       10.4586
BFGS:    3 14:54:05       -3.311667        3.1401
BFGS:    4 14:54:05       -3.751110        2.2881
BFGS:    5 14:54:05       -4.247059        1.0989
BFGS:    6 14:54:05       -4.370279        0.6120
BFGS:    7 14:54:05       -4.411656        0.5433
BFGS:    8 14:54:05       -4.434109        0.5634
BFGS:    9 14:54:05       -4.467404        0.5159
BFGS:   10 14:54:05       -4.507372        0.3168
BFGS:   11 14:54:05       -4.526050        0.2588
BFGS:   12 14:54:05       -4.534543        0.2541
BFGS:   13 14:54:05       -4.541997        0.2478
BFGS:   14 14:54:05       -4.547202        0.2258
BFGS:   15 14:54:05       -4.563116        0.2107
BFGS:   16 14:54:05       -4.570025        0.2753
BFGS:   17 14:54:05       -4.575723        0.3057
BFGS:   18 14:54:05       -4.585217        0.3300
BFGS:   19 14:54:05       -4.614465        0.4161
BFGS:   20 14:54:05       -4.673468        0.5683
BFGS:   21 14:54:05       -4.718428        0.7619
BFGS:   22 14:54:05       -4.642081        2.0012
BFGS:   23 14:54:05       -4.949969        0.6147
BFGS:   24 14:54:05       -5.041880        0.8881
BFGS:   25 14:54:05       -5.130452        0.9736
BFGS:   26 14:54:05       -5.235158        1.0454
BFGS:   27 14:54:05       -5.340938        1.0082
BFGS:   28 14:54:05       -5.551347        0.9102
BFGS:   29 14:54:05       -5.594017        0.6068
BFGS:   30 14:54:05       -5.615328        0.5333
BFGS:   31 14:54:05       -5.716637        0.6778
BFGS:   32 14:54:05       -5.806102        0.8593
BFGS:   33 14:54:05       -5.844232        0.8407
BFGS:   34 14:54:05       -5.877968        0.6376
BFGS:   35 14:54:05       -5.908777        0.3569
BFGS:   36 14:54:05       -5.924172        0.2365
BFGS:   37 14:54:05       -5.930014        0.2392
BFGS:   38 14:54:05       -5.934314        0.2099
BFGS:   39 14:54:05       -5.939823        0.1669
BFGS:   40 14:54:05       -5.946487        0.1631
BFGS:   41 14:54:05       -5.950419        0.1751
BFGS:   42 14:54:05       -5.953670        0.2071
BFGS:   43 14:54:05       -5.960158        0.3013
BFGS:   44 14:54:05       -5.974307        0.4328
BFGS:   45 14:54:05       -6.008475        0.5523
BFGS:   46 14:54:05       -6.052021        0.7386
BFGS:   47 14:54:05       -6.121794        0.8842
BFGS:   48 14:54:05       -6.223139        0.9690
BFGS:   49 14:54:05       -6.326748        0.9493
BFGS:   50 14:54:05       -6.356456        1.2192
BFGS:   51 14:54:05       -6.430709        0.8605
BFGS:   52 14:54:05       -6.461628        0.7908
BFGS:   53 14:54:05       -6.504273        0.6598
BFGS:   54 14:54:05       -6.591413        0.5442
BFGS:   55 14:54:05       -6.641288        0.4870
BFGS:   56 14:54:05       -6.719410        0.6743
BFGS:   57 14:54:05       -6.776205        1.1922
BFGS:   58 14:54:05       -6.827443        0.7781
BFGS:   59 14:54:05       -6.899709        0.8087
BFGS:   60 14:54:05       -7.013349        1.1526
BFGS:   61 14:54:05       -7.112962        1.0312
BFGS:   62 14:54:05       -7.248690        0.8707
BFGS:   63 14:54:05       -7.432734        1.3005
BFGS:   64 14:54:05       -7.479341        1.5360
BFGS:   65 14:54:05       -7.572458        0.7165
BFGS:   66 14:54:05       -7.609216        0.6054
BFGS:   67 14:54:05       -7.636700        0.4178
BFGS:   68 14:54:05       -7.655120        0.4517
BFGS:   69 14:54:05       -7.697910        0.5101
BFGS:   70 14:54:05       -7.742492        0.6043
BFGS:   71 14:54:05       -7.803605        0.7249
BFGS:   72 14:54:05       -7.883291        0.8744
BFGS:   73 14:54:05       -7.939278        0.9666
BFGS:   74 14:54:05       -8.018413        0.7753
BFGS:   75 14:54:05       -8.111215        0.6567
BFGS:   76 14:54:05       -8.135246        0.5523
BFGS:   77 14:54:05       -8.152821        0.2597
BFGS:   78 14:54:05       -8.163915        0.2237
BFGS:   79 14:54:05       -8.177233        0.2421
BFGS:   80 14:54:05       -8.194841        0.3743
BFGS:   81 14:54:05       -8.204218        0.4760
BFGS:   82 14:54:05       -8.215696        0.4793
BFGS:   83 14:54:05       -8.232788        0.3983
BFGS:   84 14:54:05       -8.255334        0.3735
BFGS:   85 14:54:05       -8.279070        0.3859
BFGS:   86 14:54:05       -8.308239        0.2998
BFGS:   87 14:54:05       -8.328186        0.2496
BFGS:   88 14:54:05       -8.322291        0.2720
BFGS:   89 14:54:05       -8.338582        0.1793
BFGS:   90 14:54:05       -8.342660        0.1659
BFGS:   91 14:54:05       -8.351409        0.1855
BFGS:   92 14:54:05       -8.363089        0.2363
BFGS:   93 14:54:05       -8.382203        0.2651
BFGS:   94 14:54:05       -8.418895        0.4647
BFGS:   95 14:54:05       -8.462322        0.6301
BFGS:   96 14:54:05       -8.482457        0.5473
BFGS:   97 14:54:05       -8.513350        0.5068
BFGS:   98 14:54:05       -8.540817        0.4641
BFGS:   99 14:54:05       -8.569740        0.3413
BFGS:  100 14:54:05       -8.584578        0.3549
BFGS:  101 14:54:05       -8.594855        0.2469
BFGS:  102 14:54:05       -8.606683        0.2032
BFGS:  103 14:54:05       -8.612097        0.1048
BFGS:  104 14:54:05       -8.613699        0.0511
BFGS:  105 14:54:05       -8.614019        0.0256
