       Step     Time          Energy         fmax
GPMin:    0 15:42:53       -4.427467        1.4668
GPMin:    1 15:43:02       -5.570243        0.8087
GPMin:    2 15:43:11       -6.081472        0.4716
GPMin:    3 15:43:19       -6.310504        0.3043
GPMin:    4 15:43:26       -6.385446        0.2403
GPMin:    5 15:43:33       -6.496027        0.2165
GPMin:    6 15:43:41       -6.512461        0.1693
GPMin:    7 15:43:50       -6.571972        0.2384
GPMin:    8 15:43:58       -6.592247        0.2540
GPMin:    9 15:44:06       -6.618751        0.2509
GPMin:   10 15:44:13       -6.673049        0.2336
GPMin:   11 15:44:19       -6.770111        0.2372
GPMin:   12 15:44:25       -6.876082        0.2398
GPMin:   13 15:44:32       -6.973879        0.2268
GPMin:   14 15:44:38       -7.052133        0.1937
GPMin:   15 15:44:44       -7.105970        0.1436
GPMin:   16 15:44:50       -7.142708        0.1363
GPMin:   17 15:44:57       -7.171839        0.1338
GPMin:   18 15:45:03       -7.196399        0.1077
GPMin:   19 15:45:09       -7.214106        0.0727
GPMin:   20 15:45:16       -7.224940        0.0444
GPMin:   21 15:45:22       -7.230969        0.0462
GPMin:   22 15:45:28       -7.234246        0.0389
GPMin:   23 15:45:34       -7.236288        0.0268
GPMin:   24 15:45:39       -7.237915        0.0262
GPMin:   25 15:45:45       -7.238690        0.0208
GPMin:   26 15:45:51       -7.239201        0.0126
       Step     Time          Energy         fmax
GPMin:    0 15:46:03       -4.943381        1.4743
GPMin:    1 15:46:12       -6.039795        0.7824
GPMin:    2 15:46:19       -6.518191        0.4168
GPMin:    3 15:46:27       -6.736273        0.2354
GPMin:    4 15:46:35       -6.814917        0.1465
GPMin:    5 15:46:42       -6.831880        0.0968
GPMin:    6 15:46:49       -6.837236        0.0816
GPMin:    7 15:46:56       -6.855771        0.0868
GPMin:    8 15:47:02       -6.873964        0.0978
GPMin:    9 15:47:08       -6.891754        0.1141
GPMin:   10 15:47:16       -6.912319        0.1241
GPMin:   11 15:47:23       -6.939637        0.1272
GPMin:   12 15:47:30       -6.971816        0.1189
GPMin:   13 15:47:37       -7.008714        0.1052
GPMin:   14 15:47:44       -7.047635        0.1249
GPMin:   15 15:47:51       -7.093123        0.1370
GPMin:   16 15:47:58       -7.137599        0.1314
GPMin:   17 15:48:05       -7.176576        0.1031
GPMin:   18 15:48:12       -7.202112        0.0585
GPMin:   19 15:48:18       -7.212200        0.0544
GPMin:   20 15:48:25       -7.214593        0.0460
GPMin:   21 15:48:31       -7.216776        0.0350
GPMin:   22 15:48:37       -7.217975        0.0199
       Step     Time          Energy         fmax
GPMin:    0 15:48:51       -4.420482        1.4670
GPMin:    1 15:49:00       -5.563327        0.8086
GPMin:    2 15:49:09       -6.074902        0.4705
GPMin:    3 15:49:17       -6.304285        0.3029
GPMin:    4 15:49:24       -6.378920        0.2387
GPMin:    5 15:49:34       -6.487158        0.2146
GPMin:    6 15:49:41       -6.505389        0.1693
GPMin:    7 15:49:50       -6.565272        0.2408
GPMin:    8 15:49:58       -6.583459        0.2622
GPMin:    9 15:50:06       -6.608904        0.2628
GPMin:   10 15:50:13       -6.664171        0.2458
GPMin:   11 15:50:19       -6.764462        0.2330
GPMin:   12 15:50:26       -6.872139        0.2364
GPMin:   13 15:50:33       -6.967909        0.2276
       Step     Time          Energy         fmax
GPMin:    0 15:53:29       -4.420486        1.4668
GPMin:    1 15:53:38       -5.563324        0.8086
GPMin:    2 15:53:47       -6.074872        0.4705
GPMin:    3 15:53:55       -6.304230        0.3030
GPMin:    4 15:54:02       -6.378869        0.2387
GPMin:    5 15:54:11       -6.487304        0.2145
GPMin:    6 15:54:19       -6.505394        0.1693
GPMin:    7 15:54:27       -6.565259        0.2409
GPMin:    8 15:54:35       -6.583341        0.2624
GPMin:    9 15:54:43       -6.608733        0.2631
GPMin:   10 15:54:50       -6.664035        0.2460
GPMin:   11 15:54:56       -6.764296        0.2328
GPMin:   12 15:55:03       -6.871736        0.2364
GPMin:   13 15:55:09       -6.967365        0.2277
GPMin:   14 15:55:15       -7.045961        0.2027
GPMin:   15 15:55:22       -7.102277        0.1611
GPMin:   16 15:55:28       -7.141921        0.1336
GPMin:   17 15:55:34       -7.172550        0.1316
GPMin:   18 15:55:40       -7.195903        0.1120
GPMin:   19 15:55:46       -7.213410        0.0793
GPMin:   20 15:55:52       -7.225005        0.0449
GPMin:   21 15:55:58       -7.231356        0.0444
GPMin:   22 15:56:05       -7.234856        0.0387
GPMin:   23 15:56:10       -7.236256        0.0300
GPMin:   24 15:56:16       -7.237659        0.0334
GPMin:   25 15:56:22       -7.238536        0.0219
GPMin:   26 15:56:27       -7.239103        0.0140
       Step     Time          Energy         fmax
GPMin:    0 15:56:39       -4.971872        1.4870
GPMin:    1 15:56:47       -5.970556        0.7615
GPMin:    2 15:56:55       -6.395937        0.4000
GPMin:    3 15:57:03       -6.587868        0.2380
GPMin:    4 15:57:11       -6.658051        0.1252
GPMin:    5 15:57:19       -6.676724        0.1003
GPMin:    6 15:57:26       -6.685514        0.1036
GPMin:    7 15:57:33       -6.702256        0.0946
GPMin:    8 15:57:40       -6.719774        0.1232
GPMin:    9 15:57:47       -6.741958        0.1471
GPMin:   10 15:57:54       -6.769762        0.1561
GPMin:   11 15:58:01       -6.805725        0.1589
GPMin:   12 15:58:08       -6.849276        0.1469
GPMin:   13 15:58:15       -6.895349        0.1278
GPMin:   14 15:58:22       -6.943474        0.1426
GPMin:   15 15:58:29       -6.992884        0.1562
GPMin:   16 15:58:36       -7.040949        0.1613
GPMin:   17 15:58:43       -7.092051        0.1546
GPMin:   18 15:58:50       -7.134068        0.1370
GPMin:   19 15:58:57       -7.165211        0.1108
GPMin:   20 15:59:04       -7.181156        0.0970
GPMin:   21 15:59:11       -7.190905        0.0978
GPMin:   22 15:59:18       -7.206640        0.0947
GPMin:   23 15:59:26       -7.221617        0.0635
GPMin:   24 15:59:32       -7.235358        0.0651
GPMin:   25 15:59:38       -7.248263        0.0707
GPMin:   26 15:59:44       -7.259883        0.0583
GPMin:   27 15:59:51       -7.269823        0.0523
GPMin:   28 15:59:57       -7.276300        0.0383
GPMin:   29 16:00:03       -7.279481        0.0232
GPMin:   30 16:00:09       -7.280269        0.0207
GPMin:   31 16:00:15       -7.280769        0.0166
       Step     Time          Energy         fmax
GPMin:    0 16:00:25       -5.386739        1.3570
GPMin:    1 16:00:32       -6.503421        0.7507
GPMin:    2 16:00:40       -6.993431        0.4105
GPMin:    3 16:00:46       -7.209369        0.1887
GPMin:    4 16:00:52       -7.273555        0.0528
GPMin:    5 16:00:58       -7.278254        0.0272
GPMin:    6 16:01:02       -7.278540        0.0260
GPMin:    7 16:01:08       -7.280500        0.0110
       Step     Time          Energy         fmax
GPMin:    0 16:01:19       -5.122000        1.6603
GPMin:    1 16:01:28       -6.281252        0.8840
GPMin:    2 16:01:36       -6.792620        0.4899
GPMin:    3 16:01:44       -7.026287        0.2679
GPMin:    4 16:01:52       -7.108444        0.1351
GPMin:    5 16:01:59       -7.123478        0.0705
GPMin:    6 16:02:05       -7.125931        0.0544
GPMin:    7 16:02:12       -7.134346        0.0398
GPMin:    8 16:02:18       -7.137800        0.0383
GPMin:    9 16:02:24       -7.139233        0.0386
GPMin:   10 16:02:30       -7.141227        0.0228
GPMin:   11 16:02:36       -7.141737        0.0209
GPMin:   12 16:02:41       -7.141923        0.0159
       Step     Time          Energy         fmax
GPMin:    0 16:02:52       -5.120524        1.6559
GPMin:    1 16:03:01       -6.279889        0.8826
GPMin:    2 16:03:09       -6.791423        0.4877
GPMin:    3 16:03:17       -7.025372        0.2679
GPMin:    4 16:03:25       -7.108493        0.1347
GPMin:    5 16:03:32       -7.123303        0.0697
GPMin:    6 16:03:38       -7.125784        0.0530
GPMin:    7 16:03:45       -7.134349        0.0383
GPMin:    8 16:03:52       -7.137604        0.0386
GPMin:    9 16:03:57       -7.139176        0.0383
GPMin:   10 16:04:04       -7.141095        0.0218
GPMin:   11 16:04:09       -7.141475        0.0199
       Step     Time          Energy         fmax
GPMin:    0 16:04:22       -4.943607        1.4745
GPMin:    1 16:04:31       -6.040410        0.7843
GPMin:    2 16:04:38       -6.518755        0.4170
GPMin:    3 16:04:46       -6.736941        0.2365
GPMin:    4 16:04:54       -6.815451        0.1486
GPMin:    5 16:05:01       -6.832647        0.0996
GPMin:    6 16:05:08       -6.838019        0.0838
GPMin:    7 16:05:15       -6.856768        0.0872
GPMin:    8 16:05:22       -6.874963        0.0984
GPMin:    9 16:05:29       -6.893637        0.1147
GPMin:   10 16:05:36       -6.915086        0.1232
GPMin:   11 16:05:43       -6.943977        0.1275
GPMin:   12 16:05:50       -6.976928        0.1202
GPMin:   13 16:05:57       -7.016160        0.1097
GPMin:   14 16:06:04       -7.056886        0.1287
GPMin:   15 16:06:11       -7.102476        0.1382
GPMin:   16 16:06:18       -7.146949        0.1286
GPMin:   17 16:06:25       -7.183650        0.0935
GPMin:   18 16:06:32       -7.205055        0.0570
GPMin:   19 16:06:39       -7.212047        0.0525
GPMin:   20 16:06:45       -7.213793        0.0440
GPMin:   21 16:06:51       -7.216177        0.0311
GPMin:   22 16:06:57       -7.216843        0.0185
       Step     Time          Energy         fmax
GPMin:    0 16:07:08       -5.122109        1.6567
GPMin:    1 16:07:17       -6.280690        0.8836
GPMin:    2 16:07:25       -6.792005        0.4882
GPMin:    3 16:07:33       -7.025126        0.2677
GPMin:    4 16:07:41       -7.107695        0.1360
GPMin:    5 16:07:48       -7.122961        0.0703
GPMin:    6 16:07:54       -7.125451        0.0536
GPMin:    7 16:08:01       -7.133791        0.0398
GPMin:    8 16:08:07       -7.137218        0.0374
GPMin:    9 16:08:13       -7.138704        0.0378
GPMin:   10 16:08:20       -7.140816        0.0233
GPMin:   11 16:08:25       -7.141243        0.0213
GPMin:   12 16:08:30       -7.141449        0.0162
       Step     Time          Energy         fmax
GPMin:    0 16:08:41       -5.047571        1.4830
GPMin:    1 16:08:50       -5.987597        0.7121
GPMin:    2 16:08:58       -6.398760        0.3769
GPMin:    3 16:09:06       -6.592261        0.2236
GPMin:    4 16:09:13       -6.667450        0.1279
GPMin:    5 16:09:20       -6.689399        0.1183
GPMin:    6 16:09:27       -6.698922        0.1121
GPMin:    7 16:09:34       -6.715159        0.0935
GPMin:    8 16:09:40       -6.730963        0.0735
GPMin:    9 16:09:46       -6.744990        0.0674
GPMin:   10 16:09:52       -6.760066        0.0669
GPMin:   11 16:09:59       -6.772914        0.0703
GPMin:   12 16:10:05       -6.786729        0.0756
GPMin:   13 16:10:11       -6.798990        0.0795
GPMin:   14 16:10:17       -6.812741        0.0829
GPMin:   15 16:10:24       -6.827777        0.0884
GPMin:   16 16:10:30       -6.845882        0.0917
GPMin:   17 16:10:36       -6.867755        0.0948
GPMin:   18 16:10:42       -6.892488        0.1029
GPMin:   19 16:10:49       -6.919996        0.1024
GPMin:   20 16:10:55       -6.947256        0.0956
GPMin:   21 16:11:01       -6.969027        0.0722
GPMin:   22 16:11:07       -6.982364        0.0580
GPMin:   23 16:11:14       -6.988137        0.0575
GPMin:   24 16:11:20       -6.992639        0.0520
GPMin:   25 16:11:26       -6.996782        0.0446
GPMin:   26 16:11:33       -7.000265        0.0478
GPMin:   27 16:11:39       -7.004289        0.0670
GPMin:   28 16:11:45       -7.007320        0.0650
GPMin:   29 16:11:52       -7.013331        0.0513
GPMin:   30 16:11:59       -7.017145        0.0583
GPMin:   31 16:12:06       -7.025709        0.0601
GPMin:   32 16:12:12       -7.030818        0.0584
GPMin:   33 16:12:18       -7.037552        0.0615
GPMin:   34 16:12:25       -7.044417        0.0570
GPMin:   35 16:12:32       -7.051266        0.0425
GPMin:   36 16:12:38       -7.055932        0.0473
GPMin:   37 16:12:45       -7.064145        0.0432
GPMin:   38 16:12:52       -7.068937        0.0394
GPMin:   39 16:12:58       -7.073146        0.0401
GPMin:   40 16:13:04       -7.074768        0.0325
GPMin:   41 16:13:11       -7.077008        0.0296
GPMin:   42 16:13:17       -7.077549        0.0253
GPMin:   43 16:13:24       -7.078525        0.0229
GPMin:   44 16:13:29       -7.079646        0.0218
GPMin:   45 16:13:35       -7.080412        0.0251
GPMin:   46 16:13:41       -7.081529        0.0279
GPMin:   47 16:13:48       -7.084542        0.0335
GPMin:   48 16:13:53       -7.086469        0.0377
GPMin:   49 16:14:00       -7.093391        0.0412
GPMin:   50 16:14:07       -7.098031        0.0466
GPMin:   51 16:14:14       -7.104553        0.0494
GPMin:   52 16:14:21       -7.110796        0.0420
GPMin:   53 16:14:28       -7.118459        0.0420
GPMin:   54 16:14:35       -7.124856        0.0392
GPMin:   55 16:14:43       -7.132600        0.0326
GPMin:   56 16:14:49       -7.135858        0.0273
GPMin:   57 16:14:56       -7.138047        0.0292
GPMin:   58 16:15:02       -7.138815        0.0269
GPMin:   59 16:15:08       -7.139489        0.0191
       Step     Time          Energy         fmax
GPMin:    0 16:15:22       -4.422493        1.4650
GPMin:    1 16:15:31       -5.566110        0.8073
GPMin:    2 16:15:41       -6.077895        0.4723
GPMin:    3 16:15:49       -6.306930        0.3032
GPMin:    4 16:15:57       -6.381244        0.2384
GPMin:    5 16:16:06       -6.492056        0.2139
GPMin:    6 16:16:14       -6.507614        0.1678
GPMin:    7 16:16:23       -6.571585        0.2328
GPMin:    8 16:16:30       -6.596151        0.2487
GPMin:    9 16:16:38       -6.624488        0.2490
GPMin:   10 16:16:45       -6.679309        0.2300
GPMin:   11 16:16:51       -6.775092        0.2300
GPMin:   12 16:16:58       -6.877790        0.2322
GPMin:   13 16:17:04       -6.971770        0.2210
GPMin:   14 16:17:10       -7.048365        0.1884
GPMin:   15 16:17:16       -7.102136        0.1437
GPMin:   16 16:17:23       -7.140172        0.1373
GPMin:   17 16:17:29       -7.170624        0.1353
GPMin:   18 16:17:35       -7.195582        0.1123
GPMin:   19 16:17:42       -7.213954        0.0775
GPMin:   20 16:17:48       -7.225127        0.0482
GPMin:   21 16:17:54       -7.231430        0.0495
GPMin:   22 16:18:01       -7.235049        0.0395
GPMin:   23 16:18:06       -7.237037        0.0285
GPMin:   24 16:18:12       -7.239027        0.0250
GPMin:   25 16:18:17       -7.239589        0.0205
GPMin:   26 16:18:24       -7.240334        0.0188
       Step     Time          Energy         fmax
GPMin:    0 16:18:37       -4.444600        1.4685
GPMin:    1 16:18:46       -5.595456        0.8206
GPMin:    2 16:18:54       -6.112589        0.4816
GPMin:    3 16:19:02       -6.345251        0.3112
GPMin:    4 16:19:09       -6.423460        0.2445
GPMin:    5 16:19:18       -6.545984        0.2132
GPMin:    6 16:19:26       -6.551280        0.1758
GPMin:    7 16:19:37       -6.617268        0.2427
GPMin:    8 16:19:45       -6.643350        0.2653
GPMin:    9 16:19:53       -6.676872        0.2641
GPMin:   10 16:20:01       -6.740377        0.2449
GPMin:   11 16:20:07       -6.841079        0.2316
GPMin:   12 16:20:14       -6.940967        0.2255
GPMin:   13 16:20:21       -7.029963        0.2020
GPMin:   14 16:20:29       -7.096231        0.1662
GPMin:   15 16:20:35       -7.138146        0.1230
GPMin:   16 16:20:41       -7.167274        0.1267
GPMin:   17 16:20:48       -7.190786        0.1208
GPMin:   18 16:20:53       -7.210460        0.0918
GPMin:   19 16:21:00       -7.224025        0.0549
GPMin:   20 16:21:06       -7.231178        0.0442
GPMin:   21 16:21:13       -7.234868        0.0411
GPMin:   22 16:21:19       -7.237079        0.0303
GPMin:   23 16:21:25       -7.238669        0.0295
GPMin:   24 16:21:30       -7.240158        0.0231
GPMin:   25 16:21:35       -7.240534        0.0182
       Step     Time          Energy         fmax
GPMin:    0 16:21:50       -4.419542        1.4654
GPMin:    1 16:22:00       -5.561653        0.8069
GPMin:    2 16:22:08       -6.072740        0.4687
GPMin:    3 16:22:17       -6.301072        0.3007
GPMin:    4 16:22:24       -6.375399        0.2379
GPMin:    5 16:22:33       -6.486200        0.2168
GPMin:    6 16:22:41       -6.502189        0.1697
GPMin:    7 16:22:51       -6.562941        0.2363
GPMin:    8 16:22:58       -6.582004        0.2534
GPMin:    9 16:23:06       -6.606170        0.2493
GPMin:   10 16:23:14       -6.657944        0.2295
GPMin:   11 16:23:20       -6.753205        0.2345
GPMin:   12 16:23:26       -6.857235        0.2381
GPMin:   13 16:23:33       -6.954446        0.2302
GPMin:   14 16:23:39       -7.034845        0.2012
GPMin:   15 16:23:45       -7.092258        0.1548
GPMin:   16 16:23:52       -7.134312        0.1402
GPMin:   17 16:23:58       -7.167329        0.1331
GPMin:   18 16:24:05       -7.192899        0.1090
GPMin:   19 16:24:11       -7.211734        0.0752
GPMin:   20 16:24:18       -7.223324        0.0512
GPMin:   21 16:24:24       -7.230062        0.0519
GPMin:   22 16:24:30       -7.233979        0.0410
GPMin:   23 16:24:36       -7.235887        0.0282
GPMin:   24 16:24:42       -7.237886        0.0294
GPMin:   25 16:24:47       -7.238449        0.0250
GPMin:   26 16:24:54       -7.239233        0.0136
       Step     Time          Energy         fmax
GPMin:    0 16:25:08       -4.304531        1.3578
GPMin:    1 16:25:19       -5.362489        0.7327
GPMin:    2 16:25:29       -5.831096        0.4176
GPMin:    3 16:25:39       -6.047339        0.2610
GPMin:    4 16:25:46       -6.119853        0.2021
GPMin:    5 16:25:56       -6.198208        0.0934
GPMin:    6 16:26:04       -6.203504        0.1020
GPMin:    7 16:26:12       -6.218848        0.0931
GPMin:    8 16:26:31       -6.228227        0.0920
GPMin:    9 16:26:41       -6.353435        0.1853
GPMin:   10 16:26:50       -6.391390        0.2403
GPMin:   11 16:26:58       -6.415586        0.2610
GPMin:   12 16:27:05       -6.447476        0.2623
GPMin:   13 16:27:12       -6.488528        0.2542
GPMin:   14 16:27:20       -6.539566        0.2410
GPMin:   15 16:27:28       -6.583553        0.2250
GPMin:   16 16:27:36       -6.637847        0.2160
GPMin:   17 16:27:44       -6.689522        0.2186
GPMin:   18 16:27:52       -6.755638        0.2345
GPMin:   19 16:28:00       -6.827893        0.2483
GPMin:   20 16:28:07       -6.904049        0.2580
GPMin:   21 16:28:15       -6.977309        0.2499
GPMin:   22 16:28:22       -7.040916        0.2139
GPMin:   23 16:28:28       -7.086052        0.1489
GPMin:   24 16:28:35       -7.109345        0.0691
GPMin:   25 16:28:41       -7.118860        0.0740
GPMin:   26 16:28:48       -7.127963        0.0740
GPMin:   27 16:28:55       -7.133375        0.0720
GPMin:   28 16:29:02       -7.138705        0.0345
GPMin:   29 16:29:08       -7.139386        0.0313
GPMin:   30 16:29:15       -7.141544        0.0341
GPMin:   31 16:29:21       -7.142648        0.0182
       Step     Time          Energy         fmax
GPMin:    0 16:29:32       -5.087046        1.5437
GPMin:    1 16:29:41       -6.173785        0.8152
GPMin:    2 16:29:49       -6.646814        0.4430
GPMin:    3 16:29:57       -6.858474        0.2267
GPMin:    4 16:30:04       -6.927552        0.1017
GPMin:    5 16:30:11       -6.937177        0.0519
GPMin:    6 16:30:16       -6.938007        0.0414
GPMin:    7 16:30:23       -6.942071        0.0233
GPMin:    8 16:30:30       -6.943606        0.0254
GPMin:    9 16:30:36       -6.945763        0.0351
GPMin:   10 16:30:43       -6.950439        0.0414
GPMin:   11 16:30:49       -6.953446        0.0431
GPMin:   12 16:30:56       -6.964010        0.0623
GPMin:   13 16:31:04       -6.972430        0.0770
GPMin:   14 16:31:11       -6.984973        0.0832
GPMin:   15 16:31:18       -7.005241        0.0854
GPMin:   16 16:31:25       -7.030336        0.0829
GPMin:   17 16:31:32       -7.059657        0.0893
GPMin:   18 16:31:39       -7.094869        0.1016
GPMin:   19 16:31:46       -7.137345        0.1046
GPMin:   20 16:31:52       -7.180857        0.0994
GPMin:   21 16:31:58       -7.217789        0.0868
GPMin:   22 16:32:05       -7.245360        0.0847
GPMin:   23 16:32:11       -7.260776        0.0739
GPMin:   24 16:32:17       -7.268936        0.0553
GPMin:   25 16:32:24       -7.274698        0.0555
GPMin:   26 16:32:30       -7.276994        0.0412
GPMin:   27 16:32:36       -7.278234        0.0267
GPMin:   28 16:32:43       -7.279977        0.0404
GPMin:   29 16:32:48       -7.280470        0.0271
GPMin:   30 16:32:54       -7.280764        0.0127
       Step     Time          Energy         fmax
GPMin:    0 16:33:06       -5.129068        1.6481
GPMin:    1 16:33:14       -6.284280        0.8770
GPMin:    2 16:33:22       -6.794129        0.4858
GPMin:    3 16:33:30       -7.027106        0.2673
GPMin:    4 16:33:38       -7.108469        0.1330
GPMin:    5 16:33:44       -7.123371        0.0698
GPMin:    6 16:33:51       -7.125779        0.0540
GPMin:    7 16:33:58       -7.134130        0.0383
GPMin:    8 16:34:04       -7.137499        0.0380
GPMin:    9 16:34:09       -7.138917        0.0378
GPMin:   10 16:34:16       -7.140774        0.0225
GPMin:   11 16:34:22       -7.141153        0.0193
       Step     Time          Energy         fmax
GPMin:    0 16:34:33       -5.383175        1.3625
GPMin:    1 16:34:40       -6.501418        0.7566
GPMin:    2 16:34:47       -6.992209        0.4128
GPMin:    3 16:34:53       -7.208499        0.1902
GPMin:    4 16:35:00       -7.273205        0.0564
GPMin:    5 16:35:05       -7.278192        0.0260
GPMin:    6 16:35:09       -7.278482        0.0254
GPMin:    7 16:35:16       -7.280441        0.0110
       Step     Time          Energy         fmax
GPMin:    0 16:35:32       -4.527281        1.4079
GPMin:    1 16:35:42       -5.476630        0.6870
GPMin:    2 16:35:52       -5.885224        0.4107
GPMin:    3 16:36:01       -6.073488        0.2799
GPMin:    4 16:36:09       -6.139496        0.2179
GPMin:    5 16:36:17       -6.172246        0.1712
GPMin:    6 16:36:24       -6.181831        0.1566
GPMin:    7 16:36:53       -6.200333        0.1185
GPMin:    8 16:37:21       -6.204400        0.1657
GPMin:    9 16:37:28       -6.208434        0.1479
GPMin:   10 16:37:49       -6.232182        0.2283
GPMin:   11 16:37:56       -6.240784        0.2027
GPMin:   12 16:38:05       -6.260902        0.1332
GPMin:   13 16:38:13       -6.271606        0.1152
GPMin:   14 16:38:21       -6.287895        0.1168
GPMin:   15 16:38:29       -6.302135        0.1377
GPMin:   16 16:38:37       -6.308758        0.1303
GPMin:   17 16:38:45       -6.343029        0.1099
GPMin:   18 16:38:51       -6.349372        0.1029
GPMin:   19 16:39:00       -6.398427        0.1336
GPMin:   20 16:39:15       -6.402461        0.1682
GPMin:   21 16:39:22       -6.446984        0.1460
GPMin:   22 16:39:29       -6.474068        0.1046
GPMin:   23 16:39:36       -6.491467        0.1084
GPMin:   24 16:39:43       -6.505696        0.1176
GPMin:   25 16:39:49       -6.531441        0.1079
GPMin:   26 16:39:56       -6.553634        0.1057
GPMin:   27 16:40:03       -6.584177        0.1165
GPMin:   28 16:40:09       -6.615340        0.1285
GPMin:   29 16:40:16       -6.654875        0.1407
GPMin:   30 16:40:22       -6.698063        0.1497
GPMin:   31 16:40:29       -6.741170        0.1474
GPMin:   32 16:40:35       -6.780250        0.1226
GPMin:   33 16:40:42       -6.809057        0.0888
GPMin:   34 16:40:48       -6.830829        0.0979
GPMin:   35 16:40:54       -6.851272        0.1243
GPMin:   36 16:41:01       -6.877555        0.1194
GPMin:   37 16:41:07       -6.905690        0.0893
GPMin:   38 16:41:14       -6.930925        0.0813
GPMin:   39 16:41:20       -6.951053        0.0688
GPMin:   40 16:41:27       -6.968579        0.0677
GPMin:   41 16:41:33       -6.985111        0.0667
GPMin:   42 16:41:40       -7.000339        0.0644
GPMin:   43 16:41:46       -7.012321        0.0601
GPMin:   44 16:41:53       -7.022599        0.0535
GPMin:   45 16:41:59       -7.029989        0.0489
GPMin:   46 16:42:06       -7.040682        0.0604
GPMin:   47 16:42:12       -7.049124        0.0694
GPMin:   48 16:42:19       -7.063751        0.0761
GPMin:   49 16:42:26       -7.078521        0.0748
GPMin:   50 16:42:33       -7.094570        0.0680
GPMin:   51 16:42:40       -7.108286        0.0576
GPMin:   52 16:42:47       -7.120772        0.0562
GPMin:   53 16:42:54       -7.129231        0.0598
GPMin:   54 16:43:01       -7.139177        0.0606
GPMin:   55 16:43:08       -7.145823        0.0554
GPMin:   56 16:43:14       -7.157673        0.0454
GPMin:   57 16:43:21       -7.165952        0.0534
GPMin:   58 16:43:27       -7.175007        0.0614
GPMin:   59 16:43:34       -7.183037        0.0713
GPMin:   60 16:43:41       -7.195338        0.0838
GPMin:   61 16:43:48       -7.209480        0.0847
GPMin:   62 16:43:55       -7.227912        0.0762
GPMin:   63 16:44:02       -7.245723        0.0681
GPMin:   64 16:44:10       -7.260070        0.0590
GPMin:   65 16:44:17       -7.269758        0.0446
GPMin:   66 16:44:24       -7.275214        0.0357
GPMin:   67 16:44:30       -7.277781        0.0297
GPMin:   68 16:44:36       -7.278436        0.0263
GPMin:   69 16:44:42       -7.278947        0.0289
GPMin:   70 16:44:48       -7.279688        0.0165
       Step     Time          Energy         fmax
GPMin:    0 16:45:00       -5.210115        1.4173
GPMin:    1 16:45:08       -6.305510        0.7691
GPMin:    2 16:45:16       -6.790471        0.4220
GPMin:    3 16:45:24       -7.013305        0.2046
GPMin:    4 16:45:32       -7.090238        0.0766
GPMin:    5 16:45:39       -7.101760        0.0508
GPMin:    6 16:45:46       -7.102746        0.0543
GPMin:    7 16:45:52       -7.107562        0.0289
GPMin:    8 16:45:59       -7.109454        0.0247
GPMin:    9 16:46:05       -7.110844        0.0220
GPMin:   10 16:46:11       -7.111811        0.0054
       Step     Time          Energy         fmax
GPMin:    0 16:46:26       -4.428652        1.4630
GPMin:    1 16:46:36       -5.571563        0.8079
GPMin:    2 16:46:45       -6.083449        0.4724
GPMin:    3 16:46:54       -6.312596        0.3046
GPMin:    4 16:47:02       -6.387790        0.2400
GPMin:    5 16:47:12       -6.500852        0.2176
GPMin:    6 16:47:20       -6.514995        0.1714
GPMin:    7 16:47:29       -6.576105        0.2438
GPMin:    8 16:47:37       -6.599506        0.2644
GPMin:    9 16:47:45       -6.630129        0.2675
GPMin:   10 16:47:53       -6.689174        0.2487
GPMin:   11 16:47:59       -6.789707        0.2236
GPMin:   12 16:48:06       -6.894738        0.2255
GPMin:   13 16:48:12       -6.987622        0.2163
GPMin:   14 16:48:18       -7.062716        0.1946
GPMin:   15 16:48:25       -7.113538        0.1566
GPMin:   16 16:48:31       -7.149696        0.1353
GPMin:   17 16:48:38       -7.177848        0.1360
GPMin:   18 16:48:44       -7.200987        0.1133
GPMin:   19 16:48:50       -7.217597        0.0778
GPMin:   20 16:48:57       -7.227343        0.0510
GPMin:   21 16:49:03       -7.232623        0.0494
GPMin:   22 16:49:10       -7.235316        0.0348
GPMin:   23 16:49:15       -7.236687        0.0259
GPMin:   24 16:49:22       -7.237865        0.0317
GPMin:   25 16:49:27       -7.238480        0.0205
GPMin:   26 16:49:32       -7.238913        0.0109
