       Step     Time          Energy         fmax
GPMin:    0 16:49:44       -6.398551        0.7120
GPMin:    1 16:49:54       -6.725272        0.2983
GPMin:    2 16:50:03       -6.833017        0.2267
GPMin:    3 16:50:11       -6.900611        0.1650
GPMin:    4 16:50:19       -6.955605        0.1419
GPMin:    5 16:50:26       -6.993500        0.1055
GPMin:    6 16:50:33       -7.023640        0.0930
GPMin:    7 16:50:39       -7.056525        0.0863
GPMin:    8 16:50:47       -7.083261        0.0731
GPMin:    9 16:50:53       -7.098614        0.0657
GPMin:   10 16:50:59       -7.107238        0.0606
GPMin:   11 16:51:07       -7.116977        0.0613
GPMin:   12 16:51:14       -7.129063        0.0539
GPMin:   13 16:51:21       -7.140096        0.0435
GPMin:   14 16:51:28       -7.147712        0.0448
GPMin:   15 16:51:35       -7.150507        0.0390
GPMin:   16 16:51:41       -7.153465        0.0402
GPMin:   17 16:51:48       -7.158288        0.0467
GPMin:   18 16:51:55       -7.168327        0.0625
GPMin:   19 16:52:02       -7.186386        0.0732
GPMin:   20 16:52:09       -7.209474        0.0806
GPMin:   21 16:52:17       -7.238433        0.0727
GPMin:   22 16:52:24       -7.262556        0.0531
GPMin:   23 16:52:30       -7.273603        0.0473
GPMin:   24 16:52:37       -7.276691        0.0355
GPMin:   25 16:52:43       -7.278808        0.0210
GPMin:   26 16:52:49       -7.279720        0.0153
       Step     Time          Energy         fmax
GPMin:    0 16:52:59       -6.800746        0.1812
GPMin:    1 16:53:07       -6.871568        0.0747
GPMin:    2 16:53:14       -6.908062        0.0831
GPMin:    3 16:53:21       -6.978582        0.1015
GPMin:    4 16:53:28       -7.050559        0.0984
GPMin:    5 16:53:35       -7.105273        0.0666
GPMin:    6 16:53:42       -7.126693        0.0370
GPMin:    7 16:53:48       -7.132000        0.0258
GPMin:    8 16:53:55       -7.136578        0.0316
GPMin:    9 16:54:01       -7.143249        0.0207
GPMin:   10 16:54:07       -7.147340        0.0187
       Step     Time          Energy         fmax
GPMin:    0 16:54:19       -6.152548        0.5685
GPMin:    1 16:54:27       -6.531566        0.2809
GPMin:    2 16:54:35       -6.665800        0.2566
GPMin:    3 16:54:42       -6.764739        0.1991
GPMin:    4 16:54:49       -6.833526        0.0947
GPMin:    5 16:54:56       -6.849541        0.0178
       Step     Time          Energy         fmax
GPMin:    0 16:55:07       -6.297466        0.4690
GPMin:    1 16:55:16       -6.488514        0.2408
GPMin:    2 16:55:24       -6.623808        0.2213
GPMin:    3 16:55:32       -6.745336        0.1866
GPMin:    4 16:55:40       -6.836562        0.1554
GPMin:    5 16:55:48       -6.902311        0.1298
GPMin:    6 16:55:55       -6.945688        0.0918
GPMin:    7 16:56:02       -6.969254        0.0692
GPMin:    8 16:56:08       -6.980299        0.0556
GPMin:    9 16:56:14       -6.987258        0.0548
GPMin:   10 16:56:20       -6.993301        0.0547
GPMin:   11 16:56:27       -7.000184        0.0396
GPMin:   12 16:56:33       -7.009493        0.0445
GPMin:   13 16:56:39       -7.021777        0.0516
GPMin:   14 16:56:46       -7.038141        0.0533
GPMin:   15 16:56:54       -7.057871        0.0607
GPMin:   16 16:57:02       -7.078975        0.0658
GPMin:   17 16:57:09       -7.099008        0.0589
GPMin:   18 16:57:16       -7.116853        0.0498
GPMin:   19 16:57:23       -7.129953        0.0484
GPMin:   20 16:57:30       -7.137629        0.0366
GPMin:   21 16:57:36       -7.140706        0.0254
GPMin:   22 16:57:43       -7.142408        0.0209
GPMin:   23 16:57:49       -7.143760        0.0205
GPMin:   24 16:57:55       -7.145468        0.0215
GPMin:   25 16:58:01       -7.148040        0.0265
GPMin:   26 16:58:08       -7.151021        0.0320
GPMin:   27 16:58:14       -7.155861        0.0383
GPMin:   28 16:58:20       -7.164678        0.0483
GPMin:   29 16:58:27       -7.179793        0.0598
GPMin:   30 16:58:35       -7.200941        0.0674
GPMin:   31 16:58:42       -7.225822        0.0777
GPMin:   32 16:58:49       -7.251130        0.0711
GPMin:   33 16:58:56       -7.268441        0.0463
GPMin:   34 16:59:02       -7.274158        0.0361
GPMin:   35 16:59:09       -7.275638        0.0292
GPMin:   36 16:59:15       -7.278007        0.0202
GPMin:   37 16:59:20       -7.278826        0.0225
GPMin:   38 16:59:27       -7.279959        0.0166
       Step     Time          Energy         fmax
GPMin:    0 16:59:39       -6.546829        0.4436
GPMin:    1 16:59:47       -6.741343        0.2132
GPMin:    2 16:59:54       -6.830492        0.1873
GPMin:    3 17:00:02       -6.885434        0.0921
GPMin:    4 17:00:09       -6.902478        0.0565
GPMin:    5 17:00:15       -6.918572        0.0575
GPMin:    6 17:00:22       -6.939371        0.0668
GPMin:    7 17:00:29       -6.965638        0.0700
GPMin:    8 17:00:35       -6.994912        0.0774
GPMin:    9 17:00:42       -7.025918        0.0848
GPMin:   10 17:00:49       -7.057979        0.0822
GPMin:   11 17:00:56       -7.083883        0.0610
GPMin:   12 17:01:03       -7.096349        0.0257
GPMin:   13 17:01:09       -7.098427        0.0216
GPMin:   14 17:01:15       -7.099959        0.0200
       Step     Time          Energy         fmax
GPMin:    0 17:01:28       -6.634484        0.4591
GPMin:    1 17:01:37       -6.872264        0.2575
GPMin:    2 17:01:45       -6.974674        0.2165
GPMin:    3 17:01:53       -7.045243        0.1296
GPMin:    4 17:02:00       -7.085635        0.1011
GPMin:    5 17:02:07       -7.116059        0.1019
GPMin:    6 17:02:14       -7.156633        0.0984
GPMin:    7 17:02:21       -7.195724        0.0881
GPMin:    8 17:02:28       -7.232313        0.0702
GPMin:    9 17:02:35       -7.256487        0.0493
GPMin:   10 17:02:42       -7.266983        0.0416
GPMin:   11 17:02:48       -7.272648        0.0322
GPMin:   12 17:02:54       -7.275571        0.0275
GPMin:   13 17:03:00       -7.277867        0.0262
GPMin:   14 17:03:07       -7.279846        0.0140
       Step     Time          Energy         fmax
GPMin:    0 17:03:19       -6.496090        0.2183
GPMin:    1 17:03:27       -6.652925        0.2008
GPMin:    2 17:03:35       -6.754626        0.1933
GPMin:    3 17:03:43       -6.837284        0.1538
GPMin:    4 17:03:51       -6.902080        0.1173
GPMin:    5 17:03:58       -6.955468        0.1154
GPMin:    6 17:04:05       -7.010308        0.1150
GPMin:    7 17:04:13       -7.057845        0.0982
GPMin:    8 17:04:21       -7.090027        0.0560
GPMin:    9 17:04:28       -7.101995        0.0376
GPMin:   10 17:04:35       -7.105328        0.0424
GPMin:   11 17:04:42       -7.109511        0.0307
GPMin:   12 17:04:49       -7.111765        0.0176
       Step     Time          Energy         fmax
GPMin:    0 17:04:59       -6.428206        0.4260
GPMin:    1 17:05:07       -6.701901        0.2996
GPMin:    2 17:05:15       -6.856338        0.2418
GPMin:    3 17:05:23       -6.980716        0.1631
GPMin:    4 17:05:30       -7.059157        0.1245
GPMin:    5 17:05:37       -7.097480        0.1023
GPMin:    6 17:05:45       -7.125290        0.0758
GPMin:    7 17:05:52       -7.137983        0.0417
GPMin:    8 17:05:58       -7.141376        0.0302
GPMin:    9 17:06:04       -7.144327        0.0268
GPMin:   10 17:06:10       -7.146162        0.0257
GPMin:   11 17:06:17       -7.147287        0.0107
       Step     Time          Energy         fmax
GPMin:    0 17:06:29       -6.823554        0.3310
GPMin:    1 17:06:37       -6.981052        0.2420
GPMin:    2 17:06:45       -7.061263        0.1535
GPMin:    3 17:06:53       -7.117540        0.0988
GPMin:    4 17:07:00       -7.142961        0.0694
GPMin:    5 17:07:06       -7.148429        0.0205
GPMin:    6 17:07:12       -7.149399        0.0133
       Step     Time          Energy         fmax
GPMin:    0 17:07:24       -6.698363        0.5316
GPMin:    1 17:07:33       -6.876100        0.2026
GPMin:    2 17:07:41       -6.975331        0.1703
GPMin:    3 17:07:49       -7.051732        0.1194
GPMin:    4 17:07:56       -7.098335        0.0922
GPMin:    5 17:08:03       -7.130011        0.0819
GPMin:    6 17:08:10       -7.152247        0.0881
GPMin:    7 17:08:18       -7.173467        0.1000
GPMin:    8 17:08:25       -7.196207        0.1042
GPMin:    9 17:08:32       -7.223624        0.0901
GPMin:   10 17:08:39       -7.249699        0.0662
GPMin:   11 17:08:46       -7.268094        0.0780
GPMin:   12 17:08:53       -7.276755        0.0454
GPMin:   13 17:09:00       -7.279414        0.0194
       Step     Time          Energy         fmax
GPMin:    0 17:09:12       -6.404850        0.6691
GPMin:    1 17:09:20       -6.700380        0.2267
GPMin:    2 17:09:28       -6.781816        0.2008
GPMin:    3 17:09:35       -6.874021        0.1611
GPMin:    4 17:09:42       -6.943671        0.1244
GPMin:    5 17:09:49       -6.989815        0.1140
GPMin:    6 17:09:56       -7.029773        0.0964
GPMin:    7 17:10:03       -7.066185        0.0854
GPMin:    8 17:10:10       -7.099684        0.0698
GPMin:    9 17:10:17       -7.124204        0.0540
GPMin:   10 17:10:25       -7.135079        0.0334
GPMin:   11 17:10:31       -7.137817        0.0284
GPMin:   12 17:10:37       -7.138958        0.0224
GPMin:   13 17:10:44       -7.139984        0.0158
       Step     Time          Energy         fmax
GPMin:    0 17:10:58       -6.957413        0.2565
GPMin:    1 17:11:06       -7.056993        0.2038
GPMin:    2 17:11:14       -7.120390        0.1129
GPMin:    3 17:11:21       -7.142959        0.0356
GPMin:    4 17:11:27       -7.147279        0.0205
GPMin:    5 17:11:33       -7.148562        0.0138
       Step     Time          Energy         fmax
GPMin:    0 17:11:46       -6.334156        0.6712
GPMin:    1 17:11:54       -6.568984        0.2149
GPMin:    2 17:12:02       -6.673592        0.1655
GPMin:    3 17:12:11       -6.762974        0.1689
GPMin:    4 17:12:18       -6.832298        0.1942
GPMin:    5 17:12:25       -6.908070        0.1869
GPMin:    6 17:12:33       -6.981475        0.1655
GPMin:    7 17:12:40       -7.042380        0.1300
GPMin:    8 17:12:47       -7.081784        0.0792
GPMin:    9 17:12:54       -7.100392        0.0738
GPMin:   10 17:13:00       -7.114789        0.0685
GPMin:   11 17:13:07       -7.129895        0.0558
GPMin:   12 17:13:14       -7.139502        0.0416
GPMin:   13 17:13:21       -7.145766        0.0560
GPMin:   14 17:13:28       -7.152453        0.0504
GPMin:   15 17:13:35       -7.159216        0.0547
GPMin:   16 17:13:41       -7.169789        0.0582
GPMin:   17 17:13:47       -7.184509        0.0578
GPMin:   18 17:13:54       -7.202991        0.0654
GPMin:   19 17:14:01       -7.228015        0.0691
GPMin:   20 17:14:08       -7.253785        0.0600
GPMin:   21 17:14:15       -7.268739        0.0395
GPMin:   22 17:14:21       -7.274469        0.0333
GPMin:   23 17:14:27       -7.276281        0.0266
GPMin:   24 17:14:33       -7.278208        0.0223
GPMin:   25 17:14:38       -7.279411        0.0234
GPMin:   26 17:14:45       -7.280302        0.0124
       Step     Time          Energy         fmax
GPMin:    0 17:14:55       -6.627084        0.7272
GPMin:    1 17:15:03       -6.841543        0.1777
GPMin:    2 17:15:10       -6.913755        0.1559
GPMin:    3 17:15:19       -6.994745        0.1547
GPMin:    4 17:15:26       -7.047201        0.1456
GPMin:    5 17:15:34       -7.085374        0.1197
GPMin:    6 17:15:41       -7.114558        0.0734
GPMin:    7 17:15:48       -7.127207        0.0594
GPMin:    8 17:15:55       -7.134219        0.0541
GPMin:    9 17:16:02       -7.139227        0.0303
GPMin:   10 17:16:08       -7.141066        0.0174
       Step     Time          Energy         fmax
GPMin:    0 17:16:21       -6.573659        0.7994
GPMin:    1 17:16:30       -6.894652        0.2859
GPMin:    2 17:16:37       -6.961491        0.1413
GPMin:    3 17:16:45       -6.992557        0.1094
GPMin:    4 17:16:53       -7.027453        0.0899
GPMin:    5 17:17:00       -7.055359        0.0702
GPMin:    6 17:17:07       -7.079007        0.0717
GPMin:    7 17:17:13       -7.109568        0.0884
GPMin:    8 17:17:21       -7.142457        0.1069
GPMin:    9 17:17:28       -7.175502        0.1203
GPMin:   10 17:17:35       -7.209034        0.1232
GPMin:   11 17:17:43       -7.238447        0.1067
GPMin:   12 17:17:50       -7.260971        0.0667
GPMin:   13 17:17:57       -7.272969        0.0413
GPMin:   14 17:18:04       -7.277476        0.0364
GPMin:   15 17:18:09       -7.279371        0.0248
GPMin:   16 17:18:16       -7.280271        0.0151
       Step     Time          Energy         fmax
GPMin:    0 17:18:29       -6.747248        0.1905
GPMin:    1 17:18:38       -6.855974        0.1655
GPMin:    2 17:18:46       -6.934867        0.1402
GPMin:    3 17:18:54       -6.995406        0.1243
GPMin:    4 17:19:02       -7.048197        0.0994
GPMin:    5 17:19:09       -7.084302        0.0659
GPMin:    6 17:19:17       -7.100831        0.0383
GPMin:    7 17:19:24       -7.107289        0.0255
GPMin:    8 17:19:31       -7.110315        0.0137
       Step     Time          Energy         fmax
GPMin:    0 17:19:43       -6.791028        0.4552
GPMin:    1 17:19:52       -6.968301        0.1757
GPMin:    2 17:20:00       -7.044049        0.1380
GPMin:    3 17:20:08       -7.103673        0.0945
GPMin:    4 17:20:16       -7.127034        0.0533
GPMin:    5 17:20:23       -7.136571        0.0339
GPMin:    6 17:20:30       -7.139816        0.0187
       Step     Time          Energy         fmax
GPMin:    0 17:20:42       -6.362571        0.4857
GPMin:    1 17:20:50       -6.579538        0.2322
GPMin:    2 17:21:00       -6.685996        0.2351
GPMin:    3 17:21:07       -6.779733        0.1964
GPMin:    4 17:21:15       -6.852043        0.1295
GPMin:    5 17:21:22       -6.904077        0.1173
GPMin:    6 17:21:29       -6.951637        0.1218
GPMin:    7 17:21:36       -7.001018        0.0919
GPMin:    8 17:21:43       -7.038173        0.0922
GPMin:    9 17:21:51       -7.065259        0.0879
GPMin:   10 17:21:58       -7.086656        0.0643
GPMin:   11 17:22:05       -7.098402        0.0455
GPMin:   12 17:22:12       -7.104695        0.0392
GPMin:   13 17:22:18       -7.109617        0.0363
GPMin:   14 17:22:25       -7.113462        0.0294
GPMin:   15 17:22:31       -7.115686        0.0328
GPMin:   16 17:22:38       -7.117313        0.0242
GPMin:   17 17:22:45       -7.119540        0.0215
GPMin:   18 17:22:52       -7.121097        0.0242
GPMin:   19 17:22:59       -7.123495        0.0229
GPMin:   20 17:23:05       -7.126121        0.0229
GPMin:   21 17:23:13       -7.129213        0.0207
GPMin:   22 17:23:20       -7.131706        0.0254
GPMin:   23 17:23:27       -7.134816        0.0179
       Step     Time          Energy         fmax
GPMin:    0 17:23:40       -6.747248        0.1904
GPMin:    1 17:23:48       -6.856002        0.1654
GPMin:    2 17:23:56       -6.934862        0.1402
GPMin:    3 17:24:04       -6.995416        0.1243
GPMin:    4 17:24:12       -7.048202        0.0994
GPMin:    5 17:24:19       -7.084308        0.0659
GPMin:    6 17:24:26       -7.100833        0.0383
GPMin:    7 17:24:33       -7.107290        0.0255
GPMin:    8 17:24:39       -7.110315        0.0137
       Step     Time          Energy         fmax
GPMin:    0 17:24:51       -6.918464        0.5357
GPMin:    1 17:25:00       -7.097325        0.1995
GPMin:    2 17:25:08       -7.154268        0.1581
GPMin:    3 17:25:15       -7.192459        0.0990
GPMin:    4 17:25:23       -7.219839        0.0933
GPMin:    5 17:25:30       -7.240996        0.0566
GPMin:    6 17:25:37       -7.247274        0.0303
GPMin:    7 17:25:43       -7.252565        0.0445
GPMin:    8 17:25:49       -7.259055        0.0451
GPMin:    9 17:25:57       -7.267845        0.0402
GPMin:   10 17:26:04       -7.275464        0.0193
       Step     Time          Energy         fmax
GPMin:    0 17:26:17       -6.472281        0.2377
GPMin:    1 17:26:26       -6.629299        0.1966
GPMin:    2 17:26:35       -6.733597        0.1899
GPMin:    3 17:26:43       -6.822283        0.1667
GPMin:    4 17:26:51       -6.899518        0.1422
GPMin:    5 17:26:59       -6.963227        0.1275
GPMin:    6 17:27:07       -7.018725        0.1079
GPMin:    7 17:27:14       -7.063964        0.0719
GPMin:    8 17:27:22       -7.084984        0.0507
GPMin:    9 17:27:28       -7.090837        0.0432
GPMin:   10 17:27:35       -7.095155        0.0397
GPMin:   11 17:27:43       -7.099140        0.0254
GPMin:   12 17:27:49       -7.101426        0.0282
GPMin:   13 17:27:56       -7.103702        0.0303
GPMin:   14 17:28:03       -7.108019        0.0258
GPMin:   15 17:28:10       -7.113142        0.0296
GPMin:   16 17:28:17       -7.120253        0.0284
GPMin:   17 17:28:24       -7.127194        0.0317
GPMin:   18 17:28:30       -7.133866        0.0319
GPMin:   19 17:28:36       -7.138847        0.0235
GPMin:   20 17:28:43       -7.141321        0.0211
GPMin:   21 17:28:49       -7.142183        0.0186
       Step     Time          Energy         fmax
GPMin:    0 17:29:01       -7.090372        0.1767
GPMin:    1 17:29:10       -7.119127        0.1037
GPMin:    2 17:29:18       -7.128091        0.0953
GPMin:    3 17:29:35       -7.133252        0.0639
GPMin:    4 17:29:45       -7.136692        0.0923
GPMin:    5 17:30:10       -7.144093        0.1126
GPMin:    6 17:30:18       -7.169356        0.0729
GPMin:    7 17:30:26       -7.196588        0.0608
GPMin:    8 17:30:34       -7.226863        0.0667
GPMin:    9 17:30:41       -7.246414        0.0381
GPMin:   10 17:30:48       -7.253888        0.0354
GPMin:   11 17:30:55       -7.261568        0.0382
GPMin:   12 17:31:03       -7.273056        0.0250
GPMin:   13 17:31:10       -7.278595        0.0119
       Step     Time          Energy         fmax
GPMin:    0 17:31:22       -6.461007        1.1706
GPMin:    1 17:31:32       -6.894903        0.3835
GPMin:    2 17:31:40       -7.045876        0.2792
GPMin:    3 17:31:49       -7.139053        0.1841
GPMin:    4 17:31:57       -7.197697        0.1267
GPMin:    5 17:32:05       -7.226337        0.0914
GPMin:    6 17:32:12       -7.237619        0.0620
GPMin:    7 17:32:18       -7.245780        0.0440
GPMin:    8 17:32:25       -7.250321        0.0386
GPMin:    9 17:32:32       -7.254218        0.0372
GPMin:   10 17:32:39       -7.258999        0.0431
GPMin:   11 17:32:45       -7.264858        0.0378
GPMin:   12 17:32:52       -7.271570        0.0357
GPMin:   13 17:32:58       -7.276287        0.0259
GPMin:   14 17:33:04       -7.278493        0.0161
       Step     Time          Energy         fmax
GPMin:    0 17:33:16       -6.637222        0.4491
GPMin:    1 17:33:25       -6.826607        0.1827
GPMin:    2 17:33:32       -6.892880        0.1837
GPMin:    3 17:33:41       -6.955514        0.1231
GPMin:    4 17:33:49       -6.991465        0.0946
GPMin:    5 17:33:56       -7.014015        0.0747
GPMin:    6 17:34:03       -7.036878        0.0662
GPMin:    7 17:34:11       -7.069946        0.0817
GPMin:    8 17:34:18       -7.114929        0.0979
GPMin:    9 17:34:24       -7.166811        0.0969
GPMin:   10 17:34:33       -7.211399        0.0627
GPMin:   11 17:34:40       -7.232860        0.0367
GPMin:   12 17:34:47       -7.237642        0.0287
GPMin:   13 17:34:53       -7.239550        0.0187
       Step     Time          Energy         fmax
GPMin:    0 17:35:04       -6.865086        0.2623
GPMin:    1 17:35:12       -7.006089        0.2158
GPMin:    2 17:35:19       -7.083606        0.1469
GPMin:    3 17:35:27       -7.130959        0.0761
GPMin:    4 17:35:34       -7.147370        0.0300
GPMin:    5 17:35:40       -7.149568        0.0158
       Step     Time          Energy         fmax
GPMin:    0 17:35:52       -6.490803        0.6592
GPMin:    1 17:35:59       -6.718394        0.2568
GPMin:    2 17:36:07       -6.809462        0.2324
GPMin:    3 17:36:14       -6.900430        0.1766
GPMin:    4 17:36:22       -6.962106        0.1385
GPMin:    5 17:36:29       -7.003951        0.1341
GPMin:    6 17:36:35       -7.042925        0.1293
GPMin:    7 17:36:42       -7.075991        0.1135
GPMin:    8 17:36:49       -7.103015        0.0836
GPMin:    9 17:36:56       -7.121415        0.0459
GPMin:   10 17:37:02       -7.132430        0.0541
GPMin:   11 17:37:08       -7.138645        0.0453
GPMin:   12 17:37:15       -7.142162        0.0223
GPMin:   13 17:37:22       -7.142794        0.0149
       Step     Time          Energy         fmax
GPMin:    0 17:37:33       -6.937862        0.2063
GPMin:    1 17:37:41       -7.038414        0.1106
GPMin:    2 17:37:48       -7.076168        0.0699
GPMin:    3 17:37:56       -7.096938        0.0562
GPMin:    4 17:38:03       -7.116033        0.0510
GPMin:    5 17:38:10       -7.141770        0.0573
GPMin:    6 17:38:18       -7.175149        0.0698
GPMin:    7 17:38:26       -7.212877        0.0743
GPMin:    8 17:38:33       -7.245305        0.0609
GPMin:    9 17:38:40       -7.262166        0.0373
GPMin:   10 17:38:46       -7.269785        0.0348
GPMin:   11 17:38:52       -7.275148        0.0331
GPMin:   12 17:38:58       -7.278726        0.0213
GPMin:   13 17:39:04       -7.280612        0.0104
       Step     Time          Energy         fmax
GPMin:    0 17:39:16       -6.841901        0.2698
GPMin:    1 17:39:24       -6.984025        0.1930
GPMin:    2 17:39:31       -7.066700        0.1431
GPMin:    3 17:39:39       -7.120375        0.0834
GPMin:    4 17:39:46       -7.141403        0.0482
GPMin:    5 17:39:52       -7.145624        0.0168
       Step     Time          Energy         fmax
GPMin:    0 17:40:04       -6.297101        0.7650
GPMin:    1 17:40:12       -6.673753        0.2933
GPMin:    2 17:40:19       -6.804283        0.2672
GPMin:    3 17:40:27       -6.888329        0.2349
GPMin:    4 17:40:34       -6.969434        0.1856
GPMin:    5 17:40:41       -7.029886        0.1229
GPMin:    6 17:40:49       -7.061436        0.0699
GPMin:    7 17:40:56       -7.074717        0.0623
GPMin:    8 17:41:02       -7.081328        0.0456
GPMin:    9 17:41:08       -7.086237        0.0297
GPMin:   10 17:41:14       -7.089071        0.0306
GPMin:   11 17:41:20       -7.091514        0.0325
GPMin:   12 17:41:26       -7.094775        0.0382
GPMin:   13 17:41:33       -7.099918        0.0382
GPMin:   14 17:41:39       -7.107137        0.0409
GPMin:   15 17:41:46       -7.116275        0.0376
GPMin:   16 17:41:53       -7.126100        0.0419
GPMin:   17 17:41:59       -7.133982        0.0316
GPMin:   18 17:42:06       -7.137640        0.0262
GPMin:   19 17:42:12       -7.138759        0.0170
       Step     Time          Energy         fmax
GPMin:    0 17:42:24       -6.939788        0.3698
GPMin:    1 17:42:32       -7.078087        0.1440
GPMin:    2 17:42:40       -7.116088        0.0828
GPMin:    3 17:42:47       -7.129643        0.0587
GPMin:    4 17:42:54       -7.150649        0.0533
GPMin:    5 17:43:01       -7.170075        0.0494
GPMin:    6 17:43:08       -7.193398        0.0548
GPMin:    7 17:43:14       -7.220588        0.0561
GPMin:    8 17:43:20       -7.250701        0.0475
GPMin:    9 17:43:26       -7.272762        0.0386
GPMin:   10 17:43:32       -7.280263        0.0191
       Step     Time          Energy         fmax
GPMin:    0 17:43:44       -6.406816        0.7220
GPMin:    1 17:43:53       -6.641562        0.1421
GPMin:    2 17:44:00       -6.676047        0.0985
GPMin:    3 17:44:07       -6.696597        0.0901
GPMin:    4 17:44:14       -6.704270        0.0443
GPMin:    5 17:44:21       -6.713412        0.0578
GPMin:    6 17:44:28       -6.731022        0.0793
GPMin:    7 17:44:35       -6.760821        0.1039
GPMin:    8 17:44:42       -6.805638        0.1295
GPMin:    9 17:44:49       -6.858646        0.1398
GPMin:   10 17:44:55       -6.913305        0.1188
GPMin:   11 17:45:02       -6.948726        0.0825
GPMin:   12 17:45:09       -6.962673        0.0639
GPMin:   13 17:45:16       -6.976067        0.0685
GPMin:   14 17:45:23       -6.989199        0.0778
GPMin:   15 17:45:30       -7.009454        0.0855
GPMin:   16 17:45:36       -7.034614        0.0966
GPMin:   17 17:45:43       -7.061087        0.1012
GPMin:   18 17:45:50       -7.090443        0.0950
GPMin:   19 17:45:57       -7.113769        0.0660
GPMin:   20 17:46:04       -7.128377        0.0660
GPMin:   21 17:46:11       -7.143652        0.0756
GPMin:   22 17:46:17       -7.163370        0.0746
GPMin:   23 17:46:23       -7.185995        0.0721
GPMin:   24 17:46:30       -7.209367        0.0627
GPMin:   25 17:46:37       -7.231627        0.0667
GPMin:   26 17:46:43       -7.251990        0.0662
GPMin:   27 17:46:49       -7.268041        0.0416
GPMin:   28 17:46:56       -7.276446        0.0309
GPMin:   29 17:47:02       -7.279483        0.0226
GPMin:   30 17:47:07       -7.280598        0.0114
       Step     Time          Energy         fmax
GPMin:    0 17:47:20       -6.354124        0.3168
GPMin:    1 17:47:28       -6.593888        0.2729
GPMin:    2 17:47:36       -6.720063        0.2568
GPMin:    3 17:47:44       -6.799375        0.2397
GPMin:    4 17:47:52       -6.860838        0.2145
GPMin:    5 17:47:59       -6.908028        0.1859
GPMin:    6 17:48:06       -6.957628        0.1529
GPMin:    7 17:48:14       -7.011809        0.1294
GPMin:    8 17:48:21       -7.050762        0.0801
GPMin:    9 17:48:28       -7.075528        0.0744
GPMin:   10 17:48:34       -7.088689        0.0605
GPMin:   11 17:48:40       -7.095251        0.0466
GPMin:   12 17:48:47       -7.104658        0.0509
GPMin:   13 17:48:53       -7.118316        0.0582
GPMin:   14 17:49:00       -7.134457        0.0453
GPMin:   15 17:49:07       -7.148866        0.0471
GPMin:   16 17:49:13       -7.157699        0.0432
GPMin:   17 17:49:19       -7.164519        0.0481
GPMin:   18 17:49:25       -7.171521        0.0471
GPMin:   19 17:49:32       -7.185829        0.0574
GPMin:   20 17:49:39       -7.207269        0.0615
GPMin:   21 17:49:46       -7.229739        0.0547
GPMin:   22 17:49:53       -7.246674        0.0525
GPMin:   23 17:49:59       -7.255001        0.0500
GPMin:   24 17:50:06       -7.259064        0.0463
GPMin:   25 17:50:12       -7.263905        0.0426
GPMin:   26 17:50:18       -7.269365        0.0399
GPMin:   27 17:50:24       -7.274109        0.0355
GPMin:   28 17:50:30       -7.277050        0.0267
GPMin:   29 17:50:37       -7.278558        0.0171
       Step     Time          Energy         fmax
GPMin:    0 17:50:48       -6.747248        0.1904
GPMin:    1 17:50:56       -6.856014        0.1654
GPMin:    2 17:51:04       -6.934877        0.1402
GPMin:    3 17:51:12       -6.995426        0.1243
GPMin:    4 17:51:19       -7.048212        0.0994
GPMin:    5 17:51:26       -7.084314        0.0659
GPMin:    6 17:51:33       -7.100835        0.0383
GPMin:    7 17:51:40       -7.107292        0.0255
GPMin:    8 17:51:46       -7.110316        0.0137
       Step     Time          Energy         fmax
GPMin:    0 17:51:59       -6.601351        0.6747
GPMin:    1 17:52:07       -6.906394        0.1924
GPMin:    2 17:52:15       -6.974345        0.1474
GPMin:    3 17:52:22       -7.006855        0.1368
GPMin:    4 17:52:29       -7.037656        0.1054
GPMin:    5 17:52:37       -7.076512        0.1041
GPMin:    6 17:52:44       -7.122165        0.1034
GPMin:    7 17:52:50       -7.169569        0.1113
GPMin:    8 17:52:57       -7.210740        0.0834
GPMin:    9 17:53:04       -7.232870        0.0560
GPMin:   10 17:53:10       -7.240456        0.0385
GPMin:   11 17:53:17       -7.243932        0.0251
GPMin:   12 17:53:23       -7.245715        0.0217
GPMin:   13 17:53:29       -7.249172        0.0303
GPMin:   14 17:53:35       -7.255203        0.0302
GPMin:   15 17:53:41       -7.262880        0.0348
GPMin:   16 17:53:48       -7.270964        0.0308
GPMin:   17 17:53:54       -7.276038        0.0270
GPMin:   18 17:54:01       -7.278230        0.0183
       Step     Time          Energy         fmax
GPMin:    0 17:54:16       -6.570534        0.5580
GPMin:    1 17:54:24       -6.794240        0.1735
GPMin:    2 17:54:32       -6.863890        0.1778
GPMin:    3 17:54:40       -6.916702        0.1231
GPMin:    4 17:54:47       -6.950682        0.0799
GPMin:    5 17:54:54       -6.965864        0.0609
GPMin:    6 17:55:00       -6.974684        0.0428
GPMin:    7 17:55:06       -6.982133        0.0441
GPMin:    8 17:55:12       -6.992473        0.0464
GPMin:    9 17:55:19       -7.010831        0.0538
GPMin:   10 17:55:26       -7.039230        0.0547
GPMin:   11 17:55:33       -7.075662        0.0634
GPMin:   12 17:55:41       -7.116209        0.0733
GPMin:   13 17:55:48       -7.154708        0.0714
GPMin:   14 17:55:55       -7.184942        0.0890
GPMin:   15 17:56:01       -7.215054        0.0866
GPMin:   16 17:56:08       -7.246525        0.0731
GPMin:   17 17:56:15       -7.267150        0.0666
GPMin:   18 17:56:22       -7.276589        0.0556
GPMin:   19 17:56:28       -7.279195        0.0313
GPMin:   20 17:56:33       -7.280158        0.0161
       Step     Time          Energy         fmax
GPMin:    0 17:56:45       -6.637222        0.4492
GPMin:    1 17:56:54       -6.826617        0.1827
GPMin:    2 17:57:01       -6.892874        0.1837
GPMin:    3 17:57:08       -6.955523        0.1231
GPMin:    4 17:57:16       -6.991463        0.0946
GPMin:    5 17:57:23       -7.014012        0.0747
GPMin:    6 17:57:30       -7.036872        0.0662
GPMin:    7 17:57:37       -7.069935        0.0817
GPMin:    8 17:57:44       -7.114914        0.0979
GPMin:    9 17:57:50       -7.166796        0.0969
GPMin:   10 17:57:57       -7.211387        0.0627
GPMin:   11 17:58:04       -7.232857        0.0367
GPMin:   12 17:58:10       -7.237642        0.0287
GPMin:   13 17:58:16       -7.239549        0.0187
       Step     Time          Energy         fmax
GPMin:    0 17:58:27       -5.795280        0.7032
GPMin:    1 17:58:34       -6.310935        0.3322
GPMin:    2 17:58:42       -6.498517        0.1958
GPMin:    3 17:58:50       -6.565817        0.1634
GPMin:    4 17:58:57       -6.605260        0.1695
GPMin:    5 17:59:04       -6.649713        0.1749
GPMin:    6 17:59:11       -6.689687        0.1755
GPMin:    7 17:59:18       -6.750971        0.1639
GPMin:    8 17:59:24       -6.785146        0.1440
GPMin:    9 17:59:31       -6.818161        0.1009
GPMin:   10 17:59:38       -6.832933        0.0524
GPMin:   11 17:59:44       -6.837203        0.0428
GPMin:   12 17:59:50       -6.840720        0.0331
GPMin:   13 17:59:55       -6.841830        0.0259
GPMin:   14 18:00:01       -6.844380        0.0229
GPMin:   15 18:00:08       -6.847051        0.0135
       Step     Time          Energy         fmax
GPMin:    0 18:00:19       -7.065469        0.2877
GPMin:    1 18:00:27       -7.105739        0.1148
GPMin:    2 18:00:34       -7.117483        0.1103
GPMin:    3 18:00:41       -7.129372        0.0564
GPMin:    4 18:00:48       -7.134510        0.0609
GPMin:    5 18:00:55       -7.135849        0.1030
GPMin:    6 18:01:03       -7.137295        0.1213
GPMin:    7 18:01:11       -7.141789        0.0818
GPMin:    8 18:01:18       -7.153759        0.0479
GPMin:    9 18:01:24       -7.170699        0.0578
GPMin:   10 18:01:32       -7.198934        0.0693
GPMin:   11 18:01:39       -7.231947        0.0683
GPMin:   12 18:01:46       -7.261365        0.0472
GPMin:   13 18:01:53       -7.271854        0.0286
GPMin:   14 18:01:59       -7.276105        0.0231
GPMin:   15 18:02:05       -7.279387        0.0172
       Step     Time          Energy         fmax
GPMin:    0 18:02:17       -6.882789        0.2449
GPMin:    1 18:02:26       -6.976818        0.0993
GPMin:    2 18:02:33       -7.016612        0.0873
GPMin:    3 18:02:40       -7.049885        0.0962
GPMin:    4 18:02:47       -7.083394        0.1060
GPMin:    5 18:02:54       -7.118522        0.0953
GPMin:    6 18:03:01       -7.148072        0.0527
GPMin:    7 18:03:08       -7.161583        0.0552
GPMin:    8 18:03:15       -7.172478        0.0590
GPMin:    9 18:03:22       -7.189549        0.0653
GPMin:   10 18:03:29       -7.221437        0.0698
GPMin:   11 18:03:36       -7.252410        0.0675
GPMin:   12 18:03:43       -7.271990        0.0378
GPMin:   13 18:03:49       -7.277722        0.0198
       Step     Time          Energy         fmax
GPMin:    0 18:04:00       -6.807790        0.3485
GPMin:    1 18:04:07       -6.950405        0.2335
GPMin:    2 18:04:15       -7.037340        0.1740
GPMin:    3 18:04:23       -7.102338        0.1134
GPMin:    4 18:04:29       -7.140713        0.0795
GPMin:    5 18:04:36       -7.150404        0.0197
       Step     Time          Energy         fmax
GPMin:    0 18:04:47       -6.483571        0.3071
GPMin:    1 18:04:55       -6.635073        0.2210
GPMin:    2 18:05:02       -6.737914        0.2243
GPMin:    3 18:05:09       -6.827958        0.2105
GPMin:    4 18:05:16       -6.897137        0.1650
GPMin:    5 18:05:23       -6.947670        0.1173
GPMin:    6 18:05:30       -6.996103        0.1404
GPMin:    7 18:05:37       -7.054032        0.1046
GPMin:    8 18:05:44       -7.088151        0.0711
GPMin:    9 18:05:51       -7.107523        0.0547
GPMin:   10 18:05:58       -7.120363        0.0509
GPMin:   11 18:06:05       -7.134012        0.0625
GPMin:   12 18:06:12       -7.154263        0.0733
GPMin:   13 18:06:19       -7.181226        0.0765
GPMin:   14 18:06:26       -7.210852        0.0749
GPMin:   15 18:06:33       -7.238539        0.0633
GPMin:   16 18:06:40       -7.261474        0.0470
GPMin:   17 18:06:46       -7.275575        0.0395
GPMin:   18 18:06:52       -7.279798        0.0241
GPMin:   19 18:06:57       -7.280605        0.0139
       Step     Time          Energy         fmax
GPMin:    0 18:07:09       -6.678091        0.7675
GPMin:    1 18:07:17       -6.982483        0.2763
GPMin:    2 18:07:24       -7.099183        0.2248
GPMin:    3 18:07:31       -7.178115        0.1298
GPMin:    4 18:07:38       -7.206993        0.0762
GPMin:    5 18:07:44       -7.216596        0.0853
GPMin:    6 18:07:51       -7.229706        0.0485
GPMin:    7 18:07:57       -7.237421        0.0390
GPMin:    8 18:08:03       -7.241126        0.0230
GPMin:    9 18:08:09       -7.242062        0.0208
GPMin:   10 18:08:16       -7.243749        0.0218
GPMin:   11 18:08:22       -7.246247        0.0316
GPMin:   12 18:08:28       -7.252563        0.0312
GPMin:   13 18:08:35       -7.261251        0.0382
GPMin:   14 18:08:43       -7.270825        0.0359
GPMin:   15 18:08:51       -7.277474        0.0198
       Step     Time          Energy         fmax
GPMin:    0 18:09:03       -6.237792        0.5969
GPMin:    1 18:09:12       -6.537272        0.2049
GPMin:    2 18:09:20       -6.632498        0.1928
GPMin:    3 18:09:28       -6.725145        0.1752
GPMin:    4 18:09:36       -6.807355        0.1167
GPMin:    5 18:09:44       -6.840083        0.0460
GPMin:    6 18:09:51       -6.844659        0.0307
GPMin:    7 18:09:58       -6.846598        0.0138
       Step     Time          Energy         fmax
GPMin:    0 18:10:11       -6.595023        0.4561
GPMin:    1 18:10:19       -6.836152        0.2993
GPMin:    2 18:10:28       -6.982061        0.2582
GPMin:    3 18:10:37       -7.104810        0.2079
GPMin:    4 18:10:45       -7.188502        0.1131
GPMin:    5 18:10:55       -7.225907        0.0899
GPMin:    6 18:11:01       -7.242906        0.0783
GPMin:    7 18:11:09       -7.260657        0.0517
GPMin:    8 18:11:16       -7.268643        0.0395
GPMin:    9 18:11:23       -7.272655        0.0330
GPMin:   10 18:11:30       -7.275858        0.0316
GPMin:   11 18:11:38       -7.278142        0.0245
GPMin:   12 18:11:45       -7.280015        0.0188
       Step     Time          Energy         fmax
GPMin:    0 18:11:59       -7.082254        0.2160
GPMin:    1 18:12:08       -7.110403        0.1102
GPMin:    2 18:12:16       -7.125399        0.1334
GPMin:    3 18:12:33       -7.133194        0.1085
GPMin:    4 18:12:40       -7.143723        0.0910
GPMin:    5 18:12:49       -7.159127        0.0748
GPMin:    6 18:12:58       -7.185311        0.0592
GPMin:    7 18:13:06       -7.215747        0.0793
GPMin:    8 18:13:12       -7.249967        0.0702
GPMin:    9 18:13:19       -7.271598        0.0385
GPMin:   10 18:13:24       -7.277268        0.0239
GPMin:   11 18:13:30       -7.279519        0.0143
       Step     Time          Energy         fmax
GPMin:    0 18:13:40       -6.660693        0.4641
GPMin:    1 18:13:48       -6.873066        0.2219
GPMin:    2 18:13:55       -6.977552        0.1706
GPMin:    3 18:14:01       -7.041180        0.1435
GPMin:    4 18:14:08       -7.074675        0.1231
GPMin:    5 18:14:14       -7.106649        0.0860
GPMin:    6 18:14:21       -7.129416        0.0808
GPMin:    7 18:14:27       -7.153157        0.0828
GPMin:    8 18:14:33       -7.180950        0.0817
GPMin:    9 18:14:39       -7.209042        0.0782
GPMin:   10 18:14:46       -7.232502        0.0525
GPMin:   11 18:14:52       -7.246731        0.0361
GPMin:   12 18:14:57       -7.252476        0.0364
GPMin:   13 18:15:03       -7.257995        0.0404
GPMin:   14 18:15:08       -7.263587        0.0395
GPMin:   15 18:15:15       -7.271537        0.0342
GPMin:   16 18:15:20       -7.277558        0.0236
GPMin:   17 18:15:26       -7.279825        0.0172
       Step     Time          Energy         fmax
GPMin:    0 18:15:35       -6.800746        0.1812
GPMin:    1 18:15:42       -6.871586        0.0747
GPMin:    2 18:15:48       -6.908086        0.0831
GPMin:    3 18:15:54       -6.978613        0.1015
GPMin:    4 18:16:00       -7.050595        0.0983
GPMin:    5 18:16:06       -7.105297        0.0666
GPMin:    6 18:16:12       -7.126702        0.0370
GPMin:    7 18:16:17       -7.132006        0.0258
GPMin:    8 18:16:23       -7.136583        0.0316
GPMin:    9 18:16:28       -7.143253        0.0207
GPMin:   10 18:16:34       -7.147342        0.0187
       Step     Time          Energy         fmax
GPMin:    0 18:16:44       -6.717485        0.2459
GPMin:    1 18:16:51       -6.898350        0.2064
GPMin:    2 18:16:57       -7.014209        0.1630
GPMin:    3 18:17:04       -7.083089        0.1029
GPMin:    4 18:17:11       -7.104483        0.0519
GPMin:    5 18:17:17       -7.110158        0.0298
GPMin:    6 18:17:22       -7.112902        0.0210
GPMin:    7 18:17:27       -7.113663        0.0106
       Step     Time          Energy         fmax
GPMin:    0 18:17:41       -6.115927        0.6712
GPMin:    1 18:17:48       -6.380346        0.2526
GPMin:    2 18:17:55       -6.527525        0.2219
GPMin:    3 18:18:02       -6.630421        0.1867
GPMin:    4 18:18:08       -6.689194        0.1659
GPMin:    5 18:18:14       -6.737203        0.1407
GPMin:    6 18:18:20       -6.770288        0.1307
GPMin:    7 18:18:26       -6.802347        0.1261
GPMin:    8 18:18:32       -6.835101        0.0995
GPMin:    9 18:18:38       -6.860441        0.0897
GPMin:   10 18:18:44       -6.886651        0.0790
GPMin:   11 18:18:50       -6.914207        0.0874
GPMin:   12 18:18:57       -6.945403        0.0922
GPMin:   13 18:19:03       -6.985992        0.0861
GPMin:   14 18:19:09       -7.024301        0.0789
GPMin:   15 18:19:16       -7.057977        0.0656
GPMin:   16 18:19:22       -7.081680        0.0521
GPMin:   17 18:19:29       -7.095276        0.0446
GPMin:   18 18:19:35       -7.102603        0.0460
GPMin:   19 18:19:41       -7.105717        0.0374
GPMin:   20 18:19:47       -7.107476        0.0258
GPMin:   21 18:19:52       -7.109065        0.0214
GPMin:   22 18:19:58       -7.109873        0.0185
       Step     Time          Energy         fmax
GPMin:    0 18:20:08       -6.600044        0.7664
GPMin:    1 18:20:16       -6.791278        0.1441
GPMin:    2 18:20:22       -6.837088        0.1515
GPMin:    3 18:20:28       -6.909013        0.1471
GPMin:    4 18:20:35       -6.977648        0.1221
GPMin:    5 18:20:42       -7.030621        0.0887
GPMin:    6 18:20:48       -7.070218        0.0718
GPMin:    7 18:20:53       -7.095011        0.0544
GPMin:    8 18:20:59       -7.104081        0.0424
GPMin:    9 18:21:05       -7.107731        0.0296
GPMin:   10 18:21:10       -7.109165        0.0242
GPMin:   11 18:21:16       -7.110569        0.0124
       Step     Time          Energy         fmax
GPMin:    0 18:21:27       -6.674025        0.2932
GPMin:    1 18:21:35       -6.838027        0.2011
GPMin:    2 18:21:42       -6.898637        0.0826
GPMin:    3 18:21:48       -6.915020        0.0549
GPMin:    4 18:21:54       -6.935178        0.0611
GPMin:    5 18:22:00       -6.959978        0.0667
GPMin:    6 18:22:07       -6.987840        0.0699
GPMin:    7 18:22:14       -7.020008        0.0798
GPMin:    8 18:22:20       -7.052633        0.0819
GPMin:    9 18:22:27       -7.080333        0.0623
GPMin:   10 18:22:33       -7.093283        0.0253
GPMin:   11 18:22:39       -7.094735        0.0187
       Step     Time          Energy         fmax
GPMin:    0 18:22:50       -6.702244        0.6385
GPMin:    1 18:22:59       -6.965605        0.1833
GPMin:    2 18:23:06       -7.013546        0.1100
GPMin:    3 18:23:14       -7.036670        0.0713
GPMin:    4 18:23:20       -7.047489        0.0422
GPMin:    5 18:23:26       -7.052714        0.0331
GPMin:    6 18:23:33       -7.058431        0.0236
GPMin:    7 18:23:39       -7.061884        0.0265
GPMin:    8 18:23:45       -7.066380        0.0329
GPMin:    9 18:23:51       -7.074470        0.0417
GPMin:   10 18:23:57       -7.087713        0.0456
GPMin:   11 18:24:04       -7.105522        0.0471
GPMin:   12 18:24:11       -7.123755        0.0420
GPMin:   13 18:24:18       -7.138958        0.0450
GPMin:   14 18:24:25       -7.154642        0.0543
GPMin:   15 18:24:31       -7.173357        0.0649
GPMin:   16 18:24:37       -7.196780        0.0657
GPMin:   17 18:24:44       -7.220048        0.0831
GPMin:   18 18:24:51       -7.246468        0.0784
GPMin:   19 18:24:58       -7.267514        0.0482
GPMin:   20 18:25:05       -7.275951        0.0363
GPMin:   21 18:25:11       -7.278120        0.0237
GPMin:   22 18:25:17       -7.279491        0.0164
       Step     Time          Energy         fmax
GPMin:    0 18:25:28       -6.870042        0.8182
GPMin:    1 18:25:37       -7.167297        0.1904
GPMin:    2 18:25:44       -7.202080        0.1447
GPMin:    3 18:25:51       -7.219863        0.0869
GPMin:    4 18:25:58       -7.233664        0.0479
GPMin:    5 18:26:04       -7.241126        0.0279
GPMin:    6 18:26:10       -7.244577        0.0266
GPMin:    7 18:26:16       -7.247309        0.0285
GPMin:    8 18:26:23       -7.254243        0.0337
GPMin:    9 18:26:30       -7.264483        0.0315
GPMin:   10 18:26:37       -7.274123        0.0322
GPMin:   11 18:26:43       -7.278659        0.0217
GPMin:   12 18:26:48       -7.279644        0.0176
       Step     Time          Energy         fmax
GPMin:    0 18:27:00       -6.824456        0.7116
GPMin:    1 18:27:08       -7.084390        0.1774
GPMin:    2 18:27:16       -7.136657        0.1317
GPMin:    3 18:27:23       -7.181455        0.1032
GPMin:    4 18:27:29       -7.208310        0.0690
GPMin:    5 18:27:36       -7.223450        0.0534
GPMin:    6 18:27:42       -7.234907        0.0336
GPMin:    7 18:27:48       -7.238163        0.0227
GPMin:    8 18:27:55       -7.239271        0.0120
       Step     Time          Energy         fmax
GPMin:    0 18:28:05       -6.800746        0.1812
GPMin:    1 18:28:13       -6.871560        0.0747
GPMin:    2 18:28:19       -6.908046        0.0831
GPMin:    3 18:28:26       -6.978566        0.1015
GPMin:    4 18:28:33       -7.050543        0.0984
GPMin:    5 18:28:40       -7.105262        0.0666
GPMin:    6 18:28:46       -7.126687        0.0370
GPMin:    7 18:28:52       -7.131997        0.0258
GPMin:    8 18:28:58       -7.136574        0.0316
GPMin:    9 18:29:04       -7.143247        0.0207
GPMin:   10 18:29:10       -7.147338        0.0187
       Step     Time          Energy         fmax
GPMin:    0 18:29:21       -6.195609        0.7097
GPMin:    1 18:29:29       -6.562436        0.2256
GPMin:    2 18:29:36       -6.658493        0.1717
GPMin:    3 18:29:43       -6.694955        0.1651
GPMin:    4 18:29:49       -6.753856        0.1570
GPMin:    5 18:29:55       -6.807698        0.1244
GPMin:    6 18:30:01       -6.837864        0.0536
GPMin:    7 18:30:07       -6.843746        0.0253
GPMin:    8 18:30:12       -6.844804        0.0182
       Step     Time          Energy         fmax
GPMin:    0 18:30:23       -6.741858        0.9013
GPMin:    1 18:30:31       -7.126418        0.3181
GPMin:    2 18:30:39       -7.209244        0.1033
GPMin:    3 18:30:46       -7.221552        0.0767
GPMin:    4 18:30:52       -7.236604        0.0479
GPMin:    5 18:30:58       -7.239751        0.0324
GPMin:    6 18:31:04       -7.244028        0.0237
GPMin:    7 18:31:10       -7.246659        0.0248
GPMin:    8 18:31:16       -7.252175        0.0328
GPMin:    9 18:31:23       -7.260078        0.0340
GPMin:   10 18:31:29       -7.269240        0.0355
GPMin:   11 18:31:35       -7.276680        0.0258
GPMin:   12 18:31:41       -7.279811        0.0180
       Step     Time          Energy         fmax
GPMin:    0 18:31:52       -6.707808        0.4058
GPMin:    1 18:32:00       -6.888277        0.1894
GPMin:    2 18:32:08       -6.972178        0.1432
GPMin:    3 18:32:15       -7.043984        0.1142
GPMin:    4 18:32:22       -7.092756        0.0766
GPMin:    5 18:32:29       -7.120592        0.0543
GPMin:    6 18:32:35       -7.129855        0.0286
GPMin:    7 18:32:40       -7.131640        0.0212
GPMin:    8 18:32:46       -7.133796        0.0187
       Step     Time          Energy         fmax
GPMin:    0 18:32:57       -6.824456        0.7117
GPMin:    1 18:33:06       -7.084389        0.1774
GPMin:    2 18:33:13       -7.136661        0.1317
GPMin:    3 18:33:20       -7.181458        0.1032
GPMin:    4 18:33:27       -7.208311        0.0690
GPMin:    5 18:33:33       -7.223452        0.0534
GPMin:    6 18:33:40       -7.234908        0.0336
GPMin:    7 18:33:46       -7.238164        0.0227
GPMin:    8 18:33:52       -7.239271        0.0120
       Step     Time          Energy         fmax
GPMin:    0 18:34:04       -6.845344        0.3087
GPMin:    1 18:34:12       -6.964125        0.1138
GPMin:    2 18:34:19       -7.009112        0.0931
GPMin:    3 18:34:26       -7.042966        0.0827
GPMin:    4 18:34:33       -7.077682        0.0847
GPMin:    5 18:34:40       -7.103321        0.0561
GPMin:    6 18:34:46       -7.111652        0.0221
GPMin:    7 18:34:52       -7.113351        0.0223
GPMin:    8 18:34:57       -7.117375        0.0210
GPMin:    9 18:35:03       -7.121517        0.0237
GPMin:   10 18:35:10       -7.126307        0.0215
GPMin:   11 18:35:17       -7.130864        0.0216
GPMin:   12 18:35:23       -7.134977        0.0187
       Step     Time          Energy         fmax
GPMin:    0 18:35:33       -6.280078        0.8466
GPMin:    1 18:35:41       -6.699771        0.3491
GPMin:    2 18:35:49       -6.871505        0.2270
GPMin:    3 18:35:56       -6.971922        0.1687
GPMin:    4 18:36:03       -7.035606        0.1157
GPMin:    5 18:36:10       -7.066403        0.0652
GPMin:    6 18:36:16       -7.076978        0.0490
GPMin:    7 18:36:22       -7.080511        0.0339
GPMin:    8 18:36:28       -7.083085        0.0256
GPMin:    9 18:36:33       -7.084362        0.0210
GPMin:   10 18:36:38       -7.085233        0.0162
       Step     Time          Energy         fmax
GPMin:    0 18:36:50       -6.463981        0.4272
GPMin:    1 18:36:57       -6.642992        0.2295
GPMin:    2 18:37:05       -6.755034        0.1848
GPMin:    3 18:37:12       -6.841345        0.1601
GPMin:    4 18:37:19       -6.898665        0.1237
GPMin:    5 18:37:26       -6.945035        0.0981
GPMin:    6 18:37:33       -6.971824        0.0785
GPMin:    7 18:37:39       -6.986683        0.0596
GPMin:    8 18:37:46       -7.003508        0.0649
GPMin:    9 18:37:53       -7.025019        0.0713
GPMin:   10 18:37:59       -7.051213        0.0654
GPMin:   11 18:38:06       -7.077458        0.0586
GPMin:   12 18:38:13       -7.095807        0.0450
GPMin:   13 18:38:19       -7.103945        0.0329
GPMin:   14 18:38:26       -7.107250        0.0330
GPMin:   15 18:38:32       -7.111315        0.0253
GPMin:   16 18:38:38       -7.114091        0.0210
GPMin:   17 18:38:44       -7.115805        0.0167
       Step     Time          Energy         fmax
GPMin:    0 18:38:57       -6.216492        0.4942
GPMin:    1 18:39:07       -6.441793        0.2372
GPMin:    2 18:39:15       -6.558368        0.2104
GPMin:    3 18:39:22       -6.657769        0.1657
GPMin:    4 18:39:30       -6.719167        0.1164
GPMin:    5 18:39:37       -6.759825        0.1098
GPMin:    6 18:39:45       -6.798438        0.1141
GPMin:    7 18:39:51       -6.843299        0.1096
GPMin:    8 18:39:58       -6.887020        0.1082
GPMin:    9 18:40:05       -6.928177        0.1043
GPMin:   10 18:40:12       -6.962885        0.0866
GPMin:   11 18:40:18       -6.992954        0.0946
GPMin:   12 18:40:25       -7.018235        0.1056
GPMin:   13 18:40:32       -7.048129        0.1139
GPMin:   14 18:40:39       -7.082265        0.1111
GPMin:   15 18:40:46       -7.110981        0.0892
GPMin:   16 18:40:52       -7.126028        0.0526
GPMin:   17 18:40:58       -7.131830        0.0453
GPMin:   18 18:41:05       -7.136579        0.0412
GPMin:   19 18:41:11       -7.139837        0.0345
GPMin:   20 18:41:17       -7.142276        0.0239
GPMin:   21 18:41:23       -7.143965        0.0216
GPMin:   22 18:41:29       -7.145395        0.0181
       Step     Time          Energy         fmax
GPMin:    0 18:41:41       -6.406816        0.7220
GPMin:    1 18:41:49       -6.641559        0.1421
GPMin:    2 18:41:56       -6.676034        0.0986
GPMin:    3 18:42:03       -6.696594        0.0901
GPMin:    4 18:42:10       -6.704267        0.0443
GPMin:    5 18:42:17       -6.713409        0.0578
GPMin:    6 18:42:23       -6.731017        0.0793
GPMin:    7 18:42:30       -6.760812        0.1038
GPMin:    8 18:42:37       -6.805630        0.1295
GPMin:    9 18:42:43       -6.858642        0.1398
GPMin:   10 18:42:50       -6.913304        0.1188
GPMin:   11 18:42:57       -6.948729        0.0825
GPMin:   12 18:43:04       -6.962677        0.0639
GPMin:   13 18:43:11       -6.976073        0.0685
GPMin:   14 18:43:17       -6.989205        0.0779
GPMin:   15 18:43:24       -7.009461        0.0855
GPMin:   16 18:43:30       -7.034623        0.0966
GPMin:   17 18:43:37       -7.061092        0.1012
GPMin:   18 18:43:44       -7.090444        0.0950
GPMin:   19 18:43:50       -7.113771        0.0660
GPMin:   20 18:43:57       -7.128379        0.0660
GPMin:   21 18:44:04       -7.143655        0.0756
GPMin:   22 18:44:10       -7.163371        0.0746
GPMin:   23 18:44:16       -7.185993        0.0721
GPMin:   24 18:44:23       -7.209365        0.0627
GPMin:   25 18:44:30       -7.231625        0.0667
GPMin:   26 18:44:36       -7.251988        0.0662
GPMin:   27 18:44:42       -7.268039        0.0416
GPMin:   28 18:44:48       -7.276445        0.0309
GPMin:   29 18:44:54       -7.279483        0.0226
GPMin:   30 18:44:59       -7.280598        0.0114
       Step     Time          Energy         fmax
GPMin:    0 18:45:09       -6.800746        0.1812
GPMin:    1 18:45:17       -6.871571        0.0748
GPMin:    2 18:45:23       -6.908062        0.0832
GPMin:    3 18:45:30       -6.978587        0.1015
GPMin:    4 18:45:37       -7.050559        0.0983
GPMin:    5 18:45:43       -7.105271        0.0665
GPMin:    6 18:45:49       -7.126692        0.0370
GPMin:    7 18:45:56       -7.131997        0.0258
GPMin:    8 18:46:02       -7.136578        0.0315
GPMin:    9 18:46:08       -7.143247        0.0207
GPMin:   10 18:46:14       -7.147339        0.0187
       Step     Time          Energy         fmax
GPMin:    0 18:46:26       -6.197915        0.5031
GPMin:    1 18:46:33       -6.452020        0.2647
GPMin:    2 18:46:40       -6.587098        0.2443
GPMin:    3 18:46:48       -6.705048        0.2004
GPMin:    4 18:46:55       -6.799906        0.1628
GPMin:    5 18:47:03       -6.867861        0.1268
GPMin:    6 18:47:10       -6.915851        0.1128
GPMin:    7 18:47:17       -6.949432        0.0902
GPMin:    8 18:47:24       -6.973034        0.0709
GPMin:    9 18:47:30       -6.988265        0.0648
GPMin:   10 18:47:36       -6.998849        0.0662
GPMin:   11 18:47:42       -7.008846        0.0646
GPMin:   12 18:47:48       -7.020130        0.0616
GPMin:   13 18:47:54       -7.035587        0.0599
GPMin:   14 18:48:00       -7.051568        0.0497
GPMin:   15 18:48:07       -7.065861        0.0404
GPMin:   16 18:48:13       -7.074463        0.0398
GPMin:   17 18:48:19       -7.079321        0.0403
GPMin:   18 18:48:26       -7.087003        0.0484
GPMin:   19 18:48:33       -7.100588        0.0581
GPMin:   20 18:48:40       -7.117126        0.0606
GPMin:   21 18:48:47       -7.132477        0.0495
GPMin:   22 18:48:53       -7.140007        0.0317
GPMin:   23 18:48:59       -7.142212        0.0234
GPMin:   24 18:49:05       -7.143466        0.0208
GPMin:   25 18:49:12       -7.144351        0.0138
       Step     Time          Energy         fmax
GPMin:    0 18:49:23       -6.394283        0.3837
GPMin:    1 18:49:30       -6.627514        0.2891
GPMin:    2 18:49:38       -6.752575        0.1993
GPMin:    3 18:49:45       -6.828775        0.1302
GPMin:    4 18:49:51       -6.878002        0.1325
GPMin:    5 18:49:58       -6.917382        0.1220
GPMin:    6 18:50:05       -6.982516        0.1191
GPMin:    7 18:50:12       -7.031163        0.1052
GPMin:    8 18:50:18       -7.083950        0.1086
GPMin:    9 18:50:25       -7.135886        0.0854
GPMin:   10 18:50:32       -7.176644        0.0831
GPMin:   11 18:50:39       -7.204382        0.0885
GPMin:   12 18:50:46       -7.227255        0.0764
GPMin:   13 18:50:53       -7.247671        0.0619
GPMin:   14 18:50:59       -7.263120        0.0507
GPMin:   15 18:51:05       -7.273265        0.0401
GPMin:   16 18:51:11       -7.278108        0.0254
GPMin:   17 18:51:17       -7.279824        0.0163
       Step     Time          Energy         fmax
GPMin:    0 18:51:29       -6.967037        0.2230
GPMin:    1 18:51:36       -7.085299        0.0921
GPMin:    2 18:51:44       -7.120482        0.0948
GPMin:    3 18:51:51       -7.159320        0.1059
GPMin:    4 18:51:58       -7.199451        0.1213
GPMin:    5 18:52:04       -7.239832        0.1066
GPMin:    6 18:52:12       -7.268508        0.0492
GPMin:    7 18:52:19       -7.277361        0.0308
GPMin:    8 18:52:25       -7.279421        0.0181
       Step     Time          Energy         fmax
GPMin:    0 18:52:37       -6.817190        0.5920
GPMin:    1 18:52:45       -6.979341        0.1470
GPMin:    2 18:52:52       -7.032133        0.1148
GPMin:    3 18:53:00       -7.065844        0.0757
GPMin:    4 18:53:07       -7.084629        0.0443
GPMin:    5 18:53:14       -7.093629        0.0335
GPMin:    6 18:53:20       -7.097963        0.0259
GPMin:    7 18:53:26       -7.101048        0.0270
GPMin:    8 18:53:33       -7.105491        0.0255
GPMin:    9 18:53:39       -7.108484        0.0195
       Step     Time          Energy         fmax
GPMin:    0 18:53:51       -6.547825        0.9239
GPMin:    1 18:54:00       -7.055241        0.3474
GPMin:    2 18:54:07       -7.197621        0.1439
GPMin:    3 18:54:14       -7.222601        0.1295
GPMin:    4 18:54:20       -7.235097        0.1188
GPMin:    5 18:54:27       -7.259807        0.0916
GPMin:    6 18:54:34       -7.270475        0.0614
GPMin:    7 18:54:40       -7.276677        0.0377
GPMin:    8 18:54:46       -7.279307        0.0227
GPMin:    9 18:54:52       -7.280246        0.0124
       Step     Time          Energy         fmax
GPMin:    0 18:55:04       -6.967037        0.2231
GPMin:    1 18:55:12       -7.085291        0.0921
GPMin:    2 18:55:19       -7.120477        0.0948
GPMin:    3 18:55:26       -7.159321        0.1059
GPMin:    4 18:55:33       -7.199453        0.1213
GPMin:    5 18:55:40       -7.239837        0.1066
GPMin:    6 18:55:48       -7.268514        0.0492
GPMin:    7 18:55:55       -7.277363        0.0308
GPMin:    8 18:56:01       -7.279422        0.0181
       Step     Time          Energy         fmax
GPMin:    0 18:56:12       -6.349861        0.5331
GPMin:    1 18:56:20       -6.646050        0.3025
GPMin:    2 18:56:28       -6.793581        0.2784
GPMin:    3 18:56:35       -6.909163        0.2371
GPMin:    4 18:56:43       -6.992621        0.1983
GPMin:    5 18:56:50       -7.047223        0.1727
GPMin:    6 18:56:56       -7.088722        0.1376
GPMin:    7 18:57:03       -7.118803        0.0957
GPMin:    8 18:57:10       -7.134573        0.0607
GPMin:    9 18:57:16       -7.143232        0.0513
GPMin:   10 18:57:23       -7.149127        0.0507
GPMin:   11 18:57:29       -7.154063        0.0462
GPMin:   12 18:57:35       -7.160270        0.0512
GPMin:   13 18:57:42       -7.169108        0.0570
GPMin:   14 18:57:48       -7.184629        0.0615
GPMin:   15 18:57:55       -7.207378        0.0694
GPMin:   16 18:58:01       -7.234811        0.0742
GPMin:   17 18:58:08       -7.259364        0.0639
GPMin:   18 18:58:15       -7.271602        0.0420
GPMin:   19 18:58:21       -7.276075        0.0246
GPMin:   20 18:58:26       -7.277158        0.0219
GPMin:   21 18:58:32       -7.278670        0.0253
GPMin:   22 18:58:38       -7.279417        0.0210
GPMin:   23 18:58:44       -7.280226        0.0132
       Step     Time          Energy         fmax
GPMin:    0 18:58:54       -6.685521        0.3729
GPMin:    1 18:59:02       -6.796382        0.1645
GPMin:    2 18:59:09       -6.839384        0.0677
GPMin:    3 18:59:15       -6.849167        0.0318
GPMin:    4 18:59:20       -6.850360        0.0041
       Step     Time          Energy         fmax
GPMin:    0 18:59:31       -6.477204        0.2989
GPMin:    1 18:59:39       -6.674139        0.2659
GPMin:    2 18:59:47       -6.788993        0.1989
GPMin:    3 18:59:54       -6.855694        0.1066
GPMin:    4 19:00:02       -6.881201        0.0563
GPMin:    5 19:00:08       -6.890688        0.0505
GPMin:    6 19:00:15       -6.901344        0.0585
GPMin:    7 19:00:21       -6.916136        0.0688
GPMin:    8 19:00:28       -6.938315        0.0748
GPMin:    9 19:00:35       -6.962899        0.0818
GPMin:   10 19:00:42       -6.991247        0.0879
GPMin:   11 19:00:49       -7.022365        0.0833
GPMin:   12 19:00:56       -7.053383        0.0748
GPMin:   13 19:01:03       -7.080633        0.0592
GPMin:   14 19:01:09       -7.097850        0.0356
GPMin:   15 19:01:15       -7.104454        0.0283
GPMin:   16 19:01:21       -7.107542        0.0241
GPMin:   17 19:01:27       -7.109955        0.0179
       Step     Time          Energy         fmax
GPMin:    0 19:01:40       -6.460186        0.3842
GPMin:    1 19:01:49       -6.709264        0.3613
GPMin:    2 19:01:56       -6.841334        0.3021
GPMin:    3 19:02:04       -6.926701        0.2082
GPMin:    4 19:02:11       -6.981788        0.1502
GPMin:    5 19:02:19       -7.032830        0.1567
GPMin:    6 19:02:26       -7.079562        0.0977
GPMin:    7 19:02:33       -7.108972        0.0784
GPMin:    8 19:02:39       -7.122653        0.0670
GPMin:    9 19:02:46       -7.129039        0.0470
GPMin:   10 19:02:52       -7.134226        0.0375
GPMin:   11 19:02:58       -7.138959        0.0316
GPMin:   12 19:03:04       -7.143455        0.0272
GPMin:   13 19:03:10       -7.146666        0.0212
GPMin:   14 19:03:16       -7.148978        0.0215
GPMin:   15 19:03:21       -7.151132        0.0165
       Step     Time          Energy         fmax
GPMin:    0 19:03:34       -6.851733        0.2520
GPMin:    1 19:03:42       -6.907717        0.1600
GPMin:    2 19:03:50       -6.941290        0.1120
GPMin:    3 19:03:58       -6.981416        0.0788
GPMin:    4 19:04:05       -7.009888        0.0702
GPMin:    5 19:04:11       -7.046336        0.0770
GPMin:    6 19:04:18       -7.077443        0.0508
GPMin:    7 19:04:25       -7.090396        0.0390
GPMin:    8 19:04:32       -7.098143        0.0434
GPMin:    9 19:04:38       -7.107036        0.0273
GPMin:   10 19:04:45       -7.110546        0.0147
       Step     Time          Energy         fmax
GPMin:    0 19:04:56       -7.128489        0.1850
GPMin:    1 19:05:04       -7.213500        0.0839
GPMin:    2 19:05:11       -7.233881        0.0525
GPMin:    3 19:05:18       -7.244671        0.0413
GPMin:    4 19:05:24       -7.256942        0.0375
GPMin:    5 19:05:31       -7.270666        0.0286
GPMin:    6 19:05:38       -7.277846        0.0188
