      Step     Time          Energy         fmax
BFGS:    0 14:53:12       16.008732       33.4379
BFGS:    1 14:53:12        2.282835       18.4205
BFGS:    2 14:53:12       -0.705093        9.3970
BFGS:    3 14:53:12       -2.336237        2.8846
BFGS:    4 14:53:12       -2.823415        1.6421
BFGS:    5 14:53:12       -3.092011        0.7101
BFGS:    6 14:53:12       -3.147166        0.3479
BFGS:    7 14:53:12       -3.156872        0.2138
BFGS:    8 14:53:12       -3.159548        0.1685
BFGS:    9 14:53:12       -3.163330        0.1443
BFGS:   10 14:53:12       -3.167914        0.1537
BFGS:   11 14:53:12       -3.171065        0.2081
BFGS:   12 14:53:12       -3.172636        0.2096
BFGS:   13 14:53:12       -3.174797        0.1880
BFGS:   14 14:53:12       -3.178920        0.1815
BFGS:   15 14:53:12       -3.187533        0.2679
BFGS:   16 14:53:12       -3.204936        0.6136
BFGS:   17 14:53:12       -3.237738        1.4804
BFGS:   18 14:53:12       -3.283645        2.2744
BFGS:   19 14:53:12       -3.333996        2.6288
BFGS:   20 14:53:12       -3.372290        1.6281
BFGS:   21 14:53:12       -3.409171        1.2258
BFGS:   22 14:53:12       -3.461899        1.3260
BFGS:   23 14:53:12       -3.625341        1.3712
BFGS:   24 14:53:12       -3.678539        1.0034
BFGS:   25 14:53:12       -3.734406        0.5078
BFGS:   26 14:53:12       -3.754136        0.6185
BFGS:   27 14:53:12       -3.813381        1.0904
BFGS:   28 14:53:12       -3.901289        1.3001
BFGS:   29 14:53:12       -3.804996        1.6688
BFGS:   30 14:53:12       -3.953296        0.6146
BFGS:   31 14:53:12       -4.005754        0.8657
BFGS:   32 14:53:12       -4.088836        0.9122
BFGS:   33 14:53:12       -4.162071        0.8420
BFGS:   34 14:53:12       -4.200114        0.3764
BFGS:   35 14:53:12       -4.209110        0.3588
BFGS:   36 14:53:12       -4.233201        0.3597
BFGS:   37 14:53:12       -4.247677        0.3135
BFGS:   38 14:53:12       -4.261949        0.3521
BFGS:   39 14:53:12       -4.272989        0.4731
BFGS:   40 14:53:12       -4.305484        0.7978
BFGS:   41 14:53:12       -4.333893        0.9969
BFGS:   42 14:53:12       -4.367452        0.9427
BFGS:   43 14:53:12       -4.415336        0.7023
BFGS:   44 14:53:12       -4.452295        0.2890
BFGS:   45 14:53:12       -4.462630        0.2538
BFGS:   46 14:53:12       -4.467186        0.2246
BFGS:   47 14:53:12       -4.475708        0.2910
BFGS:   48 14:53:12       -4.481287        0.2368
BFGS:   49 14:53:12       -4.487412        0.2359
BFGS:   50 14:53:12       -4.493219        0.2560
BFGS:   51 14:53:12       -4.505007        0.3655
BFGS:   52 14:53:12       -4.532905        0.6519
BFGS:   53 14:53:12       -4.579280        1.0352
BFGS:   54 14:53:12       -4.620408        1.3306
BFGS:   55 14:53:12       -4.653805        1.3433
BFGS:   56 14:53:12       -4.761020        0.9393
BFGS:   57 14:53:12       -4.980273        0.9858
BFGS:   58 14:53:12       -5.077814        0.8247
BFGS:   59 14:53:12       -5.118883        0.7727
BFGS:   60 14:53:12       -5.076898        1.0006
BFGS:   61 14:53:12       -5.153905        0.5824
BFGS:   62 14:53:12       -5.179163        0.7270
BFGS:   63 14:53:12       -5.268655        1.3043
BFGS:   64 14:53:12       -5.327160        1.6943
BFGS:   65 14:53:12       -5.440998        1.0751
BFGS:   66 14:53:12       -5.533143        0.9140
BFGS:   67 14:53:12       -5.560643        0.4804
BFGS:   68 14:53:12       -5.589626        0.2373
BFGS:   69 14:53:12       -5.597991        0.2737
BFGS:   70 14:53:12       -5.602704        0.2754
BFGS:   71 14:53:12       -5.613765        0.2237
BFGS:   72 14:53:12       -5.618566        0.2223
BFGS:   73 14:53:12       -5.625519        0.1850
BFGS:   74 14:53:12       -5.633716        0.2045
BFGS:   75 14:53:12       -5.641488        0.1861
BFGS:   76 14:53:12       -5.646839        0.1262
BFGS:   77 14:53:12       -5.650707        0.0718
BFGS:   78 14:53:12       -5.651528        0.0539
BFGS:   79 14:53:12       -5.651947        0.0546
BFGS:   80 14:53:12       -5.652124        0.0466
      Step     Time          Energy         fmax
BFGS:    0 14:53:12       13.860041       38.1938
BFGS:    1 14:53:12        4.810076       15.4156
BFGS:    2 14:53:12        0.733172       13.7086
BFGS:    3 14:53:12       -1.782232        4.1006
BFGS:    4 14:53:12       -2.449699        2.0433
BFGS:    5 14:53:12       -2.773087        0.7712
BFGS:    6 14:53:12       -2.861284        0.3675
BFGS:    7 14:53:12       -2.879752        0.2433
BFGS:    8 14:53:12       -2.883584        0.1718
BFGS:    9 14:53:12       -2.886447        0.1751
BFGS:   10 14:53:12       -2.890151        0.1801
BFGS:   11 14:53:12       -2.892937        0.1702
BFGS:   12 14:53:12       -2.894339        0.1663
BFGS:   13 14:53:12       -2.895629        0.1443
BFGS:   14 14:53:12       -2.898062        0.1321
BFGS:   15 14:53:12       -2.901148        0.1258
BFGS:   16 14:53:12       -2.904114        0.1763
BFGS:   17 14:53:12       -2.906145        0.1891
BFGS:   18 14:53:12       -2.907989        0.1747
BFGS:   19 14:53:12       -2.911375        0.1490
BFGS:   20 14:53:12       -2.919677        0.1568
BFGS:   21 14:53:12       -2.944388        0.2563
BFGS:   22 14:53:12       -2.976672        0.4293
BFGS:   23 14:53:12       -3.018218        0.5137
BFGS:   24 14:53:12       -2.910375        1.0752
BFGS:   25 14:53:12       -3.024866        0.5040
BFGS:   26 14:53:12       -3.028474        0.5262
BFGS:   27 14:53:12       -3.039411        0.5914
BFGS:   28 14:53:12       -3.042207        0.5909
BFGS:   29 14:53:12       -3.051267        0.5542
BFGS:   30 14:53:12       -3.061343        0.4758
BFGS:   31 14:53:12       -3.076060        0.4255
BFGS:   32 14:53:12       -3.083496        0.4050
BFGS:   33 14:53:12       -3.096088        0.3613
BFGS:   34 14:53:12       -3.111330        0.3807
BFGS:   35 14:53:12       -3.122147        0.4474
BFGS:   36 14:53:12       -3.127145        0.5006
BFGS:   37 14:53:12       -3.131417        0.5503
BFGS:   38 14:53:12       -3.139630        0.6267
BFGS:   39 14:53:12       -3.162579        0.7965
BFGS:   40 14:53:12       -3.210236        1.0867
BFGS:   41 14:53:12       -3.262715        0.9652
BFGS:   42 14:53:12       -3.405456        0.5196
BFGS:   43 14:53:12       -3.415372        1.1623
BFGS:   44 14:53:12       -3.453931        0.6442
BFGS:   45 14:53:12       -3.464018        0.4359
BFGS:   46 14:53:12       -3.491757        0.7334
BFGS:   47 14:53:12       -3.556151        1.4118
BFGS:   48 14:53:12       -3.563532        1.6379
BFGS:   49 14:53:12       -3.639265        0.9356
BFGS:   50 14:53:12       -3.691881        0.6443
BFGS:   51 14:53:12       -3.717358        0.7854
BFGS:   52 14:53:12       -3.750390        0.4383
BFGS:   53 14:53:12       -3.759687        0.4053
BFGS:   54 14:53:12       -3.796919        0.2480
BFGS:   55 14:53:12       -3.814552        0.1610
BFGS:   56 14:53:12       -3.819604        0.0903
BFGS:   57 14:53:12       -3.820923        0.0613
BFGS:   58 14:53:12       -3.821118        0.0484
      Step     Time          Energy         fmax
BFGS:    0 14:53:12       12.369250       39.4205
BFGS:    1 14:53:12        0.826496       20.9538
BFGS:    2 14:53:12       -1.929023        9.6053
BFGS:    3 14:53:13       -3.282522        3.9106
BFGS:    4 14:53:13       -3.791135        2.1817
BFGS:    5 14:53:13       -4.091290        0.9382
BFGS:    6 14:53:13       -4.175477        0.6296
BFGS:    7 14:53:13       -4.218391        0.6216
BFGS:    8 14:53:13       -4.267914        0.7081
BFGS:    9 14:53:13       -4.355412        0.7792
BFGS:   10 14:53:13       -4.414942        0.6575
BFGS:   11 14:53:13       -4.460670        0.5849
BFGS:   12 14:53:13       -4.502158        0.4979
BFGS:   13 14:53:13       -4.518566        0.4388
BFGS:   14 14:53:13       -4.531083        0.4337
BFGS:   15 14:53:13       -4.628864        0.5665
BFGS:   16 14:53:13       -4.644246        0.4360
BFGS:   17 14:53:13       -4.661235        0.3548
BFGS:   18 14:53:13       -4.685587        0.4473
BFGS:   19 14:53:13       -4.702412        0.4573
BFGS:   20 14:53:13       -4.726973        0.2926
BFGS:   21 14:53:13       -4.730577        0.2414
BFGS:   22 14:53:13       -4.733759        0.2418
BFGS:   23 14:53:13       -4.742157        0.1931
BFGS:   24 14:53:13       -4.748025        0.1304
BFGS:   25 14:53:13       -4.751962        0.1277
BFGS:   26 14:53:13       -4.752626        0.1256
BFGS:   27 14:53:13       -4.754796        0.0823
BFGS:   28 14:53:13       -4.755514        0.0467
      Step     Time          Energy         fmax
BFGS:    0 14:53:13       14.857403       37.8210
BFGS:    1 14:53:13        0.493231       19.6819
BFGS:    2 14:53:13       -2.248391        7.1829
BFGS:    3 14:53:13       -3.145482        3.8810
BFGS:    4 14:53:13       -3.769421        1.6606
BFGS:    5 14:53:13       -3.972060        0.7081
BFGS:    6 14:53:13       -4.035596        0.6678
BFGS:    7 14:53:13       -4.061406        0.7355
BFGS:    8 14:53:13       -4.093828        0.8294
BFGS:    9 14:53:13       -4.168465        0.9930
BFGS:   10 14:53:13       -4.269402        0.9452
BFGS:   11 14:53:13       -4.321353        0.8610
BFGS:   12 14:53:13       -4.455656        0.8214
BFGS:   13 14:53:13       -4.460144        1.6425
BFGS:   14 14:53:13       -4.586613        0.7582
BFGS:   15 14:53:13       -4.612446        0.7302
BFGS:   16 14:53:13       -4.660891        0.7074
BFGS:   17 14:53:13       -4.686561        0.6068
BFGS:   18 14:53:13       -4.737765        0.4453
BFGS:   19 14:53:13       -4.752658        0.5084
BFGS:   20 14:53:13       -4.780163        0.5742
BFGS:   21 14:53:13       -4.809051        0.6030
BFGS:   22 14:53:13       -4.845691        0.4270
BFGS:   23 14:53:13       -4.881519        0.4596
BFGS:   24 14:53:13       -4.887861        0.3778
BFGS:   25 14:53:13       -4.902232        0.2911
BFGS:   26 14:53:13       -4.918800        0.3189
BFGS:   27 14:53:13       -4.934856        0.3859
BFGS:   28 14:53:13       -4.947461        0.3919
BFGS:   29 14:53:13       -4.957891        0.4228
BFGS:   30 14:53:13       -4.981856        0.4358
BFGS:   31 14:53:13       -5.008385        0.5919
BFGS:   32 14:53:13       -5.050185        0.8302
BFGS:   33 14:53:13       -5.120133        1.1064
BFGS:   34 14:53:13       -5.180340        1.2593
BFGS:   35 14:53:13       -5.221302        1.1044
BFGS:   36 14:53:13       -5.300426        0.6322
BFGS:   37 14:53:13       -5.369746        0.5171
BFGS:   38 14:53:13       -5.394209        0.4636
BFGS:   39 14:53:13       -5.424868        0.5655
BFGS:   40 14:53:13       -5.441429        0.3467
BFGS:   41 14:53:13       -5.452276        0.3537
BFGS:   42 14:53:13       -5.473480        0.3997
BFGS:   43 14:53:13       -5.515017        0.6481
BFGS:   44 14:53:13       -5.554612        0.8485
BFGS:   45 14:53:13       -5.593817        0.6689
BFGS:   46 14:53:13       -5.620791        0.3894
BFGS:   47 14:53:13       -5.630203        0.3421
BFGS:   48 14:53:13       -5.639469        0.2278
BFGS:   49 14:53:13       -5.645860        0.1298
BFGS:   50 14:53:13       -5.649130        0.0932
BFGS:   51 14:53:13       -5.649812        0.0933
BFGS:   52 14:53:13       -5.650361        0.0846
BFGS:   53 14:53:13       -5.651107        0.0593
BFGS:   54 14:53:13       -5.651709        0.0501
BFGS:   55 14:53:13       -5.651902        0.0435
      Step     Time          Energy         fmax
BFGS:    0 14:53:13       13.598603       38.0179
BFGS:    1 14:53:13        2.756642       13.4309
BFGS:    2 14:53:13       -0.300483       11.0956
BFGS:    3 14:53:13       -2.391940        3.1744
BFGS:    4 14:53:13       -2.734947        1.8792
BFGS:    5 14:53:13       -2.964410        0.7413
BFGS:    6 14:53:13       -3.013058        0.4618
BFGS:    7 14:53:13       -3.028612        0.4399
BFGS:    8 14:53:13       -3.040340        0.4207
BFGS:    9 14:53:13       -3.059695        0.3410
BFGS:   10 14:53:13       -3.077082        0.3283
BFGS:   11 14:53:13       -3.089563        0.2952
BFGS:   12 14:53:13       -3.099995        0.2899
BFGS:   13 14:53:13       -3.103517        0.2862
BFGS:   14 14:53:13       -3.202067        0.7113
BFGS:   15 14:53:13       -3.413741        0.7516
BFGS:   16 14:53:13       -3.645905        0.6255
BFGS:   17 14:53:13       -3.528146        2.6130
BFGS:   18 14:53:13       -3.700365        0.3754
BFGS:   19 14:53:13       -3.719120        0.3722
BFGS:   20 14:53:13       -3.756032        0.6270
BFGS:   21 14:53:13       -3.777563        0.4141
BFGS:   22 14:53:13       -3.821027        0.2250
BFGS:   23 14:53:13       -3.825935        0.2142
BFGS:   24 14:53:13       -3.829408        0.1670
BFGS:   25 14:53:13       -3.833621        0.1403
BFGS:   26 14:53:13       -3.834729        0.1056
BFGS:   27 14:53:13       -3.835311        0.0741
BFGS:   28 14:53:13       -3.835659        0.0853
BFGS:   29 14:53:13       -3.836268        0.0905
BFGS:   30 14:53:13       -3.837347        0.0933
BFGS:   31 14:53:13       -3.839108        0.1236
BFGS:   32 14:53:13       -3.841229        0.1913
BFGS:   33 14:53:13       -3.843517        0.2542
BFGS:   34 14:53:13       -3.846888        0.3053
BFGS:   35 14:53:13       -3.854864        0.3743
BFGS:   36 14:53:13       -3.871111        0.4805
BFGS:   37 14:53:13       -3.892786        0.7372
BFGS:   38 14:53:13       -3.910564        0.9384
BFGS:   39 14:53:13       -3.939694        0.9401
BFGS:   40 14:53:13       -4.177736        0.8342
BFGS:   41 14:53:13       -3.975604        2.3141
BFGS:   42 14:53:13       -4.195524        0.7581
BFGS:   43 14:53:13       -4.253850        0.7257
BFGS:   44 14:53:13       -4.256600        0.7802
BFGS:   45 14:53:13       -4.262381        0.7570
BFGS:   46 14:53:13       -4.272151        0.7386
BFGS:   47 14:53:13       -4.297698        0.7136
BFGS:   48 14:53:13       -4.321183        0.7041
BFGS:   49 14:53:13       -4.360099        0.6402
BFGS:   50 14:53:13       -4.387104        0.6164
BFGS:   51 14:53:13       -4.395920        0.4995
BFGS:   52 14:53:13       -4.414217        0.4207
BFGS:   53 14:53:13       -4.459535        0.4207
BFGS:   54 14:53:13       -4.508353        0.6285
BFGS:   55 14:53:13       -4.550215        1.1823
BFGS:   56 14:53:13       -4.591284        1.1847
BFGS:   57 14:53:13       -4.634420        1.7789
BFGS:   58 14:53:13       -4.631760        2.3601
BFGS:   59 14:53:13       -4.731772        1.6474
BFGS:   60 14:53:13       -4.838015        1.4467
BFGS:   61 14:53:13       -5.032595        1.3194
BFGS:   62 14:53:13       -5.141013        1.2216
BFGS:   63 14:53:13       -5.243907        0.7072
BFGS:   64 14:53:13       -5.286306        0.4745
BFGS:   65 14:53:13       -5.317872        0.4537
BFGS:   66 14:53:13       -5.367242        0.3377
BFGS:   67 14:53:13       -5.383268        0.3218
BFGS:   68 14:53:13       -5.395811        0.4424
BFGS:   69 14:53:13       -5.411395        0.4378
BFGS:   70 14:53:13       -5.470313        0.5906
BFGS:   71 14:53:13       -5.506835        0.8367
BFGS:   72 14:53:13       -5.555532        0.6190
BFGS:   73 14:53:13       -5.596002        0.4393
BFGS:   74 14:53:13       -5.618776        0.4761
BFGS:   75 14:53:13       -5.632681        0.1349
BFGS:   76 14:53:13       -5.634930        0.1283
BFGS:   77 14:53:13       -5.636964        0.1635
BFGS:   78 14:53:13       -5.639938        0.1587
BFGS:   79 14:53:13       -5.645709        0.1551
BFGS:   80 14:53:13       -5.649482        0.1153
BFGS:   81 14:53:13       -5.651739        0.0637
BFGS:   82 14:53:13       -5.652241        0.0384
      Step     Time          Energy         fmax
BFGS:    0 14:53:13       13.155648       23.6276
BFGS:    1 14:53:13       -0.279116       10.0301
BFGS:    2 14:53:13       -2.009564        5.1194
BFGS:    3 14:53:13       -2.809338        2.0969
BFGS:    4 14:53:13       -3.140759        1.0119
BFGS:    5 14:53:13       -3.237316        0.5490
BFGS:    6 14:53:13       -3.261607        0.3740
BFGS:    7 14:53:13       -3.274684        0.3471
BFGS:    8 14:53:13       -3.293413        0.3526
BFGS:    9 14:53:13       -3.315856        0.4233
BFGS:   10 14:53:13       -3.336770        0.6029
BFGS:   11 14:53:13       -3.365425        0.8928
BFGS:   12 14:53:13       -3.395167        1.0068
BFGS:   13 14:53:13       -3.482388        1.4726
BFGS:   14 14:53:13       -3.634320        2.6960
BFGS:   15 14:53:13       -3.699682        4.3900
BFGS:   16 14:53:13       -3.815431        3.5302
BFGS:   17 14:53:13       -3.991101        3.0927
BFGS:   18 14:53:13       -4.204320        1.9024
BFGS:   19 14:53:13       -4.328984        0.8588
BFGS:   20 14:53:13       -4.367966        0.6736
BFGS:   21 14:53:13       -4.449842        0.4981
BFGS:   22 14:53:13       -4.469753        0.4190
BFGS:   23 14:53:13       -4.487703        0.3527
BFGS:   24 14:53:13       -4.499779        0.2950
BFGS:   25 14:53:13       -4.510574        0.1982
BFGS:   26 14:53:13       -4.515321        0.1893
BFGS:   27 14:53:13       -4.518815        0.2171
BFGS:   28 14:53:13       -4.527296        0.3374
BFGS:   29 14:53:13       -4.541647        0.4561
BFGS:   30 14:53:13       -4.574992        0.6453
BFGS:   31 14:53:13       -4.603925        0.9405
BFGS:   32 14:53:13       -4.627945        0.8517
BFGS:   33 14:53:13       -4.719974        0.7219
BFGS:   34 14:53:13       -4.835802        0.3947
BFGS:   35 14:53:13       -4.843297        0.4486
BFGS:   36 14:53:13       -4.852565        0.3702
BFGS:   37 14:53:13       -4.864377        0.1498
BFGS:   38 14:53:13       -4.867732        0.1517
BFGS:   39 14:53:13       -4.869033        0.1705
BFGS:   40 14:53:13       -4.871398        0.2147
BFGS:   41 14:53:13       -4.877603        0.3375
BFGS:   42 14:53:13       -4.901976        0.7234
BFGS:   43 14:53:13       -4.962526        1.4127
BFGS:   44 14:53:13       -4.956171        2.1837
BFGS:   45 14:53:13       -5.240240        1.7509
BFGS:   46 14:53:13       -5.145661        2.8329
BFGS:   47 14:53:13       -5.300257        1.3749
BFGS:   48 14:53:13       -5.394306        0.8124
BFGS:   49 14:53:13       -5.416459        0.7602
BFGS:   50 14:53:13       -5.460074        0.6058
BFGS:   51 14:53:13       -5.489769        0.4375
BFGS:   52 14:53:13       -5.556945        0.6917
BFGS:   53 14:53:13       -5.568219        0.6597
BFGS:   54 14:53:13       -5.589239        0.5872
BFGS:   55 14:53:13       -5.607524        0.4240
BFGS:   56 14:53:13       -5.614823        0.3676
BFGS:   57 14:53:13       -5.625590        0.2342
BFGS:   58 14:53:13       -5.630503        0.1909
BFGS:   59 14:53:13       -5.633181        0.1662
BFGS:   60 14:53:13       -5.634574        0.1232
BFGS:   61 14:53:13       -5.635892        0.1485
BFGS:   62 14:53:13       -5.639580        0.1775
BFGS:   63 14:53:13       -5.644164        0.1629
BFGS:   64 14:53:13       -5.648234        0.1333
BFGS:   65 14:53:13       -5.650136        0.0951
BFGS:   66 14:53:13       -5.650934        0.0743
BFGS:   67 14:53:13       -5.651304        0.0780
BFGS:   68 14:53:13       -5.651708        0.0677
BFGS:   69 14:53:13       -5.652065        0.0434
      Step     Time          Energy         fmax
BFGS:    0 14:53:13       12.858795       35.0007
BFGS:    1 14:53:13        0.371670       14.0146
BFGS:    2 14:53:13       -1.973011        8.2730
BFGS:    3 14:53:13       -3.114444        3.3140
BFGS:    4 14:53:13       -3.567737        1.6227
BFGS:    5 14:53:13       -3.729254        0.6967
BFGS:    6 14:53:13       -3.764061        0.3665
BFGS:    7 14:53:13       -3.775924        0.3967
BFGS:    8 14:53:13       -3.792004        0.4367
BFGS:    9 14:53:13       -3.819200        0.4670
BFGS:   10 14:53:13       -3.848859        0.5557
BFGS:   11 14:53:13       -3.868017        0.6718
BFGS:   12 14:53:13       -3.897523        0.7103
BFGS:   13 14:53:13       -3.938588        0.6972
BFGS:   14 14:53:13       -3.969662        0.5393
BFGS:   15 14:53:13       -3.985828        0.3501
BFGS:   16 14:53:13       -3.990462        0.2126
BFGS:   17 14:53:13       -3.992827        0.2052
BFGS:   18 14:53:13       -4.005025        0.1855
BFGS:   19 14:53:13       -4.008417        0.1693
BFGS:   20 14:53:13       -4.010313        0.1574
BFGS:   21 14:53:13       -4.012705        0.1600
BFGS:   22 14:53:13       -4.017462        0.2057
BFGS:   23 14:53:13       -4.025102        0.3125
BFGS:   24 14:53:13       -4.036287        0.4596
BFGS:   25 14:53:13       -4.054780        0.6369
BFGS:   26 14:53:13       -4.096112        0.8817
BFGS:   27 14:53:13       -4.144802        1.0601
BFGS:   28 14:53:13       -4.148998        1.1555
BFGS:   29 14:53:13       -4.190157        1.0441
BFGS:   30 14:53:13       -4.219070        0.9676
BFGS:   31 14:53:13       -4.281315        0.7936
BFGS:   32 14:53:13       -4.329857        0.8125
BFGS:   33 14:53:13       -4.432903        0.7851
BFGS:   34 14:53:13       -4.461904        0.9549
BFGS:   35 14:53:13       -4.524586        0.4412
BFGS:   36 14:53:13       -4.544144        0.4226
BFGS:   37 14:53:13       -4.559186        0.3035
BFGS:   38 14:53:13       -4.563737        0.2102
BFGS:   39 14:53:13       -4.569278        0.1865
BFGS:   40 14:53:13       -4.575882        0.2014
BFGS:   41 14:53:13       -4.581141        0.2653
BFGS:   42 14:53:13       -4.584695        0.2737
BFGS:   43 14:53:13       -4.588059        0.2475
BFGS:   44 14:53:13       -4.592266        0.2215
BFGS:   45 14:53:13       -4.602274        0.4142
BFGS:   46 14:53:13       -4.633555        0.7950
BFGS:   47 14:53:13       -4.683567        1.0880
BFGS:   48 14:53:13       -4.815982        1.1820
BFGS:   49 14:53:13       -4.929793        1.3506
BFGS:   50 14:53:13       -5.151497        1.0515
BFGS:   51 14:53:13       -5.227750        1.2503
BFGS:   52 14:53:13       -5.314703        0.5599
BFGS:   53 14:53:13       -5.333706        0.4448
BFGS:   54 14:53:13       -5.344923        0.3435
BFGS:   55 14:53:13       -5.358326        0.3209
BFGS:   56 14:53:13       -5.380382        0.3002
BFGS:   57 14:53:13       -5.388812        0.2366
BFGS:   58 14:53:13       -5.395703        0.2191
BFGS:   59 14:53:13       -5.398864        0.1586
BFGS:   60 14:53:13       -5.401502        0.1584
BFGS:   61 14:53:13       -5.405473        0.1893
BFGS:   62 14:53:13       -5.410568        0.2195
BFGS:   63 14:53:13       -5.416559        0.2763
BFGS:   64 14:53:13       -5.425496        0.3593
BFGS:   65 14:53:13       -5.444871        0.5719
BFGS:   66 14:53:13       -5.459451        0.9005
BFGS:   67 14:53:13       -5.482217        0.4942
BFGS:   68 14:53:13       -5.500287        0.3456
BFGS:   69 14:53:13       -5.508959        0.3814
BFGS:   70 14:53:13       -5.528612        0.2486
BFGS:   71 14:53:13       -5.536497        0.2388
BFGS:   72 14:53:13       -5.546601        0.2305
BFGS:   73 14:53:13       -5.550745        0.2215
BFGS:   74 14:53:13       -5.559222        0.1994
BFGS:   75 14:53:13       -5.571089        0.1897
BFGS:   76 14:53:13       -5.573901        0.1585
BFGS:   77 14:53:13       -5.577365        0.2204
BFGS:   78 14:53:13       -5.579298        0.2364
BFGS:   79 14:53:13       -5.598663        0.4060
BFGS:   80 14:53:13       -5.611424        0.4660
BFGS:   81 14:53:13       -5.633824        0.2815
BFGS:   82 14:53:13       -5.649474        0.1191
BFGS:   83 14:53:13       -5.652151        0.0416
      Step     Time          Energy         fmax
BFGS:    0 14:53:13       15.397018       36.0824
BFGS:    1 14:53:13        2.333122       24.1976
BFGS:    2 14:53:13       -1.279830        6.7368
BFGS:    3 14:53:13       -2.441941        3.6489
BFGS:    4 14:53:13       -3.172030        1.4996
BFGS:    5 14:53:13       -3.425276        0.6321
BFGS:    6 14:53:13       -3.487337        0.3174
BFGS:    7 14:53:13       -3.497241        0.2282
BFGS:    8 14:53:13       -3.499591        0.1983
BFGS:    9 14:53:13       -3.502817        0.1594
BFGS:   10 14:53:13       -3.507818        0.1821
BFGS:   11 14:53:13       -3.512525        0.1945
BFGS:   12 14:53:13       -3.515650        0.2407
BFGS:   13 14:53:13       -3.519596        0.3247
BFGS:   14 14:53:13       -3.527112        0.4090
BFGS:   15 14:53:13       -3.545191        0.5437
BFGS:   16 14:53:13       -3.599239        0.8226
BFGS:   17 14:53:13       -3.748857        0.7871
BFGS:   18 14:53:13       -3.937498        0.7096
BFGS:   19 14:53:13       -3.752411        3.0543
BFGS:   20 14:53:13       -3.972837        0.6531
BFGS:   21 14:53:13       -3.992328        0.6011
BFGS:   22 14:53:13       -4.057488        0.9480
BFGS:   23 14:53:13       -4.092468        0.6727
BFGS:   24 14:53:13       -4.189189        0.8606
BFGS:   25 14:53:13       -4.207934        1.1030
BFGS:   26 14:53:13       -4.237410        1.1691
BFGS:   27 14:53:13       -4.282406        0.7636
BFGS:   28 14:53:13       -4.316047        0.3996
BFGS:   29 14:53:13       -4.336422        0.2860
BFGS:   30 14:53:13       -4.342235        0.1935
BFGS:   31 14:53:13       -4.346087        0.1713
BFGS:   32 14:53:13       -4.348031        0.1322
BFGS:   33 14:53:13       -4.348915        0.0898
BFGS:   34 14:53:13       -4.349508        0.0516
BFGS:   35 14:53:13       -4.349859        0.0459
      Step     Time          Energy         fmax
BFGS:    0 14:53:13       12.800882       27.1122
BFGS:    1 14:53:13       -0.347302        8.4257
BFGS:    2 14:53:13       -2.204483        3.7791
BFGS:    3 14:53:13       -3.139873        1.9674
BFGS:    4 14:53:13       -3.447550        1.1098
BFGS:    5 14:53:13       -3.556184        0.6147
BFGS:    6 14:53:13       -3.592421        0.5152
BFGS:    7 14:53:13       -3.621377        0.5254
BFGS:    8 14:53:13       -3.663913        0.5909
BFGS:    9 14:53:13       -3.710597        0.7607
BFGS:   10 14:53:13       -3.766518        0.9957
BFGS:   11 14:53:13       -3.839504        0.9918
BFGS:   12 14:53:13       -3.876325        0.8251
BFGS:   13 14:53:13       -4.006155        0.5384
BFGS:   14 14:53:13       -4.063876        0.8629
BFGS:   15 14:53:13       -4.079420        0.4167
BFGS:   16 14:53:13       -4.094720        0.3642
BFGS:   17 14:53:13       -4.151027        0.6571
BFGS:   18 14:53:13       -4.167949        0.3565
BFGS:   19 14:53:13       -4.182602        0.3633
BFGS:   20 14:53:13       -4.292609        0.8378
BFGS:   21 14:53:13       -4.318246        0.8204
BFGS:   22 14:53:13       -4.356253        0.4794
BFGS:   23 14:53:13       -4.370340        0.4494
BFGS:   24 14:53:13       -4.393410        0.3384
BFGS:   25 14:53:13       -4.405218        0.3157
BFGS:   26 14:53:13       -4.414757        0.2449
BFGS:   27 14:53:13       -4.418453        0.2346
BFGS:   28 14:53:13       -4.421719        0.1985
BFGS:   29 14:53:13       -4.427293        0.2097
BFGS:   30 14:53:13       -4.432711        0.2220
BFGS:   31 14:53:13       -4.438342        0.2466
BFGS:   32 14:53:13       -4.444447        0.3028
BFGS:   33 14:53:13       -4.455931        0.3739
BFGS:   34 14:53:13       -4.501310        0.6826
BFGS:   35 14:53:13       -4.560114        0.9939
BFGS:   36 14:53:13       -4.629925        1.3769
BFGS:   37 14:53:13       -4.446383        4.3379
BFGS:   38 14:53:13       -4.799920        1.1992
BFGS:   39 14:53:13       -4.820360        1.0122
BFGS:   40 14:53:13       -4.945521        0.8627
BFGS:   41 14:53:13       -4.994176        1.2948
BFGS:   42 14:53:13       -5.082141        0.5238
BFGS:   43 14:53:13       -5.108787        0.4675
BFGS:   44 14:53:13       -5.130652        0.4714
BFGS:   45 14:53:13       -5.140375        0.3712
BFGS:   46 14:53:13       -5.162418        0.3642
BFGS:   47 14:53:13       -5.191187        0.4114
BFGS:   48 14:53:13       -5.249603        0.8425
BFGS:   49 14:53:13       -5.291565        0.7013
BFGS:   50 14:53:13       -5.304670        0.4463
BFGS:   51 14:53:13       -5.344061        0.3868
BFGS:   52 14:53:13       -5.358570        0.5046
BFGS:   53 14:53:13       -5.388181        0.4388
BFGS:   54 14:53:13       -5.399200        0.4531
BFGS:   55 14:53:13       -5.421799        0.4553
BFGS:   56 14:53:13       -5.437386        0.4624
BFGS:   57 14:53:13       -5.482016        0.3900
BFGS:   58 14:53:13       -5.498112        0.3922
BFGS:   59 14:53:13       -5.517260        0.5220
BFGS:   60 14:53:13       -5.529198        0.4817
BFGS:   61 14:53:13       -5.542199        0.4330
BFGS:   62 14:53:13       -5.561841        0.3329
BFGS:   63 14:53:13       -5.594982        0.2882
BFGS:   64 14:53:13       -5.622882        0.4117
BFGS:   65 14:53:13       -5.642009        0.1885
BFGS:   66 14:53:13       -5.650041        0.1075
BFGS:   67 14:53:13       -5.651773        0.0496
      Step     Time          Energy         fmax
BFGS:    0 14:53:13       12.928588       31.8491
BFGS:    1 14:53:13        0.007325       12.1070
BFGS:    2 14:53:13       -2.136729        5.6330
BFGS:    3 14:53:13       -3.293982        2.4087
BFGS:    4 14:53:13       -3.675136        1.0330
BFGS:    5 14:53:13       -3.794032        0.5275
BFGS:    6 14:53:13       -3.820806        0.3473
BFGS:    7 14:53:13       -3.832790        0.3909
BFGS:    8 14:53:13       -3.853305        0.4571
BFGS:    9 14:53:13       -3.901283        0.5889
BFGS:   10 14:53:13       -3.990099        0.6763
BFGS:   11 14:53:13       -4.035566        0.6952
BFGS:   12 14:53:13       -4.127423        0.9856
BFGS:   13 14:53:13       -4.148962        0.6417
BFGS:   14 14:53:13       -4.179292        0.4621
BFGS:   15 14:53:13       -4.289825        0.5668
BFGS:   16 14:53:13       -4.300878        0.5589
BFGS:   17 14:53:13       -4.317184        0.4095
BFGS:   18 14:53:13       -4.345519        0.2296
BFGS:   19 14:53:13       -4.347515        0.2209
BFGS:   20 14:53:13       -4.350559        0.1680
BFGS:   21 14:53:13       -4.355090        0.1451
BFGS:   22 14:53:13       -4.356972        0.1362
BFGS:   23 14:53:13       -4.358740        0.1368
BFGS:   24 14:53:13       -4.360451        0.1427
BFGS:   25 14:53:13       -4.362818        0.1501
BFGS:   26 14:53:13       -4.366072        0.2183
BFGS:   27 14:53:13       -4.370670        0.2640
BFGS:   28 14:53:13       -4.376873        0.3594
BFGS:   29 14:53:13       -4.387501        0.4694
BFGS:   30 14:53:13       -4.412679        0.6039
BFGS:   31 14:53:13       -4.441462        0.7265
BFGS:   32 14:53:13       -4.487280        0.9093
BFGS:   33 14:53:13       -4.544776        0.9273
BFGS:   34 14:53:13       -4.518084        0.8371
BFGS:   35 14:53:13       -4.561545        0.8748
BFGS:   36 14:53:13       -4.568810        0.8269
BFGS:   37 14:53:13       -4.584895        0.5600
BFGS:   38 14:53:13       -4.597428        0.5613
BFGS:   39 14:53:13       -4.611918        0.5640
BFGS:   40 14:53:13       -4.636303        0.5694
BFGS:   41 14:53:13       -4.667838        0.5637
BFGS:   42 14:53:13       -4.733499        0.6996
BFGS:   43 14:53:13       -4.795939        0.6958
BFGS:   44 14:53:13       -4.947858        0.7483
BFGS:   45 14:53:13       -5.062311        0.8252
BFGS:   46 14:53:13       -5.163064        0.9277
BFGS:   47 14:53:13       -5.148460        1.0663
BFGS:   48 14:53:14       -5.220391        0.9437
BFGS:   49 14:53:14       -5.259245        0.9223
BFGS:   50 14:53:14       -5.497644        0.6986
BFGS:   51 14:53:14       -5.552739        0.8392
BFGS:   52 14:53:14       -5.580446        0.5144
BFGS:   53 14:53:14       -5.596086        0.3672
BFGS:   54 14:53:14       -5.607648        0.3284
BFGS:   55 14:53:14       -5.618862        0.2506
BFGS:   56 14:53:14       -5.631586        0.2558
BFGS:   57 14:53:14       -5.640257        0.2258
BFGS:   58 14:53:14       -5.643912        0.1709
BFGS:   59 14:53:14       -5.647839        0.1656
BFGS:   60 14:53:14       -5.650251        0.1251
BFGS:   61 14:53:14       -5.651411        0.0728
BFGS:   62 14:53:14       -5.651924        0.0404
      Step     Time          Energy         fmax
BFGS:    0 14:53:14       13.590063       32.5686
BFGS:    1 14:53:14        2.182086       17.5898
BFGS:    2 14:53:14       -1.140583        6.2459
BFGS:    3 14:53:14       -2.240907        3.1120
BFGS:    4 14:53:14       -2.783878        1.4771
BFGS:    5 14:53:14       -2.974659        0.6911
BFGS:    6 14:53:14       -3.025424        0.3552
BFGS:    7 14:53:14       -3.039455        0.3341
BFGS:    8 14:53:14       -3.050853        0.3310
BFGS:    9 14:53:14       -3.073095        0.4037
BFGS:   10 14:53:14       -3.105850        0.4716
BFGS:   11 14:53:14       -3.148031        0.5356
BFGS:   12 14:53:14       -3.201636        0.6161
BFGS:   13 14:53:14       -3.214375        0.4225
BFGS:   14 14:53:14       -3.243802        0.3867
BFGS:   15 14:53:14       -3.311793        0.8019
BFGS:   16 14:53:14       -3.335638        0.6105
BFGS:   17 14:53:14       -3.345841        0.5714
BFGS:   18 14:53:14       -3.361155        0.3817
BFGS:   19 14:53:14       -3.369565        0.2762
BFGS:   20 14:53:14       -3.379861        0.1508
BFGS:   21 14:53:14       -3.383135        0.1198
BFGS:   22 14:53:14       -3.384140        0.1039
BFGS:   23 14:53:14       -3.385139        0.0887
BFGS:   24 14:53:14       -3.386619        0.0868
BFGS:   25 14:53:14       -3.388973        0.1598
BFGS:   26 14:53:14       -3.391745        0.2448
BFGS:   27 14:53:14       -3.394635        0.2921
BFGS:   28 14:53:14       -3.397808        0.3112
BFGS:   29 14:53:14       -3.404491        0.4624
BFGS:   30 14:53:14       -3.424924        0.7407
BFGS:   31 14:53:14       -3.456820        0.9187
BFGS:   32 14:53:14       -3.474633        1.8538
BFGS:   33 14:53:14       -3.670157        1.5349
BFGS:   34 14:53:14       -3.832960        0.7315
BFGS:   35 14:53:14       -4.019057        0.7409
BFGS:   36 14:53:14       -4.083344        1.3277
BFGS:   37 14:53:14       -4.112097        1.7817
BFGS:   38 14:53:14       -4.186661        0.9342
BFGS:   39 14:53:14       -4.296568        0.7290
BFGS:   40 14:53:14       -4.384364        0.6931
BFGS:   41 14:53:14       -4.418841        0.3650
BFGS:   42 14:53:14       -4.430414        0.3510
BFGS:   43 14:53:14       -4.442020        0.3150
BFGS:   44 14:53:14       -4.451793        0.3628
BFGS:   45 14:53:14       -4.490597        0.5103
BFGS:   46 14:53:14       -4.509829        0.3899
BFGS:   47 14:53:14       -4.541402        0.3983
BFGS:   48 14:53:14       -4.560474        0.4702
BFGS:   49 14:53:14       -4.627813        0.7164
BFGS:   50 14:53:14       -4.701468        0.7053
BFGS:   51 14:53:14       -4.521073        2.4291
BFGS:   52 14:53:14       -4.680304        0.8384
BFGS:   53 14:53:14       -4.714991        0.5413
BFGS:   54 14:53:14       -4.764071        0.4386
BFGS:   55 14:53:14       -4.780549        0.4452
BFGS:   56 14:53:14       -4.821814        0.4484
BFGS:   57 14:53:14       -4.873327        0.6322
BFGS:   58 14:53:14       -4.909489        0.4828
BFGS:   59 14:53:14       -4.923537        0.1768
BFGS:   60 14:53:14       -4.929211        0.1311
BFGS:   61 14:53:14       -4.930220        0.1352
BFGS:   62 14:53:14       -4.931106        0.1144
BFGS:   63 14:53:14       -4.934152        0.0853
BFGS:   64 14:53:14       -4.935221        0.0931
BFGS:   65 14:53:14       -4.937232        0.1212
BFGS:   66 14:53:14       -4.938990        0.1562
BFGS:   67 14:53:14       -4.942218        0.2073
BFGS:   68 14:53:14       -4.951983        0.3529
BFGS:   69 14:53:14       -4.978774        0.5097
BFGS:   70 14:53:14       -5.044332        0.6481
BFGS:   71 14:53:14       -5.140120        0.6683
BFGS:   72 14:53:14       -5.073386        1.6663
BFGS:   73 14:53:14       -5.172952        0.7860
BFGS:   74 14:53:14       -5.186855        0.8641
BFGS:   75 14:53:14       -5.209723        0.9749
BFGS:   76 14:53:14       -5.223659        0.9982
BFGS:   77 14:53:14       -5.250191        0.8905
BFGS:   78 14:53:14       -5.289159        0.6135
BFGS:   79 14:53:14       -5.320509        0.4692
BFGS:   80 14:53:14       -5.386996        0.4419
BFGS:   81 14:53:14       -5.427715        0.2841
BFGS:   82 14:53:14       -5.434078        0.2179
BFGS:   83 14:53:14       -5.438079        0.2346
BFGS:   84 14:53:14       -5.446946        0.2877
BFGS:   85 14:53:14       -5.460554        0.3803
BFGS:   86 14:53:14       -5.479860        0.5099
BFGS:   87 14:53:14       -5.523335        0.7865
BFGS:   88 14:53:14       -5.522351        0.8943
BFGS:   89 14:53:14       -5.581626        0.7533
BFGS:   90 14:53:14       -5.607021        0.5841
BFGS:   91 14:53:14       -5.634665        0.4740
BFGS:   92 14:53:14       -5.646104        0.1850
BFGS:   93 14:53:14       -5.650409        0.0666
BFGS:   94 14:53:14       -5.652104        0.0287
      Step     Time          Energy         fmax
BFGS:    0 14:53:14       14.749159       38.1708
BFGS:    1 14:53:14        4.000459       31.8889
BFGS:    2 14:53:14       -1.063425        9.9660
BFGS:    3 14:53:14       -2.774206        3.7801
BFGS:    4 14:53:14       -3.249496        1.5676
BFGS:    5 14:53:14       -3.504198        0.7087
BFGS:    6 14:53:14       -3.588070        0.5971
BFGS:    7 14:53:14       -3.617161        0.6755
BFGS:    8 14:53:14       -3.638066        0.7304
BFGS:    9 14:53:14       -3.673961        0.7611
BFGS:   10 14:53:14       -3.726426        0.6069
BFGS:   11 14:53:14       -3.755386        0.3972
BFGS:   12 14:53:14       -3.787471        0.3220
BFGS:   13 14:53:14       -3.797465        0.3100
BFGS:   14 14:53:14       -3.801653        0.2832
BFGS:   15 14:53:14       -3.816301        0.2026
BFGS:   16 14:53:14       -3.821047        0.1507
BFGS:   17 14:53:14       -3.823275        0.1400
BFGS:   18 14:53:14       -3.824392        0.1355
BFGS:   19 14:53:14       -3.825913        0.1268
BFGS:   20 14:53:14       -3.827832        0.1187
BFGS:   21 14:53:14       -3.829300        0.1120
BFGS:   22 14:53:14       -3.830217        0.1143
BFGS:   23 14:53:14       -3.831028        0.1298
BFGS:   24 14:53:14       -3.833353        0.1611
BFGS:   25 14:53:14       -3.839505        0.2231
BFGS:   26 14:53:14       -3.855152        0.3691
BFGS:   27 14:53:14       -3.877515        0.6500
BFGS:   28 14:53:14       -3.914640        0.9217
BFGS:   29 14:53:14       -3.956140        1.1403
BFGS:   30 14:53:14       -3.944043        1.2467
BFGS:   31 14:53:14       -4.008374        1.1664
BFGS:   32 14:53:14       -4.059894        1.1267
BFGS:   33 14:53:14       -4.212957        1.5214
BFGS:   34 14:53:14       -4.291460        1.3748
BFGS:   35 14:53:14       -4.262465        1.5474
BFGS:   36 14:53:14       -4.379321        0.9045
BFGS:   37 14:53:14       -4.407152        0.7661
BFGS:   38 14:53:14       -4.433567        0.5931
BFGS:   39 14:53:14       -4.454618        0.5815
BFGS:   40 14:53:14       -4.486480        0.4660
BFGS:   41 14:53:14       -4.502277        0.4624
BFGS:   42 14:53:14       -4.554764        0.7086
BFGS:   43 14:53:14       -4.580537        0.6817
BFGS:   44 14:53:14       -4.599612        1.0672
BFGS:   45 14:53:14       -4.666555        0.4815
BFGS:   46 14:53:14       -4.698050        0.3703
BFGS:   47 14:53:14       -4.717363        0.2396
BFGS:   48 14:53:14       -4.722770        0.2416
BFGS:   49 14:53:14       -4.723805        0.2367
BFGS:   50 14:53:14       -4.726000        0.1979
BFGS:   51 14:53:14       -4.727636        0.1512
BFGS:   52 14:53:14       -4.729300        0.1048
BFGS:   53 14:53:14       -4.729751        0.0799
BFGS:   54 14:53:14       -4.730170        0.0707
BFGS:   55 14:53:14       -4.730838        0.0706
BFGS:   56 14:53:14       -4.731864        0.0560
BFGS:   57 14:53:14       -4.732972        0.0714
BFGS:   58 14:53:14       -4.733726        0.0869
BFGS:   59 14:53:14       -4.734200        0.0916
BFGS:   60 14:53:14       -4.734821        0.0998
BFGS:   61 14:53:14       -4.736208        0.1128
BFGS:   62 14:53:14       -4.739669        0.1777
BFGS:   63 14:53:14       -4.748466        0.3504
BFGS:   64 14:53:14       -4.759756        0.5100
BFGS:   65 14:53:14       -4.772979        0.6456
BFGS:   66 14:53:14       -4.789623        0.7689
BFGS:   67 14:53:14       -4.809533        0.8832
BFGS:   68 14:53:14       -4.830799        0.9776
BFGS:   69 14:53:14       -4.848953        1.0103
BFGS:   70 14:53:14       -4.877490        0.9518
BFGS:   71 14:53:14       -4.996103        0.9953
BFGS:   72 14:53:14       -5.049238        0.9561
BFGS:   73 14:53:14       -5.125917        0.9563
BFGS:   74 14:53:14       -5.121293        1.2559
BFGS:   75 14:53:14       -5.161543        0.6374
BFGS:   76 14:53:14       -5.221426        0.5107
BFGS:   77 14:53:14       -5.243828        0.4899
BFGS:   78 14:53:14       -5.258632        0.3447
BFGS:   79 14:53:14       -5.271987        0.3254
BFGS:   80 14:53:14       -5.294543        0.2256
BFGS:   81 14:53:14       -5.302523        0.1859
BFGS:   82 14:53:14       -5.306483        0.1777
BFGS:   83 14:53:14       -5.308882        0.1768
BFGS:   84 14:53:14       -5.313713        0.2418
BFGS:   85 14:53:14       -5.326427        0.4255
BFGS:   86 14:53:14       -5.369638        0.9567
BFGS:   87 14:53:14       -5.405483        1.4852
BFGS:   88 14:53:14       -5.403265        1.5821
BFGS:   89 14:53:14       -5.547894        0.7008
BFGS:   90 14:53:14       -5.619026        0.3329
BFGS:   91 14:53:14       -5.649952        0.1148
BFGS:   92 14:53:14       -5.651843        0.0507
BFGS:   93 14:53:14       -5.652257        0.0298
      Step     Time          Energy         fmax
BFGS:    0 14:53:14       16.016956       39.4316
BFGS:    1 14:53:14        3.064817       23.5682
BFGS:    2 14:53:14       -0.806081       10.2242
BFGS:    3 14:53:14       -2.487226        4.0090
BFGS:    4 14:53:14       -2.944584        2.5024
BFGS:    5 14:53:14       -3.294432        1.0579
BFGS:    6 14:53:14       -3.367606        0.5328
BFGS:    7 14:53:14       -3.387597        0.4120
BFGS:    8 14:53:14       -3.398060        0.4235
BFGS:    9 14:53:14       -3.417344        0.4156
BFGS:   10 14:53:14       -3.448228        0.5063
BFGS:   11 14:53:14       -3.466489        0.5764
BFGS:   12 14:53:14       -3.482264        0.4892
BFGS:   13 14:53:14       -3.494913        0.2765
BFGS:   14 14:53:14       -3.499526        0.2547
BFGS:   15 14:53:14       -3.521285        0.2969
BFGS:   16 14:53:14       -3.523915        0.2979
BFGS:   17 14:53:14       -3.532386        0.3109
BFGS:   18 14:53:14       -3.547179        0.2948
BFGS:   19 14:53:14       -3.575644        0.6118
BFGS:   20 14:53:14       -3.630574        1.0720
BFGS:   21 14:53:14       -3.707496        1.4730
BFGS:   22 14:53:14       -3.717586        1.0353
BFGS:   23 14:53:14       -3.781461        0.9766
BFGS:   24 14:53:14       -3.812673        0.9779
BFGS:   25 14:53:14       -3.862166        1.2850
BFGS:   26 14:53:14       -3.918755        0.6383
BFGS:   27 14:53:14       -3.935859        0.6291
BFGS:   28 14:53:14       -3.963002        0.6275
BFGS:   29 14:53:14       -3.977640        0.5960
BFGS:   30 14:53:14       -3.998274        0.4874
BFGS:   31 14:53:14       -4.022520        0.5711
BFGS:   32 14:53:14       -4.071898        0.7592
BFGS:   33 14:53:14       -4.163614        1.0378
BFGS:   34 14:53:14       -4.161351        1.5167
BFGS:   35 14:53:14       -4.240317        0.7041
BFGS:   36 14:53:14       -4.259678        0.7320
BFGS:   37 14:53:14       -4.289840        0.9387
BFGS:   38 14:53:14       -4.319087        0.9249
BFGS:   39 14:53:14       -4.354335        0.7367
BFGS:   40 14:53:14       -4.387027        0.4418
BFGS:   41 14:53:14       -4.397089        0.3085
BFGS:   42 14:53:14       -4.402824        0.2817
BFGS:   43 14:53:14       -4.411869        0.2983
BFGS:   44 14:53:14       -4.422676        0.2152
BFGS:   45 14:53:14       -4.428941        0.1840
BFGS:   46 14:53:14       -4.431485        0.1895
BFGS:   47 14:53:14       -4.434653        0.1919
BFGS:   48 14:53:14       -4.440120        0.2223
BFGS:   49 14:53:14       -4.460147        0.4270
BFGS:   50 14:53:14       -4.503123        0.7503
BFGS:   51 14:53:14       -4.532459        1.1768
BFGS:   52 14:53:14       -4.513982        1.0947
BFGS:   53 14:53:14       -4.734931        0.7985
BFGS:   54 14:53:14       -4.888356        1.0676
BFGS:   55 14:53:14       -5.021283        0.9151
BFGS:   56 14:53:14       -5.069659        0.7695
BFGS:   57 14:53:14       -5.105900        0.8531
BFGS:   58 14:53:14       -5.142351        0.6153
BFGS:   59 14:53:14       -5.176848        0.2531
BFGS:   60 14:53:14       -5.184285        0.1830
BFGS:   61 14:53:14       -5.187529        0.1858
BFGS:   62 14:53:14       -5.190813        0.1977
BFGS:   63 14:53:14       -5.194816        0.1749
BFGS:   64 14:53:14       -5.202154        0.1132
BFGS:   65 14:53:14       -5.204996        0.0635
BFGS:   66 14:53:14       -5.205810        0.0289
      Step     Time          Energy         fmax
BFGS:    0 14:53:14       13.416699       29.0375
BFGS:    1 14:53:14        0.682596       22.8934
BFGS:    2 14:53:14       -2.388384        5.0651
BFGS:    3 14:53:14       -2.973087        2.9426
BFGS:    4 14:53:14       -3.461743        1.4036
BFGS:    5 14:53:14       -3.612093        0.7809
BFGS:    6 14:53:14       -3.666241        0.5388
BFGS:    7 14:53:14       -3.698710        0.6369
BFGS:    8 14:53:14       -3.749181        0.7134
BFGS:    9 14:53:14       -3.830816        0.6989
BFGS:   10 14:53:14       -3.885143        0.7275
BFGS:   11 14:53:14       -3.951699        0.6825
BFGS:   12 14:53:14       -3.985744        1.0299
BFGS:   13 14:53:14       -4.058309        0.7875
BFGS:   14 14:53:14       -4.087536        0.6464
BFGS:   15 14:53:14       -4.275522        1.0149
BFGS:   16 14:53:14       -4.364780        0.9231
BFGS:   17 14:53:14       -4.401531        0.6352
BFGS:   18 14:53:14       -4.451244        0.6167
BFGS:   19 14:53:14       -4.594809        0.7905
BFGS:   20 14:53:14       -4.657304        0.6751
BFGS:   21 14:53:14       -4.688517        0.6089
BFGS:   22 14:53:14       -4.700942        0.4574
BFGS:   23 14:53:14       -4.731385        0.3358
BFGS:   24 14:53:14       -4.744547        0.2531
BFGS:   25 14:53:14       -4.747306        0.2123
BFGS:   26 14:53:14       -4.749882        0.1669
BFGS:   27 14:53:14       -4.756418        0.1064
BFGS:   28 14:53:14       -4.758510        0.0773
BFGS:   29 14:53:14       -4.759104        0.0398
      Step     Time          Energy         fmax
BFGS:    0 14:53:14       13.147820       37.3567
BFGS:    1 14:53:14        0.803211       16.1816
BFGS:    2 14:53:14       -1.535294        8.4774
BFGS:    3 14:53:14       -2.817040        2.9649
BFGS:    4 14:53:14       -3.189041        1.7550
BFGS:    5 14:53:14       -3.471742        0.7680
BFGS:    6 14:53:14       -3.546189        0.4465
BFGS:    7 14:53:14       -3.576011        0.4904
BFGS:    8 14:53:14       -3.598692        0.5329
BFGS:    9 14:53:14       -3.634187        0.5934
BFGS:   10 14:53:14       -3.678408        0.5921
BFGS:   11 14:53:14       -3.726531        0.5762
BFGS:   12 14:53:14       -3.749819        0.6120
BFGS:   13 14:53:14       -3.763568        0.4987
BFGS:   14 14:53:14       -3.806631        0.2653
BFGS:   15 14:53:14       -3.809458        0.0757
BFGS:   16 14:53:14       -3.809765        0.0772
BFGS:   17 14:53:14       -3.810290        0.0723
BFGS:   18 14:53:14       -3.810920        0.0449
      Step     Time          Energy         fmax
BFGS:    0 14:53:14       13.253330       34.5531
BFGS:    1 14:53:14       -0.497656       11.2992
BFGS:    2 14:53:14       -2.549184        6.4519
BFGS:    3 14:53:14       -3.541689        2.4721
BFGS:    4 14:53:14       -3.842936        1.2046
BFGS:    5 14:53:14       -3.972507        0.7556
BFGS:    6 14:53:14       -4.017808        0.7366
BFGS:    7 14:53:14       -4.057640        0.7462
BFGS:    8 14:53:14       -4.121921        0.7314
BFGS:    9 14:53:14       -4.207283        0.7234
BFGS:   10 14:53:14       -4.252011        0.7315
BFGS:   11 14:53:14       -4.331973        0.7247
BFGS:   12 14:53:14       -4.380112        1.1234
BFGS:   13 14:53:14       -4.423305        0.8512
BFGS:   14 14:53:14       -4.532599        0.8331
BFGS:   15 14:53:14       -4.582884        0.4960
BFGS:   16 14:53:14       -4.608960        0.5423
BFGS:   17 14:53:14       -4.627027        0.5887
BFGS:   18 14:53:14       -4.648415        0.5876
BFGS:   19 14:53:14       -4.692004        0.7564
BFGS:   20 14:53:14       -4.751767        0.8471
BFGS:   21 14:53:14       -4.813434        0.7978
BFGS:   22 14:53:14       -4.837348        0.7678
BFGS:   23 14:53:14       -4.865286        0.7819
BFGS:   24 14:53:14       -4.945418        0.9505
BFGS:   25 14:53:14       -5.062375        0.8011
BFGS:   26 14:53:14       -5.179687        0.8883
BFGS:   27 14:53:14       -5.277356        0.5876
BFGS:   28 14:53:14       -5.294698        0.6100
BFGS:   29 14:53:14       -5.332852        0.6022
BFGS:   30 14:53:14       -5.408910        0.8212
BFGS:   31 14:53:14       -5.477300        0.8791
BFGS:   32 14:53:14       -5.539266        0.6159
BFGS:   33 14:53:14       -5.569747        0.6143
BFGS:   34 14:53:14       -5.580639        0.4762
BFGS:   35 14:53:14       -5.626447        0.2645
BFGS:   36 14:53:14       -5.640946        0.2375
BFGS:   37 14:53:14       -5.644145        0.1670
BFGS:   38 14:53:14       -5.645699        0.1203
BFGS:   39 14:53:14       -5.646358        0.1134
BFGS:   40 14:53:14       -5.651339        0.0652
BFGS:   41 14:53:14       -5.651709        0.0409
      Step     Time          Energy         fmax
BFGS:    0 14:53:14       13.946712       33.9232
BFGS:    1 14:53:14        1.155373       16.9928
BFGS:    2 14:53:14       -2.406919        5.4748
BFGS:    3 14:53:14       -3.079202        3.4175
BFGS:    4 14:53:14       -3.705706        1.3758
BFGS:    5 14:53:14       -3.857445        0.6285
BFGS:    6 14:53:14       -3.901154        0.5060
BFGS:    7 14:53:14       -3.917034        0.5710
BFGS:    8 14:53:14       -3.937931        0.6160
BFGS:    9 14:53:14       -3.977497        0.6109
BFGS:   10 14:53:14       -4.020640        0.6209
BFGS:   11 14:53:14       -4.052477        0.5288
BFGS:   12 14:53:14       -4.104993        0.7975
BFGS:   13 14:53:14       -4.124681        0.5826
BFGS:   14 14:53:14       -4.156550        0.3858
BFGS:   15 14:53:14       -4.196236        0.3394
BFGS:   16 14:53:14       -4.210573        0.3749
BFGS:   17 14:53:14       -4.223019        0.4760
BFGS:   18 14:53:14       -4.242597        0.4845
BFGS:   19 14:53:14       -4.298743        1.1538
BFGS:   20 14:53:14       -4.340677        0.8433
BFGS:   21 14:53:14       -4.427964        0.6007
BFGS:   22 14:53:14       -4.446267        0.4965
BFGS:   23 14:53:14       -4.489254        0.4925
BFGS:   24 14:53:14       -4.506117        0.4681
BFGS:   25 14:53:14       -4.532638        0.4832
BFGS:   26 14:53:14       -4.570883        0.5642
BFGS:   27 14:53:14       -4.605585        0.5254
BFGS:   28 14:53:14       -4.671702        0.5854
BFGS:   29 14:53:14       -4.696430        0.5872
BFGS:   30 14:53:14       -4.733023        0.6337
BFGS:   31 14:53:14       -4.794133        0.5637
BFGS:   32 14:53:14       -4.861013        0.4365
BFGS:   33 14:53:14       -4.890049        0.3792
BFGS:   34 14:53:14       -4.908589        0.3560
BFGS:   35 14:53:14       -4.914861        0.3849
BFGS:   36 14:53:14       -4.922042        0.3736
BFGS:   37 14:53:14       -4.934078        0.3502
BFGS:   38 14:53:14       -4.945946        0.3627
BFGS:   39 14:53:14       -4.960949        0.3899
BFGS:   40 14:53:14       -4.976781        0.4357
BFGS:   41 14:53:14       -5.007790        0.6004
BFGS:   42 14:53:14       -5.048769        0.7794
BFGS:   43 14:53:14       -5.076894        0.7968
BFGS:   44 14:53:14       -5.114698        0.8435
BFGS:   45 14:53:14       -5.167352        0.6013
BFGS:   46 14:53:14       -5.193442        0.3554
BFGS:   47 14:53:14       -5.200507        0.2681
BFGS:   48 14:53:14       -5.209140        0.2398
BFGS:   49 14:53:14       -5.213007        0.1809
BFGS:   50 14:53:14       -5.214477        0.1439
BFGS:   51 14:53:14       -5.215962        0.1529
BFGS:   52 14:53:14       -5.217243        0.1324
BFGS:   53 14:53:14       -5.218497        0.0838
BFGS:   54 14:53:14       -5.219349        0.0550
BFGS:   55 14:53:14       -5.219738        0.0495
      Step     Time          Energy         fmax
BFGS:    0 14:53:14       12.429305       37.3986
BFGS:    1 14:53:14       -1.418089        9.1411
BFGS:    2 14:53:14       -2.845596        4.8425
BFGS:    3 14:53:14       -3.765759        2.0683
BFGS:    4 14:53:14       -4.127411        0.9263
BFGS:    5 14:53:14       -4.258725        0.7699
BFGS:    6 14:53:14       -4.312938        0.7785
BFGS:    7 14:53:14       -4.352892        0.7370
BFGS:    8 14:53:14       -4.392001        0.6333
BFGS:    9 14:53:14       -4.428756        0.6517
BFGS:   10 14:53:14       -4.491790        0.9824
BFGS:   11 14:53:14       -4.532908        0.9350
BFGS:   12 14:53:14       -4.556136        0.6706
BFGS:   13 14:53:14       -4.608787        0.6001
BFGS:   14 14:53:14       -4.625324        0.6687
BFGS:   15 14:53:14       -4.675197        0.8587
BFGS:   16 14:53:14       -4.716529        0.7754
BFGS:   17 14:53:14       -4.757925        0.6502
BFGS:   18 14:53:14       -4.814758        0.4088
BFGS:   19 14:53:14       -4.832479        0.3430
BFGS:   20 14:53:14       -4.838779        0.3238
BFGS:   21 14:53:14       -4.849873        0.2413
BFGS:   22 14:53:14       -4.859757        0.2196
BFGS:   23 14:53:14       -4.863013        0.1981
BFGS:   24 14:53:14       -4.865595        0.1735
BFGS:   25 14:53:14       -4.870940        0.1535
BFGS:   26 14:53:14       -4.881948        0.2310
BFGS:   27 14:53:14       -4.902379        0.3296
BFGS:   28 14:53:14       -4.935709        0.6037
BFGS:   29 14:53:14       -4.965895        0.8800
BFGS:   30 14:53:14       -4.932603        1.1332
BFGS:   31 14:53:14       -5.010575        0.8873
BFGS:   32 14:53:14       -5.047671        0.8136
BFGS:   33 14:53:14       -5.161954        1.2074
BFGS:   34 14:53:14       -5.238003        0.7095
BFGS:   35 14:53:14       -5.354165        0.7339
BFGS:   36 14:53:14       -5.412732        0.8571
BFGS:   37 14:53:14       -5.445630        0.7494
BFGS:   38 14:53:14       -5.487080        0.5768
BFGS:   39 14:53:14       -5.546542        0.5664
BFGS:   40 14:53:14       -5.600444        0.5022
BFGS:   41 14:53:15       -5.632906        0.3872
BFGS:   42 14:53:15       -5.645991        0.1761
BFGS:   43 14:53:15       -5.649450        0.1342
BFGS:   44 14:53:15       -5.650886        0.0749
BFGS:   45 14:53:15       -5.651346        0.0686
BFGS:   46 14:53:15       -5.651608        0.0535
BFGS:   47 14:53:15       -5.651770        0.0434
      Step     Time          Energy         fmax
BFGS:    0 14:53:15       14.513159       40.5147
BFGS:    1 14:53:15        1.005351       17.8609
BFGS:    2 14:53:15       -1.575895        9.2341
BFGS:    3 14:53:15       -3.081546        3.2786
BFGS:    4 14:53:15       -3.430576        2.0305
BFGS:    5 14:53:15       -3.697207        0.7985
BFGS:    6 14:53:15       -3.763890        0.6229
BFGS:    7 14:53:15       -3.802445        0.5695
BFGS:    8 14:53:15       -3.847663        0.6285
BFGS:    9 14:53:15       -3.916144        0.7427
BFGS:   10 14:53:15       -3.964867        0.8265
BFGS:   11 14:53:15       -4.029454        0.7319
BFGS:   12 14:53:15       -4.050574        0.4940
BFGS:   13 14:53:15       -4.059875        0.5238
BFGS:   14 14:53:15       -4.082470        0.5395
BFGS:   15 14:53:15       -4.121566        0.4365
BFGS:   16 14:53:15       -4.152991        0.4288
BFGS:   17 14:53:15       -4.168139        0.4952
BFGS:   18 14:53:15       -4.202545        0.8352
BFGS:   19 14:53:15       -4.250359        1.5240
BFGS:   20 14:53:15       -4.337200        0.9727
BFGS:   21 14:53:15       -4.433143        0.5458
BFGS:   22 14:53:15       -4.463445        0.3002
BFGS:   23 14:53:15       -4.471715        0.2530
BFGS:   24 14:53:15       -4.480651        0.3201
BFGS:   25 14:53:15       -4.498374        0.3801
BFGS:   26 14:53:15       -4.537537        0.5226
BFGS:   27 14:53:15       -4.604806        1.1806
BFGS:   28 14:53:15       -4.584018        1.5128
BFGS:   29 14:53:15       -4.669278        1.0553
BFGS:   30 14:53:15       -4.719205        0.8476
BFGS:   31 14:53:15       -4.793513        0.7307
BFGS:   32 14:53:15       -4.841687        1.5744
BFGS:   33 14:53:15       -4.933627        0.8494
BFGS:   34 14:53:15       -4.983624        0.6354
BFGS:   35 14:53:15       -5.089725        0.7668
BFGS:   36 14:53:15       -5.120232        0.7684
BFGS:   37 14:53:15       -5.161119        0.7221
BFGS:   38 14:53:15       -5.191455        0.4493
BFGS:   39 14:53:15       -5.204937        0.2551
BFGS:   40 14:53:15       -5.208814        0.1877
BFGS:   41 14:53:15       -5.212782        0.1417
BFGS:   42 14:53:15       -5.215941        0.1348
BFGS:   43 14:53:15       -5.218943        0.1322
BFGS:   44 14:53:15       -5.221913        0.1586
BFGS:   45 14:53:15       -5.223647        0.1537
BFGS:   46 14:53:15       -5.224414        0.1121
BFGS:   47 14:53:15       -5.224896        0.0819
BFGS:   48 14:53:15       -5.225488        0.0574
BFGS:   49 14:53:15       -5.226539        0.0697
BFGS:   50 14:53:15       -5.227713        0.0789
BFGS:   51 14:53:15       -5.228479        0.0853
BFGS:   52 14:53:15       -5.229004        0.0764
BFGS:   53 14:53:15       -5.229780        0.1034
BFGS:   54 14:53:15       -5.231601        0.1587
BFGS:   55 14:53:15       -5.237642        0.2934
BFGS:   56 14:53:15       -5.255242        0.5306
BFGS:   57 14:53:15       -5.268771        0.7026
BFGS:   58 14:53:15       -5.284028        0.9843
BFGS:   59 14:53:15       -5.305336        1.0880
BFGS:   60 14:53:15       -5.363900        0.9851
BFGS:   61 14:53:15       -5.440289        0.7872
BFGS:   62 14:53:15       -5.418599        1.3997
BFGS:   63 14:53:15       -5.541995        0.5772
BFGS:   64 14:53:15       -5.573920        0.5993
BFGS:   65 14:53:15       -5.614038        0.5930
BFGS:   66 14:53:15       -5.637331        0.2923
BFGS:   67 14:53:15       -5.644096        0.2118
BFGS:   68 14:53:15       -5.646711        0.1345
BFGS:   69 14:53:15       -5.648366        0.1205
BFGS:   70 14:53:15       -5.650270        0.0973
BFGS:   71 14:53:15       -5.651620        0.0640
BFGS:   72 14:53:15       -5.652094        0.0439
      Step     Time          Energy         fmax
BFGS:    0 14:53:15       13.904209       32.3772
BFGS:    1 14:53:15        0.946938       16.2241
BFGS:    2 14:53:15       -1.799031        6.0418
BFGS:    3 14:53:15       -2.544289        3.2836
BFGS:    4 14:53:15       -3.043732        1.4087
BFGS:    5 14:53:15       -3.197164        0.6482
BFGS:    6 14:53:15       -3.239192        0.3677
BFGS:    7 14:53:15       -3.252723        0.3419
BFGS:    8 14:53:15       -3.266210        0.3750
BFGS:    9 14:53:15       -3.289576        0.4811
BFGS:   10 14:53:15       -3.320598        0.6269
BFGS:   11 14:53:15       -3.346552        0.7321
BFGS:   12 14:53:15       -3.382474        0.8943
BFGS:   13 14:53:15       -3.473773        1.8917
BFGS:   14 14:53:15       -3.498330        3.0009
BFGS:   15 14:53:15       -3.740698        1.4641
BFGS:   16 14:53:15       -3.836045        0.8943
BFGS:   17 14:53:15       -3.892471        0.7080
BFGS:   18 14:53:15       -3.909093        0.4700
BFGS:   19 14:53:15       -3.932519        0.4078
BFGS:   20 14:53:15       -3.981012        0.5572
BFGS:   21 14:53:15       -4.099626        0.8157
BFGS:   22 14:53:15       -4.187525        0.8994
BFGS:   23 14:53:15       -4.231132        0.8902
BFGS:   24 14:53:15       -4.370824        0.8228
BFGS:   25 14:53:15       -4.408894        0.6692
BFGS:   26 14:53:15       -4.438179        0.5295
BFGS:   27 14:53:15       -4.455298        0.4989
BFGS:   28 14:53:15       -4.490808        0.3348
BFGS:   29 14:53:15       -4.509422        0.3636
BFGS:   30 14:53:15       -4.526553        0.4005
BFGS:   31 14:53:15       -4.548914        0.5330
BFGS:   32 14:53:15       -4.572712        0.6403
BFGS:   33 14:53:15       -4.611118        0.7189
BFGS:   34 14:53:15       -4.631377        0.7571
BFGS:   35 14:53:15       -4.688355        0.6347
BFGS:   36 14:53:15       -4.756612        0.3648
BFGS:   37 14:53:15       -4.776764        0.3343
BFGS:   38 14:53:15       -4.782628        0.4014
BFGS:   39 14:53:15       -4.793405        0.3181
BFGS:   40 14:53:15       -4.806217        0.1963
BFGS:   41 14:53:15       -4.809565        0.1488
BFGS:   42 14:53:15       -4.811134        0.1311
BFGS:   43 14:53:15       -4.812783        0.1068
BFGS:   44 14:53:15       -4.814561        0.1165
BFGS:   45 14:53:15       -4.816094        0.0980
BFGS:   46 14:53:15       -4.817180        0.0963
BFGS:   47 14:53:15       -4.818213        0.1027
BFGS:   48 14:53:15       -4.820368        0.1192
BFGS:   49 14:53:15       -4.825387        0.1765
BFGS:   50 14:53:15       -4.837469        0.3364
BFGS:   51 14:53:15       -4.867873        0.5890
BFGS:   52 14:53:15       -4.895546        1.0190
BFGS:   53 14:53:15       -4.916785        1.3847
BFGS:   54 14:53:15       -4.942630        1.5243
BFGS:   55 14:53:15       -4.961154        1.4071
BFGS:   56 14:53:15       -5.006831        1.1571
BFGS:   57 14:53:15       -5.056946        1.1028
BFGS:   58 14:53:15       -5.225330        0.9797
BFGS:   59 14:53:15       -5.251690        0.7940
BFGS:   60 14:53:15       -5.317594        0.6223
BFGS:   61 14:53:15       -5.357084        0.5517
BFGS:   62 14:53:15       -5.380156        0.2541
BFGS:   63 14:53:15       -5.383609        0.1602
BFGS:   64 14:53:15       -5.384447        0.1563
BFGS:   65 14:53:15       -5.386424        0.1394
BFGS:   66 14:53:15       -5.387753        0.1499
BFGS:   67 14:53:15       -5.388532        0.1316
BFGS:   68 14:53:15       -5.389008        0.1001
BFGS:   69 14:53:15       -5.389288        0.0753
BFGS:   70 14:53:15       -5.389509        0.0626
BFGS:   71 14:53:15       -5.389622        0.0602
BFGS:   72 14:53:15       -5.389692        0.0616
BFGS:   73 14:53:15       -5.389795        0.0642
BFGS:   74 14:53:15       -5.390018        0.0686
BFGS:   75 14:53:15       -5.390555        0.0794
BFGS:   76 14:53:15       -5.392143        0.1089
BFGS:   77 14:53:15       -5.426160        0.4068
BFGS:   78 14:53:15       -5.579084        0.6291
BFGS:   79 14:53:15       -5.725839        0.4859
BFGS:   80 14:53:15       -5.745336        0.5004
BFGS:   81 14:53:15       -5.772758        0.5132
BFGS:   82 14:53:15       -5.794417        0.3740
BFGS:   83 14:53:15       -5.813337        0.3018
BFGS:   84 14:53:15       -5.820397        0.3907
BFGS:   85 14:53:15       -5.826959        0.2812
BFGS:   86 14:53:15       -5.828287        0.2616
BFGS:   87 14:53:15       -5.829689        0.2759
BFGS:   88 14:53:15       -5.831104        0.2565
BFGS:   89 14:53:15       -5.833546        0.2156
BFGS:   90 14:53:15       -5.837126        0.1696
BFGS:   91 14:53:15       -5.840279        0.0915
BFGS:   92 14:53:15       -5.841426        0.0350
