       Step     Time          Energy         fmax
GPMin:    0 16:54:35       -4.269965        0.3197
GPMin:    1 16:54:43       -4.450146        0.1417
GPMin:    2 16:54:50       -4.487067        0.0808
GPMin:    3 16:54:55       -4.500964        0.0764
GPMin:    4 16:55:01       -4.512658        0.0672
GPMin:    5 16:55:07       -4.519432        0.0594
GPMin:    6 16:55:13       -4.529553        0.0658
GPMin:    7 16:55:19       -4.536886        0.0784
GPMin:    8 16:55:25       -4.577403        0.1048
GPMin:    9 16:55:32       -4.606343        0.1116
GPMin:   10 16:55:38       -4.632794        0.1101
GPMin:   11 16:55:45       -4.659192        0.1015
GPMin:   12 16:55:51       -4.686249        0.0921
GPMin:   13 16:55:57       -4.713383        0.0877
GPMin:   14 16:56:02       -4.742105        0.0863
GPMin:   15 16:56:08       -4.773105        0.0808
GPMin:   16 16:56:14       -4.805609        0.0722
GPMin:   17 16:56:20       -4.835573        0.0718
GPMin:   18 16:56:26       -4.862741        0.0751
GPMin:   19 16:56:31       -4.885244        0.0814
GPMin:   20 16:56:37       -4.902884        0.0676
GPMin:   21 16:56:42       -4.914516        0.0605
GPMin:   22 16:56:47       -4.924220        0.0574
GPMin:   23 16:56:52       -4.929125        0.0408
GPMin:   24 16:56:57       -4.931249        0.0339
GPMin:   25 16:57:02       -4.933445        0.0139
       Step     Time          Energy         fmax
GPMin:    0 16:57:12       -4.370298        0.3801
GPMin:    1 16:57:19       -4.513043        0.1472
GPMin:    2 16:57:26       -4.553413        0.1444
GPMin:    3 16:57:32       -4.602411        0.1554
GPMin:    4 16:57:39       -4.659493        0.1741
GPMin:    5 16:57:45       -4.710266        0.1559
GPMin:    6 16:57:51       -4.755041        0.1138
GPMin:    7 16:57:57       -4.800475        0.1050
GPMin:    8 16:58:02       -4.845482        0.0807
GPMin:    9 16:58:07       -4.872861        0.0610
GPMin:   10 16:58:12       -4.883460        0.0392
GPMin:   11 16:58:17       -4.886857        0.0355
GPMin:   12 16:58:22       -4.888872        0.0156
       Step     Time          Energy         fmax
GPMin:    0 16:58:37       -3.775543        0.3561
GPMin:    1 16:58:45       -3.978973        0.3416
GPMin:    2 16:58:52       -4.120372        0.3004
GPMin:    3 16:58:58       -4.207419        0.2520
GPMin:    4 16:59:05       -4.256926        0.1906
GPMin:    5 16:59:11       -4.283417        0.1972
GPMin:    6 16:59:25       -4.354658        0.2715
GPMin:    7 16:59:32       -4.385402        0.2830
GPMin:    8 16:59:39       -4.478561        0.2573
GPMin:    9 16:59:46       -4.543129        0.2031
GPMin:   10 16:59:52       -4.594804        0.1514
GPMin:   11 16:59:59       -4.640090        0.1394
GPMin:   12 17:00:05       -4.684288        0.1537
GPMin:   13 17:00:11       -4.718488        0.1444
GPMin:   14 17:00:17       -4.745541        0.1091
GPMin:   15 17:00:23       -4.770441        0.0920
GPMin:   16 17:00:28       -4.793209        0.1101
GPMin:   17 17:00:34       -4.819579        0.1064
GPMin:   18 17:00:40       -4.844520        0.0914
GPMin:   19 17:00:45       -4.866961        0.0754
GPMin:   20 17:00:50       -4.888203        0.0680
GPMin:   21 17:00:56       -4.903561        0.0528
GPMin:   22 17:01:01       -4.915792        0.0417
GPMin:   23 17:01:06       -4.922792        0.0428
GPMin:   24 17:01:10       -4.928189        0.0356
GPMin:   25 17:01:16       -4.930980        0.0221
GPMin:   26 17:01:20       -4.932031        0.0181
       Step     Time          Energy         fmax
GPMin:    0 17:01:29       -4.621110        0.2334
GPMin:    1 17:01:36       -4.733379        0.1774
GPMin:    2 17:01:42       -4.796883        0.1163
GPMin:    3 17:01:49       -4.835377        0.0758
GPMin:    4 17:01:55       -4.856092        0.0575
GPMin:    5 17:02:01       -4.865551        0.0615
GPMin:    6 17:02:06       -4.872892        0.0461
GPMin:    7 17:02:12       -4.880343        0.0323
GPMin:    8 17:02:17       -4.886637        0.0256
GPMin:    9 17:02:21       -4.889087        0.0177
       Step     Time          Energy         fmax
GPMin:    0 17:02:34       -3.678763        0.3546
GPMin:    1 17:02:42       -3.936369        0.3190
GPMin:    2 17:02:49       -4.077532        0.2455
GPMin:    3 17:02:56       -4.165194        0.1928
GPMin:    4 17:03:01       -4.212656        0.1850
GPMin:    5 17:03:09       -4.354500        0.1450
GPMin:    6 17:03:14       -4.370483        0.1107
GPMin:    7 17:03:20       -4.387909        0.0741
GPMin:    8 17:03:25       -4.398359        0.0599
GPMin:    9 17:03:31       -4.409827        0.0496
GPMin:   10 17:03:36       -4.416995        0.0420
GPMin:   11 17:03:42       -4.431603        0.0484
GPMin:   12 17:03:47       -4.437954        0.0443
GPMin:   13 17:03:53       -4.444832        0.0380
GPMin:   14 17:03:59       -4.450070        0.0279
GPMin:   15 17:04:04       -4.452584        0.0318
GPMin:   16 17:04:09       -4.455550        0.0362
GPMin:   17 17:04:14       -4.461283        0.0385
GPMin:   18 17:04:19       -4.467990        0.0442
GPMin:   19 17:04:25       -4.478905        0.0701
GPMin:   20 17:04:30       -4.504251        0.0890
GPMin:   21 17:04:36       -4.552559        0.1136
GPMin:   22 17:04:42       -4.614123        0.1414
GPMin:   23 17:04:47       -4.693028        0.1576
GPMin:   24 17:04:53       -4.773490        0.1591
GPMin:   25 17:04:59       -4.834424        0.1336
GPMin:   26 17:05:05       -4.865021        0.0876
GPMin:   27 17:05:10       -4.874193        0.0826
GPMin:   28 17:05:15       -4.881080        0.0918
GPMin:   29 17:05:20       -4.894301        0.0779
GPMin:   30 17:05:25       -4.906353        0.0555
GPMin:   31 17:05:31       -4.914049        0.0444
GPMin:   32 17:05:36       -4.919361        0.0508
GPMin:   33 17:05:41       -4.925719        0.0487
GPMin:   34 17:05:46       -4.929700        0.0236
GPMin:   35 17:05:51       -4.931199        0.0266
GPMin:   36 17:05:56       -4.932370        0.0163
       Step     Time          Energy         fmax
GPMin:    0 17:06:05       -4.111946        0.6992
GPMin:    1 17:06:11       -4.424600        0.1706
GPMin:    2 17:06:18       -4.449855        0.1029
GPMin:    3 17:06:23       -4.462791        0.0374
GPMin:    4 17:06:29       -4.465879        0.0103
       Step     Time          Energy         fmax
GPMin:    0 17:06:39       -4.354472        0.2346
GPMin:    1 17:06:46       -4.463777        0.1397
GPMin:    2 17:06:53       -4.491439        0.0725
GPMin:    3 17:06:58       -4.515601        0.0758
GPMin:    4 17:07:04       -4.579355        0.1133
GPMin:    5 17:07:10       -4.663018        0.1558
GPMin:    6 17:07:15       -4.752114        0.1771
GPMin:    7 17:07:21       -4.830249        0.1586
GPMin:    8 17:07:27       -4.877808        0.0959
GPMin:    9 17:07:32       -4.893484        0.0707
GPMin:   10 17:07:38       -4.901703        0.0727
GPMin:   11 17:07:43       -4.913925        0.0491
GPMin:   12 17:07:48       -4.921046        0.0390
GPMin:   13 17:07:52       -4.926110        0.0361
GPMin:   14 17:07:58       -4.930529        0.0264
GPMin:   15 17:08:03       -4.932669        0.0134
       Step     Time          Energy         fmax
GPMin:    0 17:08:13       -4.094315        0.2989
GPMin:    1 17:08:20       -4.213681        0.1547
GPMin:    2 17:08:27       -4.271277        0.1043
GPMin:    3 17:08:33       -4.304690        0.1041
GPMin:    4 17:08:40       -4.365961        0.1255
GPMin:    5 17:08:46       -4.414754        0.1468
GPMin:    6 17:08:51       -4.445849        0.1552
GPMin:    7 17:08:58       -4.503059        0.1394
GPMin:    8 17:09:04       -4.530210        0.1198
GPMin:    9 17:09:11       -4.574063        0.1163
GPMin:   10 17:09:17       -4.606571        0.1412
GPMin:   11 17:09:24       -4.659722        0.1113
GPMin:   12 17:09:29       -4.696400        0.1289
GPMin:   13 17:09:36       -4.743490        0.1393
GPMin:   14 17:09:42       -4.790935        0.1247
GPMin:   15 17:09:49       -4.828946        0.0854
GPMin:   16 17:09:55       -4.853193        0.0800
GPMin:   17 17:10:00       -4.873660        0.0888
GPMin:   18 17:10:06       -4.889422        0.0825
GPMin:   19 17:10:11       -4.903647        0.0668
GPMin:   20 17:10:17       -4.913104        0.0612
GPMin:   21 17:10:22       -4.918754        0.0617
GPMin:   22 17:10:27       -4.926474        0.0339
GPMin:   23 17:10:33       -4.929667        0.0250
GPMin:   24 17:10:36       -4.930791        0.0226
GPMin:   25 17:10:42       -4.932324        0.0199
       Step     Time          Energy         fmax
GPMin:    0 17:10:51       -3.954574        0.7084
GPMin:    1 17:10:59       -4.153151        0.2435
GPMin:    2 17:11:06       -4.229274        0.1613
GPMin:    3 17:11:13       -4.288102        0.1938
GPMin:    4 17:11:20       -4.332197        0.2131
GPMin:    5 17:11:26       -4.397725        0.2249
GPMin:    6 17:11:32       -4.440068        0.2220
GPMin:    7 17:11:40       -4.558437        0.1373
GPMin:    8 17:11:45       -4.572653        0.1227
GPMin:    9 17:11:51       -4.617762        0.1089
GPMin:   10 17:11:57       -4.655447        0.0934
GPMin:   11 17:12:04       -4.686632        0.0744
GPMin:   12 17:12:09       -4.706889        0.0740
GPMin:   13 17:12:14       -4.727004        0.0720
GPMin:   14 17:12:20       -4.746789        0.0652
GPMin:   15 17:12:25       -4.760093        0.0518
GPMin:   16 17:12:30       -4.770963        0.0383
GPMin:   17 17:12:35       -4.779237        0.0294
GPMin:   18 17:12:40       -4.785450        0.0268
GPMin:   19 17:12:46       -4.789283        0.0264
GPMin:   20 17:12:51       -4.793015        0.0239
GPMin:   21 17:12:56       -4.797636        0.0309
GPMin:   22 17:13:01       -4.805343        0.0450
GPMin:   23 17:13:07       -4.817709        0.0564
GPMin:   24 17:13:13       -4.838594        0.0637
GPMin:   25 17:13:18       -4.866212        0.0792
GPMin:   26 17:13:24       -4.894499        0.0885
GPMin:   27 17:13:30       -4.918373        0.0594
GPMin:   28 17:13:36       -4.930168        0.0314
GPMin:   29 17:13:41       -4.932193        0.0299
GPMin:   30 17:13:45       -4.933146        0.0167
       Step     Time          Energy         fmax
GPMin:    0 17:13:54       -4.468296        0.7707
GPMin:    1 17:14:01       -4.707342        0.2357
GPMin:    2 17:14:08       -4.764507        0.1476
GPMin:    3 17:14:15       -4.786795        0.0909
GPMin:    4 17:14:21       -4.794357        0.0492
GPMin:    5 17:14:25       -4.795882        0.0220
GPMin:    6 17:14:31       -4.797347        0.0176
       Step     Time          Energy         fmax
GPMin:    0 17:14:44       -3.930923        0.4166
GPMin:    1 17:14:51       -4.110399        0.2105
GPMin:    2 17:14:58       -4.184320        0.1137
GPMin:    3 17:15:04       -4.213355        0.1144
GPMin:    4 17:15:10       -4.243714        0.1005
GPMin:    5 17:15:16       -4.273424        0.1054
GPMin:    6 17:15:23       -4.304630        0.0997
GPMin:    7 17:15:29       -4.351697        0.0938
GPMin:    8 17:15:35       -4.385387        0.0946
GPMin:    9 17:15:41       -4.426766        0.0898
GPMin:   10 17:15:47       -4.471930        0.1066
GPMin:   11 17:15:53       -4.520943        0.1157
GPMin:   12 17:16:00       -4.581123        0.1200
GPMin:   13 17:16:06       -4.641920        0.1077
GPMin:   14 17:16:13       -4.688399        0.0912
GPMin:   15 17:16:19       -4.718064        0.0776
GPMin:   16 17:16:25       -4.737128        0.0681
GPMin:   17 17:16:31       -4.752989        0.0635
GPMin:   18 17:16:36       -4.766850        0.0707
GPMin:   19 17:16:42       -4.782747        0.0757
GPMin:   20 17:16:47       -4.801494        0.0746
GPMin:   21 17:16:52       -4.821368        0.0795
GPMin:   22 17:16:58       -4.843794        0.0797
GPMin:   23 17:17:05       -4.868410        0.0888
GPMin:   24 17:17:11       -4.891672        0.0770
GPMin:   25 17:17:17       -4.912145        0.0554
GPMin:   26 17:17:23       -4.925138        0.0409
GPMin:   27 17:17:27       -4.929522        0.0327
GPMin:   28 17:17:31       -4.930565        0.0341
GPMin:   29 17:17:36       -4.931846        0.0167
       Step     Time          Energy         fmax
GPMin:    0 17:17:48       -3.939410        0.2334
GPMin:    1 17:17:57       -4.115052        0.2582
GPMin:    2 17:18:06       -4.272309        0.2752
GPMin:    3 17:18:14       -4.361289        0.2437
GPMin:    4 17:18:20       -4.448595        0.2128
GPMin:    5 17:18:27       -4.472964        0.1969
GPMin:    6 17:18:33       -4.511418        0.1872
GPMin:    7 17:18:40       -4.534690        0.1814
GPMin:    8 17:18:48       -4.592419        0.1464
GPMin:    9 17:18:54       -4.623277        0.1091
GPMin:   10 17:19:01       -4.647194        0.0997
GPMin:   11 17:19:08       -4.665475        0.0959
GPMin:   12 17:19:14       -4.682625        0.0747
GPMin:   13 17:19:20       -4.700557        0.0626
GPMin:   14 17:19:26       -4.716060        0.0554
GPMin:   15 17:19:32       -4.729268        0.0423
GPMin:   16 17:19:38       -4.739041        0.0411
GPMin:   17 17:19:44       -4.747694        0.0349
GPMin:   18 17:19:49       -4.754594        0.0354
GPMin:   19 17:19:54       -4.760594        0.0286
GPMin:   20 17:20:00       -4.765571        0.0270
GPMin:   21 17:20:05       -4.769760        0.0334
GPMin:   22 17:20:11       -4.774525        0.0290
GPMin:   23 17:20:17       -4.779279        0.0369
GPMin:   24 17:20:22       -4.784225        0.0402
GPMin:   25 17:20:27       -4.790618        0.0391
GPMin:   26 17:20:32       -4.798745        0.0360
GPMin:   27 17:20:37       -4.811378        0.0480
GPMin:   28 17:20:43       -4.826971        0.0617
GPMin:   29 17:20:50       -4.851996        0.0734
GPMin:   30 17:20:57       -4.877390        0.0764
GPMin:   31 17:21:03       -4.903399        0.0717
GPMin:   32 17:21:09       -4.922643        0.0556
GPMin:   33 17:21:15       -4.930322        0.0455
GPMin:   34 17:21:20       -4.931788        0.0305
GPMin:   35 17:21:25       -4.932803        0.0168
       Step     Time          Energy         fmax
GPMin:    0 17:21:36       -4.418713        0.2952
GPMin:    1 17:21:43       -4.519814        0.1324
GPMin:    2 17:21:49       -4.552741        0.1342
GPMin:    3 17:21:56       -4.594111        0.1408
GPMin:    4 17:22:03       -4.646467        0.1576
GPMin:    5 17:22:10       -4.700034        0.1556
GPMin:    6 17:22:17       -4.752333        0.1319
GPMin:    7 17:22:23       -4.804439        0.0962
GPMin:    8 17:22:28       -4.849502        0.0730
GPMin:    9 17:22:34       -4.876047        0.0516
GPMin:   10 17:22:40       -4.884440        0.0391
GPMin:   11 17:22:45       -4.886788        0.0268
GPMin:   12 17:22:51       -4.888848        0.0149
       Step     Time          Energy         fmax
GPMin:    0 17:23:05       -3.595206        0.5436
GPMin:    1 17:23:15       -3.845756        0.3141
GPMin:    2 17:23:24       -4.018765        0.3187
GPMin:    3 17:23:32       -4.132556        0.2758
GPMin:    4 17:23:39       -4.192482        0.2571
GPMin:    5 17:23:45       -4.290711        0.1893
GPMin:    6 17:23:51       -4.317570        0.1707
GPMin:    7 17:23:57       -4.394250        0.2314
GPMin:    8 17:24:03       -4.441209        0.2263
GPMin:    9 17:24:10       -4.496041        0.2047
GPMin:   10 17:24:16       -4.548407        0.1843
GPMin:   11 17:24:22       -4.604234        0.1550
GPMin:   12 17:24:29       -4.655929        0.1376
GPMin:   13 17:24:35       -4.690145        0.1328
GPMin:   14 17:24:41       -4.712583        0.1319
GPMin:   15 17:24:47       -4.739479        0.1264
GPMin:   16 17:24:53       -4.770550        0.1130
GPMin:   17 17:24:59       -4.802489        0.0954
GPMin:   18 17:25:05       -4.828815        0.0812
GPMin:   19 17:25:10       -4.849770        0.0710
GPMin:   20 17:25:16       -4.865368        0.0538
GPMin:   21 17:25:21       -4.875298        0.0417
GPMin:   22 17:25:26       -4.880726        0.0378
GPMin:   23 17:25:31       -4.885184        0.0329
GPMin:   24 17:25:37       -4.887686        0.0242
GPMin:   25 17:25:42       -4.888785        0.0169
       Step     Time          Energy         fmax
GPMin:    0 17:25:52       -4.564374        0.2696
GPMin:    1 17:25:58       -4.705747        0.1548
GPMin:    2 17:26:05       -4.783726        0.1125
GPMin:    3 17:26:12       -4.824855        0.0705
GPMin:    4 17:26:18       -4.843390        0.0583
GPMin:    5 17:26:24       -4.856745        0.0510
GPMin:    6 17:26:30       -4.872621        0.0433
GPMin:    7 17:26:37       -4.882910        0.0366
GPMin:    8 17:26:43       -4.886686        0.0289
GPMin:    9 17:26:48       -4.888714        0.0174
       Step     Time          Energy         fmax
GPMin:    0 17:26:58       -4.382576        0.2108
GPMin:    1 17:27:05       -4.451651        0.1088
GPMin:    2 17:27:12       -4.454398        0.0785
GPMin:    3 17:27:18       -4.464759        0.0241
GPMin:    4 17:27:24       -4.464835        0.0235
GPMin:    5 17:27:29       -4.466428        0.0074
       Step     Time          Energy         fmax
GPMin:    0 17:27:39       -4.271826        0.5764
GPMin:    1 17:27:46       -4.420785        0.1769
GPMin:    2 17:27:52       -4.459799        0.0967
GPMin:    3 17:27:59       -4.467281        0.0465
GPMin:    4 17:28:04       -4.470283        0.0135
       Step     Time          Energy         fmax
GPMin:    0 17:28:15       -4.165645        0.2487
GPMin:    1 17:28:23       -4.345923        0.1890
GPMin:    2 17:28:30       -4.417841        0.1628
GPMin:    3 17:28:37       -4.464836        0.1605
GPMin:    4 17:28:43       -4.509405        0.1433
GPMin:    5 17:28:50       -4.548071        0.1222
GPMin:    6 17:28:57       -4.585233        0.0908
GPMin:    7 17:29:03       -4.599656        0.0819
GPMin:    8 17:29:09       -4.616804        0.0836
GPMin:    9 17:29:15       -4.649070        0.0781
GPMin:   10 17:29:21       -4.674732        0.0804
GPMin:   11 17:29:28       -4.704031        0.0831
GPMin:   12 17:29:34       -4.744410        0.0865
GPMin:   13 17:29:40       -4.785012        0.0826
GPMin:   14 17:29:47       -4.818158        0.0865
GPMin:   15 17:29:53       -4.848707        0.0722
GPMin:   16 17:29:59       -4.872716        0.0667
GPMin:   17 17:30:04       -4.889521        0.0746
GPMin:   18 17:30:10       -4.901981        0.0729
GPMin:   19 17:30:15       -4.915601        0.0570
GPMin:   20 17:30:20       -4.924947        0.0378
GPMin:   21 17:30:26       -4.928943        0.0321
GPMin:   22 17:30:31       -4.931777        0.0273
GPMin:   23 17:30:37       -4.933366        0.0212
GPMin:   24 17:30:41       -4.933850        0.0118
       Step     Time          Energy         fmax
GPMin:    0 17:30:52       -4.720337        0.2080
GPMin:    1 17:30:59       -4.789012        0.1235
GPMin:    2 17:31:06       -4.803760        0.1736
GPMin:    3 17:31:13       -4.832440        0.1036
GPMin:    4 17:31:20       -4.861173        0.0694
GPMin:    5 17:31:27       -4.880838        0.0428
GPMin:    6 17:31:33       -4.887353        0.0296
GPMin:    7 17:31:39       -4.888600        0.0251
GPMin:    8 17:31:45       -4.889833        0.0095
       Step     Time          Energy         fmax
GPMin:    0 17:31:56       -4.440573        0.5580
GPMin:    1 17:32:04       -4.552919        0.2498
GPMin:    2 17:32:11       -4.610366        0.1045
GPMin:    3 17:32:17       -4.651627        0.0888
GPMin:    4 17:32:24       -4.694656        0.0772
GPMin:    5 17:32:31       -4.735641        0.0733
GPMin:    6 17:32:37       -4.771028        0.0763
GPMin:    7 17:32:43       -4.805693        0.0854
GPMin:    8 17:32:49       -4.840548        0.0858
GPMin:    9 17:32:56       -4.875930        0.0782
GPMin:   10 17:33:03       -4.906575        0.0668
GPMin:   11 17:33:08       -4.926473        0.0465
GPMin:   12 17:33:13       -4.933290        0.0182
       Step     Time          Energy         fmax
GPMin:    0 17:33:23       -4.382474        0.2979
GPMin:    1 17:33:30       -4.561670        0.2279
GPMin:    2 17:33:36       -4.647442        0.1481
GPMin:    3 17:33:42       -4.693806        0.1203
GPMin:    4 17:33:49       -4.745552        0.1215
GPMin:    5 17:33:55       -4.792366        0.1031
GPMin:    6 17:34:01       -4.837486        0.0969
GPMin:    7 17:34:07       -4.878497        0.0897
GPMin:    8 17:34:14       -4.906986        0.0593
GPMin:    9 17:34:20       -4.919903        0.0455
GPMin:   10 17:34:25       -4.925837        0.0347
GPMin:   11 17:34:31       -4.928424        0.0272
GPMin:   12 17:34:35       -4.931452        0.0227
GPMin:   13 17:34:40       -4.932978        0.0175
       Step     Time          Energy         fmax
GPMin:    0 17:34:48       -4.720337        0.2082
GPMin:    1 17:34:55       -4.788995        0.1235
GPMin:    2 17:35:01       -4.803746        0.1735
GPMin:    3 17:35:07       -4.832423        0.1037
GPMin:    4 17:35:13       -4.861160        0.0694
GPMin:    5 17:35:20       -4.880834        0.0427
GPMin:    6 17:35:26       -4.887356        0.0294
GPMin:    7 17:35:31       -4.888599        0.0251
GPMin:    8 17:35:36       -4.889833        0.0095
       Step     Time          Energy         fmax
GPMin:    0 17:35:45       -4.402971        0.2961
GPMin:    1 17:35:52       -4.454223        0.1304
GPMin:    2 17:35:58       -4.457072        0.1335
GPMin:    3 17:36:04       -4.470303        0.0662
GPMin:    4 17:36:09       -4.489661        0.0920
GPMin:    5 17:36:15       -4.530349        0.1008
GPMin:    6 17:36:21       -4.587927        0.1316
GPMin:    7 17:36:27       -4.666795        0.1549
GPMin:    8 17:36:33       -4.749283        0.1573
GPMin:    9 17:36:39       -4.817826        0.1270
GPMin:   10 17:36:46       -4.855583        0.0907
GPMin:   11 17:36:52       -4.874833        0.1057
GPMin:   12 17:36:57       -4.895438        0.0674
GPMin:   13 17:37:01       -4.909190        0.0445
GPMin:   14 17:37:06       -4.918173        0.0544
GPMin:   15 17:37:11       -4.924839        0.0523
GPMin:   16 17:37:17       -4.928549        0.0328
GPMin:   17 17:37:22       -4.930960        0.0238
GPMin:   18 17:37:27       -4.932724        0.0241
GPMin:   19 17:37:32       -4.933482        0.0078
       Step     Time          Energy         fmax
GPMin:    0 17:37:43       -4.086932        0.2350
GPMin:    1 17:37:50       -4.157886        0.1774
GPMin:    2 17:37:57       -4.222976        0.1812
GPMin:    3 17:38:03       -4.307318        0.2320
GPMin:    4 17:38:09       -4.400520        0.2721
GPMin:    5 17:38:16       -4.507606        0.3013
GPMin:    6 17:38:22       -4.621742        0.3139
GPMin:    7 17:38:29       -4.727685        0.2915
GPMin:    8 17:38:35       -4.814761        0.2193
GPMin:    9 17:38:42       -4.866795        0.1145
GPMin:   10 17:38:47       -4.880310        0.1017
GPMin:   11 17:38:53       -4.892415        0.0703
GPMin:   12 17:38:58       -4.901285        0.0585
GPMin:   13 17:39:03       -4.911050        0.0525
GPMin:   14 17:39:08       -4.918839        0.0390
GPMin:   15 17:39:13       -4.924737        0.0412
GPMin:   16 17:39:18       -4.929555        0.0304
GPMin:   17 17:39:23       -4.931394        0.0226
GPMin:   18 17:39:27       -4.932632        0.0173
       Step     Time          Energy         fmax
GPMin:    0 17:39:37       -4.628022        0.3296
GPMin:    1 17:39:44       -4.718286        0.2073
GPMin:    2 17:39:50       -4.790865        0.1454
GPMin:    3 17:39:56       -4.839571        0.0865
GPMin:    4 17:40:02       -4.868868        0.0766
GPMin:    5 17:40:07       -4.889090        0.0676
GPMin:    6 17:40:12       -4.906686        0.0520
GPMin:    7 17:40:17       -4.919891        0.0426
GPMin:    8 17:40:22       -4.928987        0.0284
GPMin:    9 17:40:28       -4.931662        0.0174
       Step     Time          Energy         fmax
GPMin:    0 17:40:37       -4.670610        0.5141
GPMin:    1 17:40:43       -4.772188        0.1922
GPMin:    2 17:40:49       -4.805500        0.0805
GPMin:    3 17:40:55       -4.813014        0.1084
GPMin:    4 17:41:01       -4.821462        0.1293
GPMin:    5 17:41:07       -4.828690        0.0909
GPMin:    6 17:41:13       -4.837872        0.0664
GPMin:    7 17:41:19       -4.842454        0.0514
GPMin:    8 17:41:24       -4.843647        0.0359
GPMin:    9 17:41:29       -4.844700        0.0097
       Step     Time          Energy         fmax
GPMin:    0 17:41:39       -4.086873        0.3831
GPMin:    1 17:41:48       -4.243671        0.1253
GPMin:    2 17:41:54       -4.307415        0.0981
GPMin:    3 17:42:01       -4.328854        0.0870
GPMin:    4 17:42:07       -4.347751        0.0784
GPMin:    5 17:42:12       -4.361035        0.0767
GPMin:    6 17:42:18       -4.390856        0.0875
GPMin:    7 17:42:23       -4.400157        0.0912
GPMin:    8 17:42:29       -4.414013        0.0934
GPMin:    9 17:42:34       -4.425295        0.1108
GPMin:   10 17:42:40       -4.452670        0.1200
GPMin:   11 17:42:46       -4.477839        0.1245
GPMin:   12 17:42:53       -4.500198        0.1324
GPMin:   13 17:42:59       -4.516756        0.1294
GPMin:   14 17:43:05       -4.563573        0.1288
GPMin:   15 17:43:11       -4.582026        0.1385
GPMin:   16 17:43:16       -4.614461        0.1365
GPMin:   17 17:43:23       -4.651790        0.1058
GPMin:   18 17:43:28       -4.672301        0.0862
GPMin:   19 17:43:34       -4.687589        0.0772
GPMin:   20 17:43:40       -4.704199        0.0656
GPMin:   21 17:43:46       -4.716324        0.0606
GPMin:   22 17:43:51       -4.731067        0.0589
GPMin:   23 17:43:57       -4.746352        0.0569
GPMin:   24 17:44:03       -4.759228        0.0560
GPMin:   25 17:44:09       -4.775834        0.0564
GPMin:   26 17:44:14       -4.793102        0.0839
GPMin:   27 17:44:20       -4.815266        0.0929
GPMin:   28 17:44:26       -4.845879        0.0873
GPMin:   29 17:44:32       -4.869977        0.0826
GPMin:   30 17:44:37       -4.895325        0.0759
GPMin:   31 17:44:44       -4.910020        0.0520
GPMin:   32 17:44:49       -4.914877        0.0526
GPMin:   33 17:44:54       -4.921435        0.0370
GPMin:   34 17:44:59       -4.923572        0.0392
GPMin:   35 17:45:04       -4.926726        0.0275
GPMin:   36 17:45:09       -4.929397        0.0267
GPMin:   37 17:45:14       -4.930741        0.0216
GPMin:   38 17:45:19       -4.931809        0.0178
       Step     Time          Energy         fmax
GPMin:    0 17:45:28       -4.616332        0.3373
GPMin:    1 17:45:35       -4.744262        0.2567
GPMin:    2 17:45:42       -4.818710        0.1485
GPMin:    3 17:45:47       -4.855693        0.0838
GPMin:    4 17:45:53       -4.879292        0.0650
GPMin:    5 17:45:59       -4.896933        0.0657
GPMin:    6 17:46:04       -4.911466        0.0542
GPMin:    7 17:46:09       -4.923007        0.0361
GPMin:    8 17:46:14       -4.930270        0.0266
GPMin:    9 17:46:19       -4.932888        0.0263
GPMin:   10 17:46:23       -4.933422        0.0157
       Step     Time          Energy         fmax
GPMin:    0 17:46:32       -4.691645        0.2359
GPMin:    1 17:46:39       -4.761481        0.2001
GPMin:    2 17:46:45       -4.792806        0.1945
GPMin:    3 17:46:51       -4.799896        0.1461
GPMin:    4 17:46:57       -4.803013        0.1274
GPMin:    5 17:47:02       -4.811353        0.0483
GPMin:    6 17:47:08       -4.816887        0.0336
GPMin:    7 17:47:14       -4.825397        0.0376
GPMin:    8 17:47:21       -4.838560        0.0333
GPMin:    9 17:47:27       -4.846632        0.0408
GPMin:   10 17:47:33       -4.846881        0.0705
GPMin:   11 17:47:38       -4.851518        0.0392
GPMin:   12 17:47:43       -4.861179        0.0454
GPMin:   13 17:47:48       -4.872873        0.0650
GPMin:   14 17:47:53       -4.885179        0.0511
GPMin:   15 17:47:58       -4.889213        0.0173
       Step     Time          Energy         fmax
GPMin:    0 17:48:07       -3.758512        0.9737
GPMin:    1 17:48:15       -4.134864        0.3154
GPMin:    2 17:48:22       -4.233079        0.2023
GPMin:    3 17:48:28       -4.295268        0.1536
GPMin:    4 17:48:35       -4.331972        0.1558
GPMin:    5 17:48:41       -4.376282        0.1313
GPMin:    6 17:48:46       -4.420508        0.1110
GPMin:    7 17:48:52       -4.458060        0.1010
GPMin:    8 17:48:58       -4.494155        0.1028
GPMin:    9 17:49:04       -4.537708        0.0936
GPMin:   10 17:49:10       -4.581904        0.1048
GPMin:   11 17:49:17       -4.629206        0.1115
GPMin:   12 17:49:23       -4.676671        0.0933
GPMin:   13 17:49:28       -4.713797        0.0806
GPMin:   14 17:49:34       -4.741961        0.0764
GPMin:   15 17:49:39       -4.762692        0.0711
GPMin:   16 17:49:44       -4.775852        0.0632
GPMin:   17 17:49:49       -4.786640        0.0573
GPMin:   18 17:49:54       -4.796890        0.0462
GPMin:   19 17:49:59       -4.804116        0.0453
GPMin:   20 17:50:05       -4.809305        0.0324
GPMin:   21 17:50:10       -4.812907        0.0328
GPMin:   22 17:50:15       -4.815774        0.0333
GPMin:   23 17:50:20       -4.821052        0.0427
GPMin:   24 17:50:26       -4.827697        0.0548
GPMin:   25 17:50:32       -4.837712        0.0509
GPMin:   26 17:50:38       -4.849470        0.0715
GPMin:   27 17:50:43       -4.862032        0.0594
GPMin:   28 17:50:49       -4.871385        0.0486
GPMin:   29 17:50:54       -4.876135        0.0552
GPMin:   30 17:50:59       -4.879915        0.0482
GPMin:   31 17:51:05       -4.883716        0.0456
GPMin:   32 17:51:10       -4.886681        0.0361
GPMin:   33 17:51:15       -4.888766        0.0270
GPMin:   34 17:51:19       -4.889428        0.0221
GPMin:   35 17:51:24       -4.889923        0.0135
       Step     Time          Energy         fmax
GPMin:    0 17:51:34       -4.722068        0.2627
GPMin:    1 17:51:40       -4.787540        0.1823
GPMin:    2 17:51:47       -4.809695        0.2062
GPMin:    3 17:51:53       -4.812736        0.1788
GPMin:    4 17:51:59       -4.827811        0.1437
GPMin:    5 17:52:05       -4.835687        0.1167
GPMin:    6 17:52:11       -4.845200        0.0706
GPMin:    7 17:52:16       -4.848397        0.0409
GPMin:    8 17:52:22       -4.853667        0.0540
GPMin:    9 17:52:27       -4.863771        0.0768
GPMin:   10 17:52:32       -4.877393        0.0639
GPMin:   11 17:52:37       -4.886784        0.0439
GPMin:   12 17:52:42       -4.889508        0.0155
       Step     Time          Energy         fmax
GPMin:    0 17:52:52       -4.718390        0.3480
GPMin:    1 17:53:00       -4.754514        0.3621
GPMin:    2 17:53:06       -4.780627        0.1494
GPMin:    3 17:53:12       -4.792597        0.0734
GPMin:    4 17:53:18       -4.796856        0.0297
GPMin:    5 17:53:24       -4.798697        0.0259
GPMin:    6 17:53:29       -4.802042        0.0199
       Step     Time          Energy         fmax
GPMin:    0 17:53:38       -4.483164        0.6126
GPMin:    1 17:53:45       -4.674140        0.2192
GPMin:    2 17:53:51       -4.735794        0.1371
GPMin:    3 17:53:58       -4.767524        0.0798
GPMin:    4 17:54:03       -4.777935        0.0503
GPMin:    5 17:54:08       -4.784182        0.0386
GPMin:    6 17:54:14       -4.793402        0.0261
GPMin:    7 17:54:19       -4.797828        0.0223
GPMin:    8 17:54:24       -4.800558        0.0129
       Step     Time          Energy         fmax
GPMin:    0 17:54:34       -4.805092        0.2245
GPMin:    1 17:54:47       -4.826837        0.1353
GPMin:    2 17:54:53       -4.843674        0.0238
GPMin:    3 17:55:15       -4.848925        0.0355
GPMin:    4 17:55:20       -4.863230        0.0631
GPMin:    5 17:55:25       -4.877810        0.0560
GPMin:    6 17:55:31       -4.885505        0.0836
GPMin:    7 17:55:36       -4.887761        0.0620
GPMin:    8 17:55:41       -4.890008        0.0102
       Step     Time          Energy         fmax
GPMin:    0 17:55:50       -4.423621        0.2205
GPMin:    1 17:55:57       -4.482190        0.1264
GPMin:    2 17:56:02       -4.507566        0.0822
GPMin:    3 17:56:08       -4.558353        0.0951
GPMin:    4 17:56:14       -4.632135        0.1364
GPMin:    5 17:56:19       -4.720511        0.1635
GPMin:    6 17:56:24       -4.805982        0.1531
GPMin:    7 17:56:30       -4.865423        0.0963
GPMin:    8 17:56:36       -4.886186        0.0562
GPMin:    9 17:56:41       -4.893608        0.0658
GPMin:   10 17:56:46       -4.908350        0.0446
GPMin:   11 17:56:51       -4.918690        0.0354
GPMin:   12 17:56:56       -4.925305        0.0373
GPMin:   13 17:57:00       -4.930336        0.0277
GPMin:   14 17:57:04       -4.932765        0.0133
       Step     Time          Energy         fmax
GPMin:    0 17:57:14       -4.698861        0.2646
GPMin:    1 17:57:21       -4.789972        0.1517
GPMin:    2 17:57:27       -4.817208        0.1104
GPMin:    3 17:57:33       -4.832311        0.1105
GPMin:    4 17:57:40       -4.852089        0.0700
GPMin:    5 17:57:46       -4.873690        0.0602
GPMin:    6 17:57:52       -4.883001        0.0639
GPMin:    7 17:57:57       -4.886542        0.0389
GPMin:    8 17:58:02       -4.888572        0.0189
       Step     Time          Energy         fmax
GPMin:    0 17:58:12       -4.380415        0.4215
GPMin:    1 17:58:19       -4.550111        0.2029
GPMin:    2 17:58:26       -4.626899        0.1542
GPMin:    3 17:58:32       -4.686865        0.1049
GPMin:    4 17:58:37       -4.721589        0.0844
GPMin:    5 17:58:43       -4.749146        0.0763
GPMin:    6 17:58:48       -4.771359        0.0664
GPMin:    7 17:58:53       -4.790032        0.0463
GPMin:    8 17:58:58       -4.804001        0.0396
GPMin:    9 17:59:03       -4.811797        0.0406
GPMin:   10 17:59:08       -4.819012        0.0404
GPMin:   11 17:59:14       -4.826833        0.0385
GPMin:   12 17:59:20       -4.837032        0.0545
GPMin:   13 17:59:26       -4.853243        0.0592
GPMin:   14 17:59:32       -4.871442        0.0541
GPMin:   15 17:59:38       -4.878689        0.0525
GPMin:   16 17:59:43       -4.882313        0.0396
GPMin:   17 17:59:48       -4.886312        0.0246
GPMin:   18 17:59:53       -4.889011        0.0195
       Step     Time          Energy         fmax
GPMin:    0 18:00:03       -4.281898        0.3604
GPMin:    1 18:00:09       -4.490495        0.2846
GPMin:    2 18:00:15       -4.605620        0.2171
GPMin:    3 18:00:21       -4.684365        0.1842
GPMin:    4 18:00:28       -4.747151        0.1640
GPMin:    5 18:00:34       -4.804536        0.1533
GPMin:    6 18:00:40       -4.850628        0.1136
GPMin:    7 18:00:46       -4.875109        0.0658
GPMin:    8 18:00:51       -4.886381        0.0783
GPMin:    9 18:00:56       -4.901743        0.0646
GPMin:   10 18:01:01       -4.914176        0.0414
GPMin:   11 18:01:06       -4.921274        0.0404
GPMin:   12 18:01:11       -4.925924        0.0461
GPMin:   13 18:01:16       -4.930614        0.0297
GPMin:   14 18:01:21       -4.932908        0.0162
       Step     Time          Energy         fmax
GPMin:    0 18:01:32       -3.694584        0.9226
GPMin:    1 18:01:40       -4.059183        0.3728
GPMin:    2 18:01:47       -4.190526        0.2636
GPMin:    3 18:01:54       -4.258561        0.1600
GPMin:    4 18:02:00       -4.306205        0.1391
GPMin:    5 18:02:06       -4.352170        0.1479
GPMin:    6 18:02:11       -4.404479        0.1402
GPMin:    7 18:02:18       -4.439525        0.1263
GPMin:    8 18:02:24       -4.474128        0.1101
GPMin:    9 18:02:30       -4.517360        0.1254
GPMin:   10 18:02:36       -4.547967        0.1134
GPMin:   11 18:02:42       -4.590168        0.1022
GPMin:   12 18:02:49       -4.639630        0.1038
GPMin:   13 18:02:54       -4.682693        0.0927
GPMin:   14 18:03:00       -4.717683        0.0850
GPMin:   15 18:03:06       -4.745823        0.0764
GPMin:   16 18:03:11       -4.765867        0.0736
GPMin:   17 18:03:16       -4.781480        0.0653
GPMin:   18 18:03:22       -4.796186        0.0629
GPMin:   19 18:03:27       -4.808608        0.0654
GPMin:   20 18:03:32       -4.819346        0.0652
GPMin:   21 18:03:37       -4.829511        0.0605
GPMin:   22 18:03:43       -4.839074        0.0514
GPMin:   23 18:03:49       -4.848341        0.0592
GPMin:   24 18:03:55       -4.858613        0.0574
GPMin:   25 18:04:00       -4.869120        0.0538
GPMin:   26 18:04:06       -4.876767        0.0470
GPMin:   27 18:04:11       -4.881119        0.0365
GPMin:   28 18:04:16       -4.884083        0.0287
GPMin:   29 18:04:21       -4.887040        0.0303
GPMin:   30 18:04:26       -4.888819        0.0224
GPMin:   31 18:04:31       -4.889465        0.0138
       Step     Time          Energy         fmax
GPMin:    0 18:04:42       -3.758512        0.9738
GPMin:    1 18:04:50       -4.134870        0.3154
GPMin:    2 18:04:56       -4.233072        0.2022
GPMin:    3 18:05:03       -4.295257        0.1536
GPMin:    4 18:05:09       -4.331968        0.1558
GPMin:    5 18:05:15       -4.376276        0.1313
GPMin:    6 18:05:20       -4.420506        0.1110
GPMin:    7 18:05:26       -4.458061        0.1010
GPMin:    8 18:05:32       -4.494153        0.1028
GPMin:    9 18:05:38       -4.537706        0.0936
GPMin:   10 18:05:44       -4.581907        0.1048
GPMin:   11 18:05:51       -4.629203        0.1115
GPMin:   12 18:05:56       -4.676667        0.0933
GPMin:   13 18:06:02       -4.713794        0.0806
GPMin:   14 18:06:08       -4.741960        0.0764
GPMin:   15 18:06:13       -4.762693        0.0711
GPMin:   16 18:06:18       -4.775853        0.0632
GPMin:   17 18:06:23       -4.786639        0.0573
GPMin:   18 18:06:28       -4.796890        0.0462
GPMin:   19 18:06:33       -4.804117        0.0453
GPMin:   20 18:06:38       -4.809306        0.0324
GPMin:   21 18:06:43       -4.812908        0.0328
GPMin:   22 18:06:48       -4.815776        0.0333
GPMin:   23 18:06:54       -4.821053        0.0427
GPMin:   24 18:07:00       -4.827698        0.0548
GPMin:   25 18:07:05       -4.837714        0.0509
GPMin:   26 18:07:11       -4.849474        0.0715
GPMin:   27 18:07:17       -4.862035        0.0594
GPMin:   28 18:07:22       -4.871388        0.0486
GPMin:   29 18:07:27       -4.876136        0.0552
GPMin:   30 18:07:33       -4.879917        0.0482
GPMin:   31 18:07:38       -4.883717        0.0456
GPMin:   32 18:07:43       -4.886682        0.0361
GPMin:   33 18:07:48       -4.888766        0.0270
GPMin:   34 18:07:53       -4.889428        0.0221
GPMin:   35 18:07:57       -4.889923        0.0135
       Step     Time          Energy         fmax
GPMin:    0 18:08:07       -4.604408        0.4401
GPMin:    1 18:08:14       -4.761185        0.2196
GPMin:    2 18:08:21       -4.834164        0.1252
GPMin:    3 18:08:27       -4.870951        0.0792
GPMin:    4 18:08:32       -4.884274        0.0366
GPMin:    5 18:08:38       -4.887731        0.0262
GPMin:    6 18:08:43       -4.889779        0.0088
       Step     Time          Energy         fmax
GPMin:    0 18:08:54       -4.405395        0.2904
GPMin:    1 18:09:01       -4.458762        0.1246
GPMin:    2 18:09:08       -4.467334        0.0986
GPMin:    3 18:09:15       -4.486694        0.0870
GPMin:    4 18:09:21       -4.536331        0.1076
GPMin:    5 18:09:27       -4.602274        0.1368
GPMin:    6 18:09:34       -4.686228        0.1607
GPMin:    7 18:09:40       -4.772267        0.1564
GPMin:    8 18:09:47       -4.835474        0.1150
GPMin:    9 18:09:54       -4.865270        0.0808
GPMin:   10 18:10:00       -4.879902        0.1021
GPMin:   11 18:10:06       -4.897578        0.0777
GPMin:   12 18:10:11       -4.911723        0.0437
GPMin:   13 18:10:17       -4.920506        0.0493
GPMin:   14 18:10:23       -4.925732        0.0514
GPMin:   15 18:10:29       -4.929844        0.0334
GPMin:   16 18:10:35       -4.931772        0.0178
       Step     Time          Energy         fmax
GPMin:    0 18:10:48       -3.775776        0.5901
GPMin:    1 18:10:59       -4.036350        0.3748
GPMin:    2 18:11:08       -4.189740        0.2822
GPMin:    3 18:11:16       -4.299022        0.1650
GPMin:    4 18:11:23       -4.343908        0.1118
GPMin:    5 18:11:29       -4.364157        0.1074
GPMin:    6 18:11:36       -4.401688        0.1017
GPMin:    7 18:11:43       -4.425088        0.1066
GPMin:    8 18:11:50       -4.454945        0.1080
GPMin:    9 18:11:57       -4.494184        0.1098
GPMin:   10 18:12:04       -4.535335        0.1121
GPMin:   11 18:12:11       -4.578876        0.1078
GPMin:   12 18:12:18       -4.625324        0.1015
GPMin:   13 18:12:24       -4.671639        0.0977
GPMin:   14 18:12:32       -4.711980        0.0896
GPMin:   15 18:12:39       -4.744673        0.0719
GPMin:   16 18:12:46       -4.765193        0.0688
GPMin:   17 18:12:52       -4.776007        0.0581
GPMin:   18 18:12:58       -4.783466        0.0542
GPMin:   19 18:13:04       -4.791869        0.0410
GPMin:   20 18:13:09       -4.797982        0.0345
GPMin:   21 18:13:14       -4.801280        0.0227
GPMin:   22 18:13:18       -4.803278        0.0166
       Step     Time          Energy         fmax
GPMin:    0 18:13:28       -4.647414        0.2854
GPMin:    1 18:13:34       -4.755697        0.1386
GPMin:    2 18:13:39       -4.801562        0.0658
GPMin:    3 18:13:44       -4.817008        0.0493
GPMin:    4 18:13:50       -4.830750        0.0566
GPMin:    5 18:13:56       -4.851232        0.0757
GPMin:    6 18:14:01       -4.868900        0.0515
GPMin:    7 18:14:07       -4.880418        0.0550
GPMin:    8 18:14:12       -4.884961        0.0351
GPMin:    9 18:14:16       -4.887591        0.0261
GPMin:   10 18:14:21       -4.889787        0.0136
       Step     Time          Energy         fmax
GPMin:    0 18:14:29       -4.358007        0.2310
GPMin:    1 18:14:35       -4.472187        0.1085
GPMin:    2 18:14:41       -4.497890        0.0551
GPMin:    3 18:14:46       -4.515094        0.0793
GPMin:    4 18:14:51       -4.568457        0.0990
GPMin:    5 18:14:56       -4.637791        0.1429
GPMin:    6 18:15:00       -4.719688        0.1601
GPMin:    7 18:15:06       -4.801606        0.1477
GPMin:    8 18:15:11       -4.857963        0.0888
GPMin:    9 18:15:16       -4.878037        0.0619
GPMin:   10 18:15:20       -4.887023        0.0746
GPMin:   11 18:15:24       -4.903682        0.0477
GPMin:   12 18:15:28       -4.914617        0.0369
GPMin:   13 18:15:33       -4.922858        0.0443
GPMin:   14 18:15:37       -4.928644        0.0378
GPMin:   15 18:15:42       -4.932108        0.0174
       Step     Time          Energy         fmax
GPMin:    0 18:15:50       -4.228725        0.3965
GPMin:    1 18:15:56       -4.413910        0.1285
GPMin:    2 18:16:02       -4.443356        0.0568
GPMin:    3 18:16:06       -4.448607        0.0223
GPMin:    4 18:16:11       -4.450281        0.0191
       Step     Time          Energy         fmax
GPMin:    0 18:16:18       -4.187885        0.2071
GPMin:    1 18:16:24       -4.278064        0.2061
GPMin:    2 18:16:30       -4.372508        0.2183
GPMin:    3 18:16:35       -4.471098        0.2207
GPMin:    4 18:16:41       -4.568960        0.1942
GPMin:    5 18:16:46       -4.654408        0.1426
GPMin:    6 18:16:52       -4.714114        0.1180
GPMin:    7 18:16:58       -4.762432        0.1162
GPMin:    8 18:17:03       -4.808525        0.1069
GPMin:    9 18:17:09       -4.846492        0.1024
GPMin:   10 18:17:13       -4.875199        0.0819
GPMin:   11 18:17:18       -4.889283        0.0818
GPMin:   12 18:17:22       -4.901421        0.0749
GPMin:   13 18:17:28       -4.914278        0.0732
GPMin:   14 18:17:32       -4.921851        0.0742
GPMin:   15 18:17:36       -4.927927        0.0344
GPMin:   16 18:17:41       -4.929120        0.0323
GPMin:   17 18:17:45       -4.931201        0.0265
GPMin:   18 18:17:49       -4.931843        0.0139
       Step     Time          Energy         fmax
GPMin:    0 18:17:58       -4.394997        0.2984
GPMin:    1 18:18:04       -4.559868        0.1684
GPMin:    2 18:18:10       -4.607825        0.1284
GPMin:    3 18:18:16       -4.650824        0.1325
GPMin:    4 18:18:22       -4.684935        0.1021
GPMin:    5 18:18:27       -4.713329        0.0842
GPMin:    6 18:18:32       -4.743217        0.0775
GPMin:    7 18:18:37       -4.779410        0.0788
GPMin:    8 18:18:42       -4.809889        0.0736
GPMin:    9 18:18:48       -4.840942        0.0690
GPMin:   10 18:18:53       -4.869136        0.0671
GPMin:   11 18:18:57       -4.893345        0.0681
GPMin:   12 18:19:02       -4.908141        0.0613
GPMin:   13 18:19:06       -4.920758        0.0469
GPMin:   14 18:19:11       -4.927374        0.0356
GPMin:   15 18:19:14       -4.930411        0.0289
GPMin:   16 18:19:19       -4.933094        0.0132
       Step     Time          Energy         fmax
GPMin:    0 18:19:27       -4.750338        0.0982
GPMin:    1 18:19:39       -4.766182        0.2581
GPMin:    2 18:19:46       -4.775838        0.2400
GPMin:    3 18:19:51       -4.796985        0.1221
GPMin:    4 18:19:56       -4.811438        0.0449
GPMin:    5 18:20:02       -4.817159        0.0761
GPMin:    6 18:20:08       -4.832062        0.0901
GPMin:    7 18:20:13       -4.849067        0.1699
GPMin:    8 18:20:19       -4.869812        0.1009
GPMin:    9 18:20:24       -4.877913        0.0792
GPMin:   10 18:20:28       -4.883281        0.0570
GPMin:   11 18:20:33       -4.888325        0.0588
GPMin:   12 18:20:38       -4.889944        0.0131
       Step     Time          Energy         fmax
GPMin:    0 18:20:47       -4.609475        0.6050
GPMin:    1 18:20:53       -4.731609        0.1922
GPMin:    2 18:20:58       -4.774783        0.0756
GPMin:    3 18:21:03       -4.791045        0.0762
GPMin:    4 18:21:08       -4.802269        0.0792
GPMin:    5 18:21:14       -4.813116        0.0639
GPMin:    6 18:21:18       -4.818733        0.0391
GPMin:    7 18:21:23       -4.824888        0.0397
GPMin:    8 18:21:28       -4.834173        0.0415
GPMin:    9 18:21:34       -4.849561        0.0463
GPMin:   10 18:21:40       -4.860861        0.0473
GPMin:   11 18:21:45       -4.867103        0.0478
GPMin:   12 18:21:50       -4.877738        0.0413
GPMin:   13 18:21:55       -4.886091        0.0264
GPMin:   14 18:21:59       -4.889394        0.0108
       Step     Time          Energy         fmax
GPMin:    0 18:22:09       -4.423087        0.4654
GPMin:    1 18:22:15       -4.593045        0.2177
GPMin:    2 18:22:21       -4.677603        0.1213
GPMin:    3 18:22:27       -4.725586        0.0788
GPMin:    4 18:22:32       -4.747818        0.0652
GPMin:    5 18:22:37       -4.758445        0.0455
GPMin:    6 18:22:42       -4.766514        0.0396
GPMin:    7 18:22:47       -4.776559        0.0376
GPMin:    8 18:22:51       -4.786426        0.0388
GPMin:    9 18:22:57       -4.797508        0.0422
GPMin:   10 18:23:02       -4.809554        0.0418
GPMin:   11 18:23:08       -4.817664        0.0511
GPMin:   12 18:23:15       -4.827929        0.0555
GPMin:   13 18:23:21       -4.841720        0.0545
GPMin:   14 18:23:27       -4.856765        0.0568
GPMin:   15 18:23:34       -4.870470        0.0549
GPMin:   16 18:23:39       -4.876185        0.0450
GPMin:   17 18:23:44       -4.879664        0.0332
GPMin:   18 18:23:49       -4.885764        0.0263
GPMin:   19 18:23:54       -4.888760        0.0155
       Step     Time          Energy         fmax
GPMin:    0 18:24:03       -4.327028        0.3406
GPMin:    1 18:24:09       -4.467013        0.1880
GPMin:    2 18:24:15       -4.562481        0.1546
GPMin:    3 18:24:20       -4.639664        0.1397
GPMin:    4 18:24:27       -4.708336        0.1333
GPMin:    5 18:24:33       -4.761874        0.1126
GPMin:    6 18:24:39       -4.794030        0.0633
GPMin:    7 18:24:45       -4.806851        0.0412
GPMin:    8 18:24:50       -4.812512        0.0430
GPMin:    9 18:24:55       -4.820595        0.0397
GPMin:   10 18:25:00       -4.828662        0.0483
GPMin:   11 18:25:06       -4.836476        0.0458
GPMin:   12 18:25:11       -4.846582        0.0429
GPMin:   13 18:25:17       -4.857747        0.0493
GPMin:   14 18:25:23       -4.865369        0.0525
GPMin:   15 18:25:28       -4.870134        0.0499
GPMin:   16 18:25:33       -4.877914        0.0355
GPMin:   17 18:25:38       -4.885845        0.0249
GPMin:   18 18:25:43       -4.888911        0.0143
       Step     Time          Energy         fmax
GPMin:    0 18:25:53       -4.292100        0.4825
GPMin:    1 18:25:59       -4.479581        0.3651
GPMin:    2 18:26:06       -4.593694        0.2780
GPMin:    3 18:26:12       -4.670914        0.2067
GPMin:    4 18:26:18       -4.724055        0.1286
GPMin:    5 18:26:24       -4.762855        0.1261
GPMin:    6 18:26:29       -4.808088        0.0891
GPMin:    7 18:26:35       -4.843478        0.0858
GPMin:    8 18:26:40       -4.869852        0.0737
GPMin:    9 18:26:46       -4.889539        0.0596
GPMin:   10 18:26:51       -4.904757        0.0532
GPMin:   11 18:26:56       -4.914167        0.0501
GPMin:   12 18:27:01       -4.921581        0.0492
GPMin:   13 18:27:06       -4.928014        0.0353
GPMin:   14 18:27:11       -4.931248        0.0225
GPMin:   15 18:27:16       -4.932779        0.0220
GPMin:   16 18:27:21       -4.933572        0.0121
       Step     Time          Energy         fmax
GPMin:    0 18:27:31       -4.225441        0.3763
GPMin:    1 18:27:38       -4.417388        0.1854
GPMin:    2 18:27:44       -4.487466        0.0796
GPMin:    3 18:27:50       -4.506555        0.0606
GPMin:    4 18:27:55       -4.525202        0.0707
GPMin:    5 18:28:01       -4.551325        0.0939
GPMin:    6 18:28:07       -4.591634        0.1147
GPMin:    7 18:28:12       -4.638579        0.1176
GPMin:    8 18:28:18       -4.681401        0.0864
GPMin:    9 18:28:24       -4.704489        0.0530
GPMin:   10 18:28:29       -4.713782        0.0561
GPMin:   11 18:28:34       -4.731976        0.0662
GPMin:   12 18:28:39       -4.755296        0.0697
GPMin:   13 18:28:45       -4.781603        0.0672
GPMin:   14 18:28:50       -4.813172        0.0628
GPMin:   15 18:28:56       -4.844454        0.0782
GPMin:   16 18:29:02       -4.870096        0.0924
GPMin:   17 18:29:07       -4.890981        0.0853
GPMin:   18 18:29:12       -4.906312        0.0640
GPMin:   19 18:29:17       -4.915355        0.0509
GPMin:   20 18:29:22       -4.922151        0.0615
GPMin:   21 18:29:27       -4.926286        0.0620
GPMin:   22 18:29:32       -4.930781        0.0398
GPMin:   23 18:29:37       -4.932811        0.0162
       Step     Time          Energy         fmax
GPMin:    0 18:29:46       -3.954722        0.3724
GPMin:    1 18:29:53       -4.198580        0.2690
GPMin:    2 18:29:58       -4.319337        0.2401
GPMin:    3 18:30:05       -4.405368        0.1897
GPMin:    4 18:30:11       -4.453608        0.1320
GPMin:    5 18:30:17       -4.486219        0.1013
GPMin:    6 18:30:23       -4.502721        0.1070
GPMin:    7 18:30:28       -4.530294        0.1129
GPMin:    8 18:30:35       -4.578139        0.1249
GPMin:    9 18:30:40       -4.609452        0.1353
GPMin:   10 18:30:46       -4.649891        0.1448
GPMin:   11 18:30:52       -4.696972        0.1166
GPMin:   12 18:30:58       -4.711197        0.0860
GPMin:   13 18:31:03       -4.720439        0.0778
GPMin:   14 18:31:08       -4.735249        0.0857
GPMin:   15 18:31:14       -4.752832        0.0749
GPMin:   16 18:31:19       -4.775589        0.0830
GPMin:   17 18:31:25       -4.798075        0.0943
GPMin:   18 18:31:31       -4.818368        0.0738
GPMin:   19 18:31:36       -4.831409        0.0740
GPMin:   20 18:31:40       -4.840918        0.0738
GPMin:   21 18:31:46       -4.856409        0.0673
GPMin:   22 18:31:52       -4.870770        0.0665
GPMin:   23 18:31:57       -4.880523        0.0534
GPMin:   24 18:32:02       -4.884301        0.0300
GPMin:   25 18:32:07       -4.885624        0.0285
GPMin:   26 18:32:12       -4.887907        0.0316
GPMin:   27 18:32:17       -4.889329        0.0205
GPMin:   28 18:32:22       -4.889898        0.0107
       Step     Time          Energy         fmax
GPMin:    0 18:32:31       -4.486012        0.7713
GPMin:    1 18:32:38       -4.675019        0.2211
GPMin:    2 18:32:44       -4.725077        0.1001
GPMin:    3 18:32:49       -4.755532        0.0861
GPMin:    4 18:32:55       -4.775671        0.0653
GPMin:    5 18:33:00       -4.792432        0.0453
GPMin:    6 18:33:05       -4.802132        0.0335
GPMin:    7 18:33:10       -4.806159        0.0300
GPMin:    8 18:33:15       -4.809124        0.0217
GPMin:    9 18:33:20       -4.810741        0.0227
GPMin:   10 18:33:25       -4.815025        0.0239
GPMin:   11 18:33:31       -4.822411        0.0351
GPMin:   12 18:33:37       -4.836926        0.0465
GPMin:   13 18:33:43       -4.850754        0.0430
GPMin:   14 18:33:49       -4.862508        0.0521
GPMin:   15 18:33:55       -4.868543        0.0521
GPMin:   16 18:34:00       -4.874925        0.0444
GPMin:   17 18:34:05       -4.882872        0.0306
GPMin:   18 18:34:10       -4.888293        0.0195
       Step     Time          Energy         fmax
GPMin:    0 18:34:19       -4.259339        0.2323
GPMin:    1 18:34:26       -4.387694        0.0811
GPMin:    2 18:34:32       -4.406042        0.0666
GPMin:    3 18:34:37       -4.419292        0.0597
GPMin:    4 18:34:42       -4.434958        0.0360
GPMin:    5 18:34:48       -4.443656        0.0291
GPMin:    6 18:34:53       -4.450835        0.0226
GPMin:    7 18:34:58       -4.456076        0.0173
       Step     Time          Energy         fmax
GPMin:    0 18:35:05       -4.455584        0.0954
GPMin:    1 18:35:17       -4.466188        0.0393
GPMin:    2 18:35:22       -4.473792        0.0579
GPMin:    3 18:35:28       -4.480450        0.0786
GPMin:    4 18:35:33       -4.500821        0.0629
GPMin:    5 18:35:39       -4.532737        0.0801
GPMin:    6 18:35:44       -4.583178        0.1059
GPMin:    7 18:35:49       -4.651499        0.1210
GPMin:    8 18:35:55       -4.720533        0.1191
GPMin:    9 18:36:00       -4.773585        0.0838
GPMin:   10 18:36:06       -4.801672        0.0731
GPMin:   11 18:36:11       -4.821927        0.0999
GPMin:   12 18:36:16       -4.850339        0.0798
GPMin:   13 18:36:21       -4.875284        0.0638
GPMin:   14 18:36:26       -4.893776        0.0677
GPMin:   15 18:36:31       -4.910669        0.0639
GPMin:   16 18:36:36       -4.920965        0.0458
GPMin:   17 18:36:40       -4.926994        0.0340
GPMin:   18 18:36:45       -4.931225        0.0238
GPMin:   19 18:36:49       -4.933221        0.0128
       Step     Time          Energy         fmax
GPMin:    0 18:37:02       -4.041888        0.4176
GPMin:    1 18:37:08       -4.162548        0.1375
GPMin:    2 18:37:15       -4.258970        0.1701
GPMin:    3 18:37:22       -4.337597        0.1944
GPMin:    4 18:37:28       -4.390546        0.1919
GPMin:    5 18:37:34       -4.428971        0.1828
GPMin:    6 18:37:42       -4.531426        0.2233
GPMin:    7 18:37:47       -4.556690        0.1467
GPMin:    8 18:37:53       -4.576794        0.1379
GPMin:    9 18:37:59       -4.607441        0.1412
GPMin:   10 18:38:05       -4.646409        0.1121
GPMin:   11 18:38:11       -4.676480        0.1390
GPMin:   12 18:38:17       -4.712160        0.1258
GPMin:   13 18:38:22       -4.743126        0.0897
GPMin:   14 18:38:27       -4.775342        0.1107
GPMin:   15 18:38:34       -4.815276        0.0824
GPMin:   16 18:38:40       -4.838438        0.1178
GPMin:   17 18:38:45       -4.858466        0.1505
GPMin:   18 18:38:51       -4.884200        0.0536
GPMin:   19 18:38:57       -4.891287        0.0744
GPMin:   20 18:39:03       -4.903532        0.0628
GPMin:   21 18:39:08       -4.908952        0.0478
GPMin:   22 18:39:13       -4.915245        0.0333
GPMin:   23 18:39:18       -4.918639        0.0305
GPMin:   24 18:39:23       -4.922243        0.0223
GPMin:   25 18:39:28       -4.923871        0.0181
       Step     Time          Energy         fmax
GPMin:    0 18:39:40       -3.775777        0.5902
GPMin:    1 18:39:48       -4.036333        0.3748
GPMin:    2 18:39:55       -4.189724        0.2822
GPMin:    3 18:40:02       -4.299018        0.1650
GPMin:    4 18:40:09       -4.343911        0.1118
GPMin:    5 18:40:14       -4.364161        0.1074
GPMin:    6 18:40:21       -4.401701        0.1017
GPMin:    7 18:40:26       -4.425083        0.1067
GPMin:    8 18:40:32       -4.454943        0.1080
GPMin:    9 18:40:37       -4.494156        0.1097
GPMin:   10 18:40:43       -4.535299        0.1121
GPMin:   11 18:40:49       -4.578831        0.1079
GPMin:   12 18:40:55       -4.625291        0.1015
GPMin:   13 18:41:00       -4.671619        0.0976
GPMin:   14 18:41:06       -4.711966        0.0896
GPMin:   15 18:41:11       -4.744667        0.0719
GPMin:   16 18:41:17       -4.765193        0.0688
GPMin:   17 18:41:23       -4.776002        0.0581
GPMin:   18 18:41:28       -4.783462        0.0543
GPMin:   19 18:41:32       -4.791866        0.0410
GPMin:   20 18:41:37       -4.797980        0.0345
GPMin:   21 18:41:42       -4.801278        0.0227
GPMin:   22 18:41:47       -4.803277        0.0166
       Step     Time          Energy         fmax
GPMin:    0 18:41:57       -4.041062        0.4660
GPMin:    1 18:42:04       -4.245620        0.2972
GPMin:    2 18:42:11       -4.360854        0.2155
GPMin:    3 18:42:17       -4.428591        0.1080
GPMin:    4 18:42:22       -4.442004        0.0385
GPMin:    5 18:42:27       -4.444363        0.0329
GPMin:    6 18:42:33       -4.447922        0.0280
GPMin:    7 18:42:38       -4.453821        0.0255
GPMin:    8 18:42:42       -4.459308        0.0310
GPMin:    9 18:42:47       -4.467733        0.0384
GPMin:   10 18:42:53       -4.484202        0.0546
GPMin:   11 18:42:58       -4.514439        0.0782
GPMin:   12 18:43:04       -4.564851        0.1127
GPMin:   13 18:43:09       -4.634271        0.1450
GPMin:   14 18:43:14       -4.711293        0.1609
GPMin:   15 18:43:19       -4.783383        0.1517
GPMin:   16 18:43:25       -4.835544        0.1094
GPMin:   17 18:43:30       -4.860675        0.0690
GPMin:   18 18:43:35       -4.870689        0.0761
GPMin:   19 18:43:40       -4.886372        0.0746
GPMin:   20 18:43:45       -4.901801        0.0480
GPMin:   21 18:43:49       -4.911758        0.0451
GPMin:   22 18:43:53       -4.918213        0.0510
GPMin:   23 18:43:58       -4.925642        0.0407
GPMin:   24 18:44:03       -4.930862        0.0211
GPMin:   25 18:44:07       -4.932540        0.0148
       Step     Time          Energy         fmax
GPMin:    0 18:44:17       -4.677188        0.4458
GPMin:    1 18:44:23       -4.771380        0.0991
GPMin:    2 18:44:29       -4.784551        0.0858
GPMin:    3 18:44:35       -4.791960        0.0746
GPMin:    4 18:44:47       -4.799889        0.0681
GPMin:    5 18:44:53       -4.804563        0.0172
       Step     Time          Energy         fmax
GPMin:    0 18:45:02       -4.625274        0.5996
GPMin:    1 18:45:08       -4.765241        0.1753
GPMin:    2 18:45:14       -4.794723        0.0872
GPMin:    3 18:45:20       -4.804419        0.1174
GPMin:    4 18:45:26       -4.816580        0.0903
GPMin:    5 18:45:31       -4.826689        0.0570
GPMin:    6 18:45:37       -4.834068        0.0506
GPMin:    7 18:45:42       -4.842032        0.0405
GPMin:    8 18:45:48       -4.848000        0.0424
GPMin:    9 18:45:53       -4.851489        0.0399
GPMin:   10 18:45:58       -4.857252        0.0524
GPMin:   11 18:46:03       -4.868225        0.0405
GPMin:   12 18:46:08       -4.879928        0.0412
GPMin:   13 18:46:13       -4.886723        0.0278
GPMin:   14 18:46:18       -4.889690        0.0145
       Step     Time          Energy         fmax
GPMin:    0 18:46:29       -4.738716        0.2178
GPMin:    1 18:46:35       -4.763008        0.2913
GPMin:    2 18:46:41       -4.801860        0.1989
GPMin:    3 18:46:48       -4.810154        0.2355
GPMin:    4 18:46:54       -4.827296        0.2013
GPMin:    5 18:47:00       -4.847661        0.0957
GPMin:    6 18:47:06       -4.856880        0.1289
GPMin:    7 18:47:11       -4.866344        0.1091
GPMin:    8 18:47:16       -4.876945        0.0697
GPMin:    9 18:47:21       -4.886927        0.0413
GPMin:   10 18:47:26       -4.889619        0.0329
GPMin:   11 18:47:31       -4.890286        0.0094
       Step     Time          Energy         fmax
GPMin:    0 18:47:42       -4.366722        0.5073
GPMin:    1 18:47:48       -4.530193        0.2052
GPMin:    2 18:47:55       -4.612644        0.1365
GPMin:    3 18:48:01       -4.667066        0.1103
GPMin:    4 18:48:07       -4.701390        0.0856
GPMin:    5 18:48:13       -4.727059        0.0789
GPMin:    6 18:48:18       -4.750515        0.0613
GPMin:    7 18:48:23       -4.769555        0.0474
GPMin:    8 18:48:28       -4.781850        0.0434
GPMin:    9 18:48:33       -4.790263        0.0289
GPMin:   10 18:48:38       -4.795160        0.0182
       Step     Time          Energy         fmax
GPMin:    0 18:48:48       -4.170302        0.4360
GPMin:    1 18:48:54       -4.352384        0.1953
GPMin:    2 18:49:00       -4.429646        0.1064
GPMin:    3 18:49:06       -4.460542        0.0738
GPMin:    4 18:49:12       -4.467954        0.0167
       Step     Time          Energy         fmax
GPMin:    0 18:49:21       -4.864545        0.1840
GPMin:    1 18:49:33       -4.878034        0.1211
GPMin:    2 18:49:39       -4.880953        0.0819
GPMin:    3 18:49:44       -4.889598        0.0221
GPMin:    4 18:49:57       -4.890305        0.0086
       Step     Time          Energy         fmax
GPMin:    0 18:50:08       -4.024904        0.3330
GPMin:    1 18:50:14       -4.227448        0.2785
GPMin:    2 18:50:21       -4.364464        0.2687
GPMin:    3 18:50:27       -4.474444        0.2899
GPMin:    4 18:50:34       -4.595380        0.3027
GPMin:    5 18:50:40       -4.712214        0.2824
GPMin:    6 18:50:46       -4.805275        0.2190
GPMin:    7 18:50:52       -4.858464        0.1506
GPMin:    8 18:50:58       -4.880307        0.1288
GPMin:    9 18:51:04       -4.895766        0.0823
GPMin:   10 18:51:09       -4.906851        0.0683
GPMin:   11 18:51:14       -4.914821        0.0676
GPMin:   12 18:51:19       -4.921368        0.0469
GPMin:   13 18:51:24       -4.924514        0.0336
GPMin:   14 18:51:29       -4.927728        0.0314
GPMin:   15 18:51:34       -4.930269        0.0335
GPMin:   16 18:51:38       -4.931978        0.0237
GPMin:   17 18:51:43       -4.932916        0.0110
       Step     Time          Energy         fmax
GPMin:    0 18:51:53       -4.670512        0.3262
GPMin:    1 18:51:59       -4.750302        0.1107
GPMin:    2 18:52:05       -4.771857        0.0627
GPMin:    3 18:52:10       -4.784006        0.0650
GPMin:    4 18:52:17       -4.790407        0.1238
GPMin:    5 18:52:22       -4.791356        0.1406
GPMin:    6 18:52:29       -4.800983        0.0271
GPMin:    7 18:52:34       -4.801785        0.0153
       Step     Time          Energy         fmax
GPMin:    0 18:52:44       -4.187487        0.2429
GPMin:    1 18:52:51       -4.285894        0.2337
GPMin:    2 18:52:57       -4.392934        0.2850
GPMin:    3 18:53:03       -4.507103        0.3057
GPMin:    4 18:53:09       -4.615586        0.2762
GPMin:    5 18:53:16       -4.691210        0.2089
GPMin:    6 18:53:22       -4.733648        0.1643
GPMin:    7 18:53:28       -4.770200        0.1363
GPMin:    8 18:53:34       -4.808091        0.0803
GPMin:    9 18:53:39       -4.826407        0.0976
GPMin:   10 18:53:45       -4.847257        0.0996
GPMin:   11 18:53:51       -4.872726        0.0779
GPMin:   12 18:53:57       -4.899151        0.0662
GPMin:   13 18:54:02       -4.917608        0.0511
GPMin:   14 18:54:07       -4.926162        0.0398
GPMin:   15 18:54:12       -4.928647        0.0319
GPMin:   16 18:54:17       -4.929917        0.0260
GPMin:   17 18:54:22       -4.931257        0.0240
GPMin:   18 18:54:27       -4.932373        0.0212
GPMin:   19 18:54:31       -4.933068        0.0136
       Step     Time          Energy         fmax
GPMin:    0 18:54:40       -4.281032        0.3713
GPMin:    1 18:54:47       -4.451487        0.2617
GPMin:    2 18:54:54       -4.546661        0.1613
GPMin:    3 18:55:00       -4.626211        0.1550
GPMin:    4 18:55:06       -4.682246        0.1533
GPMin:    5 18:55:12       -4.733171        0.1485
GPMin:    6 18:55:17       -4.777418        0.1208
GPMin:    7 18:55:22       -4.807039        0.0772
GPMin:    8 18:55:28       -4.820416        0.0859
GPMin:    9 18:55:33       -4.835669        0.1058
GPMin:   10 18:55:39       -4.860595        0.0760
GPMin:   11 18:55:45       -4.888401        0.0746
GPMin:   12 18:55:50       -4.912057        0.0693
GPMin:   13 18:55:56       -4.928044        0.0410
GPMin:   14 18:56:01       -4.932628        0.0220
GPMin:   15 18:56:05       -4.933175        0.0163
       Step     Time          Energy         fmax
GPMin:    0 18:56:14       -4.304323        0.7850
GPMin:    1 18:56:21       -4.533356        0.2253
GPMin:    2 18:56:27       -4.605815        0.1845
GPMin:    3 18:56:33       -4.661234        0.1922
GPMin:    4 18:56:39       -4.722831        0.1615
GPMin:    5 18:56:45       -4.778885        0.1226
GPMin:    6 18:56:51       -4.816032        0.0894
GPMin:    7 18:56:56       -4.844220        0.0999
GPMin:    8 18:57:02       -4.870621        0.0992
GPMin:    9 18:57:08       -4.894223        0.0633
GPMin:   10 18:57:13       -4.910209        0.0504
GPMin:   11 18:57:18       -4.918672        0.0389
GPMin:   12 18:57:23       -4.923984        0.0278
GPMin:   13 18:57:28       -4.927293        0.0272
GPMin:   14 18:57:33       -4.930163        0.0204
GPMin:   15 18:57:38       -4.932303        0.0151
       Step     Time          Energy         fmax
GPMin:    0 18:57:47       -4.677493        0.5096
GPMin:    1 18:57:54       -4.776304        0.1819
GPMin:    2 18:58:01       -4.784397        0.1691
GPMin:    3 18:58:07       -4.789899        0.0882
GPMin:    4 18:58:13       -4.795928        0.0612
GPMin:    5 18:58:18       -4.800458        0.0242
GPMin:    6 18:58:24       -4.801598        0.0428
GPMin:    7 18:58:29       -4.803336        0.0314
GPMin:    8 18:58:34       -4.805620        0.0173
       Step     Time          Energy         fmax
GPMin:    0 18:58:44       -4.446889        0.3871
GPMin:    1 18:58:51       -4.584385        0.2645
GPMin:    2 18:58:58       -4.668756        0.1152
GPMin:    3 18:59:04       -4.711339        0.1020
GPMin:    4 18:59:10       -4.742265        0.0907
GPMin:    5 18:59:16       -4.769060        0.0772
GPMin:    6 18:59:22       -4.801759        0.0797
GPMin:    7 18:59:28       -4.837605        0.0753
GPMin:    8 18:59:34       -4.872181        0.0970
GPMin:    9 18:59:39       -4.896341        0.1157
GPMin:   10 18:59:46       -4.912479        0.0853
GPMin:   11 18:59:51       -4.917135        0.0534
GPMin:   12 18:59:56       -4.921601        0.0262
GPMin:   13 19:00:01       -4.924399        0.0235
GPMin:   14 19:00:04       -4.926061        0.0237
GPMin:   15 19:00:09       -4.928300        0.0122
       Step     Time          Energy         fmax
GPMin:    0 19:00:20       -4.306731        0.5461
GPMin:    1 19:00:27       -4.465658        0.1460
GPMin:    2 19:00:34       -4.525715        0.1491
GPMin:    3 19:00:39       -4.579190        0.1738
GPMin:    4 19:00:45       -4.637746        0.1737
GPMin:    5 19:00:50       -4.697282        0.1618
GPMin:    6 19:00:56       -4.741381        0.1211
GPMin:    7 19:01:02       -4.770531        0.0594
GPMin:    8 19:01:07       -4.778290        0.0616
GPMin:    9 19:01:12       -4.785084        0.0421
GPMin:   10 19:01:17       -4.788677        0.0211
GPMin:   11 19:01:22       -4.789630        0.0179
       Step     Time          Energy         fmax
GPMin:    0 19:01:31       -4.665423        0.4042
GPMin:    1 19:01:38       -4.755138        0.3326
GPMin:    2 19:01:44       -4.817073        0.1352
GPMin:    3 19:01:50       -4.840656        0.0693
GPMin:    4 19:01:56       -4.854512        0.0793
GPMin:    5 19:02:01       -4.870418        0.0583
GPMin:    6 19:02:07       -4.880761        0.0351
GPMin:    7 19:02:12       -4.885719        0.0321
GPMin:    8 19:02:17       -4.888839        0.0207
GPMin:    9 19:02:22       -4.889954        0.0117
       Step     Time          Energy         fmax
GPMin:    0 19:02:33       -3.981272        0.3018
GPMin:    1 19:02:40       -4.155655        0.2106
GPMin:    2 19:02:46       -4.243036        0.2194
GPMin:    3 19:02:52       -4.323105        0.2513
GPMin:    4 19:02:58       -4.435587        0.2675
GPMin:    5 19:03:04       -4.547365        0.2439
GPMin:    6 19:03:10       -4.631147        0.1802
GPMin:    7 19:03:16       -4.685643        0.1555
GPMin:    8 19:03:21       -4.744606        0.1351
GPMin:    9 19:03:27       -4.792474        0.0819
GPMin:   10 19:03:33       -4.816261        0.0766
GPMin:   11 19:03:38       -4.830033        0.1102
GPMin:   12 19:03:44       -4.844041        0.1151
GPMin:   13 19:03:49       -4.862796        0.0855
GPMin:   14 19:03:54       -4.882357        0.0595
GPMin:   15 19:03:59       -4.897227        0.0595
GPMin:   16 19:04:04       -4.908515        0.0586
GPMin:   17 19:04:09       -4.917393        0.0501
GPMin:   18 19:04:14       -4.922215        0.0468
GPMin:   19 19:04:18       -4.926466        0.0360
GPMin:   20 19:04:23       -4.929507        0.0222
GPMin:   21 19:04:28       -4.931216        0.0194
       Step     Time          Energy         fmax
GPMin:    0 19:04:39       -4.327354        0.3186
GPMin:    1 19:04:46       -4.474070        0.1740
GPMin:    2 19:04:52       -4.522969        0.0876
GPMin:    3 19:04:59       -4.542470        0.0744
GPMin:    4 19:05:04       -4.560734        0.0739
GPMin:    5 19:05:11       -4.585534        0.0845
GPMin:    6 19:05:17       -4.618333        0.0899
GPMin:    7 19:05:23       -4.649344        0.0730
GPMin:    8 19:05:29       -4.669815        0.0650
GPMin:    9 19:05:34       -4.688833        0.0602
GPMin:   10 19:05:40       -4.711456        0.0543
GPMin:   11 19:05:45       -4.730505        0.0649
GPMin:   12 19:05:51       -4.750555        0.0755
GPMin:   13 19:05:56       -4.768729        0.0613
GPMin:   14 19:06:01       -4.784163        0.0565
GPMin:   15 19:06:06       -4.795585        0.0466
GPMin:   16 19:06:11       -4.804324        0.0384
GPMin:   17 19:06:16       -4.812120        0.0413
GPMin:   18 19:06:22       -4.822092        0.0493
GPMin:   19 19:06:27       -4.836534        0.0540
GPMin:   20 19:06:33       -4.852334        0.0514
GPMin:   21 19:06:39       -4.867905        0.0497
GPMin:   22 19:06:44       -4.877684        0.0459
GPMin:   23 19:06:49       -4.881289        0.0385
GPMin:   24 19:06:54       -4.884566        0.0308
GPMin:   25 19:06:58       -4.888161        0.0193
       Step     Time          Energy         fmax
GPMin:    0 19:07:07       -4.340775        0.6444
GPMin:    1 19:07:14       -4.635403        0.1908
GPMin:    2 19:07:21       -4.661912        0.1878
GPMin:    3 19:07:27       -4.691259        0.0915
GPMin:    4 19:07:33       -4.717084        0.0765
GPMin:    5 19:07:38       -4.739479        0.0651
GPMin:    6 19:07:43       -4.756028        0.0575
GPMin:    7 19:07:48       -4.771584        0.0451
GPMin:    8 19:07:52       -4.781683        0.0329
GPMin:    9 19:07:57       -4.787597        0.0240
GPMin:   10 19:08:01       -4.790598        0.0123
       Step     Time          Energy         fmax
GPMin:    0 19:08:10       -4.448022        0.1873
GPMin:    1 19:08:22       -4.451122        0.1150
GPMin:    2 19:08:28       -4.471516        0.1243
GPMin:    3 19:08:34       -4.524279        0.1166
GPMin:    4 19:08:40       -4.593594        0.1235
GPMin:    5 19:08:45       -4.679963        0.1588
GPMin:    6 19:08:50       -4.767515        0.1739
GPMin:    7 19:08:56       -4.837480        0.1445
GPMin:    8 19:09:02       -4.875798        0.0815
GPMin:    9 19:09:07       -4.889777        0.0665
GPMin:   10 19:09:12       -4.903606        0.0598
GPMin:   11 19:09:16       -4.915911        0.0390
GPMin:   12 19:09:20       -4.922551        0.0380
GPMin:   13 19:09:25       -4.927918        0.0376
GPMin:   14 19:09:29       -4.932037        0.0180
